#! /usr/bin/vvp
:ivl_version "10.3 (stable)";
:ivl_delay_selection "TYPICAL";
:vpi_time_precision + 0;
:vpi_module "system";
:vpi_module "vhdl_sys";
:vpi_module "v2005_math";
:vpi_module "va_math";
S_0x5619fac2b3d0 .scope module, "top" "top" 2 3;
 .timescale 0 0;
v0x5619fac7bc90_0 .var/s "ai", 31 0;
v0x5619fac7bdc0_0 .var/s "bi", 31 0;
v0x5619fac7bed0_0 .var "clk", 0 0;
v0x5619fac7bf70_0 .var/i "i", 31 0;
v0x5619fac7c030_0 .var "rst", 0 0;
v0x5619fac7c120_0 .net/s "si", 31 0, v0x5619fac7b770_0;  1 drivers
v0x5619fac7c1e0_0 .var "xin", 7 0;
o0x7fb96db72068 .functor BUFZ 8, C4<zzzzzzzz>; HiZ drive
v0x5619fac7c280_0 .net "xout", 7 0, o0x7fb96db72068;  0 drivers
S_0x5619fac2a190 .scope module, "adder_0" "adder" 2 9, 3 6 0, S_0x5619fac2b3d0;
 .timescale 0 0;
    .port_info 0 /OUTPUT 32 "si"
    .port_info 1 /OUTPUT 8 "xout"
    .port_info 2 /INPUT 32 "a"
    .port_info 3 /INPUT 32 "b"
    .port_info 4 /INPUT 8 "xin"
    .port_info 5 /INPUT 1 "clk"
    .port_info 6 /INPUT 1 "rst"
L_0x5619fac80d20 .functor BUFZ 8, v0x5619fac7c1e0_0, C4<00000000>, C4<00000000>, C4<00000000>;
v0x5619fac7ae80_0 .net *"_s28", 7 0, L_0x5619fac80d20;  1 drivers
v0x5619fac7af80_0 .net "a", 31 0, v0x5619fac7bc90_0;  1 drivers
v0x5619fac7b040_0 .net "b", 31 0, v0x5619fac7bdc0_0;  1 drivers
v0x5619fac7b0e0_0 .net "c", 31 0, v0x5619fac72320_0;  1 drivers
v0x5619fac7b180_0 .net "clk", 0 0, v0x5619fac7bed0_0;  1 drivers
v0x5619fac7b220_0 .net "d", 31 0, v0x5619fac724a0_0;  1 drivers
v0x5619fac7b2c0_0 .net "e", 31 0, v0x5619fac768b0_0;  1 drivers
v0x5619fac7b3d0_0 .net "f", 31 0, v0x5619fac76990_0;  1 drivers
v0x5619fac7b4e0_0 .var/i "i", 31 0;
v0x5619fac7b5c0_0 .net "rst", 0 0, v0x5619fac7c030_0;  1 drivers
v0x5619fac7b770_0 .var "si", 31 0;
v0x5619fac7b850_0 .net "x", 263 0, L_0x5619fac817e0;  1 drivers
v0x5619fac7b910_0 .net "xin", 7 0, v0x5619fac7c1e0_0;  1 drivers
v0x5619fac7b9f0_0 .net "xout", 7 0, o0x7fb96db72068;  alias, 0 drivers
v0x5619fac7bad0_0 .net "y", 255 0, v0x5619fac76720_0;  1 drivers
L_0x5619fac7d6b0 .part v0x5619fac72320_0, 0, 8;
L_0x5619fac7d750 .part v0x5619fac724a0_0, 0, 8;
L_0x5619fac7ec90 .part v0x5619fac72320_0, 8, 8;
L_0x5619fac7ed30 .part v0x5619fac724a0_0, 8, 8;
L_0x5619fac80180 .part v0x5619fac72320_0, 16, 8;
L_0x5619fac80220 .part v0x5619fac724a0_0, 16, 8;
L_0x5619fac81650 .part v0x5619fac72320_0, 24, 8;
L_0x5619fac816f0 .part v0x5619fac724a0_0, 24, 8;
LS_0x5619fac817e0_0_0 .concat8 [ 8 64 64 64], L_0x5619fac80d20, L_0x5619fac7d010, L_0x5619fac7e5f0, L_0x5619fac7fae0;
LS_0x5619fac817e0_0_4 .concat8 [ 64 0 0 0], L_0x5619fac80fb0;
L_0x5619fac817e0 .concat8 [ 200 64 0 0], LS_0x5619fac817e0_0_0, LS_0x5619fac817e0_0_4;
L_0x5619fac81980 .part L_0x5619fac817e0, 0, 256;
S_0x5619fac33a60 .scope module, "kpg_0" "kpgg" 3 32, 4 3 0, S_0x5619fac2a190;
 .timescale 0 0;
    .port_info 0 /OUTPUT 64 "x"
    .port_info 1 /INPUT 8 "ai"
    .port_info 2 /INPUT 8 "bi"
v0x5619fac680a0_0 .net "ai", 7 0, L_0x5619fac7d6b0;  1 drivers
v0x5619fac68180_0 .net "bi", 7 0, L_0x5619fac7d750;  1 drivers
v0x5619fac68260_0 .net "x", 63 0, L_0x5619fac7d010;  1 drivers
L_0x5619fac7c320 .part L_0x5619fac7d6b0, 0, 1;
L_0x5619fac7c3c0 .part L_0x5619fac7d750, 0, 1;
L_0x5619fac7c460 .part L_0x5619fac7d6b0, 1, 1;
L_0x5619fac7c550 .part L_0x5619fac7d750, 1, 1;
L_0x5619fac7c670 .part L_0x5619fac7d6b0, 2, 1;
L_0x5619fac7c710 .part L_0x5619fac7d750, 2, 1;
L_0x5619fac7c820 .part L_0x5619fac7d6b0, 3, 1;
L_0x5619fac7c8c0 .part L_0x5619fac7d750, 3, 1;
L_0x5619fac7c9e0 .part L_0x5619fac7d6b0, 4, 1;
L_0x5619fac7cab0 .part L_0x5619fac7d750, 4, 1;
L_0x5619fac7cbe0 .part L_0x5619fac7d6b0, 5, 1;
L_0x5619fac7ccb0 .part L_0x5619fac7d750, 5, 1;
L_0x5619fac7cdf0 .part L_0x5619fac7d6b0, 6, 1;
L_0x5619fac7cec0 .part L_0x5619fac7d750, 6, 1;
LS_0x5619fac7d010_0_0 .concat8 [ 8 8 8 8], v0x5619fac49a80_0, v0x5619fac3a840_0, v0x5619fac66380_0, v0x5619fac668c0_0;
LS_0x5619fac7d010_0_4 .concat8 [ 8 8 8 8], v0x5619fac66e50_0, v0x5619fac673d0_0, v0x5619fac67980_0, v0x5619fac67f30_0;
L_0x5619fac7d010 .concat8 [ 32 32 0 0], LS_0x5619fac7d010_0_0, LS_0x5619fac7d010_0_4;
L_0x5619fac7d260 .part L_0x5619fac7d6b0, 7, 1;
L_0x5619fac7d4d0 .part L_0x5619fac7d750, 7, 1;
S_0x5619fac33760 .scope module, "kpg_0" "kpg" 4 9, 5 1 0, S_0x5619fac33a60;
 .timescale 0 0;
    .port_info 0 /OUTPUT 8 "x"
    .port_info 1 /INPUT 1 "ai"
    .port_info 2 /INPUT 1 "bi"
v0x5619fac4f420_0 .net "ai", 0 0, L_0x5619fac7c320;  1 drivers
v0x5619fac4eb40_0 .net "bi", 0 0, L_0x5619fac7c3c0;  1 drivers
v0x5619fac49a80_0 .var "x", 7 0;
E_0x5619fabe6730 .event edge, v0x5619fac4eb40_0, v0x5619fac4f420_0;
S_0x5619fac65ce0 .scope module, "kpg_1" "kpg" 4 10, 5 1 0, S_0x5619fac33a60;
 .timescale 0 0;
    .port_info 0 /OUTPUT 8 "x"
    .port_info 1 /INPUT 1 "ai"
    .port_info 2 /INPUT 1 "bi"
v0x5619fac449c0_0 .net "ai", 0 0, L_0x5619fac7c460;  1 drivers
v0x5619fac3f900_0 .net "bi", 0 0, L_0x5619fac7c550;  1 drivers
v0x5619fac3a840_0 .var "x", 7 0;
E_0x5619fabe7250 .event edge, v0x5619fac3f900_0, v0x5619fac449c0_0;
S_0x5619fac66040 .scope module, "kpg_2" "kpg" 4 11, 5 1 0, S_0x5619fac33a60;
 .timescale 0 0;
    .port_info 0 /OUTPUT 8 "x"
    .port_info 1 /INPUT 1 "ai"
    .port_info 2 /INPUT 1 "bi"
v0x5619fac2f1f0_0 .net "ai", 0 0, L_0x5619fac7c670;  1 drivers
v0x5619fac662c0_0 .net "bi", 0 0, L_0x5619fac7c710;  1 drivers
v0x5619fac66380_0 .var "x", 7 0;
E_0x5619fabe75c0 .event edge, v0x5619fac662c0_0, v0x5619fac2f1f0_0;
S_0x5619fac664c0 .scope module, "kpg_3" "kpg" 4 12, 5 1 0, S_0x5619fac33a60;
 .timescale 0 0;
    .port_info 0 /OUTPUT 8 "x"
    .port_info 1 /INPUT 1 "ai"
    .port_info 2 /INPUT 1 "bi"
v0x5619fac66720_0 .net "ai", 0 0, L_0x5619fac7c820;  1 drivers
v0x5619fac66800_0 .net "bi", 0 0, L_0x5619fac7c8c0;  1 drivers
v0x5619fac668c0_0 .var "x", 7 0;
E_0x5619fabe5e70 .event edge, v0x5619fac66800_0, v0x5619fac66720_0;
S_0x5619fac66a00 .scope module, "kpg_4" "kpg" 4 13, 5 1 0, S_0x5619fac33a60;
 .timescale 0 0;
    .port_info 0 /OUTPUT 8 "x"
    .port_info 1 /INPUT 1 "ai"
    .port_info 2 /INPUT 1 "bi"
v0x5619fac66cb0_0 .net "ai", 0 0, L_0x5619fac7c9e0;  1 drivers
v0x5619fac66d90_0 .net "bi", 0 0, L_0x5619fac7cab0;  1 drivers
v0x5619fac66e50_0 .var "x", 7 0;
E_0x5619fac536d0 .event edge, v0x5619fac66d90_0, v0x5619fac66cb0_0;
S_0x5619fac66f90 .scope module, "kpg_5" "kpg" 4 14, 5 1 0, S_0x5619fac33a60;
 .timescale 0 0;
    .port_info 0 /OUTPUT 8 "x"
    .port_info 1 /INPUT 1 "ai"
    .port_info 2 /INPUT 1 "bi"
v0x5619fac67230_0 .net "ai", 0 0, L_0x5619fac7cbe0;  1 drivers
v0x5619fac67310_0 .net "bi", 0 0, L_0x5619fac7ccb0;  1 drivers
v0x5619fac673d0_0 .var "x", 7 0;
E_0x5619fac671b0 .event edge, v0x5619fac67310_0, v0x5619fac67230_0;
S_0x5619fac67540 .scope module, "kpg_6" "kpg" 4 15, 5 1 0, S_0x5619fac33a60;
 .timescale 0 0;
    .port_info 0 /OUTPUT 8 "x"
    .port_info 1 /INPUT 1 "ai"
    .port_info 2 /INPUT 1 "bi"
v0x5619fac677e0_0 .net "ai", 0 0, L_0x5619fac7cdf0;  1 drivers
v0x5619fac678c0_0 .net "bi", 0 0, L_0x5619fac7cec0;  1 drivers
v0x5619fac67980_0 .var "x", 7 0;
E_0x5619fac67760 .event edge, v0x5619fac678c0_0, v0x5619fac677e0_0;
S_0x5619fac67af0 .scope module, "kpg_7" "kpg" 4 16, 5 1 0, S_0x5619fac33a60;
 .timescale 0 0;
    .port_info 0 /OUTPUT 8 "x"
    .port_info 1 /INPUT 1 "ai"
    .port_info 2 /INPUT 1 "bi"
v0x5619fac67d90_0 .net "ai", 0 0, L_0x5619fac7d260;  1 drivers
v0x5619fac67e70_0 .net "bi", 0 0, L_0x5619fac7d4d0;  1 drivers
v0x5619fac67f30_0 .var "x", 7 0;
E_0x5619fac67d10 .event edge, v0x5619fac67e70_0, v0x5619fac67d90_0;
S_0x5619fac683e0 .scope module, "kpg_1" "kpgg" 3 35, 4 3 0, S_0x5619fac2a190;
 .timescale 0 0;
    .port_info 0 /OUTPUT 64 "x"
    .port_info 1 /INPUT 8 "ai"
    .port_info 2 /INPUT 8 "bi"
v0x5619fac6b3f0_0 .net "ai", 7 0, L_0x5619fac7ec90;  1 drivers
v0x5619fac6b4d0_0 .net "bi", 7 0, L_0x5619fac7ed30;  1 drivers
v0x5619fac6b5b0_0 .net "x", 63 0, L_0x5619fac7e5f0;  1 drivers
L_0x5619fac7d7f0 .part L_0x5619fac7ec90, 0, 1;
L_0x5619fac7d8f0 .part L_0x5619fac7ed30, 0, 1;
L_0x5619fac7d9f0 .part L_0x5619fac7ec90, 1, 1;
L_0x5619fac7dac0 .part L_0x5619fac7ed30, 1, 1;
L_0x5619fac7db90 .part L_0x5619fac7ec90, 2, 1;
L_0x5619fac7dc30 .part L_0x5619fac7ed30, 2, 1;
L_0x5619fac7dd40 .part L_0x5619fac7ec90, 3, 1;
L_0x5619fac7de70 .part L_0x5619fac7ed30, 3, 1;
L_0x5619fac7e020 .part L_0x5619fac7ec90, 4, 1;
L_0x5619fac7e0f0 .part L_0x5619fac7ed30, 4, 1;
L_0x5619fac7e1c0 .part L_0x5619fac7ec90, 5, 1;
L_0x5619fac7e290 .part L_0x5619fac7ed30, 5, 1;
L_0x5619fac7e3d0 .part L_0x5619fac7ec90, 6, 1;
L_0x5619fac7e4a0 .part L_0x5619fac7ed30, 6, 1;
LS_0x5619fac7e5f0_0_0 .concat8 [ 8 8 8 8], v0x5619fac68a80_0, v0x5619fac69030_0, v0x5619fac695f0_0, v0x5619fac69ba0_0;
LS_0x5619fac7e5f0_0_4 .concat8 [ 8 8 8 8], v0x5619fac6a1a0_0, v0x5619fac6a720_0, v0x5619fac6acd0_0, v0x5619fac6b280_0;
L_0x5619fac7e5f0 .concat8 [ 32 32 0 0], LS_0x5619fac7e5f0_0_0, LS_0x5619fac7e5f0_0_4;
L_0x5619fac7e840 .part L_0x5619fac7ec90, 7, 1;
L_0x5619fac7eab0 .part L_0x5619fac7ed30, 7, 1;
S_0x5619fac68600 .scope module, "kpg_0" "kpg" 4 9, 5 1 0, S_0x5619fac683e0;
 .timescale 0 0;
    .port_info 0 /OUTPUT 8 "x"
    .port_info 1 /INPUT 1 "ai"
    .port_info 2 /INPUT 1 "bi"
v0x5619fac688e0_0 .net "ai", 0 0, L_0x5619fac7d7f0;  1 drivers
v0x5619fac689c0_0 .net "bi", 0 0, L_0x5619fac7d8f0;  1 drivers
v0x5619fac68a80_0 .var "x", 7 0;
E_0x5619fac68860 .event edge, v0x5619fac689c0_0, v0x5619fac688e0_0;
S_0x5619fac68bf0 .scope module, "kpg_1" "kpg" 4 10, 5 1 0, S_0x5619fac683e0;
 .timescale 0 0;
    .port_info 0 /OUTPUT 8 "x"
    .port_info 1 /INPUT 1 "ai"
    .port_info 2 /INPUT 1 "bi"
v0x5619fac68e90_0 .net "ai", 0 0, L_0x5619fac7d9f0;  1 drivers
v0x5619fac68f70_0 .net "bi", 0 0, L_0x5619fac7dac0;  1 drivers
v0x5619fac69030_0 .var "x", 7 0;
E_0x5619fac68e10 .event edge, v0x5619fac68f70_0, v0x5619fac68e90_0;
S_0x5619fac691a0 .scope module, "kpg_2" "kpg" 4 11, 5 1 0, S_0x5619fac683e0;
 .timescale 0 0;
    .port_info 0 /OUTPUT 8 "x"
    .port_info 1 /INPUT 1 "ai"
    .port_info 2 /INPUT 1 "bi"
v0x5619fac69450_0 .net "ai", 0 0, L_0x5619fac7db90;  1 drivers
v0x5619fac69530_0 .net "bi", 0 0, L_0x5619fac7dc30;  1 drivers
v0x5619fac695f0_0 .var "x", 7 0;
E_0x5619fac693f0 .event edge, v0x5619fac69530_0, v0x5619fac69450_0;
S_0x5619fac69760 .scope module, "kpg_3" "kpg" 4 12, 5 1 0, S_0x5619fac683e0;
 .timescale 0 0;
    .port_info 0 /OUTPUT 8 "x"
    .port_info 1 /INPUT 1 "ai"
    .port_info 2 /INPUT 1 "bi"
v0x5619fac69a00_0 .net "ai", 0 0, L_0x5619fac7dd40;  1 drivers
v0x5619fac69ae0_0 .net "bi", 0 0, L_0x5619fac7de70;  1 drivers
v0x5619fac69ba0_0 .var "x", 7 0;
E_0x5619fac69980 .event edge, v0x5619fac69ae0_0, v0x5619fac69a00_0;
S_0x5619fac69d10 .scope module, "kpg_4" "kpg" 4 13, 5 1 0, S_0x5619fac683e0;
 .timescale 0 0;
    .port_info 0 /OUTPUT 8 "x"
    .port_info 1 /INPUT 1 "ai"
    .port_info 2 /INPUT 1 "bi"
v0x5619fac6a000_0 .net "ai", 0 0, L_0x5619fac7e020;  1 drivers
v0x5619fac6a0e0_0 .net "bi", 0 0, L_0x5619fac7e0f0;  1 drivers
v0x5619fac6a1a0_0 .var "x", 7 0;
E_0x5619fac69f80 .event edge, v0x5619fac6a0e0_0, v0x5619fac6a000_0;
S_0x5619fac6a2e0 .scope module, "kpg_5" "kpg" 4 14, 5 1 0, S_0x5619fac683e0;
 .timescale 0 0;
    .port_info 0 /OUTPUT 8 "x"
    .port_info 1 /INPUT 1 "ai"
    .port_info 2 /INPUT 1 "bi"
v0x5619fac6a580_0 .net "ai", 0 0, L_0x5619fac7e1c0;  1 drivers
v0x5619fac6a660_0 .net "bi", 0 0, L_0x5619fac7e290;  1 drivers
v0x5619fac6a720_0 .var "x", 7 0;
E_0x5619fac6a500 .event edge, v0x5619fac6a660_0, v0x5619fac6a580_0;
S_0x5619fac6a890 .scope module, "kpg_6" "kpg" 4 15, 5 1 0, S_0x5619fac683e0;
 .timescale 0 0;
    .port_info 0 /OUTPUT 8 "x"
    .port_info 1 /INPUT 1 "ai"
    .port_info 2 /INPUT 1 "bi"
v0x5619fac6ab30_0 .net "ai", 0 0, L_0x5619fac7e3d0;  1 drivers
v0x5619fac6ac10_0 .net "bi", 0 0, L_0x5619fac7e4a0;  1 drivers
v0x5619fac6acd0_0 .var "x", 7 0;
E_0x5619fac6aab0 .event edge, v0x5619fac6ac10_0, v0x5619fac6ab30_0;
S_0x5619fac6ae40 .scope module, "kpg_7" "kpg" 4 16, 5 1 0, S_0x5619fac683e0;
 .timescale 0 0;
    .port_info 0 /OUTPUT 8 "x"
    .port_info 1 /INPUT 1 "ai"
    .port_info 2 /INPUT 1 "bi"
v0x5619fac6b0e0_0 .net "ai", 0 0, L_0x5619fac7e840;  1 drivers
v0x5619fac6b1c0_0 .net "bi", 0 0, L_0x5619fac7eab0;  1 drivers
v0x5619fac6b280_0 .var "x", 7 0;
E_0x5619fac6b060 .event edge, v0x5619fac6b1c0_0, v0x5619fac6b0e0_0;
S_0x5619fac6b730 .scope module, "kpg_2" "kpgg" 3 38, 4 3 0, S_0x5619fac2a190;
 .timescale 0 0;
    .port_info 0 /OUTPUT 64 "x"
    .port_info 1 /INPUT 8 "ai"
    .port_info 2 /INPUT 8 "bi"
v0x5619fac6e750_0 .net "ai", 7 0, L_0x5619fac80180;  1 drivers
v0x5619fac6e830_0 .net "bi", 7 0, L_0x5619fac80220;  1 drivers
v0x5619fac6e910_0 .net "x", 63 0, L_0x5619fac7fae0;  1 drivers
L_0x5619fac7ee00 .part L_0x5619fac80180, 0, 1;
L_0x5619fac7ef00 .part L_0x5619fac80220, 0, 1;
L_0x5619fac7f000 .part L_0x5619fac80180, 1, 1;
L_0x5619fac7f0d0 .part L_0x5619fac80220, 1, 1;
L_0x5619fac7f1a0 .part L_0x5619fac80180, 2, 1;
L_0x5619fac7f240 .part L_0x5619fac80220, 2, 1;
L_0x5619fac7f350 .part L_0x5619fac80180, 3, 1;
L_0x5619fac7f3f0 .part L_0x5619fac80220, 3, 1;
L_0x5619fac7f510 .part L_0x5619fac80180, 4, 1;
L_0x5619fac7f5e0 .part L_0x5619fac80220, 4, 1;
L_0x5619fac7f6b0 .part L_0x5619fac80180, 5, 1;
L_0x5619fac7f780 .part L_0x5619fac80220, 5, 1;
L_0x5619fac7f8c0 .part L_0x5619fac80180, 6, 1;
L_0x5619fac7f990 .part L_0x5619fac80220, 6, 1;
LS_0x5619fac7fae0_0_0 .concat8 [ 8 8 8 8], v0x5619fac6bde0_0, v0x5619fac6c390_0, v0x5619fac6c950_0, v0x5619fac6cf00_0;
LS_0x5619fac7fae0_0_4 .concat8 [ 8 8 8 8], v0x5619fac6d500_0, v0x5619fac6da80_0, v0x5619fac6e030_0, v0x5619fac6e5e0_0;
L_0x5619fac7fae0 .concat8 [ 32 32 0 0], LS_0x5619fac7fae0_0_0, LS_0x5619fac7fae0_0_4;
L_0x5619fac7fd30 .part L_0x5619fac80180, 7, 1;
L_0x5619fac7ffa0 .part L_0x5619fac80220, 7, 1;
S_0x5619fac6b980 .scope module, "kpg_0" "kpg" 4 9, 5 1 0, S_0x5619fac6b730;
 .timescale 0 0;
    .port_info 0 /OUTPUT 8 "x"
    .port_info 1 /INPUT 1 "ai"
    .port_info 2 /INPUT 1 "bi"
v0x5619fac6bc40_0 .net "ai", 0 0, L_0x5619fac7ee00;  1 drivers
v0x5619fac6bd20_0 .net "bi", 0 0, L_0x5619fac7ef00;  1 drivers
v0x5619fac6bde0_0 .var "x", 7 0;
E_0x5619fac6bbc0 .event edge, v0x5619fac6bd20_0, v0x5619fac6bc40_0;
S_0x5619fac6bf50 .scope module, "kpg_1" "kpg" 4 10, 5 1 0, S_0x5619fac6b730;
 .timescale 0 0;
    .port_info 0 /OUTPUT 8 "x"
    .port_info 1 /INPUT 1 "ai"
    .port_info 2 /INPUT 1 "bi"
v0x5619fac6c1f0_0 .net "ai", 0 0, L_0x5619fac7f000;  1 drivers
v0x5619fac6c2d0_0 .net "bi", 0 0, L_0x5619fac7f0d0;  1 drivers
v0x5619fac6c390_0 .var "x", 7 0;
E_0x5619fac6c170 .event edge, v0x5619fac6c2d0_0, v0x5619fac6c1f0_0;
S_0x5619fac6c500 .scope module, "kpg_2" "kpg" 4 11, 5 1 0, S_0x5619fac6b730;
 .timescale 0 0;
    .port_info 0 /OUTPUT 8 "x"
    .port_info 1 /INPUT 1 "ai"
    .port_info 2 /INPUT 1 "bi"
v0x5619fac6c7b0_0 .net "ai", 0 0, L_0x5619fac7f1a0;  1 drivers
v0x5619fac6c890_0 .net "bi", 0 0, L_0x5619fac7f240;  1 drivers
v0x5619fac6c950_0 .var "x", 7 0;
E_0x5619fac6c750 .event edge, v0x5619fac6c890_0, v0x5619fac6c7b0_0;
S_0x5619fac6cac0 .scope module, "kpg_3" "kpg" 4 12, 5 1 0, S_0x5619fac6b730;
 .timescale 0 0;
    .port_info 0 /OUTPUT 8 "x"
    .port_info 1 /INPUT 1 "ai"
    .port_info 2 /INPUT 1 "bi"
v0x5619fac6cd60_0 .net "ai", 0 0, L_0x5619fac7f350;  1 drivers
v0x5619fac6ce40_0 .net "bi", 0 0, L_0x5619fac7f3f0;  1 drivers
v0x5619fac6cf00_0 .var "x", 7 0;
E_0x5619fac6cce0 .event edge, v0x5619fac6ce40_0, v0x5619fac6cd60_0;
S_0x5619fac6d070 .scope module, "kpg_4" "kpg" 4 13, 5 1 0, S_0x5619fac6b730;
 .timescale 0 0;
    .port_info 0 /OUTPUT 8 "x"
    .port_info 1 /INPUT 1 "ai"
    .port_info 2 /INPUT 1 "bi"
v0x5619fac6d360_0 .net "ai", 0 0, L_0x5619fac7f510;  1 drivers
v0x5619fac6d440_0 .net "bi", 0 0, L_0x5619fac7f5e0;  1 drivers
v0x5619fac6d500_0 .var "x", 7 0;
E_0x5619fac6d2e0 .event edge, v0x5619fac6d440_0, v0x5619fac6d360_0;
S_0x5619fac6d640 .scope module, "kpg_5" "kpg" 4 14, 5 1 0, S_0x5619fac6b730;
 .timescale 0 0;
    .port_info 0 /OUTPUT 8 "x"
    .port_info 1 /INPUT 1 "ai"
    .port_info 2 /INPUT 1 "bi"
v0x5619fac6d8e0_0 .net "ai", 0 0, L_0x5619fac7f6b0;  1 drivers
v0x5619fac6d9c0_0 .net "bi", 0 0, L_0x5619fac7f780;  1 drivers
v0x5619fac6da80_0 .var "x", 7 0;
E_0x5619fac6d860 .event edge, v0x5619fac6d9c0_0, v0x5619fac6d8e0_0;
S_0x5619fac6dbf0 .scope module, "kpg_6" "kpg" 4 15, 5 1 0, S_0x5619fac6b730;
 .timescale 0 0;
    .port_info 0 /OUTPUT 8 "x"
    .port_info 1 /INPUT 1 "ai"
    .port_info 2 /INPUT 1 "bi"
v0x5619fac6de90_0 .net "ai", 0 0, L_0x5619fac7f8c0;  1 drivers
v0x5619fac6df70_0 .net "bi", 0 0, L_0x5619fac7f990;  1 drivers
v0x5619fac6e030_0 .var "x", 7 0;
E_0x5619fac6de10 .event edge, v0x5619fac6df70_0, v0x5619fac6de90_0;
S_0x5619fac6e1a0 .scope module, "kpg_7" "kpg" 4 16, 5 1 0, S_0x5619fac6b730;
 .timescale 0 0;
    .port_info 0 /OUTPUT 8 "x"
    .port_info 1 /INPUT 1 "ai"
    .port_info 2 /INPUT 1 "bi"
v0x5619fac6e440_0 .net "ai", 0 0, L_0x5619fac7fd30;  1 drivers
v0x5619fac6e520_0 .net "bi", 0 0, L_0x5619fac7ffa0;  1 drivers
v0x5619fac6e5e0_0 .var "x", 7 0;
E_0x5619fac6e3c0 .event edge, v0x5619fac6e520_0, v0x5619fac6e440_0;
S_0x5619fac6ea90 .scope module, "kpg_3" "kpgg" 3 41, 4 3 0, S_0x5619fac2a190;
 .timescale 0 0;
    .port_info 0 /OUTPUT 64 "x"
    .port_info 1 /INPUT 8 "ai"
    .port_info 2 /INPUT 8 "bi"
v0x5619fac71aa0_0 .net "ai", 7 0, L_0x5619fac81650;  1 drivers
v0x5619fac71b80_0 .net "bi", 7 0, L_0x5619fac816f0;  1 drivers
v0x5619fac71c60_0 .net "x", 63 0, L_0x5619fac80fb0;  1 drivers
L_0x5619fac80300 .part L_0x5619fac81650, 0, 1;
L_0x5619fac803d0 .part L_0x5619fac816f0, 0, 1;
L_0x5619fac804d0 .part L_0x5619fac81650, 1, 1;
L_0x5619fac805a0 .part L_0x5619fac816f0, 1, 1;
L_0x5619fac80670 .part L_0x5619fac81650, 2, 1;
L_0x5619fac80710 .part L_0x5619fac816f0, 2, 1;
L_0x5619fac80820 .part L_0x5619fac81650, 3, 1;
L_0x5619fac808c0 .part L_0x5619fac816f0, 3, 1;
L_0x5619fac809e0 .part L_0x5619fac81650, 4, 1;
L_0x5619fac80ab0 .part L_0x5619fac816f0, 4, 1;
L_0x5619fac80b80 .part L_0x5619fac81650, 5, 1;
L_0x5619fac80c50 .part L_0x5619fac816f0, 5, 1;
L_0x5619fac80d90 .part L_0x5619fac81650, 6, 1;
L_0x5619fac80e60 .part L_0x5619fac816f0, 6, 1;
LS_0x5619fac80fb0_0_0 .concat8 [ 8 8 8 8], v0x5619fac6f130_0, v0x5619fac6f6e0_0, v0x5619fac6fca0_0, v0x5619fac70250_0;
LS_0x5619fac80fb0_0_4 .concat8 [ 8 8 8 8], v0x5619fac70850_0, v0x5619fac70dd0_0, v0x5619fac71380_0, v0x5619fac71930_0;
L_0x5619fac80fb0 .concat8 [ 32 32 0 0], LS_0x5619fac80fb0_0_0, LS_0x5619fac80fb0_0_4;
L_0x5619fac81200 .part L_0x5619fac81650, 7, 1;
L_0x5619fac81470 .part L_0x5619fac816f0, 7, 1;
S_0x5619fac6ecb0 .scope module, "kpg_0" "kpg" 4 9, 5 1 0, S_0x5619fac6ea90;
 .timescale 0 0;
    .port_info 0 /OUTPUT 8 "x"
    .port_info 1 /INPUT 1 "ai"
    .port_info 2 /INPUT 1 "bi"
v0x5619fac6ef90_0 .net "ai", 0 0, L_0x5619fac80300;  1 drivers
v0x5619fac6f070_0 .net "bi", 0 0, L_0x5619fac803d0;  1 drivers
v0x5619fac6f130_0 .var "x", 7 0;
E_0x5619fac6ef10 .event edge, v0x5619fac6f070_0, v0x5619fac6ef90_0;
S_0x5619fac6f2a0 .scope module, "kpg_1" "kpg" 4 10, 5 1 0, S_0x5619fac6ea90;
 .timescale 0 0;
    .port_info 0 /OUTPUT 8 "x"
    .port_info 1 /INPUT 1 "ai"
    .port_info 2 /INPUT 1 "bi"
v0x5619fac6f540_0 .net "ai", 0 0, L_0x5619fac804d0;  1 drivers
v0x5619fac6f620_0 .net "bi", 0 0, L_0x5619fac805a0;  1 drivers
v0x5619fac6f6e0_0 .var "x", 7 0;
E_0x5619fac6f4c0 .event edge, v0x5619fac6f620_0, v0x5619fac6f540_0;
S_0x5619fac6f850 .scope module, "kpg_2" "kpg" 4 11, 5 1 0, S_0x5619fac6ea90;
 .timescale 0 0;
    .port_info 0 /OUTPUT 8 "x"
    .port_info 1 /INPUT 1 "ai"
    .port_info 2 /INPUT 1 "bi"
v0x5619fac6fb00_0 .net "ai", 0 0, L_0x5619fac80670;  1 drivers
v0x5619fac6fbe0_0 .net "bi", 0 0, L_0x5619fac80710;  1 drivers
v0x5619fac6fca0_0 .var "x", 7 0;
E_0x5619fac6faa0 .event edge, v0x5619fac6fbe0_0, v0x5619fac6fb00_0;
S_0x5619fac6fe10 .scope module, "kpg_3" "kpg" 4 12, 5 1 0, S_0x5619fac6ea90;
 .timescale 0 0;
    .port_info 0 /OUTPUT 8 "x"
    .port_info 1 /INPUT 1 "ai"
    .port_info 2 /INPUT 1 "bi"
v0x5619fac700b0_0 .net "ai", 0 0, L_0x5619fac80820;  1 drivers
v0x5619fac70190_0 .net "bi", 0 0, L_0x5619fac808c0;  1 drivers
v0x5619fac70250_0 .var "x", 7 0;
E_0x5619fac70030 .event edge, v0x5619fac70190_0, v0x5619fac700b0_0;
S_0x5619fac703c0 .scope module, "kpg_4" "kpg" 4 13, 5 1 0, S_0x5619fac6ea90;
 .timescale 0 0;
    .port_info 0 /OUTPUT 8 "x"
    .port_info 1 /INPUT 1 "ai"
    .port_info 2 /INPUT 1 "bi"
v0x5619fac706b0_0 .net "ai", 0 0, L_0x5619fac809e0;  1 drivers
v0x5619fac70790_0 .net "bi", 0 0, L_0x5619fac80ab0;  1 drivers
v0x5619fac70850_0 .var "x", 7 0;
E_0x5619fac70630 .event edge, v0x5619fac70790_0, v0x5619fac706b0_0;
S_0x5619fac70990 .scope module, "kpg_5" "kpg" 4 14, 5 1 0, S_0x5619fac6ea90;
 .timescale 0 0;
    .port_info 0 /OUTPUT 8 "x"
    .port_info 1 /INPUT 1 "ai"
    .port_info 2 /INPUT 1 "bi"
v0x5619fac70c30_0 .net "ai", 0 0, L_0x5619fac80b80;  1 drivers
v0x5619fac70d10_0 .net "bi", 0 0, L_0x5619fac80c50;  1 drivers
v0x5619fac70dd0_0 .var "x", 7 0;
E_0x5619fac70bb0 .event edge, v0x5619fac70d10_0, v0x5619fac70c30_0;
S_0x5619fac70f40 .scope module, "kpg_6" "kpg" 4 15, 5 1 0, S_0x5619fac6ea90;
 .timescale 0 0;
    .port_info 0 /OUTPUT 8 "x"
    .port_info 1 /INPUT 1 "ai"
    .port_info 2 /INPUT 1 "bi"
v0x5619fac711e0_0 .net "ai", 0 0, L_0x5619fac80d90;  1 drivers
v0x5619fac712c0_0 .net "bi", 0 0, L_0x5619fac80e60;  1 drivers
v0x5619fac71380_0 .var "x", 7 0;
E_0x5619fac71160 .event edge, v0x5619fac712c0_0, v0x5619fac711e0_0;
S_0x5619fac714f0 .scope module, "kpg_7" "kpg" 4 16, 5 1 0, S_0x5619fac6ea90;
 .timescale 0 0;
    .port_info 0 /OUTPUT 8 "x"
    .port_info 1 /INPUT 1 "ai"
    .port_info 2 /INPUT 1 "bi"
v0x5619fac71790_0 .net "ai", 0 0, L_0x5619fac81200;  1 drivers
v0x5619fac71870_0 .net "bi", 0 0, L_0x5619fac81470;  1 drivers
v0x5619fac71930_0 .var "x", 7 0;
E_0x5619fac71710 .event edge, v0x5619fac71870_0, v0x5619fac71790_0;
S_0x5619fac71de0 .scope module, "m1" "dff" 3 25, 6 1 0, S_0x5619fac2a190;
 .timescale 0 0;
    .port_info 0 /INPUT 32 "a"
    .port_info 1 /INPUT 32 "b"
    .port_info 2 /INPUT 1 "rst"
    .port_info 3 /INPUT 1 "clk"
    .port_info 4 /OUTPUT 32 "c"
    .port_info 5 /OUTPUT 32 "d"
v0x5619fac72140_0 .net "a", 31 0, v0x5619fac7bc90_0;  alias, 1 drivers
v0x5619fac72240_0 .net "b", 31 0, v0x5619fac7bdc0_0;  alias, 1 drivers
v0x5619fac72320_0 .var "c", 31 0;
v0x5619fac723e0_0 .net "clk", 0 0, v0x5619fac7bed0_0;  alias, 1 drivers
v0x5619fac724a0_0 .var "d", 31 0;
v0x5619fac725d0_0 .net "rst", 0 0, v0x5619fac7c030_0;  alias, 1 drivers
E_0x5619fac720e0 .event posedge, v0x5619fac723e0_0;
S_0x5619fac72790 .scope module, "ppc_0" "ppc" 3 48, 7 3 0, S_0x5619fac2a190;
 .timescale 0 0;
    .port_info 0 /OUTPUT 256 "y"
    .port_info 1 /INPUT 256 "x"
    .port_info 2 /INPUT 1 "rst"
    .port_info 3 /INPUT 1 "clk"
    .port_info 4 /INPUT 32 "a"
    .port_info 5 /INPUT 32 "b"
    .port_info 6 /OUTPUT 32 "c"
    .port_info 7 /OUTPUT 32 "d"
v0x5619fac792f0_0 .net "a", 31 0, v0x5619fac72320_0;  alias, 1 drivers
v0x5619fac79400_0 .net "b", 31 0, v0x5619fac724a0_0;  alias, 1 drivers
v0x5619fac79510_0 .net "c", 31 0, v0x5619fac768b0_0;  alias, 1 drivers
v0x5619fac795b0_0 .net "clk", 0 0, v0x5619fac7bed0_0;  alias, 1 drivers
v0x5619fac79650_0 .net "d", 31 0, v0x5619fac76990_0;  alias, 1 drivers
v0x5619fac79740_0 .net "reg1", 255 0, v0x5619fac73110_0;  1 drivers
v0x5619fac79860_0 .net "reg2", 255 0, v0x5619fac73be0_0;  1 drivers
v0x5619fac79950_0 .net "reg3", 255 0, v0x5619fac746d0_0;  1 drivers
v0x5619fac79a40_0 .net "reg4", 255 0, v0x5619fac75190_0;  1 drivers
v0x5619fac79b70_0 .net "reg5", 255 0, v0x5619fac75c60_0;  1 drivers
v0x5619fac79c60_0 .net "rst", 0 0, v0x5619fac7c030_0;  alias, 1 drivers
v0x5619fac79d00_0 .net "wire1", 255 0, v0x5619fac771d0_0;  1 drivers
v0x5619fac79df0_0 .net "wire10", 31 0, v0x5619fac74860_0;  1 drivers
v0x5619fac79ee0_0 .net "wire11", 31 0, v0x5619fac74940_0;  1 drivers
v0x5619fac79ff0_0 .net "wire12", 31 0, v0x5619fac75360_0;  1 drivers
v0x5619fac7a100_0 .net "wire13", 31 0, v0x5619fac75440_0;  1 drivers
v0x5619fac7a210_0 .net "wire14", 31 0, v0x5619fac75df0_0;  1 drivers
v0x5619fac7a320_0 .net "wire15", 31 0, v0x5619fac75ed0_0;  1 drivers
v0x5619fac7a430_0 .net "wire2", 255 0, v0x5619fac779b0_0;  1 drivers
v0x5619fac7a520_0 .net "wire3", 255 0, v0x5619fac781d0_0;  1 drivers
v0x5619fac7a610_0 .net "wire4", 255 0, v0x5619fac789b0_0;  1 drivers
v0x5619fac7a700_0 .net "wire5", 255 0, v0x5619fac79190_0;  1 drivers
v0x5619fac7a7f0_0 .net "wire6", 31 0, v0x5619fac732d0_0;  1 drivers
v0x5619fac7a900_0 .net "wire7", 31 0, v0x5619fac73370_0;  1 drivers
v0x5619fac7aa10_0 .net "wire8", 31 0, v0x5619fac73dc0_0;  1 drivers
v0x5619fac7ab20_0 .net "wire9", 31 0, v0x5619fac73ea0_0;  1 drivers
v0x5619fac7ac30_0 .net "x", 255 0, L_0x5619fac81980;  1 drivers
v0x5619fac7acd0_0 .net "y", 255 0, v0x5619fac76720_0;  alias, 1 drivers
S_0x5619fac72a80 .scope module, "c1" "dff_lvl" 7 19, 8 1 0, S_0x5619fac72790;
 .timescale 0 0;
    .port_info 0 /INPUT 256 "d"
    .port_info 1 /INPUT 1 "rst"
    .port_info 2 /INPUT 1 "clk"
    .port_info 3 /OUTPUT 256 "q"
    .port_info 4 /OUTPUT 32 "wire1"
    .port_info 5 /OUTPUT 32 "wire2"
    .port_info 6 /INPUT 32 "a"
    .port_info 7 /INPUT 32 "b"
v0x5619fac72d90_0 .net "a", 31 0, v0x5619fac72320_0;  alias, 1 drivers
v0x5619fac72e70_0 .net "b", 31 0, v0x5619fac724a0_0;  alias, 1 drivers
v0x5619fac72f40_0 .net "clk", 0 0, v0x5619fac7bed0_0;  alias, 1 drivers
v0x5619fac73040_0 .net "d", 255 0, L_0x5619fac81980;  alias, 1 drivers
v0x5619fac73110_0 .var "q", 255 0;
v0x5619fac73200_0 .net "rst", 0 0, v0x5619fac7c030_0;  alias, 1 drivers
v0x5619fac732d0_0 .var "wire1", 31 0;
v0x5619fac73370_0 .var "wire2", 31 0;
S_0x5619fac735a0 .scope module, "c2" "dff_lvl" 7 24, 8 1 0, S_0x5619fac72790;
 .timescale 0 0;
    .port_info 0 /INPUT 256 "d"
    .port_info 1 /INPUT 1 "rst"
    .port_info 2 /INPUT 1 "clk"
    .port_info 3 /OUTPUT 256 "q"
    .port_info 4 /OUTPUT 32 "wire1"
    .port_info 5 /OUTPUT 32 "wire2"
    .port_info 6 /INPUT 32 "a"
    .port_info 7 /INPUT 32 "b"
v0x5619fac73860_0 .net "a", 31 0, v0x5619fac732d0_0;  alias, 1 drivers
v0x5619fac73950_0 .net "b", 31 0, v0x5619fac73370_0;  alias, 1 drivers
v0x5619fac73a20_0 .net "clk", 0 0, v0x5619fac7bed0_0;  alias, 1 drivers
v0x5619fac73b40_0 .net "d", 255 0, v0x5619fac771d0_0;  alias, 1 drivers
v0x5619fac73be0_0 .var "q", 255 0;
v0x5619fac73cd0_0 .net "rst", 0 0, v0x5619fac7c030_0;  alias, 1 drivers
v0x5619fac73dc0_0 .var "wire1", 31 0;
v0x5619fac73ea0_0 .var "wire2", 31 0;
S_0x5619fac740d0 .scope module, "c3" "dff_lvl" 7 27, 8 1 0, S_0x5619fac72790;
 .timescale 0 0;
    .port_info 0 /INPUT 256 "d"
    .port_info 1 /INPUT 1 "rst"
    .port_info 2 /INPUT 1 "clk"
    .port_info 3 /OUTPUT 256 "q"
    .port_info 4 /OUTPUT 32 "wire1"
    .port_info 5 /OUTPUT 32 "wire2"
    .port_info 6 /INPUT 32 "a"
    .port_info 7 /INPUT 32 "b"
v0x5619fac74370_0 .net "a", 31 0, v0x5619fac73dc0_0;  alias, 1 drivers
v0x5619fac74460_0 .net "b", 31 0, v0x5619fac73ea0_0;  alias, 1 drivers
v0x5619fac74530_0 .net "clk", 0 0, v0x5619fac7bed0_0;  alias, 1 drivers
v0x5619fac74600_0 .net "d", 255 0, v0x5619fac779b0_0;  alias, 1 drivers
v0x5619fac746d0_0 .var "q", 255 0;
v0x5619fac747c0_0 .net "rst", 0 0, v0x5619fac7c030_0;  alias, 1 drivers
v0x5619fac74860_0 .var "wire1", 31 0;
v0x5619fac74940_0 .var "wire2", 31 0;
S_0x5619fac74b70 .scope module, "c4" "dff_lvl" 7 30, 8 1 0, S_0x5619fac72790;
 .timescale 0 0;
    .port_info 0 /INPUT 256 "d"
    .port_info 1 /INPUT 1 "rst"
    .port_info 2 /INPUT 1 "clk"
    .port_info 3 /OUTPUT 256 "q"
    .port_info 4 /OUTPUT 32 "wire1"
    .port_info 5 /OUTPUT 32 "wire2"
    .port_info 6 /INPUT 32 "a"
    .port_info 7 /INPUT 32 "b"
v0x5619fac74e10_0 .net "a", 31 0, v0x5619fac74860_0;  alias, 1 drivers
v0x5619fac74f20_0 .net "b", 31 0, v0x5619fac74940_0;  alias, 1 drivers
v0x5619fac74ff0_0 .net "clk", 0 0, v0x5619fac7bed0_0;  alias, 1 drivers
v0x5619fac750c0_0 .net "d", 255 0, v0x5619fac781d0_0;  alias, 1 drivers
v0x5619fac75190_0 .var "q", 255 0;
v0x5619fac75230_0 .net "rst", 0 0, v0x5619fac7c030_0;  alias, 1 drivers
v0x5619fac75360_0 .var "wire1", 31 0;
v0x5619fac75440_0 .var "wire2", 31 0;
S_0x5619fac75620 .scope module, "c5" "dff_lvl" 7 33, 8 1 0, S_0x5619fac72790;
 .timescale 0 0;
    .port_info 0 /INPUT 256 "d"
    .port_info 1 /INPUT 1 "rst"
    .port_info 2 /INPUT 1 "clk"
    .port_info 3 /OUTPUT 256 "q"
    .port_info 4 /OUTPUT 32 "wire1"
    .port_info 5 /OUTPUT 32 "wire2"
    .port_info 6 /INPUT 32 "a"
    .port_info 7 /INPUT 32 "b"
v0x5619fac75910_0 .net "a", 31 0, v0x5619fac75360_0;  alias, 1 drivers
v0x5619fac759f0_0 .net "b", 31 0, v0x5619fac75440_0;  alias, 1 drivers
v0x5619fac75ac0_0 .net "clk", 0 0, v0x5619fac7bed0_0;  alias, 1 drivers
v0x5619fac75b90_0 .net "d", 255 0, v0x5619fac789b0_0;  alias, 1 drivers
v0x5619fac75c60_0 .var "q", 255 0;
v0x5619fac75d50_0 .net "rst", 0 0, v0x5619fac7c030_0;  alias, 1 drivers
v0x5619fac75df0_0 .var "wire1", 31 0;
v0x5619fac75ed0_0 .var "wire2", 31 0;
S_0x5619fac76100 .scope module, "c6" "dff_lvl" 7 36, 8 1 0, S_0x5619fac72790;
 .timescale 0 0;
    .port_info 0 /INPUT 256 "d"
    .port_info 1 /INPUT 1 "rst"
    .port_info 2 /INPUT 1 "clk"
    .port_info 3 /OUTPUT 256 "q"
    .port_info 4 /OUTPUT 32 "wire1"
    .port_info 5 /OUTPUT 32 "wire2"
    .port_info 6 /INPUT 32 "a"
    .port_info 7 /INPUT 32 "b"
v0x5619fac763a0_0 .net "a", 31 0, v0x5619fac75df0_0;  alias, 1 drivers
v0x5619fac764b0_0 .net "b", 31 0, v0x5619fac75ed0_0;  alias, 1 drivers
v0x5619fac76580_0 .net "clk", 0 0, v0x5619fac7bed0_0;  alias, 1 drivers
v0x5619fac76650_0 .net "d", 255 0, v0x5619fac79190_0;  alias, 1 drivers
v0x5619fac76720_0 .var "q", 255 0;
v0x5619fac76810_0 .net "rst", 0 0, v0x5619fac7c030_0;  alias, 1 drivers
v0x5619fac768b0_0 .var "wire1", 31 0;
v0x5619fac76990_0 .var "wire2", 31 0;
S_0x5619fac76bc0 .scope module, "m1" "lvl" 7 22, 9 1 0, S_0x5619fac72790;
 .timescale 0 0;
    .port_info 0 /OUTPUT 256 "y"
    .port_info 1 /INPUT 256 "x"
    .port_info 2 /INPUT 3 "k"
v0x5619fac76e00_0 .var/i "i", 31 0;
v0x5619fac76f00_0 .var/i "j", 31 0;
L_0x7fb96db25018 .functor BUFT 1, C4<000>, C4<0>, C4<0>, C4<0>;
v0x5619fac76fe0_0 .net "k", 2 0, L_0x7fb96db25018;  1 drivers
v0x5619fac770d0_0 .net "x", 255 0, v0x5619fac73110_0;  alias, 1 drivers
v0x5619fac771d0_0 .var "y", 255 0;
E_0x5619fac72000/0 .event edge, v0x5619fac76fe0_0, v0x5619fac76e00_0, v0x5619fac73110_0, v0x5619fac76f00_0;
E_0x5619fac72000/1 .event edge, v0x5619fac73b40_0;
E_0x5619fac72000 .event/or E_0x5619fac72000/0, E_0x5619fac72000/1;
S_0x5619fac77330 .scope module, "m2" "lvl" 7 25, 9 1 0, S_0x5619fac72790;
 .timescale 0 0;
    .port_info 0 /OUTPUT 256 "y"
    .port_info 1 /INPUT 256 "x"
    .port_info 2 /INPUT 3 "k"
v0x5619fac775e0_0 .var/i "i", 31 0;
v0x5619fac776e0_0 .var/i "j", 31 0;
L_0x7fb96db25060 .functor BUFT 1, C4<001>, C4<0>, C4<0>, C4<0>;
v0x5619fac777c0_0 .net "k", 2 0, L_0x7fb96db25060;  1 drivers
v0x5619fac778b0_0 .net "x", 255 0, v0x5619fac73be0_0;  alias, 1 drivers
v0x5619fac779b0_0 .var "y", 255 0;
E_0x5619fac77550/0 .event edge, v0x5619fac777c0_0, v0x5619fac775e0_0, v0x5619fac73be0_0, v0x5619fac776e0_0;
E_0x5619fac77550/1 .event edge, v0x5619fac74600_0;
E_0x5619fac77550 .event/or E_0x5619fac77550/0, E_0x5619fac77550/1;
S_0x5619fac77b10 .scope module, "m3" "lvl" 7 28, 9 1 0, S_0x5619fac72790;
 .timescale 0 0;
    .port_info 0 /OUTPUT 256 "y"
    .port_info 1 /INPUT 256 "x"
    .port_info 2 /INPUT 3 "k"
v0x5619fac77e00_0 .var/i "i", 31 0;
v0x5619fac77f00_0 .var/i "j", 31 0;
L_0x7fb96db250a8 .functor BUFT 1, C4<010>, C4<0>, C4<0>, C4<0>;
v0x5619fac77fe0_0 .net "k", 2 0, L_0x7fb96db250a8;  1 drivers
v0x5619fac780d0_0 .net "x", 255 0, v0x5619fac746d0_0;  alias, 1 drivers
v0x5619fac781d0_0 .var "y", 255 0;
E_0x5619fac77d70/0 .event edge, v0x5619fac77fe0_0, v0x5619fac77e00_0, v0x5619fac746d0_0, v0x5619fac77f00_0;
E_0x5619fac77d70/1 .event edge, v0x5619fac750c0_0;
E_0x5619fac77d70 .event/or E_0x5619fac77d70/0, E_0x5619fac77d70/1;
S_0x5619fac78330 .scope module, "m4" "lvl" 7 31, 9 1 0, S_0x5619fac72790;
 .timescale 0 0;
    .port_info 0 /OUTPUT 256 "y"
    .port_info 1 /INPUT 256 "x"
    .port_info 2 /INPUT 3 "k"
v0x5619fac785e0_0 .var/i "i", 31 0;
v0x5619fac786e0_0 .var/i "j", 31 0;
L_0x7fb96db250f0 .functor BUFT 1, C4<011>, C4<0>, C4<0>, C4<0>;
v0x5619fac787c0_0 .net "k", 2 0, L_0x7fb96db250f0;  1 drivers
v0x5619fac788b0_0 .net "x", 255 0, v0x5619fac75190_0;  alias, 1 drivers
v0x5619fac789b0_0 .var "y", 255 0;
E_0x5619fac78550/0 .event edge, v0x5619fac787c0_0, v0x5619fac785e0_0, v0x5619fac75190_0, v0x5619fac786e0_0;
E_0x5619fac78550/1 .event edge, v0x5619fac75b90_0;
E_0x5619fac78550 .event/or E_0x5619fac78550/0, E_0x5619fac78550/1;
S_0x5619fac78b10 .scope module, "m5" "lvl" 7 34, 9 1 0, S_0x5619fac72790;
 .timescale 0 0;
    .port_info 0 /OUTPUT 256 "y"
    .port_info 1 /INPUT 256 "x"
    .port_info 2 /INPUT 3 "k"
v0x5619fac78dc0_0 .var/i "i", 31 0;
v0x5619fac78ec0_0 .var/i "j", 31 0;
L_0x7fb96db25138 .functor BUFT 1, C4<100>, C4<0>, C4<0>, C4<0>;
v0x5619fac78fa0_0 .net "k", 2 0, L_0x7fb96db25138;  1 drivers
v0x5619fac79090_0 .net "x", 255 0, v0x5619fac75c60_0;  alias, 1 drivers
v0x5619fac79190_0 .var "y", 255 0;
E_0x5619fac78d30/0 .event edge, v0x5619fac78fa0_0, v0x5619fac78dc0_0, v0x5619fac75c60_0, v0x5619fac78ec0_0;
E_0x5619fac78d30/1 .event edge, v0x5619fac76650_0;
E_0x5619fac78d30 .event/or E_0x5619fac78d30/0, E_0x5619fac78d30/1;
    .scope S_0x5619fac71de0;
T_0 ;
    %wait E_0x5619fac720e0;
    %load/vec4 v0x5619fac725d0_0;
    %nor/r;
    %flag_set/vec4 8;
    %jmp/0xz  T_0.0, 8;
    %pushi/vec4 0, 0, 32;
    %store/vec4 v0x5619fac72320_0, 0, 32;
    %pushi/vec4 0, 0, 32;
    %store/vec4 v0x5619fac724a0_0, 0, 32;
    %jmp T_0.1;
T_0.0 ;
    %load/vec4 v0x5619fac72140_0;
    %store/vec4 v0x5619fac72320_0, 0, 32;
    %load/vec4 v0x5619fac72240_0;
    %store/vec4 v0x5619fac724a0_0, 0, 32;
T_0.1 ;
    %jmp T_0;
    .thread T_0;
    .scope S_0x5619fac33760;
T_1 ;
    %wait E_0x5619fabe6730;
    %load/vec4 v0x5619fac4f420_0;
    %load/vec4 v0x5619fac4eb40_0;
    %cmp/e;
    %jmp/0xz  T_1.0, 4;
    %load/vec4 v0x5619fac4f420_0;
    %pad/u 32;
    %cmpi/e 0, 0, 32;
    %jmp/0xz  T_1.2, 4;
    %pushi/vec4 107, 0, 8; draw_string_vec4
    %store/vec4 v0x5619fac49a80_0, 0, 8;
    %jmp T_1.3;
T_1.2 ;
    %pushi/vec4 103, 0, 8; draw_string_vec4
    %store/vec4 v0x5619fac49a80_0, 0, 8;
T_1.3 ;
    %jmp T_1.1;
T_1.0 ;
    %pushi/vec4 112, 0, 8; draw_string_vec4
    %store/vec4 v0x5619fac49a80_0, 0, 8;
T_1.1 ;
    %jmp T_1;
    .thread T_1, $push;
    .scope S_0x5619fac65ce0;
T_2 ;
    %wait E_0x5619fabe7250;
    %load/vec4 v0x5619fac449c0_0;
    %load/vec4 v0x5619fac3f900_0;
    %cmp/e;
    %jmp/0xz  T_2.0, 4;
    %load/vec4 v0x5619fac449c0_0;
    %pad/u 32;
    %cmpi/e 0, 0, 32;
    %jmp/0xz  T_2.2, 4;
    %pushi/vec4 107, 0, 8; draw_string_vec4
    %store/vec4 v0x5619fac3a840_0, 0, 8;
    %jmp T_2.3;
T_2.2 ;
    %pushi/vec4 103, 0, 8; draw_string_vec4
    %store/vec4 v0x5619fac3a840_0, 0, 8;
T_2.3 ;
    %jmp T_2.1;
T_2.0 ;
    %pushi/vec4 112, 0, 8; draw_string_vec4
    %store/vec4 v0x5619fac3a840_0, 0, 8;
T_2.1 ;
    %jmp T_2;
    .thread T_2, $push;
    .scope S_0x5619fac66040;
T_3 ;
    %wait E_0x5619fabe75c0;
    %load/vec4 v0x5619fac2f1f0_0;
    %load/vec4 v0x5619fac662c0_0;
    %cmp/e;
    %jmp/0xz  T_3.0, 4;
    %load/vec4 v0x5619fac2f1f0_0;
    %pad/u 32;
    %cmpi/e 0, 0, 32;
    %jmp/0xz  T_3.2, 4;
    %pushi/vec4 107, 0, 8; draw_string_vec4
    %store/vec4 v0x5619fac66380_0, 0, 8;
    %jmp T_3.3;
T_3.2 ;
    %pushi/vec4 103, 0, 8; draw_string_vec4
    %store/vec4 v0x5619fac66380_0, 0, 8;
T_3.3 ;
    %jmp T_3.1;
T_3.0 ;
    %pushi/vec4 112, 0, 8; draw_string_vec4
    %store/vec4 v0x5619fac66380_0, 0, 8;
T_3.1 ;
    %jmp T_3;
    .thread T_3, $push;
    .scope S_0x5619fac664c0;
T_4 ;
    %wait E_0x5619fabe5e70;
    %load/vec4 v0x5619fac66720_0;
    %load/vec4 v0x5619fac66800_0;
    %cmp/e;
    %jmp/0xz  T_4.0, 4;
    %load/vec4 v0x5619fac66720_0;
    %pad/u 32;
    %cmpi/e 0, 0, 32;
    %jmp/0xz  T_4.2, 4;
    %pushi/vec4 107, 0, 8; draw_string_vec4
    %store/vec4 v0x5619fac668c0_0, 0, 8;
    %jmp T_4.3;
T_4.2 ;
    %pushi/vec4 103, 0, 8; draw_string_vec4
    %store/vec4 v0x5619fac668c0_0, 0, 8;
T_4.3 ;
    %jmp T_4.1;
T_4.0 ;
    %pushi/vec4 112, 0, 8; draw_string_vec4
    %store/vec4 v0x5619fac668c0_0, 0, 8;
T_4.1 ;
    %jmp T_4;
    .thread T_4, $push;
    .scope S_0x5619fac66a00;
T_5 ;
    %wait E_0x5619fac536d0;
    %load/vec4 v0x5619fac66cb0_0;
    %load/vec4 v0x5619fac66d90_0;
    %cmp/e;
    %jmp/0xz  T_5.0, 4;
    %load/vec4 v0x5619fac66cb0_0;
    %pad/u 32;
    %cmpi/e 0, 0, 32;
    %jmp/0xz  T_5.2, 4;
    %pushi/vec4 107, 0, 8; draw_string_vec4
    %store/vec4 v0x5619fac66e50_0, 0, 8;
    %jmp T_5.3;
T_5.2 ;
    %pushi/vec4 103, 0, 8; draw_string_vec4
    %store/vec4 v0x5619fac66e50_0, 0, 8;
T_5.3 ;
    %jmp T_5.1;
T_5.0 ;
    %pushi/vec4 112, 0, 8; draw_string_vec4
    %store/vec4 v0x5619fac66e50_0, 0, 8;
T_5.1 ;
    %jmp T_5;
    .thread T_5, $push;
    .scope S_0x5619fac66f90;
T_6 ;
    %wait E_0x5619fac671b0;
    %load/vec4 v0x5619fac67230_0;
    %load/vec4 v0x5619fac67310_0;
    %cmp/e;
    %jmp/0xz  T_6.0, 4;
    %load/vec4 v0x5619fac67230_0;
    %pad/u 32;
    %cmpi/e 0, 0, 32;
    %jmp/0xz  T_6.2, 4;
    %pushi/vec4 107, 0, 8; draw_string_vec4
    %store/vec4 v0x5619fac673d0_0, 0, 8;
    %jmp T_6.3;
T_6.2 ;
    %pushi/vec4 103, 0, 8; draw_string_vec4
    %store/vec4 v0x5619fac673d0_0, 0, 8;
T_6.3 ;
    %jmp T_6.1;
T_6.0 ;
    %pushi/vec4 112, 0, 8; draw_string_vec4
    %store/vec4 v0x5619fac673d0_0, 0, 8;
T_6.1 ;
    %jmp T_6;
    .thread T_6, $push;
    .scope S_0x5619fac67540;
T_7 ;
    %wait E_0x5619fac67760;
    %load/vec4 v0x5619fac677e0_0;
    %load/vec4 v0x5619fac678c0_0;
    %cmp/e;
    %jmp/0xz  T_7.0, 4;
    %load/vec4 v0x5619fac677e0_0;
    %pad/u 32;
    %cmpi/e 0, 0, 32;
    %jmp/0xz  T_7.2, 4;
    %pushi/vec4 107, 0, 8; draw_string_vec4
    %store/vec4 v0x5619fac67980_0, 0, 8;
    %jmp T_7.3;
T_7.2 ;
    %pushi/vec4 103, 0, 8; draw_string_vec4
    %store/vec4 v0x5619fac67980_0, 0, 8;
T_7.3 ;
    %jmp T_7.1;
T_7.0 ;
    %pushi/vec4 112, 0, 8; draw_string_vec4
    %store/vec4 v0x5619fac67980_0, 0, 8;
T_7.1 ;
    %jmp T_7;
    .thread T_7, $push;
    .scope S_0x5619fac67af0;
T_8 ;
    %wait E_0x5619fac67d10;
    %load/vec4 v0x5619fac67d90_0;
    %load/vec4 v0x5619fac67e70_0;
    %cmp/e;
    %jmp/0xz  T_8.0, 4;
    %load/vec4 v0x5619fac67d90_0;
    %pad/u 32;
    %cmpi/e 0, 0, 32;
    %jmp/0xz  T_8.2, 4;
    %pushi/vec4 107, 0, 8; draw_string_vec4
    %store/vec4 v0x5619fac67f30_0, 0, 8;
    %jmp T_8.3;
T_8.2 ;
    %pushi/vec4 103, 0, 8; draw_string_vec4
    %store/vec4 v0x5619fac67f30_0, 0, 8;
T_8.3 ;
    %jmp T_8.1;
T_8.0 ;
    %pushi/vec4 112, 0, 8; draw_string_vec4
    %store/vec4 v0x5619fac67f30_0, 0, 8;
T_8.1 ;
    %jmp T_8;
    .thread T_8, $push;
    .scope S_0x5619fac68600;
T_9 ;
    %wait E_0x5619fac68860;
    %load/vec4 v0x5619fac688e0_0;
    %load/vec4 v0x5619fac689c0_0;
    %cmp/e;
    %jmp/0xz  T_9.0, 4;
    %load/vec4 v0x5619fac688e0_0;
    %pad/u 32;
    %cmpi/e 0, 0, 32;
    %jmp/0xz  T_9.2, 4;
    %pushi/vec4 107, 0, 8; draw_string_vec4
    %store/vec4 v0x5619fac68a80_0, 0, 8;
    %jmp T_9.3;
T_9.2 ;
    %pushi/vec4 103, 0, 8; draw_string_vec4
    %store/vec4 v0x5619fac68a80_0, 0, 8;
T_9.3 ;
    %jmp T_9.1;
T_9.0 ;
    %pushi/vec4 112, 0, 8; draw_string_vec4
    %store/vec4 v0x5619fac68a80_0, 0, 8;
T_9.1 ;
    %jmp T_9;
    .thread T_9, $push;
    .scope S_0x5619fac68bf0;
T_10 ;
    %wait E_0x5619fac68e10;
    %load/vec4 v0x5619fac68e90_0;
    %load/vec4 v0x5619fac68f70_0;
    %cmp/e;
    %jmp/0xz  T_10.0, 4;
    %load/vec4 v0x5619fac68e90_0;
    %pad/u 32;
    %cmpi/e 0, 0, 32;
    %jmp/0xz  T_10.2, 4;
    %pushi/vec4 107, 0, 8; draw_string_vec4
    %store/vec4 v0x5619fac69030_0, 0, 8;
    %jmp T_10.3;
T_10.2 ;
    %pushi/vec4 103, 0, 8; draw_string_vec4
    %store/vec4 v0x5619fac69030_0, 0, 8;
T_10.3 ;
    %jmp T_10.1;
T_10.0 ;
    %pushi/vec4 112, 0, 8; draw_string_vec4
    %store/vec4 v0x5619fac69030_0, 0, 8;
T_10.1 ;
    %jmp T_10;
    .thread T_10, $push;
    .scope S_0x5619fac691a0;
T_11 ;
    %wait E_0x5619fac693f0;
    %load/vec4 v0x5619fac69450_0;
    %load/vec4 v0x5619fac69530_0;
    %cmp/e;
    %jmp/0xz  T_11.0, 4;
    %load/vec4 v0x5619fac69450_0;
    %pad/u 32;
    %cmpi/e 0, 0, 32;
    %jmp/0xz  T_11.2, 4;
    %pushi/vec4 107, 0, 8; draw_string_vec4
    %store/vec4 v0x5619fac695f0_0, 0, 8;
    %jmp T_11.3;
T_11.2 ;
    %pushi/vec4 103, 0, 8; draw_string_vec4
    %store/vec4 v0x5619fac695f0_0, 0, 8;
T_11.3 ;
    %jmp T_11.1;
T_11.0 ;
    %pushi/vec4 112, 0, 8; draw_string_vec4
    %store/vec4 v0x5619fac695f0_0, 0, 8;
T_11.1 ;
    %jmp T_11;
    .thread T_11, $push;
    .scope S_0x5619fac69760;
T_12 ;
    %wait E_0x5619fac69980;
    %load/vec4 v0x5619fac69a00_0;
    %load/vec4 v0x5619fac69ae0_0;
    %cmp/e;
    %jmp/0xz  T_12.0, 4;
    %load/vec4 v0x5619fac69a00_0;
    %pad/u 32;
    %cmpi/e 0, 0, 32;
    %jmp/0xz  T_12.2, 4;
    %pushi/vec4 107, 0, 8; draw_string_vec4
    %store/vec4 v0x5619fac69ba0_0, 0, 8;
    %jmp T_12.3;
T_12.2 ;
    %pushi/vec4 103, 0, 8; draw_string_vec4
    %store/vec4 v0x5619fac69ba0_0, 0, 8;
T_12.3 ;
    %jmp T_12.1;
T_12.0 ;
    %pushi/vec4 112, 0, 8; draw_string_vec4
    %store/vec4 v0x5619fac69ba0_0, 0, 8;
T_12.1 ;
    %jmp T_12;
    .thread T_12, $push;
    .scope S_0x5619fac69d10;
T_13 ;
    %wait E_0x5619fac69f80;
    %load/vec4 v0x5619fac6a000_0;
    %load/vec4 v0x5619fac6a0e0_0;
    %cmp/e;
    %jmp/0xz  T_13.0, 4;
    %load/vec4 v0x5619fac6a000_0;
    %pad/u 32;
    %cmpi/e 0, 0, 32;
    %jmp/0xz  T_13.2, 4;
    %pushi/vec4 107, 0, 8; draw_string_vec4
    %store/vec4 v0x5619fac6a1a0_0, 0, 8;
    %jmp T_13.3;
T_13.2 ;
    %pushi/vec4 103, 0, 8; draw_string_vec4
    %store/vec4 v0x5619fac6a1a0_0, 0, 8;
T_13.3 ;
    %jmp T_13.1;
T_13.0 ;
    %pushi/vec4 112, 0, 8; draw_string_vec4
    %store/vec4 v0x5619fac6a1a0_0, 0, 8;
T_13.1 ;
    %jmp T_13;
    .thread T_13, $push;
    .scope S_0x5619fac6a2e0;
T_14 ;
    %wait E_0x5619fac6a500;
    %load/vec4 v0x5619fac6a580_0;
    %load/vec4 v0x5619fac6a660_0;
    %cmp/e;
    %jmp/0xz  T_14.0, 4;
    %load/vec4 v0x5619fac6a580_0;
    %pad/u 32;
    %cmpi/e 0, 0, 32;
    %jmp/0xz  T_14.2, 4;
    %pushi/vec4 107, 0, 8; draw_string_vec4
    %store/vec4 v0x5619fac6a720_0, 0, 8;
    %jmp T_14.3;
T_14.2 ;
    %pushi/vec4 103, 0, 8; draw_string_vec4
    %store/vec4 v0x5619fac6a720_0, 0, 8;
T_14.3 ;
    %jmp T_14.1;
T_14.0 ;
    %pushi/vec4 112, 0, 8; draw_string_vec4
    %store/vec4 v0x5619fac6a720_0, 0, 8;
T_14.1 ;
    %jmp T_14;
    .thread T_14, $push;
    .scope S_0x5619fac6a890;
T_15 ;
    %wait E_0x5619fac6aab0;
    %load/vec4 v0x5619fac6ab30_0;
    %load/vec4 v0x5619fac6ac10_0;
    %cmp/e;
    %jmp/0xz  T_15.0, 4;
    %load/vec4 v0x5619fac6ab30_0;
    %pad/u 32;
    %cmpi/e 0, 0, 32;
    %jmp/0xz  T_15.2, 4;
    %pushi/vec4 107, 0, 8; draw_string_vec4
    %store/vec4 v0x5619fac6acd0_0, 0, 8;
    %jmp T_15.3;
T_15.2 ;
    %pushi/vec4 103, 0, 8; draw_string_vec4
    %store/vec4 v0x5619fac6acd0_0, 0, 8;
T_15.3 ;
    %jmp T_15.1;
T_15.0 ;
    %pushi/vec4 112, 0, 8; draw_string_vec4
    %store/vec4 v0x5619fac6acd0_0, 0, 8;
T_15.1 ;
    %jmp T_15;
    .thread T_15, $push;
    .scope S_0x5619fac6ae40;
T_16 ;
    %wait E_0x5619fac6b060;
    %load/vec4 v0x5619fac6b0e0_0;
    %load/vec4 v0x5619fac6b1c0_0;
    %cmp/e;
    %jmp/0xz  T_16.0, 4;
    %load/vec4 v0x5619fac6b0e0_0;
    %pad/u 32;
    %cmpi/e 0, 0, 32;
    %jmp/0xz  T_16.2, 4;
    %pushi/vec4 107, 0, 8; draw_string_vec4
    %store/vec4 v0x5619fac6b280_0, 0, 8;
    %jmp T_16.3;
T_16.2 ;
    %pushi/vec4 103, 0, 8; draw_string_vec4
    %store/vec4 v0x5619fac6b280_0, 0, 8;
T_16.3 ;
    %jmp T_16.1;
T_16.0 ;
    %pushi/vec4 112, 0, 8; draw_string_vec4
    %store/vec4 v0x5619fac6b280_0, 0, 8;
T_16.1 ;
    %jmp T_16;
    .thread T_16, $push;
    .scope S_0x5619fac6b980;
T_17 ;
    %wait E_0x5619fac6bbc0;
    %load/vec4 v0x5619fac6bc40_0;
    %load/vec4 v0x5619fac6bd20_0;
    %cmp/e;
    %jmp/0xz  T_17.0, 4;
    %load/vec4 v0x5619fac6bc40_0;
    %pad/u 32;
    %cmpi/e 0, 0, 32;
    %jmp/0xz  T_17.2, 4;
    %pushi/vec4 107, 0, 8; draw_string_vec4
    %store/vec4 v0x5619fac6bde0_0, 0, 8;
    %jmp T_17.3;
T_17.2 ;
    %pushi/vec4 103, 0, 8; draw_string_vec4
    %store/vec4 v0x5619fac6bde0_0, 0, 8;
T_17.3 ;
    %jmp T_17.1;
T_17.0 ;
    %pushi/vec4 112, 0, 8; draw_string_vec4
    %store/vec4 v0x5619fac6bde0_0, 0, 8;
T_17.1 ;
    %jmp T_17;
    .thread T_17, $push;
    .scope S_0x5619fac6bf50;
T_18 ;
    %wait E_0x5619fac6c170;
    %load/vec4 v0x5619fac6c1f0_0;
    %load/vec4 v0x5619fac6c2d0_0;
    %cmp/e;
    %jmp/0xz  T_18.0, 4;
    %load/vec4 v0x5619fac6c1f0_0;
    %pad/u 32;
    %cmpi/e 0, 0, 32;
    %jmp/0xz  T_18.2, 4;
    %pushi/vec4 107, 0, 8; draw_string_vec4
    %store/vec4 v0x5619fac6c390_0, 0, 8;
    %jmp T_18.3;
T_18.2 ;
    %pushi/vec4 103, 0, 8; draw_string_vec4
    %store/vec4 v0x5619fac6c390_0, 0, 8;
T_18.3 ;
    %jmp T_18.1;
T_18.0 ;
    %pushi/vec4 112, 0, 8; draw_string_vec4
    %store/vec4 v0x5619fac6c390_0, 0, 8;
T_18.1 ;
    %jmp T_18;
    .thread T_18, $push;
    .scope S_0x5619fac6c500;
T_19 ;
    %wait E_0x5619fac6c750;
    %load/vec4 v0x5619fac6c7b0_0;
    %load/vec4 v0x5619fac6c890_0;
    %cmp/e;
    %jmp/0xz  T_19.0, 4;
    %load/vec4 v0x5619fac6c7b0_0;
    %pad/u 32;
    %cmpi/e 0, 0, 32;
    %jmp/0xz  T_19.2, 4;
    %pushi/vec4 107, 0, 8; draw_string_vec4
    %store/vec4 v0x5619fac6c950_0, 0, 8;
    %jmp T_19.3;
T_19.2 ;
    %pushi/vec4 103, 0, 8; draw_string_vec4
    %store/vec4 v0x5619fac6c950_0, 0, 8;
T_19.3 ;
    %jmp T_19.1;
T_19.0 ;
    %pushi/vec4 112, 0, 8; draw_string_vec4
    %store/vec4 v0x5619fac6c950_0, 0, 8;
T_19.1 ;
    %jmp T_19;
    .thread T_19, $push;
    .scope S_0x5619fac6cac0;
T_20 ;
    %wait E_0x5619fac6cce0;
    %load/vec4 v0x5619fac6cd60_0;
    %load/vec4 v0x5619fac6ce40_0;
    %cmp/e;
    %jmp/0xz  T_20.0, 4;
    %load/vec4 v0x5619fac6cd60_0;
    %pad/u 32;
    %cmpi/e 0, 0, 32;
    %jmp/0xz  T_20.2, 4;
    %pushi/vec4 107, 0, 8; draw_string_vec4
    %store/vec4 v0x5619fac6cf00_0, 0, 8;
    %jmp T_20.3;
T_20.2 ;
    %pushi/vec4 103, 0, 8; draw_string_vec4
    %store/vec4 v0x5619fac6cf00_0, 0, 8;
T_20.3 ;
    %jmp T_20.1;
T_20.0 ;
    %pushi/vec4 112, 0, 8; draw_string_vec4
    %store/vec4 v0x5619fac6cf00_0, 0, 8;
T_20.1 ;
    %jmp T_20;
    .thread T_20, $push;
    .scope S_0x5619fac6d070;
T_21 ;
    %wait E_0x5619fac6d2e0;
    %load/vec4 v0x5619fac6d360_0;
    %load/vec4 v0x5619fac6d440_0;
    %cmp/e;
    %jmp/0xz  T_21.0, 4;
    %load/vec4 v0x5619fac6d360_0;
    %pad/u 32;
    %cmpi/e 0, 0, 32;
    %jmp/0xz  T_21.2, 4;
    %pushi/vec4 107, 0, 8; draw_string_vec4
    %store/vec4 v0x5619fac6d500_0, 0, 8;
    %jmp T_21.3;
T_21.2 ;
    %pushi/vec4 103, 0, 8; draw_string_vec4
    %store/vec4 v0x5619fac6d500_0, 0, 8;
T_21.3 ;
    %jmp T_21.1;
T_21.0 ;
    %pushi/vec4 112, 0, 8; draw_string_vec4
    %store/vec4 v0x5619fac6d500_0, 0, 8;
T_21.1 ;
    %jmp T_21;
    .thread T_21, $push;
    .scope S_0x5619fac6d640;
T_22 ;
    %wait E_0x5619fac6d860;
    %load/vec4 v0x5619fac6d8e0_0;
    %load/vec4 v0x5619fac6d9c0_0;
    %cmp/e;
    %jmp/0xz  T_22.0, 4;
    %load/vec4 v0x5619fac6d8e0_0;
    %pad/u 32;
    %cmpi/e 0, 0, 32;
    %jmp/0xz  T_22.2, 4;
    %pushi/vec4 107, 0, 8; draw_string_vec4
    %store/vec4 v0x5619fac6da80_0, 0, 8;
    %jmp T_22.3;
T_22.2 ;
    %pushi/vec4 103, 0, 8; draw_string_vec4
    %store/vec4 v0x5619fac6da80_0, 0, 8;
T_22.3 ;
    %jmp T_22.1;
T_22.0 ;
    %pushi/vec4 112, 0, 8; draw_string_vec4
    %store/vec4 v0x5619fac6da80_0, 0, 8;
T_22.1 ;
    %jmp T_22;
    .thread T_22, $push;
    .scope S_0x5619fac6dbf0;
T_23 ;
    %wait E_0x5619fac6de10;
    %load/vec4 v0x5619fac6de90_0;
    %load/vec4 v0x5619fac6df70_0;
    %cmp/e;
    %jmp/0xz  T_23.0, 4;
    %load/vec4 v0x5619fac6de90_0;
    %pad/u 32;
    %cmpi/e 0, 0, 32;
    %jmp/0xz  T_23.2, 4;
    %pushi/vec4 107, 0, 8; draw_string_vec4
    %store/vec4 v0x5619fac6e030_0, 0, 8;
    %jmp T_23.3;
T_23.2 ;
    %pushi/vec4 103, 0, 8; draw_string_vec4
    %store/vec4 v0x5619fac6e030_0, 0, 8;
T_23.3 ;
    %jmp T_23.1;
T_23.0 ;
    %pushi/vec4 112, 0, 8; draw_string_vec4
    %store/vec4 v0x5619fac6e030_0, 0, 8;
T_23.1 ;
    %jmp T_23;
    .thread T_23, $push;
    .scope S_0x5619fac6e1a0;
T_24 ;
    %wait E_0x5619fac6e3c0;
    %load/vec4 v0x5619fac6e440_0;
    %load/vec4 v0x5619fac6e520_0;
    %cmp/e;
    %jmp/0xz  T_24.0, 4;
    %load/vec4 v0x5619fac6e440_0;
    %pad/u 32;
    %cmpi/e 0, 0, 32;
    %jmp/0xz  T_24.2, 4;
    %pushi/vec4 107, 0, 8; draw_string_vec4
    %store/vec4 v0x5619fac6e5e0_0, 0, 8;
    %jmp T_24.3;
T_24.2 ;
    %pushi/vec4 103, 0, 8; draw_string_vec4
    %store/vec4 v0x5619fac6e5e0_0, 0, 8;
T_24.3 ;
    %jmp T_24.1;
T_24.0 ;
    %pushi/vec4 112, 0, 8; draw_string_vec4
    %store/vec4 v0x5619fac6e5e0_0, 0, 8;
T_24.1 ;
    %jmp T_24;
    .thread T_24, $push;
    .scope S_0x5619fac6ecb0;
T_25 ;
    %wait E_0x5619fac6ef10;
    %load/vec4 v0x5619fac6ef90_0;
    %load/vec4 v0x5619fac6f070_0;
    %cmp/e;
    %jmp/0xz  T_25.0, 4;
    %load/vec4 v0x5619fac6ef90_0;
    %pad/u 32;
    %cmpi/e 0, 0, 32;
    %jmp/0xz  T_25.2, 4;
    %pushi/vec4 107, 0, 8; draw_string_vec4
    %store/vec4 v0x5619fac6f130_0, 0, 8;
    %jmp T_25.3;
T_25.2 ;
    %pushi/vec4 103, 0, 8; draw_string_vec4
    %store/vec4 v0x5619fac6f130_0, 0, 8;
T_25.3 ;
    %jmp T_25.1;
T_25.0 ;
    %pushi/vec4 112, 0, 8; draw_string_vec4
    %store/vec4 v0x5619fac6f130_0, 0, 8;
T_25.1 ;
    %jmp T_25;
    .thread T_25, $push;
    .scope S_0x5619fac6f2a0;
T_26 ;
    %wait E_0x5619fac6f4c0;
    %load/vec4 v0x5619fac6f540_0;
    %load/vec4 v0x5619fac6f620_0;
    %cmp/e;
    %jmp/0xz  T_26.0, 4;
    %load/vec4 v0x5619fac6f540_0;
    %pad/u 32;
    %cmpi/e 0, 0, 32;
    %jmp/0xz  T_26.2, 4;
    %pushi/vec4 107, 0, 8; draw_string_vec4
    %store/vec4 v0x5619fac6f6e0_0, 0, 8;
    %jmp T_26.3;
T_26.2 ;
    %pushi/vec4 103, 0, 8; draw_string_vec4
    %store/vec4 v0x5619fac6f6e0_0, 0, 8;
T_26.3 ;
    %jmp T_26.1;
T_26.0 ;
    %pushi/vec4 112, 0, 8; draw_string_vec4
    %store/vec4 v0x5619fac6f6e0_0, 0, 8;
T_26.1 ;
    %jmp T_26;
    .thread T_26, $push;
    .scope S_0x5619fac6f850;
T_27 ;
    %wait E_0x5619fac6faa0;
    %load/vec4 v0x5619fac6fb00_0;
    %load/vec4 v0x5619fac6fbe0_0;
    %cmp/e;
    %jmp/0xz  T_27.0, 4;
    %load/vec4 v0x5619fac6fb00_0;
    %pad/u 32;
    %cmpi/e 0, 0, 32;
    %jmp/0xz  T_27.2, 4;
    %pushi/vec4 107, 0, 8; draw_string_vec4
    %store/vec4 v0x5619fac6fca0_0, 0, 8;
    %jmp T_27.3;
T_27.2 ;
    %pushi/vec4 103, 0, 8; draw_string_vec4
    %store/vec4 v0x5619fac6fca0_0, 0, 8;
T_27.3 ;
    %jmp T_27.1;
T_27.0 ;
    %pushi/vec4 112, 0, 8; draw_string_vec4
    %store/vec4 v0x5619fac6fca0_0, 0, 8;
T_27.1 ;
    %jmp T_27;
    .thread T_27, $push;
    .scope S_0x5619fac6fe10;
T_28 ;
    %wait E_0x5619fac70030;
    %load/vec4 v0x5619fac700b0_0;
    %load/vec4 v0x5619fac70190_0;
    %cmp/e;
    %jmp/0xz  T_28.0, 4;
    %load/vec4 v0x5619fac700b0_0;
    %pad/u 32;
    %cmpi/e 0, 0, 32;
    %jmp/0xz  T_28.2, 4;
    %pushi/vec4 107, 0, 8; draw_string_vec4
    %store/vec4 v0x5619fac70250_0, 0, 8;
    %jmp T_28.3;
T_28.2 ;
    %pushi/vec4 103, 0, 8; draw_string_vec4
    %store/vec4 v0x5619fac70250_0, 0, 8;
T_28.3 ;
    %jmp T_28.1;
T_28.0 ;
    %pushi/vec4 112, 0, 8; draw_string_vec4
    %store/vec4 v0x5619fac70250_0, 0, 8;
T_28.1 ;
    %jmp T_28;
    .thread T_28, $push;
    .scope S_0x5619fac703c0;
T_29 ;
    %wait E_0x5619fac70630;
    %load/vec4 v0x5619fac706b0_0;
    %load/vec4 v0x5619fac70790_0;
    %cmp/e;
    %jmp/0xz  T_29.0, 4;
    %load/vec4 v0x5619fac706b0_0;
    %pad/u 32;
    %cmpi/e 0, 0, 32;
    %jmp/0xz  T_29.2, 4;
    %pushi/vec4 107, 0, 8; draw_string_vec4
    %store/vec4 v0x5619fac70850_0, 0, 8;
    %jmp T_29.3;
T_29.2 ;
    %pushi/vec4 103, 0, 8; draw_string_vec4
    %store/vec4 v0x5619fac70850_0, 0, 8;
T_29.3 ;
    %jmp T_29.1;
T_29.0 ;
    %pushi/vec4 112, 0, 8; draw_string_vec4
    %store/vec4 v0x5619fac70850_0, 0, 8;
T_29.1 ;
    %jmp T_29;
    .thread T_29, $push;
    .scope S_0x5619fac70990;
T_30 ;
    %wait E_0x5619fac70bb0;
    %load/vec4 v0x5619fac70c30_0;
    %load/vec4 v0x5619fac70d10_0;
    %cmp/e;
    %jmp/0xz  T_30.0, 4;
    %load/vec4 v0x5619fac70c30_0;
    %pad/u 32;
    %cmpi/e 0, 0, 32;
    %jmp/0xz  T_30.2, 4;
    %pushi/vec4 107, 0, 8; draw_string_vec4
    %store/vec4 v0x5619fac70dd0_0, 0, 8;
    %jmp T_30.3;
T_30.2 ;
    %pushi/vec4 103, 0, 8; draw_string_vec4
    %store/vec4 v0x5619fac70dd0_0, 0, 8;
T_30.3 ;
    %jmp T_30.1;
T_30.0 ;
    %pushi/vec4 112, 0, 8; draw_string_vec4
    %store/vec4 v0x5619fac70dd0_0, 0, 8;
T_30.1 ;
    %jmp T_30;
    .thread T_30, $push;
    .scope S_0x5619fac70f40;
T_31 ;
    %wait E_0x5619fac71160;
    %load/vec4 v0x5619fac711e0_0;
    %load/vec4 v0x5619fac712c0_0;
    %cmp/e;
    %jmp/0xz  T_31.0, 4;
    %load/vec4 v0x5619fac711e0_0;
    %pad/u 32;
    %cmpi/e 0, 0, 32;
    %jmp/0xz  T_31.2, 4;
    %pushi/vec4 107, 0, 8; draw_string_vec4
    %store/vec4 v0x5619fac71380_0, 0, 8;
    %jmp T_31.3;
T_31.2 ;
    %pushi/vec4 103, 0, 8; draw_string_vec4
    %store/vec4 v0x5619fac71380_0, 0, 8;
T_31.3 ;
    %jmp T_31.1;
T_31.0 ;
    %pushi/vec4 112, 0, 8; draw_string_vec4
    %store/vec4 v0x5619fac71380_0, 0, 8;
T_31.1 ;
    %jmp T_31;
    .thread T_31, $push;
    .scope S_0x5619fac714f0;
T_32 ;
    %wait E_0x5619fac71710;
    %load/vec4 v0x5619fac71790_0;
    %load/vec4 v0x5619fac71870_0;
    %cmp/e;
    %jmp/0xz  T_32.0, 4;
    %load/vec4 v0x5619fac71790_0;
    %pad/u 32;
    %cmpi/e 0, 0, 32;
    %jmp/0xz  T_32.2, 4;
    %pushi/vec4 107, 0, 8; draw_string_vec4
    %store/vec4 v0x5619fac71930_0, 0, 8;
    %jmp T_32.3;
T_32.2 ;
    %pushi/vec4 103, 0, 8; draw_string_vec4
    %store/vec4 v0x5619fac71930_0, 0, 8;
T_32.3 ;
    %jmp T_32.1;
T_32.0 ;
    %pushi/vec4 112, 0, 8; draw_string_vec4
    %store/vec4 v0x5619fac71930_0, 0, 8;
T_32.1 ;
    %jmp T_32;
    .thread T_32, $push;
    .scope S_0x5619fac72a80;
T_33 ;
    %wait E_0x5619fac720e0;
    %load/vec4 v0x5619fac73200_0;
    %nor/r;
    %flag_set/vec4 8;
    %jmp/0xz  T_33.0, 8;
    %pushi/vec4 0, 0, 256;
    %assign/vec4 v0x5619fac73110_0, 0;
    %pushi/vec4 0, 0, 32;
    %assign/vec4 v0x5619fac732d0_0, 0;
    %pushi/vec4 0, 0, 32;
    %assign/vec4 v0x5619fac73370_0, 0;
    %jmp T_33.1;
T_33.0 ;
    %load/vec4 v0x5619fac73040_0;
    %assign/vec4 v0x5619fac73110_0, 0;
    %load/vec4 v0x5619fac72d90_0;
    %assign/vec4 v0x5619fac732d0_0, 0;
    %load/vec4 v0x5619fac72e70_0;
    %assign/vec4 v0x5619fac73370_0, 0;
T_33.1 ;
    %jmp T_33;
    .thread T_33;
    .scope S_0x5619fac76bc0;
T_34 ;
    %pushi/vec4 0, 0, 32;
    %store/vec4 v0x5619fac76e00_0, 0, 32;
    %pushi/vec4 0, 0, 32;
    %store/vec4 v0x5619fac76f00_0, 0, 32;
    %end;
    .thread T_34;
    .scope S_0x5619fac76bc0;
T_35 ;
    %wait E_0x5619fac72000;
    %load/vec4 v0x5619fac76fe0_0;
    %pad/u 32;
    %assign/vec4 v0x5619fac76f00_0, 0;
    %pushi/vec4 0, 0, 32;
    %store/vec4 v0x5619fac76e00_0, 0, 32;
T_35.0 ;
    %load/vec4 v0x5619fac76e00_0;
    %cmpi/s 32, 0, 32;
    %jmp/0xz T_35.1, 5;
    %load/vec4 v0x5619fac770d0_0;
    %load/vec4 v0x5619fac76e00_0;
    %pad/s 35;
    %muli 8, 0, 35;
    %part/s 8;
    %load/vec4 v0x5619fac76e00_0;
    %pad/s 35;
    %muli 8, 0, 35;
    %ix/vec4/s 4;
    %store/vec4 v0x5619fac771d0_0, 4, 8;
    %load/vec4 v0x5619fac76e00_0;
    %addi 1, 0, 32;
    %store/vec4 v0x5619fac76e00_0, 0, 32;
    %jmp T_35.0;
T_35.1 ;
    %pushi/vec4 31, 0, 32;
    %store/vec4 v0x5619fac76e00_0, 0, 32;
T_35.2 ;
    %pushi/vec4 0, 0, 32;
    %load/vec4 v0x5619fac76e00_0;
    %pushi/vec4 2, 0, 32;
    %load/vec4 v0x5619fac76f00_0;
    %pow/s;
    %sub;
    %cmp/s;
    %flag_or 5, 4;
    %jmp/0xz T_35.3, 5;
    %load/vec4 v0x5619fac771d0_0;
    %load/vec4 v0x5619fac76e00_0;
    %pad/s 35;
    %muli 8, 0, 35;
    %part/s 8;
    %pushi/vec4 107, 0, 8; draw_string_vec4
    %cmp/e;
    %jmp/0xz  T_35.4, 4;
    %pushi/vec4 107, 0, 8; draw_string_vec4
    %load/vec4 v0x5619fac76e00_0;
    %pad/s 35;
    %muli 8, 0, 35;
    %ix/vec4/s 4;
    %store/vec4 v0x5619fac771d0_0, 4, 8;
    %jmp T_35.5;
T_35.4 ;
    %load/vec4 v0x5619fac771d0_0;
    %load/vec4 v0x5619fac76e00_0;
    %pad/s 35;
    %muli 8, 0, 35;
    %part/s 8;
    %pushi/vec4 112, 0, 8; draw_string_vec4
    %cmp/e;
    %jmp/0xz  T_35.6, 4;
    %load/vec4 v0x5619fac771d0_0;
    %load/vec4 v0x5619fac76e00_0;
    %pushi/vec4 2, 0, 32;
    %load/vec4 v0x5619fac76f00_0;
    %pow/s;
    %sub;
    %pad/s 35;
    %muli 8, 0, 35;
    %part/s 8;
    %pushi/vec4 107, 0, 8; draw_string_vec4
    %cmp/e;
    %jmp/0xz  T_35.8, 4;
    %pushi/vec4 107, 0, 8; draw_string_vec4
    %load/vec4 v0x5619fac76e00_0;
    %pad/s 35;
    %muli 8, 0, 35;
    %ix/vec4/s 4;
    %store/vec4 v0x5619fac771d0_0, 4, 8;
    %jmp T_35.9;
T_35.8 ;
    %load/vec4 v0x5619fac771d0_0;
    %load/vec4 v0x5619fac76e00_0;
    %pushi/vec4 2, 0, 32;
    %load/vec4 v0x5619fac76f00_0;
    %pow/s;
    %sub;
    %pad/s 35;
    %muli 8, 0, 35;
    %part/s 8;
    %pushi/vec4 112, 0, 8; draw_string_vec4
    %cmp/e;
    %jmp/0xz  T_35.10, 4;
    %pushi/vec4 112, 0, 8; draw_string_vec4
    %load/vec4 v0x5619fac76e00_0;
    %pad/s 35;
    %muli 8, 0, 35;
    %ix/vec4/s 4;
    %store/vec4 v0x5619fac771d0_0, 4, 8;
    %jmp T_35.11;
T_35.10 ;
    %pushi/vec4 103, 0, 8; draw_string_vec4
    %load/vec4 v0x5619fac76e00_0;
    %pad/s 35;
    %muli 8, 0, 35;
    %ix/vec4/s 4;
    %store/vec4 v0x5619fac771d0_0, 4, 8;
T_35.11 ;
T_35.9 ;
    %jmp T_35.7;
T_35.6 ;
    %pushi/vec4 103, 0, 8; draw_string_vec4
    %load/vec4 v0x5619fac76e00_0;
    %pad/s 35;
    %muli 8, 0, 35;
    %ix/vec4/s 4;
    %store/vec4 v0x5619fac771d0_0, 4, 8;
T_35.7 ;
T_35.5 ;
    %load/vec4 v0x5619fac76e00_0;
    %subi 1, 0, 32;
    %store/vec4 v0x5619fac76e00_0, 0, 32;
    %jmp T_35.2;
T_35.3 ;
    %jmp T_35;
    .thread T_35, $push;
    .scope S_0x5619fac735a0;
T_36 ;
    %wait E_0x5619fac720e0;
    %load/vec4 v0x5619fac73cd0_0;
    %nor/r;
    %flag_set/vec4 8;
    %jmp/0xz  T_36.0, 8;
    %pushi/vec4 0, 0, 256;
    %assign/vec4 v0x5619fac73be0_0, 0;
    %pushi/vec4 0, 0, 32;
    %assign/vec4 v0x5619fac73dc0_0, 0;
    %pushi/vec4 0, 0, 32;
    %assign/vec4 v0x5619fac73ea0_0, 0;
    %jmp T_36.1;
T_36.0 ;
    %load/vec4 v0x5619fac73b40_0;
    %assign/vec4 v0x5619fac73be0_0, 0;
    %load/vec4 v0x5619fac73860_0;
    %assign/vec4 v0x5619fac73dc0_0, 0;
    %load/vec4 v0x5619fac73950_0;
    %assign/vec4 v0x5619fac73ea0_0, 0;
T_36.1 ;
    %jmp T_36;
    .thread T_36;
    .scope S_0x5619fac77330;
T_37 ;
    %pushi/vec4 0, 0, 32;
    %store/vec4 v0x5619fac775e0_0, 0, 32;
    %pushi/vec4 0, 0, 32;
    %store/vec4 v0x5619fac776e0_0, 0, 32;
    %end;
    .thread T_37;
    .scope S_0x5619fac77330;
T_38 ;
    %wait E_0x5619fac77550;
    %load/vec4 v0x5619fac777c0_0;
    %pad/u 32;
    %assign/vec4 v0x5619fac776e0_0, 0;
    %pushi/vec4 0, 0, 32;
    %store/vec4 v0x5619fac775e0_0, 0, 32;
T_38.0 ;
    %load/vec4 v0x5619fac775e0_0;
    %cmpi/s 32, 0, 32;
    %jmp/0xz T_38.1, 5;
    %load/vec4 v0x5619fac778b0_0;
    %load/vec4 v0x5619fac775e0_0;
    %pad/s 35;
    %muli 8, 0, 35;
    %part/s 8;
    %load/vec4 v0x5619fac775e0_0;
    %pad/s 35;
    %muli 8, 0, 35;
    %ix/vec4/s 4;
    %store/vec4 v0x5619fac779b0_0, 4, 8;
    %load/vec4 v0x5619fac775e0_0;
    %addi 1, 0, 32;
    %store/vec4 v0x5619fac775e0_0, 0, 32;
    %jmp T_38.0;
T_38.1 ;
    %pushi/vec4 31, 0, 32;
    %store/vec4 v0x5619fac775e0_0, 0, 32;
T_38.2 ;
    %pushi/vec4 0, 0, 32;
    %load/vec4 v0x5619fac775e0_0;
    %pushi/vec4 2, 0, 32;
    %load/vec4 v0x5619fac776e0_0;
    %pow/s;
    %sub;
    %cmp/s;
    %flag_or 5, 4;
    %jmp/0xz T_38.3, 5;
    %load/vec4 v0x5619fac779b0_0;
    %load/vec4 v0x5619fac775e0_0;
    %pad/s 35;
    %muli 8, 0, 35;
    %part/s 8;
    %pushi/vec4 107, 0, 8; draw_string_vec4
    %cmp/e;
    %jmp/0xz  T_38.4, 4;
    %pushi/vec4 107, 0, 8; draw_string_vec4
    %load/vec4 v0x5619fac775e0_0;
    %pad/s 35;
    %muli 8, 0, 35;
    %ix/vec4/s 4;
    %store/vec4 v0x5619fac779b0_0, 4, 8;
    %jmp T_38.5;
T_38.4 ;
    %load/vec4 v0x5619fac779b0_0;
    %load/vec4 v0x5619fac775e0_0;
    %pad/s 35;
    %muli 8, 0, 35;
    %part/s 8;
    %pushi/vec4 112, 0, 8; draw_string_vec4
    %cmp/e;
    %jmp/0xz  T_38.6, 4;
    %load/vec4 v0x5619fac779b0_0;
    %load/vec4 v0x5619fac775e0_0;
    %pushi/vec4 2, 0, 32;
    %load/vec4 v0x5619fac776e0_0;
    %pow/s;
    %sub;
    %pad/s 35;
    %muli 8, 0, 35;
    %part/s 8;
    %pushi/vec4 107, 0, 8; draw_string_vec4
    %cmp/e;
    %jmp/0xz  T_38.8, 4;
    %pushi/vec4 107, 0, 8; draw_string_vec4
    %load/vec4 v0x5619fac775e0_0;
    %pad/s 35;
    %muli 8, 0, 35;
    %ix/vec4/s 4;
    %store/vec4 v0x5619fac779b0_0, 4, 8;
    %jmp T_38.9;
T_38.8 ;
    %load/vec4 v0x5619fac779b0_0;
    %load/vec4 v0x5619fac775e0_0;
    %pushi/vec4 2, 0, 32;
    %load/vec4 v0x5619fac776e0_0;
    %pow/s;
    %sub;
    %pad/s 35;
    %muli 8, 0, 35;
    %part/s 8;
    %pushi/vec4 112, 0, 8; draw_string_vec4
    %cmp/e;
    %jmp/0xz  T_38.10, 4;
    %pushi/vec4 112, 0, 8; draw_string_vec4
    %load/vec4 v0x5619fac775e0_0;
    %pad/s 35;
    %muli 8, 0, 35;
    %ix/vec4/s 4;
    %store/vec4 v0x5619fac779b0_0, 4, 8;
    %jmp T_38.11;
T_38.10 ;
    %pushi/vec4 103, 0, 8; draw_string_vec4
    %load/vec4 v0x5619fac775e0_0;
    %pad/s 35;
    %muli 8, 0, 35;
    %ix/vec4/s 4;
    %store/vec4 v0x5619fac779b0_0, 4, 8;
T_38.11 ;
T_38.9 ;
    %jmp T_38.7;
T_38.6 ;
    %pushi/vec4 103, 0, 8; draw_string_vec4
    %load/vec4 v0x5619fac775e0_0;
    %pad/s 35;
    %muli 8, 0, 35;
    %ix/vec4/s 4;
    %store/vec4 v0x5619fac779b0_0, 4, 8;
T_38.7 ;
T_38.5 ;
    %load/vec4 v0x5619fac775e0_0;
    %subi 1, 0, 32;
    %store/vec4 v0x5619fac775e0_0, 0, 32;
    %jmp T_38.2;
T_38.3 ;
    %jmp T_38;
    .thread T_38, $push;
    .scope S_0x5619fac740d0;
T_39 ;
    %wait E_0x5619fac720e0;
    %load/vec4 v0x5619fac747c0_0;
    %nor/r;
    %flag_set/vec4 8;
    %jmp/0xz  T_39.0, 8;
    %pushi/vec4 0, 0, 256;
    %assign/vec4 v0x5619fac746d0_0, 0;
    %pushi/vec4 0, 0, 32;
    %assign/vec4 v0x5619fac74860_0, 0;
    %pushi/vec4 0, 0, 32;
    %assign/vec4 v0x5619fac74940_0, 0;
    %jmp T_39.1;
T_39.0 ;
    %load/vec4 v0x5619fac74600_0;
    %assign/vec4 v0x5619fac746d0_0, 0;
    %load/vec4 v0x5619fac74370_0;
    %assign/vec4 v0x5619fac74860_0, 0;
    %load/vec4 v0x5619fac74460_0;
    %assign/vec4 v0x5619fac74940_0, 0;
T_39.1 ;
    %jmp T_39;
    .thread T_39;
    .scope S_0x5619fac77b10;
T_40 ;
    %pushi/vec4 0, 0, 32;
    %store/vec4 v0x5619fac77e00_0, 0, 32;
    %pushi/vec4 0, 0, 32;
    %store/vec4 v0x5619fac77f00_0, 0, 32;
    %end;
    .thread T_40;
    .scope S_0x5619fac77b10;
T_41 ;
    %wait E_0x5619fac77d70;
    %load/vec4 v0x5619fac77fe0_0;
    %pad/u 32;
    %assign/vec4 v0x5619fac77f00_0, 0;
    %pushi/vec4 0, 0, 32;
    %store/vec4 v0x5619fac77e00_0, 0, 32;
T_41.0 ;
    %load/vec4 v0x5619fac77e00_0;
    %cmpi/s 32, 0, 32;
    %jmp/0xz T_41.1, 5;
    %load/vec4 v0x5619fac780d0_0;
    %load/vec4 v0x5619fac77e00_0;
    %pad/s 35;
    %muli 8, 0, 35;
    %part/s 8;
    %load/vec4 v0x5619fac77e00_0;
    %pad/s 35;
    %muli 8, 0, 35;
    %ix/vec4/s 4;
    %store/vec4 v0x5619fac781d0_0, 4, 8;
    %load/vec4 v0x5619fac77e00_0;
    %addi 1, 0, 32;
    %store/vec4 v0x5619fac77e00_0, 0, 32;
    %jmp T_41.0;
T_41.1 ;
    %pushi/vec4 31, 0, 32;
    %store/vec4 v0x5619fac77e00_0, 0, 32;
T_41.2 ;
    %pushi/vec4 0, 0, 32;
    %load/vec4 v0x5619fac77e00_0;
    %pushi/vec4 2, 0, 32;
    %load/vec4 v0x5619fac77f00_0;
    %pow/s;
    %sub;
    %cmp/s;
    %flag_or 5, 4;
    %jmp/0xz T_41.3, 5;
    %load/vec4 v0x5619fac781d0_0;
    %load/vec4 v0x5619fac77e00_0;
    %pad/s 35;
    %muli 8, 0, 35;
    %part/s 8;
    %pushi/vec4 107, 0, 8; draw_string_vec4
    %cmp/e;
    %jmp/0xz  T_41.4, 4;
    %pushi/vec4 107, 0, 8; draw_string_vec4
    %load/vec4 v0x5619fac77e00_0;
    %pad/s 35;
    %muli 8, 0, 35;
    %ix/vec4/s 4;
    %store/vec4 v0x5619fac781d0_0, 4, 8;
    %jmp T_41.5;
T_41.4 ;
    %load/vec4 v0x5619fac781d0_0;
    %load/vec4 v0x5619fac77e00_0;
    %pad/s 35;
    %muli 8, 0, 35;
    %part/s 8;
    %pushi/vec4 112, 0, 8; draw_string_vec4
    %cmp/e;
    %jmp/0xz  T_41.6, 4;
    %load/vec4 v0x5619fac781d0_0;
    %load/vec4 v0x5619fac77e00_0;
    %pushi/vec4 2, 0, 32;
    %load/vec4 v0x5619fac77f00_0;
    %pow/s;
    %sub;
    %pad/s 35;
    %muli 8, 0, 35;
    %part/s 8;
    %pushi/vec4 107, 0, 8; draw_string_vec4
    %cmp/e;
    %jmp/0xz  T_41.8, 4;
    %pushi/vec4 107, 0, 8; draw_string_vec4
    %load/vec4 v0x5619fac77e00_0;
    %pad/s 35;
    %muli 8, 0, 35;
    %ix/vec4/s 4;
    %store/vec4 v0x5619fac781d0_0, 4, 8;
    %jmp T_41.9;
T_41.8 ;
    %load/vec4 v0x5619fac781d0_0;
    %load/vec4 v0x5619fac77e00_0;
    %pushi/vec4 2, 0, 32;
    %load/vec4 v0x5619fac77f00_0;
    %pow/s;
    %sub;
    %pad/s 35;
    %muli 8, 0, 35;
    %part/s 8;
    %pushi/vec4 112, 0, 8; draw_string_vec4
    %cmp/e;
    %jmp/0xz  T_41.10, 4;
    %pushi/vec4 112, 0, 8; draw_string_vec4
    %load/vec4 v0x5619fac77e00_0;
    %pad/s 35;
    %muli 8, 0, 35;
    %ix/vec4/s 4;
    %store/vec4 v0x5619fac781d0_0, 4, 8;
    %jmp T_41.11;
T_41.10 ;
    %pushi/vec4 103, 0, 8; draw_string_vec4
    %load/vec4 v0x5619fac77e00_0;
    %pad/s 35;
    %muli 8, 0, 35;
    %ix/vec4/s 4;
    %store/vec4 v0x5619fac781d0_0, 4, 8;
T_41.11 ;
T_41.9 ;
    %jmp T_41.7;
T_41.6 ;
    %pushi/vec4 103, 0, 8; draw_string_vec4
    %load/vec4 v0x5619fac77e00_0;
    %pad/s 35;
    %muli 8, 0, 35;
    %ix/vec4/s 4;
    %store/vec4 v0x5619fac781d0_0, 4, 8;
T_41.7 ;
T_41.5 ;
    %load/vec4 v0x5619fac77e00_0;
    %subi 1, 0, 32;
    %store/vec4 v0x5619fac77e00_0, 0, 32;
    %jmp T_41.2;
T_41.3 ;
    %jmp T_41;
    .thread T_41, $push;
    .scope S_0x5619fac74b70;
T_42 ;
    %wait E_0x5619fac720e0;
    %load/vec4 v0x5619fac75230_0;
    %nor/r;
    %flag_set/vec4 8;
    %jmp/0xz  T_42.0, 8;
    %pushi/vec4 0, 0, 256;
    %assign/vec4 v0x5619fac75190_0, 0;
    %pushi/vec4 0, 0, 32;
    %assign/vec4 v0x5619fac75360_0, 0;
    %pushi/vec4 0, 0, 32;
    %assign/vec4 v0x5619fac75440_0, 0;
    %jmp T_42.1;
T_42.0 ;
    %load/vec4 v0x5619fac750c0_0;
    %assign/vec4 v0x5619fac75190_0, 0;
    %load/vec4 v0x5619fac74e10_0;
    %assign/vec4 v0x5619fac75360_0, 0;
    %load/vec4 v0x5619fac74f20_0;
    %assign/vec4 v0x5619fac75440_0, 0;
T_42.1 ;
    %jmp T_42;
    .thread T_42;
    .scope S_0x5619fac78330;
T_43 ;
    %pushi/vec4 0, 0, 32;
    %store/vec4 v0x5619fac785e0_0, 0, 32;
    %pushi/vec4 0, 0, 32;
    %store/vec4 v0x5619fac786e0_0, 0, 32;
    %end;
    .thread T_43;
    .scope S_0x5619fac78330;
T_44 ;
    %wait E_0x5619fac78550;
    %load/vec4 v0x5619fac787c0_0;
    %pad/u 32;
    %assign/vec4 v0x5619fac786e0_0, 0;
    %pushi/vec4 0, 0, 32;
    %store/vec4 v0x5619fac785e0_0, 0, 32;
T_44.0 ;
    %load/vec4 v0x5619fac785e0_0;
    %cmpi/s 32, 0, 32;
    %jmp/0xz T_44.1, 5;
    %load/vec4 v0x5619fac788b0_0;
    %load/vec4 v0x5619fac785e0_0;
    %pad/s 35;
    %muli 8, 0, 35;
    %part/s 8;
    %load/vec4 v0x5619fac785e0_0;
    %pad/s 35;
    %muli 8, 0, 35;
    %ix/vec4/s 4;
    %store/vec4 v0x5619fac789b0_0, 4, 8;
    %load/vec4 v0x5619fac785e0_0;
    %addi 1, 0, 32;
    %store/vec4 v0x5619fac785e0_0, 0, 32;
    %jmp T_44.0;
T_44.1 ;
    %pushi/vec4 31, 0, 32;
    %store/vec4 v0x5619fac785e0_0, 0, 32;
T_44.2 ;
    %pushi/vec4 0, 0, 32;
    %load/vec4 v0x5619fac785e0_0;
    %pushi/vec4 2, 0, 32;
    %load/vec4 v0x5619fac786e0_0;
    %pow/s;
    %sub;
    %cmp/s;
    %flag_or 5, 4;
    %jmp/0xz T_44.3, 5;
    %load/vec4 v0x5619fac789b0_0;
    %load/vec4 v0x5619fac785e0_0;
    %pad/s 35;
    %muli 8, 0, 35;
    %part/s 8;
    %pushi/vec4 107, 0, 8; draw_string_vec4
    %cmp/e;
    %jmp/0xz  T_44.4, 4;
    %pushi/vec4 107, 0, 8; draw_string_vec4
    %load/vec4 v0x5619fac785e0_0;
    %pad/s 35;
    %muli 8, 0, 35;
    %ix/vec4/s 4;
    %store/vec4 v0x5619fac789b0_0, 4, 8;
    %jmp T_44.5;
T_44.4 ;
    %load/vec4 v0x5619fac789b0_0;
    %load/vec4 v0x5619fac785e0_0;
    %pad/s 35;
    %muli 8, 0, 35;
    %part/s 8;
    %pushi/vec4 112, 0, 8; draw_string_vec4
    %cmp/e;
    %jmp/0xz  T_44.6, 4;
    %load/vec4 v0x5619fac789b0_0;
    %load/vec4 v0x5619fac785e0_0;
    %pushi/vec4 2, 0, 32;
    %load/vec4 v0x5619fac786e0_0;
    %pow/s;
    %sub;
    %pad/s 35;
    %muli 8, 0, 35;
    %part/s 8;
    %pushi/vec4 107, 0, 8; draw_string_vec4
    %cmp/e;
    %jmp/0xz  T_44.8, 4;
    %pushi/vec4 107, 0, 8; draw_string_vec4
    %load/vec4 v0x5619fac785e0_0;
    %pad/s 35;
    %muli 8, 0, 35;
    %ix/vec4/s 4;
    %store/vec4 v0x5619fac789b0_0, 4, 8;
    %jmp T_44.9;
T_44.8 ;
    %load/vec4 v0x5619fac789b0_0;
    %load/vec4 v0x5619fac785e0_0;
    %pushi/vec4 2, 0, 32;
    %load/vec4 v0x5619fac786e0_0;
    %pow/s;
    %sub;
    %pad/s 35;
    %muli 8, 0, 35;
    %part/s 8;
    %pushi/vec4 112, 0, 8; draw_string_vec4
    %cmp/e;
    %jmp/0xz  T_44.10, 4;
    %pushi/vec4 112, 0, 8; draw_string_vec4
    %load/vec4 v0x5619fac785e0_0;
    %pad/s 35;
    %muli 8, 0, 35;
    %ix/vec4/s 4;
    %store/vec4 v0x5619fac789b0_0, 4, 8;
    %jmp T_44.11;
T_44.10 ;
    %pushi/vec4 103, 0, 8; draw_string_vec4
    %load/vec4 v0x5619fac785e0_0;
    %pad/s 35;
    %muli 8, 0, 35;
    %ix/vec4/s 4;
    %store/vec4 v0x5619fac789b0_0, 4, 8;
T_44.11 ;
T_44.9 ;
    %jmp T_44.7;
T_44.6 ;
    %pushi/vec4 103, 0, 8; draw_string_vec4
    %load/vec4 v0x5619fac785e0_0;
    %pad/s 35;
    %muli 8, 0, 35;
    %ix/vec4/s 4;
    %store/vec4 v0x5619fac789b0_0, 4, 8;
T_44.7 ;
T_44.5 ;
    %load/vec4 v0x5619fac785e0_0;
    %subi 1, 0, 32;
    %store/vec4 v0x5619fac785e0_0, 0, 32;
    %jmp T_44.2;
T_44.3 ;
    %jmp T_44;
    .thread T_44, $push;
    .scope S_0x5619fac75620;
T_45 ;
    %wait E_0x5619fac720e0;
    %load/vec4 v0x5619fac75d50_0;
    %nor/r;
    %flag_set/vec4 8;
    %jmp/0xz  T_45.0, 8;
    %pushi/vec4 0, 0, 256;
    %assign/vec4 v0x5619fac75c60_0, 0;
    %pushi/vec4 0, 0, 32;
    %assign/vec4 v0x5619fac75df0_0, 0;
    %pushi/vec4 0, 0, 32;
    %assign/vec4 v0x5619fac75ed0_0, 0;
    %jmp T_45.1;
T_45.0 ;
    %load/vec4 v0x5619fac75b90_0;
    %assign/vec4 v0x5619fac75c60_0, 0;
    %load/vec4 v0x5619fac75910_0;
    %assign/vec4 v0x5619fac75df0_0, 0;
    %load/vec4 v0x5619fac759f0_0;
    %assign/vec4 v0x5619fac75ed0_0, 0;
T_45.1 ;
    %jmp T_45;
    .thread T_45;
    .scope S_0x5619fac78b10;
T_46 ;
    %pushi/vec4 0, 0, 32;
    %store/vec4 v0x5619fac78dc0_0, 0, 32;
    %pushi/vec4 0, 0, 32;
    %store/vec4 v0x5619fac78ec0_0, 0, 32;
    %end;
    .thread T_46;
    .scope S_0x5619fac78b10;
T_47 ;
    %wait E_0x5619fac78d30;
    %load/vec4 v0x5619fac78fa0_0;
    %pad/u 32;
    %assign/vec4 v0x5619fac78ec0_0, 0;
    %pushi/vec4 0, 0, 32;
    %store/vec4 v0x5619fac78dc0_0, 0, 32;
T_47.0 ;
    %load/vec4 v0x5619fac78dc0_0;
    %cmpi/s 32, 0, 32;
    %jmp/0xz T_47.1, 5;
    %load/vec4 v0x5619fac79090_0;
    %load/vec4 v0x5619fac78dc0_0;
    %pad/s 35;
    %muli 8, 0, 35;
    %part/s 8;
    %load/vec4 v0x5619fac78dc0_0;
    %pad/s 35;
    %muli 8, 0, 35;
    %ix/vec4/s 4;
    %store/vec4 v0x5619fac79190_0, 4, 8;
    %load/vec4 v0x5619fac78dc0_0;
    %addi 1, 0, 32;
    %store/vec4 v0x5619fac78dc0_0, 0, 32;
    %jmp T_47.0;
T_47.1 ;
    %pushi/vec4 31, 0, 32;
    %store/vec4 v0x5619fac78dc0_0, 0, 32;
T_47.2 ;
    %pushi/vec4 0, 0, 32;
    %load/vec4 v0x5619fac78dc0_0;
    %pushi/vec4 2, 0, 32;
    %load/vec4 v0x5619fac78ec0_0;
    %pow/s;
    %sub;
    %cmp/s;
    %flag_or 5, 4;
    %jmp/0xz T_47.3, 5;
    %load/vec4 v0x5619fac79190_0;
    %load/vec4 v0x5619fac78dc0_0;
    %pad/s 35;
    %muli 8, 0, 35;
    %part/s 8;
    %pushi/vec4 107, 0, 8; draw_string_vec4
    %cmp/e;
    %jmp/0xz  T_47.4, 4;
    %pushi/vec4 107, 0, 8; draw_string_vec4
    %load/vec4 v0x5619fac78dc0_0;
    %pad/s 35;
    %muli 8, 0, 35;
    %ix/vec4/s 4;
    %store/vec4 v0x5619fac79190_0, 4, 8;
    %jmp T_47.5;
T_47.4 ;
    %load/vec4 v0x5619fac79190_0;
    %load/vec4 v0x5619fac78dc0_0;
    %pad/s 35;
    %muli 8, 0, 35;
    %part/s 8;
    %pushi/vec4 112, 0, 8; draw_string_vec4
    %cmp/e;
    %jmp/0xz  T_47.6, 4;
    %load/vec4 v0x5619fac79190_0;
    %load/vec4 v0x5619fac78dc0_0;
    %pushi/vec4 2, 0, 32;
    %load/vec4 v0x5619fac78ec0_0;
    %pow/s;
    %sub;
    %pad/s 35;
    %muli 8, 0, 35;
    %part/s 8;
    %pushi/vec4 107, 0, 8; draw_string_vec4
    %cmp/e;
    %jmp/0xz  T_47.8, 4;
    %pushi/vec4 107, 0, 8; draw_string_vec4
    %load/vec4 v0x5619fac78dc0_0;
    %pad/s 35;
    %muli 8, 0, 35;
    %ix/vec4/s 4;
    %store/vec4 v0x5619fac79190_0, 4, 8;
    %jmp T_47.9;
T_47.8 ;
    %load/vec4 v0x5619fac79190_0;
    %load/vec4 v0x5619fac78dc0_0;
    %pushi/vec4 2, 0, 32;
    %load/vec4 v0x5619fac78ec0_0;
    %pow/s;
    %sub;
    %pad/s 35;
    %muli 8, 0, 35;
    %part/s 8;
    %pushi/vec4 112, 0, 8; draw_string_vec4
    %cmp/e;
    %jmp/0xz  T_47.10, 4;
    %pushi/vec4 112, 0, 8; draw_string_vec4
    %load/vec4 v0x5619fac78dc0_0;
    %pad/s 35;
    %muli 8, 0, 35;
    %ix/vec4/s 4;
    %store/vec4 v0x5619fac79190_0, 4, 8;
    %jmp T_47.11;
T_47.10 ;
    %pushi/vec4 103, 0, 8; draw_string_vec4
    %load/vec4 v0x5619fac78dc0_0;
    %pad/s 35;
    %muli 8, 0, 35;
    %ix/vec4/s 4;
    %store/vec4 v0x5619fac79190_0, 4, 8;
T_47.11 ;
T_47.9 ;
    %jmp T_47.7;
T_47.6 ;
    %pushi/vec4 103, 0, 8; draw_string_vec4
    %load/vec4 v0x5619fac78dc0_0;
    %pad/s 35;
    %muli 8, 0, 35;
    %ix/vec4/s 4;
    %store/vec4 v0x5619fac79190_0, 4, 8;
T_47.7 ;
T_47.5 ;
    %load/vec4 v0x5619fac78dc0_0;
    %subi 1, 0, 32;
    %store/vec4 v0x5619fac78dc0_0, 0, 32;
    %jmp T_47.2;
T_47.3 ;
    %jmp T_47;
    .thread T_47, $push;
    .scope S_0x5619fac76100;
T_48 ;
    %wait E_0x5619fac720e0;
    %load/vec4 v0x5619fac76810_0;
    %nor/r;
    %flag_set/vec4 8;
    %jmp/0xz  T_48.0, 8;
    %pushi/vec4 0, 0, 256;
    %assign/vec4 v0x5619fac76720_0, 0;
    %pushi/vec4 0, 0, 32;
    %assign/vec4 v0x5619fac768b0_0, 0;
    %pushi/vec4 0, 0, 32;
    %assign/vec4 v0x5619fac76990_0, 0;
    %jmp T_48.1;
T_48.0 ;
    %load/vec4 v0x5619fac76650_0;
    %assign/vec4 v0x5619fac76720_0, 0;
    %load/vec4 v0x5619fac763a0_0;
    %assign/vec4 v0x5619fac768b0_0, 0;
    %load/vec4 v0x5619fac764b0_0;
    %assign/vec4 v0x5619fac76990_0, 0;
T_48.1 ;
    %jmp T_48;
    .thread T_48;
    .scope S_0x5619fac2a190;
T_49 ;
    %pushi/vec4 0, 0, 32;
    %store/vec4 v0x5619fac7b4e0_0, 0, 32;
    %end;
    .thread T_49;
    .scope S_0x5619fac2a190;
T_50 ;
    %wait E_0x5619fac720e0;
    %pushi/vec4 0, 0, 32;
    %store/vec4 v0x5619fac7b4e0_0, 0, 32;
T_50.0 ;
    %load/vec4 v0x5619fac7b4e0_0;
    %cmpi/s 32, 0, 32;
    %jmp/0xz T_50.1, 5;
    %load/vec4 v0x5619fac7bad0_0;
    %load/vec4 v0x5619fac7b4e0_0;
    %pad/s 35;
    %muli 8, 0, 35;
    %part/s 8;
    %pushi/vec4 107, 0, 8; draw_string_vec4
    %cmp/e;
    %jmp/0xz  T_50.2, 4;
    %load/vec4 v0x5619fac7b2c0_0;
    %load/vec4 v0x5619fac7b4e0_0;
    %part/s 1;
    %load/vec4 v0x5619fac7b3d0_0;
    %load/vec4 v0x5619fac7b4e0_0;
    %part/s 1;
    %xor;
    %pushi/vec4 0, 0, 1;
    %xor;
    %ix/getv/s 4, v0x5619fac7b4e0_0;
    %store/vec4 v0x5619fac7b770_0, 4, 1;
    %jmp T_50.3;
T_50.2 ;
    %load/vec4 v0x5619fac7b2c0_0;
    %load/vec4 v0x5619fac7b4e0_0;
    %part/s 1;
    %pad/u 2;
    %load/vec4 v0x5619fac7b3d0_0;
    %load/vec4 v0x5619fac7b4e0_0;
    %part/s 1;
    %pad/u 2;
    %xor;
    %pushi/vec4 1, 0, 2;
    %xor;
    %pad/u 1;
    %ix/getv/s 4, v0x5619fac7b4e0_0;
    %store/vec4 v0x5619fac7b770_0, 4, 1;
T_50.3 ;
    %load/vec4 v0x5619fac7b4e0_0;
    %addi 1, 0, 32;
    %store/vec4 v0x5619fac7b4e0_0, 0, 32;
    %jmp T_50.0;
T_50.1 ;
    %jmp T_50;
    .thread T_50;
    .scope S_0x5619fac2b3d0;
T_51 ;
    %delay 0, 0;
    %pushi/vec4 107, 0, 8; draw_string_vec4
    %store/vec4 v0x5619fac7c1e0_0, 0, 8;
    %pushi/vec4 36865, 0, 32;
    %store/vec4 v0x5619fac7bc90_0, 0, 32;
    %pushi/vec4 33023, 0, 32;
    %store/vec4 v0x5619fac7bdc0_0, 0, 32;
    %delay 3, 0;
    %pushi/vec4 107, 0, 8; draw_string_vec4
    %store/vec4 v0x5619fac7c1e0_0, 0, 8;
    %pushi/vec4 9943121, 0, 32;
    %store/vec4 v0x5619fac7bc90_0, 0, 32;
    %pushi/vec4 4291664929, 0, 32;
    %store/vec4 v0x5619fac7bdc0_0, 0, 32;
    %delay 4, 0;
    %pushi/vec4 107, 0, 8; draw_string_vec4
    %store/vec4 v0x5619fac7c1e0_0, 0, 8;
    %pushi/vec4 4294963610, 0, 32;
    %store/vec4 v0x5619fac7bc90_0, 0, 32;
    %pushi/vec4 3023, 0, 32;
    %store/vec4 v0x5619fac7bdc0_0, 0, 32;
    %delay 4, 0;
    %pushi/vec4 107, 0, 8; draw_string_vec4
    %store/vec4 v0x5619fac7c1e0_0, 0, 8;
    %pushi/vec4 2, 0, 32;
    %store/vec4 v0x5619fac7bc90_0, 0, 32;
    %pushi/vec4 2, 0, 32;
    %store/vec4 v0x5619fac7bdc0_0, 0, 32;
    %delay 4, 0;
    %pushi/vec4 107, 0, 8; draw_string_vec4
    %store/vec4 v0x5619fac7c1e0_0, 0, 8;
    %pushi/vec4 4, 0, 32;
    %store/vec4 v0x5619fac7bc90_0, 0, 32;
    %pushi/vec4 4, 0, 32;
    %store/vec4 v0x5619fac7bdc0_0, 0, 32;
    %end;
    .thread T_51;
    .scope S_0x5619fac2b3d0;
T_52 ;
    %pushi/vec4 1, 0, 1;
    %store/vec4 v0x5619fac7bed0_0, 0, 1;
    %pushi/vec4 0, 0, 1;
    %store/vec4 v0x5619fac7c030_0, 0, 1;
    %pushi/vec4 1, 0, 1;
    %store/vec4 v0x5619fac7c030_0, 0, 1;
    %pushi/vec4 0, 0, 32;
    %store/vec4 v0x5619fac7bf70_0, 0, 32;
T_52.0 ;
    %load/vec4 v0x5619fac7bf70_0;
    %cmpi/s 30, 0, 32;
    %jmp/0xz T_52.1, 5;
    %delay 1, 0;
    %load/vec4 v0x5619fac7bed0_0;
    %inv;
    %store/vec4 v0x5619fac7bed0_0, 0, 1;
    %load/vec4 v0x5619fac7bf70_0;
    %pushi/vec4 1, 0, 32;
    %add;
    %store/vec4 v0x5619fac7bf70_0, 0, 32;
    %jmp T_52.0;
T_52.1 ;
    %end;
    .thread T_52;
    .scope S_0x5619fac2b3d0;
T_53 ;
    %vpi_call 2 32 "$monitor", $time, " Input bits:Number-1=%0d and Number-2=%0d;\012\011Output: Sum=%0d", v0x5619fac7bc90_0, v0x5619fac7bdc0_0, v0x5619fac7c120_0 {0 0 0};
    %vpi_call 2 33 "$dumpfile", "adder32alt.vcd" {0 0 0};
    %vpi_call 2 34 "$dumpvars" {0 0 0};
    %end;
    .thread T_53;
# The file index is used to find the file name in the following table.
:file_names 10;
    "N/A";
    "<interactive>";
    "adder32alt_tb.v";
    "./adder32alt.v";
    "./kpg.v";
    "./2kpg.v";
    "./dff.v";
    "./ppc_str.v";
    "./dff_lvl.v";
    "./lvl1.v";
