#! /usr/bin/vvp
:ivl_version "10.3 (stable)";
:ivl_delay_selection "TYPICAL";
:vpi_time_precision + 0;
:vpi_module "system";
:vpi_module "vhdl_sys";
:vpi_module "v2005_math";
:vpi_module "va_math";
S_0x5584f9303f60 .scope module, "top" "top" 2 7;
 .timescale 0 0;
L_0x5584f9366f40 .functor XOR 1, L_0x5584f93668d0, L_0x5584f9366b70, C4<0>, C4<0>;
L_0x5584f9367c00 .functor XOR 32, L_0x5584f9367810, L_0x5584f9367720, C4<00000000000000000000000000000000>, C4<00000000000000000000000000000000>;
L_0x5584f9376000 .functor XOR 1, L_0x5584f93668d0, L_0x5584f9366b70, C4<0>, C4<0>;
v0x5584f9364de0_0 .net "A", 31 0, v0x5584f9364b70_0;  1 drivers
v0x5584f9364f10_0 .net "B", 31 0, v0x5584f9364c60_0;  1 drivers
v0x5584f9365020_0 .net "Carry", 0 0, L_0x5584f9375b00;  1 drivers
v0x5584f93650c0_0 .net "E1", 7 0, L_0x5584f93669e0;  1 drivers
v0x5584f9365160_0 .net "E2", 7 0, L_0x5584f9366c80;  1 drivers
v0x5584f9365250_0 .var "E3", 7 0;
v0x5584f93652f0_0 .net "Ediff", 7 0, L_0x5584f9366ea0;  1 drivers
v0x5584f93653e0_0 .var "I1", 31 0;
v0x5584f93654b0_0 .var "I2", 31 0;
v0x5584f9365580_0 .net "M1", 22 0, L_0x5584f9366ad0;  1 drivers
v0x5584f9365650_0 .net "M2", 22 0, L_0x5584f9366e00;  1 drivers
v0x5584f9365720_0 .var "M3", 22 0;
v0x5584f93657e0_0 .net "N1", 31 0, L_0x5584f93671f0;  1 drivers
v0x5584f93658d0_0 .net "N2", 31 0, L_0x5584f9367590;  1 drivers
v0x5584f93659a0_0 .net "N3", 31 0, L_0x5584f9367720;  1 drivers
v0x5584f9365a70_0 .net "N4", 31 0, L_0x5584f9367c00;  1 drivers
v0x5584f9365b40_0 .net "S1", 0 0, L_0x5584f93668d0;  1 drivers
v0x5584f9365d20_0 .net "S2", 0 0, L_0x5584f9366b70;  1 drivers
v0x5584f9365df0_0 .net "Sum", 31 0, L_0x5584f9374d00;  1 drivers
v0x5584f9365ec0_0 .net *"_s11", 0 0, L_0x5584f9367380;  1 drivers
v0x5584f9365f60_0 .net *"_s12", 23 0, L_0x5584f93674b0;  1 drivers
L_0x7f6f0bc48060 .functor BUFT 1, C4<00000000>, C4<0>, C4<0>, C4<0>;
v0x5584f9366000_0 .net *"_s17", 7 0, L_0x7f6f0bc48060;  1 drivers
v0x5584f93660e0_0 .net *"_s18", 0 0, L_0x5584f9366f40;  1 drivers
v0x5584f93661c0_0 .net *"_s20", 31 0, L_0x5584f9367810;  1 drivers
v0x5584f93662a0_0 .net *"_s3", 0 0, L_0x5584f9367020;  1 drivers
v0x5584f9366360_0 .net *"_s4", 23 0, L_0x5584f9367150;  1 drivers
L_0x7f6f0bc48018 .functor BUFT 1, C4<00000000>, C4<0>, C4<0>, C4<0>;
v0x5584f9366440_0 .net *"_s9", 7 0, L_0x7f6f0bc48018;  1 drivers
v0x5584f9366520_0 .var/i "i", 31 0;
v0x5584f9366600_0 .var "out", 31 0;
v0x5584f93666e0_0 .var "tmp", 22 0;
E_0x5584f92d0f50 .event edge, v0x5584f9365720_0, v0x5584f9365250_0;
E_0x5584f92d1060 .event edge, v0x5584f93617a0_0;
L_0x5584f9366ea0 .arith/sub 8, L_0x5584f93669e0, L_0x5584f9366c80;
L_0x5584f9367020 .reduce/or L_0x5584f93669e0;
L_0x5584f9367150 .concat [ 23 1 0 0], L_0x5584f9366ad0, L_0x5584f9367020;
L_0x5584f93671f0 .concat [ 24 8 0 0], L_0x5584f9367150, L_0x7f6f0bc48018;
L_0x5584f9367380 .reduce/or L_0x5584f9366c80;
L_0x5584f93674b0 .concat [ 23 1 0 0], L_0x5584f9366e00, L_0x5584f9367380;
L_0x5584f9367590 .concat [ 24 8 0 0], L_0x5584f93674b0, L_0x7f6f0bc48060;
LS_0x5584f9367810_0_0 .concat [ 1 1 1 1], L_0x5584f9366f40, L_0x5584f9366f40, L_0x5584f9366f40, L_0x5584f9366f40;
LS_0x5584f9367810_0_4 .concat [ 1 1 1 1], L_0x5584f9366f40, L_0x5584f9366f40, L_0x5584f9366f40, L_0x5584f9366f40;
LS_0x5584f9367810_0_8 .concat [ 1 1 1 1], L_0x5584f9366f40, L_0x5584f9366f40, L_0x5584f9366f40, L_0x5584f9366f40;
LS_0x5584f9367810_0_12 .concat [ 1 1 1 1], L_0x5584f9366f40, L_0x5584f9366f40, L_0x5584f9366f40, L_0x5584f9366f40;
LS_0x5584f9367810_0_16 .concat [ 1 1 1 1], L_0x5584f9366f40, L_0x5584f9366f40, L_0x5584f9366f40, L_0x5584f9366f40;
LS_0x5584f9367810_0_20 .concat [ 1 1 1 1], L_0x5584f9366f40, L_0x5584f9366f40, L_0x5584f9366f40, L_0x5584f9366f40;
LS_0x5584f9367810_0_24 .concat [ 1 1 1 1], L_0x5584f9366f40, L_0x5584f9366f40, L_0x5584f9366f40, L_0x5584f9366f40;
LS_0x5584f9367810_0_28 .concat [ 1 1 1 1], L_0x5584f9366f40, L_0x5584f9366f40, L_0x5584f9366f40, L_0x5584f9366f40;
LS_0x5584f9367810_1_0 .concat [ 4 4 4 4], LS_0x5584f9367810_0_0, LS_0x5584f9367810_0_4, LS_0x5584f9367810_0_8, LS_0x5584f9367810_0_12;
LS_0x5584f9367810_1_4 .concat [ 4 4 4 4], LS_0x5584f9367810_0_16, LS_0x5584f9367810_0_20, LS_0x5584f9367810_0_24, LS_0x5584f9367810_0_28;
L_0x5584f9367810 .concat [ 16 16 0 0], LS_0x5584f9367810_1_0, LS_0x5584f9367810_1_4;
S_0x5584f93031c0 .scope module, "BS" "BarrelShift" 2 27, 3 1 0, S_0x5584f9303f60;
 .timescale 0 0;
    .port_info 0 /INPUT 32 "A"
    .port_info 1 /INPUT 8 "shift"
    .port_info 2 /OUTPUT 32 "B"
v0x5584f930b000_0 .net "A", 31 0, L_0x5584f9367590;  alias, 1 drivers
v0x5584f9309650_0 .net "B", 31 0, L_0x5584f9367720;  alias, 1 drivers
v0x5584f9352980_0 .net "shift", 7 0, L_0x5584f9366ea0;  alias, 1 drivers
L_0x5584f9367720 .shift/r 32, L_0x5584f9367590, L_0x5584f9366ea0;
S_0x5584f9352ac0 .scope module, "C1" "RDA" 2 33, 4 7 0, S_0x5584f9303f60;
 .timescale 0 0;
    .port_info 0 /INPUT 32 "A"
    .port_info 1 /INPUT 32 "B"
    .port_info 2 /INPUT 1 "iniC"
    .port_info 3 /OUTPUT 32 "Sum"
    .port_info 4 /OUTPUT 1 "Carry"
v0x5584f9361440_0 .net "A", 31 0, L_0x5584f93671f0;  alias, 1 drivers
v0x5584f9361540_0 .net "B", 31 0, L_0x5584f9367c00;  alias, 1 drivers
v0x5584f9361620_0 .net "Carry", 0 0, L_0x5584f9375b00;  alias, 1 drivers
v0x5584f93616c0_0 .var "Cin", 31 0;
v0x5584f93617a0_0 .net "Sum", 31 0, L_0x5584f9374d00;  alias, 1 drivers
v0x5584f93618d0_0 .var "access", 1 0;
v0x5584f93619b0_0 .var "i", 5 0;
v0x5584f9361a90_0 .var "inaccess1", 1 0;
v0x5584f9361b70_0 .var "inaccess2", 1 0;
v0x5584f9361c50_0 .net "iniC", 0 0, L_0x5584f9376000;  1 drivers
v0x5584f9361cf0_0 .var "j", 5 0;
v0x5584f9361db0_0 .var "k", 5 0;
v0x5584f9361e90 .array "kgp", 31 0, 1 0;
v0x5584f9362350 .array "kgp2", 31 0, 1 0;
v0x5584f9362920 .array "kgp_t1", 31 0, 1 0;
v0x5584f9362ef0 .array "kgp_t2", 31 0, 1 0;
v0x5584f93634c0_0 .var "m", 5 0;
v0x5584f93636b0_0 .var "n", 5 0;
v0x5584f9363790_0 .var "o", 5 0;
E_0x5584f92ea6c0/0 .event edge, v0x5584f9361440_0, v0x5584f9361540_0, v0x5584f9353510_0, v0x5584f93618d0_0;
v0x5584f9361e90_0 .array/port v0x5584f9361e90, 0;
v0x5584f9361e90_1 .array/port v0x5584f9361e90, 1;
E_0x5584f92ea6c0/1 .event edge, v0x5584f9363790_0, v0x5584f93636b0_0, v0x5584f9361e90_0, v0x5584f9361e90_1;
v0x5584f9361e90_2 .array/port v0x5584f9361e90, 2;
v0x5584f9361e90_3 .array/port v0x5584f9361e90, 3;
v0x5584f9361e90_4 .array/port v0x5584f9361e90, 4;
v0x5584f9361e90_5 .array/port v0x5584f9361e90, 5;
E_0x5584f92ea6c0/2 .event edge, v0x5584f9361e90_2, v0x5584f9361e90_3, v0x5584f9361e90_4, v0x5584f9361e90_5;
v0x5584f9361e90_6 .array/port v0x5584f9361e90, 6;
v0x5584f9361e90_7 .array/port v0x5584f9361e90, 7;
v0x5584f9361e90_8 .array/port v0x5584f9361e90, 8;
v0x5584f9361e90_9 .array/port v0x5584f9361e90, 9;
E_0x5584f92ea6c0/3 .event edge, v0x5584f9361e90_6, v0x5584f9361e90_7, v0x5584f9361e90_8, v0x5584f9361e90_9;
v0x5584f9361e90_10 .array/port v0x5584f9361e90, 10;
v0x5584f9361e90_11 .array/port v0x5584f9361e90, 11;
v0x5584f9361e90_12 .array/port v0x5584f9361e90, 12;
v0x5584f9361e90_13 .array/port v0x5584f9361e90, 13;
E_0x5584f92ea6c0/4 .event edge, v0x5584f9361e90_10, v0x5584f9361e90_11, v0x5584f9361e90_12, v0x5584f9361e90_13;
v0x5584f9361e90_14 .array/port v0x5584f9361e90, 14;
v0x5584f9361e90_15 .array/port v0x5584f9361e90, 15;
v0x5584f9361e90_16 .array/port v0x5584f9361e90, 16;
v0x5584f9361e90_17 .array/port v0x5584f9361e90, 17;
E_0x5584f92ea6c0/5 .event edge, v0x5584f9361e90_14, v0x5584f9361e90_15, v0x5584f9361e90_16, v0x5584f9361e90_17;
v0x5584f9361e90_18 .array/port v0x5584f9361e90, 18;
v0x5584f9361e90_19 .array/port v0x5584f9361e90, 19;
v0x5584f9361e90_20 .array/port v0x5584f9361e90, 20;
v0x5584f9361e90_21 .array/port v0x5584f9361e90, 21;
E_0x5584f92ea6c0/6 .event edge, v0x5584f9361e90_18, v0x5584f9361e90_19, v0x5584f9361e90_20, v0x5584f9361e90_21;
v0x5584f9361e90_22 .array/port v0x5584f9361e90, 22;
v0x5584f9361e90_23 .array/port v0x5584f9361e90, 23;
v0x5584f9361e90_24 .array/port v0x5584f9361e90, 24;
v0x5584f9361e90_25 .array/port v0x5584f9361e90, 25;
E_0x5584f92ea6c0/7 .event edge, v0x5584f9361e90_22, v0x5584f9361e90_23, v0x5584f9361e90_24, v0x5584f9361e90_25;
v0x5584f9361e90_26 .array/port v0x5584f9361e90, 26;
v0x5584f9361e90_27 .array/port v0x5584f9361e90, 27;
v0x5584f9361e90_28 .array/port v0x5584f9361e90, 28;
v0x5584f9361e90_29 .array/port v0x5584f9361e90, 29;
E_0x5584f92ea6c0/8 .event edge, v0x5584f9361e90_26, v0x5584f9361e90_27, v0x5584f9361e90_28, v0x5584f9361e90_29;
v0x5584f9361e90_30 .array/port v0x5584f9361e90, 30;
v0x5584f9361e90_31 .array/port v0x5584f9361e90, 31;
E_0x5584f92ea6c0/9 .event edge, v0x5584f9361e90_30, v0x5584f9361e90_31, v0x5584f93619b0_0, v0x5584f9361cf0_0;
v0x5584f9362920_0 .array/port v0x5584f9362920, 0;
v0x5584f9362920_1 .array/port v0x5584f9362920, 1;
v0x5584f9362920_2 .array/port v0x5584f9362920, 2;
v0x5584f9362920_3 .array/port v0x5584f9362920, 3;
E_0x5584f92ea6c0/10 .event edge, v0x5584f9362920_0, v0x5584f9362920_1, v0x5584f9362920_2, v0x5584f9362920_3;
v0x5584f9362920_4 .array/port v0x5584f9362920, 4;
v0x5584f9362920_5 .array/port v0x5584f9362920, 5;
v0x5584f9362920_6 .array/port v0x5584f9362920, 6;
v0x5584f9362920_7 .array/port v0x5584f9362920, 7;
E_0x5584f92ea6c0/11 .event edge, v0x5584f9362920_4, v0x5584f9362920_5, v0x5584f9362920_6, v0x5584f9362920_7;
v0x5584f9362920_8 .array/port v0x5584f9362920, 8;
v0x5584f9362920_9 .array/port v0x5584f9362920, 9;
v0x5584f9362920_10 .array/port v0x5584f9362920, 10;
v0x5584f9362920_11 .array/port v0x5584f9362920, 11;
E_0x5584f92ea6c0/12 .event edge, v0x5584f9362920_8, v0x5584f9362920_9, v0x5584f9362920_10, v0x5584f9362920_11;
v0x5584f9362920_12 .array/port v0x5584f9362920, 12;
v0x5584f9362920_13 .array/port v0x5584f9362920, 13;
v0x5584f9362920_14 .array/port v0x5584f9362920, 14;
v0x5584f9362920_15 .array/port v0x5584f9362920, 15;
E_0x5584f92ea6c0/13 .event edge, v0x5584f9362920_12, v0x5584f9362920_13, v0x5584f9362920_14, v0x5584f9362920_15;
v0x5584f9362920_16 .array/port v0x5584f9362920, 16;
v0x5584f9362920_17 .array/port v0x5584f9362920, 17;
v0x5584f9362920_18 .array/port v0x5584f9362920, 18;
v0x5584f9362920_19 .array/port v0x5584f9362920, 19;
E_0x5584f92ea6c0/14 .event edge, v0x5584f9362920_16, v0x5584f9362920_17, v0x5584f9362920_18, v0x5584f9362920_19;
v0x5584f9362920_20 .array/port v0x5584f9362920, 20;
v0x5584f9362920_21 .array/port v0x5584f9362920, 21;
v0x5584f9362920_22 .array/port v0x5584f9362920, 22;
v0x5584f9362920_23 .array/port v0x5584f9362920, 23;
E_0x5584f92ea6c0/15 .event edge, v0x5584f9362920_20, v0x5584f9362920_21, v0x5584f9362920_22, v0x5584f9362920_23;
v0x5584f9362920_24 .array/port v0x5584f9362920, 24;
v0x5584f9362920_25 .array/port v0x5584f9362920, 25;
v0x5584f9362920_26 .array/port v0x5584f9362920, 26;
v0x5584f9362920_27 .array/port v0x5584f9362920, 27;
E_0x5584f92ea6c0/16 .event edge, v0x5584f9362920_24, v0x5584f9362920_25, v0x5584f9362920_26, v0x5584f9362920_27;
v0x5584f9362920_28 .array/port v0x5584f9362920, 28;
v0x5584f9362920_29 .array/port v0x5584f9362920, 29;
v0x5584f9362920_30 .array/port v0x5584f9362920, 30;
v0x5584f9362920_31 .array/port v0x5584f9362920, 31;
E_0x5584f92ea6c0/17 .event edge, v0x5584f9362920_28, v0x5584f9362920_29, v0x5584f9362920_30, v0x5584f9362920_31;
v0x5584f9362ef0_0 .array/port v0x5584f9362ef0, 0;
v0x5584f9362ef0_1 .array/port v0x5584f9362ef0, 1;
v0x5584f9362ef0_2 .array/port v0x5584f9362ef0, 2;
v0x5584f9362ef0_3 .array/port v0x5584f9362ef0, 3;
E_0x5584f92ea6c0/18 .event edge, v0x5584f9362ef0_0, v0x5584f9362ef0_1, v0x5584f9362ef0_2, v0x5584f9362ef0_3;
v0x5584f9362ef0_4 .array/port v0x5584f9362ef0, 4;
v0x5584f9362ef0_5 .array/port v0x5584f9362ef0, 5;
v0x5584f9362ef0_6 .array/port v0x5584f9362ef0, 6;
v0x5584f9362ef0_7 .array/port v0x5584f9362ef0, 7;
E_0x5584f92ea6c0/19 .event edge, v0x5584f9362ef0_4, v0x5584f9362ef0_5, v0x5584f9362ef0_6, v0x5584f9362ef0_7;
v0x5584f9362ef0_8 .array/port v0x5584f9362ef0, 8;
v0x5584f9362ef0_9 .array/port v0x5584f9362ef0, 9;
v0x5584f9362ef0_10 .array/port v0x5584f9362ef0, 10;
v0x5584f9362ef0_11 .array/port v0x5584f9362ef0, 11;
E_0x5584f92ea6c0/20 .event edge, v0x5584f9362ef0_8, v0x5584f9362ef0_9, v0x5584f9362ef0_10, v0x5584f9362ef0_11;
v0x5584f9362ef0_12 .array/port v0x5584f9362ef0, 12;
v0x5584f9362ef0_13 .array/port v0x5584f9362ef0, 13;
v0x5584f9362ef0_14 .array/port v0x5584f9362ef0, 14;
v0x5584f9362ef0_15 .array/port v0x5584f9362ef0, 15;
E_0x5584f92ea6c0/21 .event edge, v0x5584f9362ef0_12, v0x5584f9362ef0_13, v0x5584f9362ef0_14, v0x5584f9362ef0_15;
v0x5584f9362ef0_16 .array/port v0x5584f9362ef0, 16;
v0x5584f9362ef0_17 .array/port v0x5584f9362ef0, 17;
v0x5584f9362ef0_18 .array/port v0x5584f9362ef0, 18;
v0x5584f9362ef0_19 .array/port v0x5584f9362ef0, 19;
E_0x5584f92ea6c0/22 .event edge, v0x5584f9362ef0_16, v0x5584f9362ef0_17, v0x5584f9362ef0_18, v0x5584f9362ef0_19;
v0x5584f9362ef0_20 .array/port v0x5584f9362ef0, 20;
v0x5584f9362ef0_21 .array/port v0x5584f9362ef0, 21;
v0x5584f9362ef0_22 .array/port v0x5584f9362ef0, 22;
v0x5584f9362ef0_23 .array/port v0x5584f9362ef0, 23;
E_0x5584f92ea6c0/23 .event edge, v0x5584f9362ef0_20, v0x5584f9362ef0_21, v0x5584f9362ef0_22, v0x5584f9362ef0_23;
v0x5584f9362ef0_24 .array/port v0x5584f9362ef0, 24;
v0x5584f9362ef0_25 .array/port v0x5584f9362ef0, 25;
v0x5584f9362ef0_26 .array/port v0x5584f9362ef0, 26;
v0x5584f9362ef0_27 .array/port v0x5584f9362ef0, 27;
E_0x5584f92ea6c0/24 .event edge, v0x5584f9362ef0_24, v0x5584f9362ef0_25, v0x5584f9362ef0_26, v0x5584f9362ef0_27;
v0x5584f9362ef0_28 .array/port v0x5584f9362ef0, 28;
v0x5584f9362ef0_29 .array/port v0x5584f9362ef0, 29;
v0x5584f9362ef0_30 .array/port v0x5584f9362ef0, 30;
v0x5584f9362ef0_31 .array/port v0x5584f9362ef0, 31;
E_0x5584f92ea6c0/25 .event edge, v0x5584f9362ef0_28, v0x5584f9362ef0_29, v0x5584f9362ef0_30, v0x5584f9362ef0_31;
v0x5584f9362350_0 .array/port v0x5584f9362350, 0;
E_0x5584f92ea6c0/26 .event edge, v0x5584f9361a90_0, v0x5584f9361b70_0, v0x5584f9361db0_0, v0x5584f9362350_0;
v0x5584f9362350_1 .array/port v0x5584f9362350, 1;
v0x5584f9362350_2 .array/port v0x5584f9362350, 2;
v0x5584f9362350_3 .array/port v0x5584f9362350, 3;
v0x5584f9362350_4 .array/port v0x5584f9362350, 4;
E_0x5584f92ea6c0/27 .event edge, v0x5584f9362350_1, v0x5584f9362350_2, v0x5584f9362350_3, v0x5584f9362350_4;
v0x5584f9362350_5 .array/port v0x5584f9362350, 5;
v0x5584f9362350_6 .array/port v0x5584f9362350, 6;
v0x5584f9362350_7 .array/port v0x5584f9362350, 7;
v0x5584f9362350_8 .array/port v0x5584f9362350, 8;
E_0x5584f92ea6c0/28 .event edge, v0x5584f9362350_5, v0x5584f9362350_6, v0x5584f9362350_7, v0x5584f9362350_8;
v0x5584f9362350_9 .array/port v0x5584f9362350, 9;
v0x5584f9362350_10 .array/port v0x5584f9362350, 10;
v0x5584f9362350_11 .array/port v0x5584f9362350, 11;
v0x5584f9362350_12 .array/port v0x5584f9362350, 12;
E_0x5584f92ea6c0/29 .event edge, v0x5584f9362350_9, v0x5584f9362350_10, v0x5584f9362350_11, v0x5584f9362350_12;
v0x5584f9362350_13 .array/port v0x5584f9362350, 13;
v0x5584f9362350_14 .array/port v0x5584f9362350, 14;
v0x5584f9362350_15 .array/port v0x5584f9362350, 15;
v0x5584f9362350_16 .array/port v0x5584f9362350, 16;
E_0x5584f92ea6c0/30 .event edge, v0x5584f9362350_13, v0x5584f9362350_14, v0x5584f9362350_15, v0x5584f9362350_16;
v0x5584f9362350_17 .array/port v0x5584f9362350, 17;
v0x5584f9362350_18 .array/port v0x5584f9362350, 18;
v0x5584f9362350_19 .array/port v0x5584f9362350, 19;
v0x5584f9362350_20 .array/port v0x5584f9362350, 20;
E_0x5584f92ea6c0/31 .event edge, v0x5584f9362350_17, v0x5584f9362350_18, v0x5584f9362350_19, v0x5584f9362350_20;
v0x5584f9362350_21 .array/port v0x5584f9362350, 21;
v0x5584f9362350_22 .array/port v0x5584f9362350, 22;
v0x5584f9362350_23 .array/port v0x5584f9362350, 23;
v0x5584f9362350_24 .array/port v0x5584f9362350, 24;
E_0x5584f92ea6c0/32 .event edge, v0x5584f9362350_21, v0x5584f9362350_22, v0x5584f9362350_23, v0x5584f9362350_24;
v0x5584f9362350_25 .array/port v0x5584f9362350, 25;
v0x5584f9362350_26 .array/port v0x5584f9362350, 26;
v0x5584f9362350_27 .array/port v0x5584f9362350, 27;
v0x5584f9362350_28 .array/port v0x5584f9362350, 28;
E_0x5584f92ea6c0/33 .event edge, v0x5584f9362350_25, v0x5584f9362350_26, v0x5584f9362350_27, v0x5584f9362350_28;
v0x5584f9362350_29 .array/port v0x5584f9362350, 29;
v0x5584f9362350_30 .array/port v0x5584f9362350, 30;
v0x5584f9362350_31 .array/port v0x5584f9362350, 31;
E_0x5584f92ea6c0/34 .event edge, v0x5584f9362350_29, v0x5584f9362350_30, v0x5584f9362350_31, v0x5584f93634c0_0;
E_0x5584f92ea6c0 .event/or E_0x5584f92ea6c0/0, E_0x5584f92ea6c0/1, E_0x5584f92ea6c0/2, E_0x5584f92ea6c0/3, E_0x5584f92ea6c0/4, E_0x5584f92ea6c0/5, E_0x5584f92ea6c0/6, E_0x5584f92ea6c0/7, E_0x5584f92ea6c0/8, E_0x5584f92ea6c0/9, E_0x5584f92ea6c0/10, E_0x5584f92ea6c0/11, E_0x5584f92ea6c0/12, E_0x5584f92ea6c0/13, E_0x5584f92ea6c0/14, E_0x5584f92ea6c0/15, E_0x5584f92ea6c0/16, E_0x5584f92ea6c0/17, E_0x5584f92ea6c0/18, E_0x5584f92ea6c0/19, E_0x5584f92ea6c0/20, E_0x5584f92ea6c0/21, E_0x5584f92ea6c0/22, E_0x5584f92ea6c0/23, E_0x5584f92ea6c0/24, E_0x5584f92ea6c0/25, E_0x5584f92ea6c0/26, E_0x5584f92ea6c0/27, E_0x5584f92ea6c0/28, E_0x5584f92ea6c0/29, E_0x5584f92ea6c0/30, E_0x5584f92ea6c0/31, E_0x5584f92ea6c0/32, E_0x5584f92ea6c0/33, E_0x5584f92ea6c0/34;
L_0x5584f9367e40 .part L_0x5584f93671f0, 0, 1;
L_0x5584f9367f30 .part L_0x5584f9367c00, 0, 1;
L_0x5584f9368150 .part L_0x5584f93671f0, 1, 1;
L_0x5584f9368240 .part L_0x5584f9367c00, 1, 1;
L_0x5584f9368370 .part v0x5584f93616c0_0, 0, 1;
L_0x5584f9368540 .part L_0x5584f93671f0, 2, 1;
L_0x5584f9368670 .part L_0x5584f9367c00, 2, 1;
L_0x5584f9368760 .part v0x5584f93616c0_0, 1, 1;
L_0x5584f9368a20 .part L_0x5584f93671f0, 3, 1;
L_0x5584f9368b10 .part L_0x5584f9367c00, 3, 1;
L_0x5584f9368c60 .part v0x5584f93616c0_0, 2, 1;
L_0x5584f9368e30 .part L_0x5584f93671f0, 4, 1;
L_0x5584f9368f90 .part L_0x5584f9367c00, 4, 1;
L_0x5584f9369080 .part v0x5584f93616c0_0, 3, 1;
L_0x5584f93692f0 .part L_0x5584f93671f0, 5, 1;
L_0x5584f93693e0 .part L_0x5584f9367c00, 5, 1;
L_0x5584f9369670 .part v0x5584f93616c0_0, 4, 1;
L_0x5584f9369890 .part L_0x5584f93671f0, 6, 1;
L_0x5584f9369a20 .part L_0x5584f9367c00, 6, 1;
L_0x5584f9369b10 .part v0x5584f93616c0_0, 5, 1;
L_0x5584f9369980 .part L_0x5584f93671f0, 7, 1;
L_0x5584f9369e30 .part L_0x5584f9367c00, 7, 1;
L_0x5584f9369fe0 .part v0x5584f93616c0_0, 6, 1;
L_0x5584f936a200 .part L_0x5584f93671f0, 8, 1;
L_0x5584f936a3c0 .part L_0x5584f9367c00, 8, 1;
L_0x5584f936a4b0 .part v0x5584f93616c0_0, 7, 1;
L_0x5584f936a8c0 .part L_0x5584f93671f0, 9, 1;
L_0x5584f936a9b0 .part L_0x5584f9367c00, 9, 1;
L_0x5584f936ab90 .part v0x5584f93616c0_0, 8, 1;
L_0x5584f936ade0 .part L_0x5584f93671f0, 10, 1;
L_0x5584f936afd0 .part L_0x5584f9367c00, 10, 1;
L_0x5584f936b0c0 .part v0x5584f93616c0_0, 9, 1;
L_0x5584f936b420 .part L_0x5584f93671f0, 11, 1;
L_0x5584f936b510 .part L_0x5584f9367c00, 11, 1;
L_0x5584f936b720 .part v0x5584f93616c0_0, 10, 1;
L_0x5584f936b970 .part L_0x5584f93671f0, 12, 1;
L_0x5584f936b600 .part L_0x5584f9367c00, 12, 1;
L_0x5584f936bb90 .part v0x5584f93616c0_0, 11, 1;
L_0x5584f936bef0 .part L_0x5584f93671f0, 13, 1;
L_0x5584f936bfe0 .part L_0x5584f9367c00, 13, 1;
L_0x5584f936c220 .part v0x5584f93616c0_0, 12, 1;
L_0x5584f936c470 .part L_0x5584f93671f0, 14, 1;
L_0x5584f936c6c0 .part L_0x5584f9367c00, 14, 1;
L_0x5584f936c7b0 .part v0x5584f93616c0_0, 13, 1;
L_0x5584f936cb70 .part L_0x5584f93671f0, 15, 1;
L_0x5584f936cc60 .part L_0x5584f9367c00, 15, 1;
L_0x5584f936ced0 .part v0x5584f93616c0_0, 14, 1;
L_0x5584f936d120 .part L_0x5584f93671f0, 16, 1;
L_0x5584f936d3a0 .part L_0x5584f9367c00, 16, 1;
L_0x5584f936d490 .part v0x5584f93616c0_0, 15, 1;
L_0x5584f936d880 .part L_0x5584f93671f0, 17, 1;
L_0x5584f936d970 .part L_0x5584f9367c00, 17, 1;
L_0x5584f936dc10 .part v0x5584f93616c0_0, 16, 1;
L_0x5584f936de60 .part L_0x5584f93671f0, 18, 1;
L_0x5584f936e110 .part L_0x5584f9367c00, 18, 1;
L_0x5584f936e200 .part v0x5584f93616c0_0, 17, 1;
L_0x5584f936e620 .part L_0x5584f93671f0, 19, 1;
L_0x5584f936e710 .part L_0x5584f9367c00, 19, 1;
L_0x5584f936e9e0 .part v0x5584f93616c0_0, 18, 1;
L_0x5584f936ec30 .part L_0x5584f93671f0, 20, 1;
L_0x5584f936ef10 .part L_0x5584f9367c00, 20, 1;
L_0x5584f936f000 .part v0x5584f93616c0_0, 19, 1;
L_0x5584f936f450 .part L_0x5584f93671f0, 21, 1;
L_0x5584f936f540 .part L_0x5584f9367c00, 21, 1;
L_0x5584f936f840 .part v0x5584f93616c0_0, 20, 1;
L_0x5584f936fa90 .part L_0x5584f93671f0, 22, 1;
L_0x5584f936fda0 .part L_0x5584f9367c00, 22, 1;
L_0x5584f936fe90 .part v0x5584f93616c0_0, 21, 1;
L_0x5584f9370310 .part L_0x5584f93671f0, 23, 1;
L_0x5584f9370400 .part L_0x5584f9367c00, 23, 1;
L_0x5584f9370730 .part v0x5584f93616c0_0, 22, 1;
L_0x5584f9370980 .part L_0x5584f93671f0, 24, 1;
L_0x5584f9370cc0 .part L_0x5584f9367c00, 24, 1;
L_0x5584f9370db0 .part v0x5584f93616c0_0, 23, 1;
L_0x5584f9371260 .part L_0x5584f93671f0, 25, 1;
L_0x5584f9371350 .part L_0x5584f9367c00, 25, 1;
L_0x5584f93716b0 .part v0x5584f93616c0_0, 24, 1;
L_0x5584f9371900 .part L_0x5584f93671f0, 26, 1;
L_0x5584f9371c70 .part L_0x5584f9367c00, 26, 1;
L_0x5584f9371d60 .part v0x5584f93616c0_0, 25, 1;
L_0x5584f9372240 .part L_0x5584f93671f0, 27, 1;
L_0x5584f9372330 .part L_0x5584f9367c00, 27, 1;
L_0x5584f93726c0 .part v0x5584f93616c0_0, 26, 1;
L_0x5584f9372910 .part L_0x5584f93671f0, 28, 1;
L_0x5584f9372cb0 .part L_0x5584f9367c00, 28, 1;
L_0x5584f9372da0 .part v0x5584f93616c0_0, 27, 1;
L_0x5584f9373280 .part L_0x5584f93671f0, 29, 1;
L_0x5584f9373370 .part L_0x5584f9367c00, 29, 1;
L_0x5584f9373b40 .part v0x5584f93616c0_0, 28, 1;
L_0x5584f9373d60 .part L_0x5584f93671f0, 30, 1;
L_0x5584f9374130 .part L_0x5584f9367c00, 30, 1;
L_0x5584f9374220 .part v0x5584f93616c0_0, 29, 1;
L_0x5584f9374730 .part L_0x5584f93671f0, 31, 1;
L_0x5584f9374820 .part L_0x5584f9367c00, 31, 1;
L_0x5584f9374c10 .part v0x5584f93616c0_0, 30, 1;
LS_0x5584f9374d00_0_0 .concat8 [ 1 1 1 1], L_0x5584f9367d30, L_0x5584f9368090, L_0x5584f9368480, L_0x5584f9368960;
LS_0x5584f9374d00_0_4 .concat8 [ 1 1 1 1], L_0x5584f9368d70, L_0x5584f9369280, L_0x5584f93697d0, L_0x5584f9369d20;
LS_0x5584f9374d00_0_8 .concat8 [ 1 1 1 1], L_0x5584f936a140, L_0x5584f936a800, L_0x5584f936acf0, L_0x5584f936b330;
LS_0x5584f9374d00_0_12 .concat8 [ 1 1 1 1], L_0x5584f936b880, L_0x5584f936be30, L_0x5584f936c380, L_0x5584f936ca80;
LS_0x5584f9374d00_0_16 .concat8 [ 1 1 1 1], L_0x5584f936d030, L_0x5584f936d790, L_0x5584f936dd70, L_0x5584f936e530;
LS_0x5584f9374d00_0_20 .concat8 [ 1 1 1 1], L_0x5584f936eb40, L_0x5584f936f360, L_0x5584f936f9a0, L_0x5584f9370220;
LS_0x5584f9374d00_0_24 .concat8 [ 1 1 1 1], L_0x5584f9370890, L_0x5584f9371170, L_0x5584f9371810, L_0x5584f9372150;
LS_0x5584f9374d00_0_28 .concat8 [ 1 1 1 1], L_0x5584f9372820, L_0x5584f93731c0, L_0x5584f9373ca0, L_0x5584f9374670;
LS_0x5584f9374d00_1_0 .concat8 [ 4 4 4 4], LS_0x5584f9374d00_0_0, LS_0x5584f9374d00_0_4, LS_0x5584f9374d00_0_8, LS_0x5584f9374d00_0_12;
LS_0x5584f9374d00_1_4 .concat8 [ 4 4 4 4], LS_0x5584f9374d00_0_16, LS_0x5584f9374d00_0_20, LS_0x5584f9374d00_0_24, LS_0x5584f9374d00_0_28;
L_0x5584f9374d00 .concat8 [ 16 16 0 0], LS_0x5584f9374d00_1_0, LS_0x5584f9374d00_1_4;
L_0x5584f9375b00 .part v0x5584f93616c0_0, 31, 1;
S_0x5584f9353180 .scope module, "f1" "FullAdder" 4 95, 4 1 0, S_0x5584f9352ac0;
 .timescale 0 0;
    .port_info 0 /INPUT 1 "A"
    .port_info 1 /INPUT 1 "B"
    .port_info 2 /INPUT 1 "Cin"
    .port_info 3 /OUTPUT 1 "Sum"
L_0x5584f9367cc0 .functor XOR 1, L_0x5584f9367e40, L_0x5584f9367f30, C4<0>, C4<0>;
L_0x5584f9367d30 .functor XOR 1, L_0x5584f9367cc0, L_0x5584f9376000, C4<0>, C4<0>;
v0x5584f9353370_0 .net "A", 0 0, L_0x5584f9367e40;  1 drivers
v0x5584f9353450_0 .net "B", 0 0, L_0x5584f9367f30;  1 drivers
v0x5584f9353510_0 .net "Cin", 0 0, L_0x5584f9376000;  alias, 1 drivers
v0x5584f93535b0_0 .net "Sum", 0 0, L_0x5584f9367d30;  1 drivers
v0x5584f9353670_0 .net *"_s0", 0 0, L_0x5584f9367cc0;  1 drivers
S_0x5584f9353820 .scope module, "f10" "FullAdder" 4 104, 4 1 0, S_0x5584f9352ac0;
 .timescale 0 0;
    .port_info 0 /INPUT 1 "A"
    .port_info 1 /INPUT 1 "B"
    .port_info 2 /INPUT 1 "Cin"
    .port_info 3 /OUTPUT 1 "Sum"
L_0x5584f936a790 .functor XOR 1, L_0x5584f936a8c0, L_0x5584f936a9b0, C4<0>, C4<0>;
L_0x5584f936a800 .functor XOR 1, L_0x5584f936a790, L_0x5584f936ab90, C4<0>, C4<0>;
v0x5584f9353a10_0 .net "A", 0 0, L_0x5584f936a8c0;  1 drivers
v0x5584f9353ad0_0 .net "B", 0 0, L_0x5584f936a9b0;  1 drivers
v0x5584f9353b90_0 .net "Cin", 0 0, L_0x5584f936ab90;  1 drivers
v0x5584f9353c30_0 .net "Sum", 0 0, L_0x5584f936a800;  1 drivers
v0x5584f9353cf0_0 .net *"_s0", 0 0, L_0x5584f936a790;  1 drivers
S_0x5584f9353ea0 .scope module, "f11" "FullAdder" 4 105, 4 1 0, S_0x5584f9352ac0;
 .timescale 0 0;
    .port_info 0 /INPUT 1 "A"
    .port_info 1 /INPUT 1 "B"
    .port_info 2 /INPUT 1 "Cin"
    .port_info 3 /OUTPUT 1 "Sum"
L_0x5584f936ac80 .functor XOR 1, L_0x5584f936ade0, L_0x5584f936afd0, C4<0>, C4<0>;
L_0x5584f936acf0 .functor XOR 1, L_0x5584f936ac80, L_0x5584f936b0c0, C4<0>, C4<0>;
v0x5584f9354110_0 .net "A", 0 0, L_0x5584f936ade0;  1 drivers
v0x5584f93541d0_0 .net "B", 0 0, L_0x5584f936afd0;  1 drivers
v0x5584f9354290_0 .net "Cin", 0 0, L_0x5584f936b0c0;  1 drivers
v0x5584f9354360_0 .net "Sum", 0 0, L_0x5584f936acf0;  1 drivers
v0x5584f9354420_0 .net *"_s0", 0 0, L_0x5584f936ac80;  1 drivers
S_0x5584f93545d0 .scope module, "f12" "FullAdder" 4 106, 4 1 0, S_0x5584f9352ac0;
 .timescale 0 0;
    .port_info 0 /INPUT 1 "A"
    .port_info 1 /INPUT 1 "B"
    .port_info 2 /INPUT 1 "Cin"
    .port_info 3 /OUTPUT 1 "Sum"
L_0x5584f936b2c0 .functor XOR 1, L_0x5584f936b420, L_0x5584f936b510, C4<0>, C4<0>;
L_0x5584f936b330 .functor XOR 1, L_0x5584f936b2c0, L_0x5584f936b720, C4<0>, C4<0>;
v0x5584f9354810_0 .net "A", 0 0, L_0x5584f936b420;  1 drivers
v0x5584f93548f0_0 .net "B", 0 0, L_0x5584f936b510;  1 drivers
v0x5584f93549b0_0 .net "Cin", 0 0, L_0x5584f936b720;  1 drivers
v0x5584f9354a80_0 .net "Sum", 0 0, L_0x5584f936b330;  1 drivers
v0x5584f9354b40_0 .net *"_s0", 0 0, L_0x5584f936b2c0;  1 drivers
S_0x5584f9354cf0 .scope module, "f13" "FullAdder" 4 107, 4 1 0, S_0x5584f9352ac0;
 .timescale 0 0;
    .port_info 0 /INPUT 1 "A"
    .port_info 1 /INPUT 1 "B"
    .port_info 2 /INPUT 1 "Cin"
    .port_info 3 /OUTPUT 1 "Sum"
L_0x5584f936b810 .functor XOR 1, L_0x5584f936b970, L_0x5584f936b600, C4<0>, C4<0>;
L_0x5584f936b880 .functor XOR 1, L_0x5584f936b810, L_0x5584f936bb90, C4<0>, C4<0>;
v0x5584f9354f80_0 .net "A", 0 0, L_0x5584f936b970;  1 drivers
v0x5584f9355060_0 .net "B", 0 0, L_0x5584f936b600;  1 drivers
v0x5584f9355120_0 .net "Cin", 0 0, L_0x5584f936bb90;  1 drivers
v0x5584f93551c0_0 .net "Sum", 0 0, L_0x5584f936b880;  1 drivers
v0x5584f9355280_0 .net *"_s0", 0 0, L_0x5584f936b810;  1 drivers
S_0x5584f9355430 .scope module, "f14" "FullAdder" 4 108, 4 1 0, S_0x5584f9352ac0;
 .timescale 0 0;
    .port_info 0 /INPUT 1 "A"
    .port_info 1 /INPUT 1 "B"
    .port_info 2 /INPUT 1 "Cin"
    .port_info 3 /OUTPUT 1 "Sum"
L_0x5584f936bdc0 .functor XOR 1, L_0x5584f936bef0, L_0x5584f936bfe0, C4<0>, C4<0>;
L_0x5584f936be30 .functor XOR 1, L_0x5584f936bdc0, L_0x5584f936c220, C4<0>, C4<0>;
v0x5584f9355670_0 .net "A", 0 0, L_0x5584f936bef0;  1 drivers
v0x5584f9355750_0 .net "B", 0 0, L_0x5584f936bfe0;  1 drivers
v0x5584f9355810_0 .net "Cin", 0 0, L_0x5584f936c220;  1 drivers
v0x5584f93558e0_0 .net "Sum", 0 0, L_0x5584f936be30;  1 drivers
v0x5584f93559a0_0 .net *"_s0", 0 0, L_0x5584f936bdc0;  1 drivers
S_0x5584f9355b50 .scope module, "f15" "FullAdder" 4 109, 4 1 0, S_0x5584f9352ac0;
 .timescale 0 0;
    .port_info 0 /INPUT 1 "A"
    .port_info 1 /INPUT 1 "B"
    .port_info 2 /INPUT 1 "Cin"
    .port_info 3 /OUTPUT 1 "Sum"
L_0x5584f936c310 .functor XOR 1, L_0x5584f936c470, L_0x5584f936c6c0, C4<0>, C4<0>;
L_0x5584f936c380 .functor XOR 1, L_0x5584f936c310, L_0x5584f936c7b0, C4<0>, C4<0>;
v0x5584f9355d90_0 .net "A", 0 0, L_0x5584f936c470;  1 drivers
v0x5584f9355e70_0 .net "B", 0 0, L_0x5584f936c6c0;  1 drivers
v0x5584f9355f30_0 .net "Cin", 0 0, L_0x5584f936c7b0;  1 drivers
v0x5584f9356000_0 .net "Sum", 0 0, L_0x5584f936c380;  1 drivers
v0x5584f93560c0_0 .net *"_s0", 0 0, L_0x5584f936c310;  1 drivers
S_0x5584f9356270 .scope module, "f16" "FullAdder" 4 110, 4 1 0, S_0x5584f9352ac0;
 .timescale 0 0;
    .port_info 0 /INPUT 1 "A"
    .port_info 1 /INPUT 1 "B"
    .port_info 2 /INPUT 1 "Cin"
    .port_info 3 /OUTPUT 1 "Sum"
L_0x5584f936ca10 .functor XOR 1, L_0x5584f936cb70, L_0x5584f936cc60, C4<0>, C4<0>;
L_0x5584f936ca80 .functor XOR 1, L_0x5584f936ca10, L_0x5584f936ced0, C4<0>, C4<0>;
v0x5584f93564b0_0 .net "A", 0 0, L_0x5584f936cb70;  1 drivers
v0x5584f9356590_0 .net "B", 0 0, L_0x5584f936cc60;  1 drivers
v0x5584f9356650_0 .net "Cin", 0 0, L_0x5584f936ced0;  1 drivers
v0x5584f9356720_0 .net "Sum", 0 0, L_0x5584f936ca80;  1 drivers
v0x5584f93567e0_0 .net *"_s0", 0 0, L_0x5584f936ca10;  1 drivers
S_0x5584f9356990 .scope module, "f17" "FullAdder" 4 111, 4 1 0, S_0x5584f9352ac0;
 .timescale 0 0;
    .port_info 0 /INPUT 1 "A"
    .port_info 1 /INPUT 1 "B"
    .port_info 2 /INPUT 1 "Cin"
    .port_info 3 /OUTPUT 1 "Sum"
L_0x5584f936cfc0 .functor XOR 1, L_0x5584f936d120, L_0x5584f936d3a0, C4<0>, C4<0>;
L_0x5584f936d030 .functor XOR 1, L_0x5584f936cfc0, L_0x5584f936d490, C4<0>, C4<0>;
v0x5584f9356bd0_0 .net "A", 0 0, L_0x5584f936d120;  1 drivers
v0x5584f9356cb0_0 .net "B", 0 0, L_0x5584f936d3a0;  1 drivers
v0x5584f9356d70_0 .net "Cin", 0 0, L_0x5584f936d490;  1 drivers
v0x5584f9356e40_0 .net "Sum", 0 0, L_0x5584f936d030;  1 drivers
v0x5584f9356f00_0 .net *"_s0", 0 0, L_0x5584f936cfc0;  1 drivers
S_0x5584f9357060 .scope module, "f18" "FullAdder" 4 112, 4 1 0, S_0x5584f9352ac0;
 .timescale 0 0;
    .port_info 0 /INPUT 1 "A"
    .port_info 1 /INPUT 1 "B"
    .port_info 2 /INPUT 1 "Cin"
    .port_info 3 /OUTPUT 1 "Sum"
L_0x5584f936d720 .functor XOR 1, L_0x5584f936d880, L_0x5584f936d970, C4<0>, C4<0>;
L_0x5584f936d790 .functor XOR 1, L_0x5584f936d720, L_0x5584f936dc10, C4<0>, C4<0>;
v0x5584f93572a0_0 .net "A", 0 0, L_0x5584f936d880;  1 drivers
v0x5584f9357380_0 .net "B", 0 0, L_0x5584f936d970;  1 drivers
v0x5584f9357440_0 .net "Cin", 0 0, L_0x5584f936dc10;  1 drivers
v0x5584f9357510_0 .net "Sum", 0 0, L_0x5584f936d790;  1 drivers
v0x5584f93575d0_0 .net *"_s0", 0 0, L_0x5584f936d720;  1 drivers
S_0x5584f9357780 .scope module, "f19" "FullAdder" 4 113, 4 1 0, S_0x5584f9352ac0;
 .timescale 0 0;
    .port_info 0 /INPUT 1 "A"
    .port_info 1 /INPUT 1 "B"
    .port_info 2 /INPUT 1 "Cin"
    .port_info 3 /OUTPUT 1 "Sum"
L_0x5584f936dd00 .functor XOR 1, L_0x5584f936de60, L_0x5584f936e110, C4<0>, C4<0>;
L_0x5584f936dd70 .functor XOR 1, L_0x5584f936dd00, L_0x5584f936e200, C4<0>, C4<0>;
v0x5584f93579c0_0 .net "A", 0 0, L_0x5584f936de60;  1 drivers
v0x5584f9357aa0_0 .net "B", 0 0, L_0x5584f936e110;  1 drivers
v0x5584f9357b60_0 .net "Cin", 0 0, L_0x5584f936e200;  1 drivers
v0x5584f9357c30_0 .net "Sum", 0 0, L_0x5584f936dd70;  1 drivers
v0x5584f9357cf0_0 .net *"_s0", 0 0, L_0x5584f936dd00;  1 drivers
S_0x5584f9357ea0 .scope module, "f2" "FullAdder" 4 96, 4 1 0, S_0x5584f9352ac0;
 .timescale 0 0;
    .port_info 0 /INPUT 1 "A"
    .port_info 1 /INPUT 1 "B"
    .port_info 2 /INPUT 1 "Cin"
    .port_info 3 /OUTPUT 1 "Sum"
L_0x5584f9368020 .functor XOR 1, L_0x5584f9368150, L_0x5584f9368240, C4<0>, C4<0>;
L_0x5584f9368090 .functor XOR 1, L_0x5584f9368020, L_0x5584f9368370, C4<0>, C4<0>;
v0x5584f93580e0_0 .net "A", 0 0, L_0x5584f9368150;  1 drivers
v0x5584f93581c0_0 .net "B", 0 0, L_0x5584f9368240;  1 drivers
v0x5584f9358280_0 .net "Cin", 0 0, L_0x5584f9368370;  1 drivers
v0x5584f9358350_0 .net "Sum", 0 0, L_0x5584f9368090;  1 drivers
v0x5584f9358410_0 .net *"_s0", 0 0, L_0x5584f9368020;  1 drivers
S_0x5584f93585c0 .scope module, "f20" "FullAdder" 4 114, 4 1 0, S_0x5584f9352ac0;
 .timescale 0 0;
    .port_info 0 /INPUT 1 "A"
    .port_info 1 /INPUT 1 "B"
    .port_info 2 /INPUT 1 "Cin"
    .port_info 3 /OUTPUT 1 "Sum"
L_0x5584f936e4c0 .functor XOR 1, L_0x5584f936e620, L_0x5584f936e710, C4<0>, C4<0>;
L_0x5584f936e530 .functor XOR 1, L_0x5584f936e4c0, L_0x5584f936e9e0, C4<0>, C4<0>;
v0x5584f9358800_0 .net "A", 0 0, L_0x5584f936e620;  1 drivers
v0x5584f93588e0_0 .net "B", 0 0, L_0x5584f936e710;  1 drivers
v0x5584f93589a0_0 .net "Cin", 0 0, L_0x5584f936e9e0;  1 drivers
v0x5584f9358a70_0 .net "Sum", 0 0, L_0x5584f936e530;  1 drivers
v0x5584f9358b30_0 .net *"_s0", 0 0, L_0x5584f936e4c0;  1 drivers
S_0x5584f9358ce0 .scope module, "f21" "FullAdder" 4 115, 4 1 0, S_0x5584f9352ac0;
 .timescale 0 0;
    .port_info 0 /INPUT 1 "A"
    .port_info 1 /INPUT 1 "B"
    .port_info 2 /INPUT 1 "Cin"
    .port_info 3 /OUTPUT 1 "Sum"
L_0x5584f936ead0 .functor XOR 1, L_0x5584f936ec30, L_0x5584f936ef10, C4<0>, C4<0>;
L_0x5584f936eb40 .functor XOR 1, L_0x5584f936ead0, L_0x5584f936f000, C4<0>, C4<0>;
v0x5584f9358f20_0 .net "A", 0 0, L_0x5584f936ec30;  1 drivers
v0x5584f9359000_0 .net "B", 0 0, L_0x5584f936ef10;  1 drivers
v0x5584f93590c0_0 .net "Cin", 0 0, L_0x5584f936f000;  1 drivers
v0x5584f9359190_0 .net "Sum", 0 0, L_0x5584f936eb40;  1 drivers
v0x5584f9359250_0 .net *"_s0", 0 0, L_0x5584f936ead0;  1 drivers
S_0x5584f9359400 .scope module, "f22" "FullAdder" 4 116, 4 1 0, S_0x5584f9352ac0;
 .timescale 0 0;
    .port_info 0 /INPUT 1 "A"
    .port_info 1 /INPUT 1 "B"
    .port_info 2 /INPUT 1 "Cin"
    .port_info 3 /OUTPUT 1 "Sum"
L_0x5584f936f2f0 .functor XOR 1, L_0x5584f936f450, L_0x5584f936f540, C4<0>, C4<0>;
L_0x5584f936f360 .functor XOR 1, L_0x5584f936f2f0, L_0x5584f936f840, C4<0>, C4<0>;
v0x5584f9359640_0 .net "A", 0 0, L_0x5584f936f450;  1 drivers
v0x5584f9359720_0 .net "B", 0 0, L_0x5584f936f540;  1 drivers
v0x5584f93597e0_0 .net "Cin", 0 0, L_0x5584f936f840;  1 drivers
v0x5584f93598b0_0 .net "Sum", 0 0, L_0x5584f936f360;  1 drivers
v0x5584f9359970_0 .net *"_s0", 0 0, L_0x5584f936f2f0;  1 drivers
S_0x5584f9359b20 .scope module, "f23" "FullAdder" 4 117, 4 1 0, S_0x5584f9352ac0;
 .timescale 0 0;
    .port_info 0 /INPUT 1 "A"
    .port_info 1 /INPUT 1 "B"
    .port_info 2 /INPUT 1 "Cin"
    .port_info 3 /OUTPUT 1 "Sum"
L_0x5584f936f930 .functor XOR 1, L_0x5584f936fa90, L_0x5584f936fda0, C4<0>, C4<0>;
L_0x5584f936f9a0 .functor XOR 1, L_0x5584f936f930, L_0x5584f936fe90, C4<0>, C4<0>;
v0x5584f9359d60_0 .net "A", 0 0, L_0x5584f936fa90;  1 drivers
v0x5584f9359e40_0 .net "B", 0 0, L_0x5584f936fda0;  1 drivers
v0x5584f9359f00_0 .net "Cin", 0 0, L_0x5584f936fe90;  1 drivers
v0x5584f9359fd0_0 .net "Sum", 0 0, L_0x5584f936f9a0;  1 drivers
v0x5584f935a090_0 .net *"_s0", 0 0, L_0x5584f936f930;  1 drivers
S_0x5584f935a240 .scope module, "f24" "FullAdder" 4 118, 4 1 0, S_0x5584f9352ac0;
 .timescale 0 0;
    .port_info 0 /INPUT 1 "A"
    .port_info 1 /INPUT 1 "B"
    .port_info 2 /INPUT 1 "Cin"
    .port_info 3 /OUTPUT 1 "Sum"
L_0x5584f93701b0 .functor XOR 1, L_0x5584f9370310, L_0x5584f9370400, C4<0>, C4<0>;
L_0x5584f9370220 .functor XOR 1, L_0x5584f93701b0, L_0x5584f9370730, C4<0>, C4<0>;
v0x5584f935a480_0 .net "A", 0 0, L_0x5584f9370310;  1 drivers
v0x5584f935a560_0 .net "B", 0 0, L_0x5584f9370400;  1 drivers
v0x5584f935a620_0 .net "Cin", 0 0, L_0x5584f9370730;  1 drivers
v0x5584f935a6f0_0 .net "Sum", 0 0, L_0x5584f9370220;  1 drivers
v0x5584f935a7b0_0 .net *"_s0", 0 0, L_0x5584f93701b0;  1 drivers
S_0x5584f935a960 .scope module, "f25" "FullAdder" 4 119, 4 1 0, S_0x5584f9352ac0;
 .timescale 0 0;
    .port_info 0 /INPUT 1 "A"
    .port_info 1 /INPUT 1 "B"
    .port_info 2 /INPUT 1 "Cin"
    .port_info 3 /OUTPUT 1 "Sum"
L_0x5584f9370820 .functor XOR 1, L_0x5584f9370980, L_0x5584f9370cc0, C4<0>, C4<0>;
L_0x5584f9370890 .functor XOR 1, L_0x5584f9370820, L_0x5584f9370db0, C4<0>, C4<0>;
v0x5584f935aba0_0 .net "A", 0 0, L_0x5584f9370980;  1 drivers
v0x5584f935ac80_0 .net "B", 0 0, L_0x5584f9370cc0;  1 drivers
v0x5584f935ad40_0 .net "Cin", 0 0, L_0x5584f9370db0;  1 drivers
v0x5584f935ae10_0 .net "Sum", 0 0, L_0x5584f9370890;  1 drivers
v0x5584f935aed0_0 .net *"_s0", 0 0, L_0x5584f9370820;  1 drivers
S_0x5584f935b080 .scope module, "f26" "FullAdder" 4 120, 4 1 0, S_0x5584f9352ac0;
 .timescale 0 0;
    .port_info 0 /INPUT 1 "A"
    .port_info 1 /INPUT 1 "B"
    .port_info 2 /INPUT 1 "Cin"
    .port_info 3 /OUTPUT 1 "Sum"
L_0x5584f9371100 .functor XOR 1, L_0x5584f9371260, L_0x5584f9371350, C4<0>, C4<0>;
L_0x5584f9371170 .functor XOR 1, L_0x5584f9371100, L_0x5584f93716b0, C4<0>, C4<0>;
v0x5584f935b2c0_0 .net "A", 0 0, L_0x5584f9371260;  1 drivers
v0x5584f935b3a0_0 .net "B", 0 0, L_0x5584f9371350;  1 drivers
v0x5584f935b460_0 .net "Cin", 0 0, L_0x5584f93716b0;  1 drivers
v0x5584f935b530_0 .net "Sum", 0 0, L_0x5584f9371170;  1 drivers
v0x5584f935b5f0_0 .net *"_s0", 0 0, L_0x5584f9371100;  1 drivers
S_0x5584f935b7a0 .scope module, "f27" "FullAdder" 4 121, 4 1 0, S_0x5584f9352ac0;
 .timescale 0 0;
    .port_info 0 /INPUT 1 "A"
    .port_info 1 /INPUT 1 "B"
    .port_info 2 /INPUT 1 "Cin"
    .port_info 3 /OUTPUT 1 "Sum"
L_0x5584f93717a0 .functor XOR 1, L_0x5584f9371900, L_0x5584f9371c70, C4<0>, C4<0>;
L_0x5584f9371810 .functor XOR 1, L_0x5584f93717a0, L_0x5584f9371d60, C4<0>, C4<0>;
v0x5584f935b9e0_0 .net "A", 0 0, L_0x5584f9371900;  1 drivers
v0x5584f935bac0_0 .net "B", 0 0, L_0x5584f9371c70;  1 drivers
v0x5584f935bb80_0 .net "Cin", 0 0, L_0x5584f9371d60;  1 drivers
v0x5584f935bc50_0 .net "Sum", 0 0, L_0x5584f9371810;  1 drivers
v0x5584f935bd10_0 .net *"_s0", 0 0, L_0x5584f93717a0;  1 drivers
S_0x5584f935bec0 .scope module, "f28" "FullAdder" 4 122, 4 1 0, S_0x5584f9352ac0;
 .timescale 0 0;
    .port_info 0 /INPUT 1 "A"
    .port_info 1 /INPUT 1 "B"
    .port_info 2 /INPUT 1 "Cin"
    .port_info 3 /OUTPUT 1 "Sum"
L_0x5584f93720e0 .functor XOR 1, L_0x5584f9372240, L_0x5584f9372330, C4<0>, C4<0>;
L_0x5584f9372150 .functor XOR 1, L_0x5584f93720e0, L_0x5584f93726c0, C4<0>, C4<0>;
v0x5584f935c100_0 .net "A", 0 0, L_0x5584f9372240;  1 drivers
v0x5584f935c1e0_0 .net "B", 0 0, L_0x5584f9372330;  1 drivers
v0x5584f935c2a0_0 .net "Cin", 0 0, L_0x5584f93726c0;  1 drivers
v0x5584f935c370_0 .net "Sum", 0 0, L_0x5584f9372150;  1 drivers
v0x5584f935c430_0 .net *"_s0", 0 0, L_0x5584f93720e0;  1 drivers
S_0x5584f935c5e0 .scope module, "f29" "FullAdder" 4 123, 4 1 0, S_0x5584f9352ac0;
 .timescale 0 0;
    .port_info 0 /INPUT 1 "A"
    .port_info 1 /INPUT 1 "B"
    .port_info 2 /INPUT 1 "Cin"
    .port_info 3 /OUTPUT 1 "Sum"
L_0x5584f93727b0 .functor XOR 1, L_0x5584f9372910, L_0x5584f9372cb0, C4<0>, C4<0>;
L_0x5584f9372820 .functor XOR 1, L_0x5584f93727b0, L_0x5584f9372da0, C4<0>, C4<0>;
v0x5584f935c820_0 .net "A", 0 0, L_0x5584f9372910;  1 drivers
v0x5584f935c900_0 .net "B", 0 0, L_0x5584f9372cb0;  1 drivers
v0x5584f935c9c0_0 .net "Cin", 0 0, L_0x5584f9372da0;  1 drivers
v0x5584f935ca90_0 .net "Sum", 0 0, L_0x5584f9372820;  1 drivers
v0x5584f935cb50_0 .net *"_s0", 0 0, L_0x5584f93727b0;  1 drivers
S_0x5584f935cd00 .scope module, "f3" "FullAdder" 4 97, 4 1 0, S_0x5584f9352ac0;
 .timescale 0 0;
    .port_info 0 /INPUT 1 "A"
    .port_info 1 /INPUT 1 "B"
    .port_info 2 /INPUT 1 "Cin"
    .port_info 3 /OUTPUT 1 "Sum"
L_0x5584f9368410 .functor XOR 1, L_0x5584f9368540, L_0x5584f9368670, C4<0>, C4<0>;
L_0x5584f9368480 .functor XOR 1, L_0x5584f9368410, L_0x5584f9368760, C4<0>, C4<0>;
v0x5584f935cf40_0 .net "A", 0 0, L_0x5584f9368540;  1 drivers
v0x5584f935d020_0 .net "B", 0 0, L_0x5584f9368670;  1 drivers
v0x5584f935d0e0_0 .net "Cin", 0 0, L_0x5584f9368760;  1 drivers
v0x5584f935d1b0_0 .net "Sum", 0 0, L_0x5584f9368480;  1 drivers
v0x5584f935d270_0 .net *"_s0", 0 0, L_0x5584f9368410;  1 drivers
S_0x5584f935d420 .scope module, "f30" "FullAdder" 4 124, 4 1 0, S_0x5584f9352ac0;
 .timescale 0 0;
    .port_info 0 /INPUT 1 "A"
    .port_info 1 /INPUT 1 "B"
    .port_info 2 /INPUT 1 "Cin"
    .port_info 3 /OUTPUT 1 "Sum"
L_0x5584f9373150 .functor XOR 1, L_0x5584f9373280, L_0x5584f9373370, C4<0>, C4<0>;
L_0x5584f93731c0 .functor XOR 1, L_0x5584f9373150, L_0x5584f9373b40, C4<0>, C4<0>;
v0x5584f935d660_0 .net "A", 0 0, L_0x5584f9373280;  1 drivers
v0x5584f935d740_0 .net "B", 0 0, L_0x5584f9373370;  1 drivers
v0x5584f935d800_0 .net "Cin", 0 0, L_0x5584f9373b40;  1 drivers
v0x5584f935d8d0_0 .net "Sum", 0 0, L_0x5584f93731c0;  1 drivers
v0x5584f935d990_0 .net *"_s0", 0 0, L_0x5584f9373150;  1 drivers
S_0x5584f935db40 .scope module, "f31" "FullAdder" 4 125, 4 1 0, S_0x5584f9352ac0;
 .timescale 0 0;
    .port_info 0 /INPUT 1 "A"
    .port_info 1 /INPUT 1 "B"
    .port_info 2 /INPUT 1 "Cin"
    .port_info 3 /OUTPUT 1 "Sum"
L_0x5584f9373c30 .functor XOR 1, L_0x5584f9373d60, L_0x5584f9374130, C4<0>, C4<0>;
L_0x5584f9373ca0 .functor XOR 1, L_0x5584f9373c30, L_0x5584f9374220, C4<0>, C4<0>;
v0x5584f935dd80_0 .net "A", 0 0, L_0x5584f9373d60;  1 drivers
v0x5584f935de60_0 .net "B", 0 0, L_0x5584f9374130;  1 drivers
v0x5584f935df20_0 .net "Cin", 0 0, L_0x5584f9374220;  1 drivers
v0x5584f935dff0_0 .net "Sum", 0 0, L_0x5584f9373ca0;  1 drivers
v0x5584f935e0b0_0 .net *"_s0", 0 0, L_0x5584f9373c30;  1 drivers
S_0x5584f935e260 .scope module, "f32" "FullAdder" 4 126, 4 1 0, S_0x5584f9352ac0;
 .timescale 0 0;
    .port_info 0 /INPUT 1 "A"
    .port_info 1 /INPUT 1 "B"
    .port_info 2 /INPUT 1 "Cin"
    .port_info 3 /OUTPUT 1 "Sum"
L_0x5584f9374600 .functor XOR 1, L_0x5584f9374730, L_0x5584f9374820, C4<0>, C4<0>;
L_0x5584f9374670 .functor XOR 1, L_0x5584f9374600, L_0x5584f9374c10, C4<0>, C4<0>;
v0x5584f935e4a0_0 .net "A", 0 0, L_0x5584f9374730;  1 drivers
v0x5584f935e580_0 .net "B", 0 0, L_0x5584f9374820;  1 drivers
v0x5584f935e640_0 .net "Cin", 0 0, L_0x5584f9374c10;  1 drivers
v0x5584f935e710_0 .net "Sum", 0 0, L_0x5584f9374670;  1 drivers
v0x5584f935e7d0_0 .net *"_s0", 0 0, L_0x5584f9374600;  1 drivers
S_0x5584f935e980 .scope module, "f4" "FullAdder" 4 98, 4 1 0, S_0x5584f9352ac0;
 .timescale 0 0;
    .port_info 0 /INPUT 1 "A"
    .port_info 1 /INPUT 1 "B"
    .port_info 2 /INPUT 1 "Cin"
    .port_info 3 /OUTPUT 1 "Sum"
L_0x5584f93688f0 .functor XOR 1, L_0x5584f9368a20, L_0x5584f9368b10, C4<0>, C4<0>;
L_0x5584f9368960 .functor XOR 1, L_0x5584f93688f0, L_0x5584f9368c60, C4<0>, C4<0>;
v0x5584f935ebc0_0 .net "A", 0 0, L_0x5584f9368a20;  1 drivers
v0x5584f935eca0_0 .net "B", 0 0, L_0x5584f9368b10;  1 drivers
v0x5584f935ed60_0 .net "Cin", 0 0, L_0x5584f9368c60;  1 drivers
v0x5584f935ee30_0 .net "Sum", 0 0, L_0x5584f9368960;  1 drivers
v0x5584f935eef0_0 .net *"_s0", 0 0, L_0x5584f93688f0;  1 drivers
S_0x5584f935f0a0 .scope module, "f5" "FullAdder" 4 99, 4 1 0, S_0x5584f9352ac0;
 .timescale 0 0;
    .port_info 0 /INPUT 1 "A"
    .port_info 1 /INPUT 1 "B"
    .port_info 2 /INPUT 1 "Cin"
    .port_info 3 /OUTPUT 1 "Sum"
L_0x5584f9368d00 .functor XOR 1, L_0x5584f9368e30, L_0x5584f9368f90, C4<0>, C4<0>;
L_0x5584f9368d70 .functor XOR 1, L_0x5584f9368d00, L_0x5584f9369080, C4<0>, C4<0>;
v0x5584f935f2e0_0 .net "A", 0 0, L_0x5584f9368e30;  1 drivers
v0x5584f935f3c0_0 .net "B", 0 0, L_0x5584f9368f90;  1 drivers
v0x5584f935f480_0 .net "Cin", 0 0, L_0x5584f9369080;  1 drivers
v0x5584f935f550_0 .net "Sum", 0 0, L_0x5584f9368d70;  1 drivers
v0x5584f935f610_0 .net *"_s0", 0 0, L_0x5584f9368d00;  1 drivers
S_0x5584f935f7c0 .scope module, "f6" "FullAdder" 4 100, 4 1 0, S_0x5584f9352ac0;
 .timescale 0 0;
    .port_info 0 /INPUT 1 "A"
    .port_info 1 /INPUT 1 "B"
    .port_info 2 /INPUT 1 "Cin"
    .port_info 3 /OUTPUT 1 "Sum"
L_0x5584f9368f20 .functor XOR 1, L_0x5584f93692f0, L_0x5584f93693e0, C4<0>, C4<0>;
L_0x5584f9369280 .functor XOR 1, L_0x5584f9368f20, L_0x5584f9369670, C4<0>, C4<0>;
v0x5584f935fa00_0 .net "A", 0 0, L_0x5584f93692f0;  1 drivers
v0x5584f935fae0_0 .net "B", 0 0, L_0x5584f93693e0;  1 drivers
v0x5584f935fba0_0 .net "Cin", 0 0, L_0x5584f9369670;  1 drivers
v0x5584f935fc70_0 .net "Sum", 0 0, L_0x5584f9369280;  1 drivers
v0x5584f935fd30_0 .net *"_s0", 0 0, L_0x5584f9368f20;  1 drivers
S_0x5584f935fee0 .scope module, "f7" "FullAdder" 4 101, 4 1 0, S_0x5584f9352ac0;
 .timescale 0 0;
    .port_info 0 /INPUT 1 "A"
    .port_info 1 /INPUT 1 "B"
    .port_info 2 /INPUT 1 "Cin"
    .port_info 3 /OUTPUT 1 "Sum"
L_0x5584f9369760 .functor XOR 1, L_0x5584f9369890, L_0x5584f9369a20, C4<0>, C4<0>;
L_0x5584f93697d0 .functor XOR 1, L_0x5584f9369760, L_0x5584f9369b10, C4<0>, C4<0>;
v0x5584f9360120_0 .net "A", 0 0, L_0x5584f9369890;  1 drivers
v0x5584f9360200_0 .net "B", 0 0, L_0x5584f9369a20;  1 drivers
v0x5584f93602c0_0 .net "Cin", 0 0, L_0x5584f9369b10;  1 drivers
v0x5584f9360390_0 .net "Sum", 0 0, L_0x5584f93697d0;  1 drivers
v0x5584f9360450_0 .net *"_s0", 0 0, L_0x5584f9369760;  1 drivers
S_0x5584f9360600 .scope module, "f8" "FullAdder" 4 102, 4 1 0, S_0x5584f9352ac0;
 .timescale 0 0;
    .port_info 0 /INPUT 1 "A"
    .port_info 1 /INPUT 1 "B"
    .port_info 2 /INPUT 1 "Cin"
    .port_info 3 /OUTPUT 1 "Sum"
L_0x5584f9369cb0 .functor XOR 1, L_0x5584f9369980, L_0x5584f9369e30, C4<0>, C4<0>;
L_0x5584f9369d20 .functor XOR 1, L_0x5584f9369cb0, L_0x5584f9369fe0, C4<0>, C4<0>;
v0x5584f9360840_0 .net "A", 0 0, L_0x5584f9369980;  1 drivers
v0x5584f9360920_0 .net "B", 0 0, L_0x5584f9369e30;  1 drivers
v0x5584f93609e0_0 .net "Cin", 0 0, L_0x5584f9369fe0;  1 drivers
v0x5584f9360ab0_0 .net "Sum", 0 0, L_0x5584f9369d20;  1 drivers
v0x5584f9360b70_0 .net *"_s0", 0 0, L_0x5584f9369cb0;  1 drivers
S_0x5584f9360d20 .scope module, "f9" "FullAdder" 4 103, 4 1 0, S_0x5584f9352ac0;
 .timescale 0 0;
    .port_info 0 /INPUT 1 "A"
    .port_info 1 /INPUT 1 "B"
    .port_info 2 /INPUT 1 "Cin"
    .port_info 3 /OUTPUT 1 "Sum"
L_0x5584f936a0d0 .functor XOR 1, L_0x5584f936a200, L_0x5584f936a3c0, C4<0>, C4<0>;
L_0x5584f936a140 .functor XOR 1, L_0x5584f936a0d0, L_0x5584f936a4b0, C4<0>, C4<0>;
v0x5584f9360f60_0 .net "A", 0 0, L_0x5584f936a200;  1 drivers
v0x5584f9361040_0 .net "B", 0 0, L_0x5584f936a3c0;  1 drivers
v0x5584f9361100_0 .net "Cin", 0 0, L_0x5584f936a4b0;  1 drivers
v0x5584f93611d0_0 .net "Sum", 0 0, L_0x5584f936a140;  1 drivers
v0x5584f9361290_0 .net *"_s0", 0 0, L_0x5584f936a0d0;  1 drivers
S_0x5584f9363940 .scope module, "SP1" "Split" 2 17, 5 1 0, S_0x5584f9303f60;
 .timescale 0 0;
    .port_info 0 /INPUT 32 "A"
    .port_info 1 /OUTPUT 1 "sign"
    .port_info 2 /OUTPUT 8 "exp"
    .port_info 3 /OUTPUT 23 "man"
v0x5584f9363b60_0 .net "A", 31 0, v0x5584f9364b70_0;  alias, 1 drivers
v0x5584f9363c40_0 .net "exp", 7 0, L_0x5584f93669e0;  alias, 1 drivers
v0x5584f9363d20_0 .net "man", 22 0, L_0x5584f9366ad0;  alias, 1 drivers
v0x5584f9363e10_0 .net "sign", 0 0, L_0x5584f93668d0;  alias, 1 drivers
L_0x5584f93668d0 .part v0x5584f9364b70_0, 31, 1;
L_0x5584f93669e0 .part v0x5584f9364b70_0, 23, 8;
L_0x5584f9366ad0 .part v0x5584f9364b70_0, 0, 23;
S_0x5584f9363f80 .scope module, "SP2" "Split" 2 18, 5 1 0, S_0x5584f9303f60;
 .timescale 0 0;
    .port_info 0 /INPUT 32 "A"
    .port_info 1 /OUTPUT 1 "sign"
    .port_info 2 /OUTPUT 8 "exp"
    .port_info 3 /OUTPUT 23 "man"
v0x5584f93641c0_0 .net "A", 31 0, v0x5584f9364c60_0;  alias, 1 drivers
v0x5584f93642c0_0 .net "exp", 7 0, L_0x5584f9366c80;  alias, 1 drivers
v0x5584f93643a0_0 .net "man", 22 0, L_0x5584f9366e00;  alias, 1 drivers
v0x5584f9364490_0 .net "sign", 0 0, L_0x5584f9366b70;  alias, 1 drivers
L_0x5584f9366b70 .part v0x5584f9364c60_0, 31, 1;
L_0x5584f9366c80 .part v0x5584f9364c60_0, 23, 8;
L_0x5584f9366e00 .part v0x5584f9364c60_0, 0, 23;
S_0x5584f9364600 .scope module, "SW" "Swap" 2 11, 6 1 0, S_0x5584f9303f60;
 .timescale 0 0;
    .port_info 0 /INPUT 32 "in1"
    .port_info 1 /INPUT 32 "in2"
    .port_info 2 /OUTPUT 32 "out1"
    .port_info 3 /OUTPUT 32 "out2"
L_0x5584f93667c0 .functor OR 32, v0x5584f93653e0_0, v0x5584f93654b0_0, C4<00000000000000000000000000000000>, C4<00000000000000000000000000000000>;
v0x5584f93648d0_0 .net *"_s1", 31 0, L_0x5584f93667c0;  1 drivers
v0x5584f93649d0_0 .net "in1", 31 0, v0x5584f93653e0_0;  1 drivers
v0x5584f9364ab0_0 .net "in2", 31 0, v0x5584f93654b0_0;  1 drivers
v0x5584f9364b70_0 .var "out1", 31 0;
v0x5584f9364c60_0 .var "out2", 31 0;
E_0x5584f92eaec0 .event edge, L_0x5584f93667c0;
    .scope S_0x5584f9364600;
T_0 ;
    %wait E_0x5584f92eaec0;
    %load/vec4 v0x5584f93649d0_0;
    %parti/s 31, 0, 2;
    %load/vec4 v0x5584f9364ab0_0;
    %parti/s 31, 0, 2;
    %cmp/u;
    %jmp/0xz  T_0.0, 5;
    %load/vec4 v0x5584f93649d0_0;
    %store/vec4 v0x5584f9364c60_0, 0, 32;
    %load/vec4 v0x5584f9364ab0_0;
    %store/vec4 v0x5584f9364b70_0, 0, 32;
    %jmp T_0.1;
T_0.0 ;
    %load/vec4 v0x5584f93649d0_0;
    %store/vec4 v0x5584f9364b70_0, 0, 32;
    %load/vec4 v0x5584f9364ab0_0;
    %store/vec4 v0x5584f9364c60_0, 0, 32;
T_0.1 ;
    %jmp T_0;
    .thread T_0, $push;
    .scope S_0x5584f9352ac0;
T_1 ;
    %wait E_0x5584f92ea6c0;
    %load/vec4 v0x5584f9361440_0;
    %parti/s 1, 0, 2;
    %load/vec4 v0x5584f9361540_0;
    %parti/s 1, 0, 2;
    %and;
    %load/vec4 v0x5584f9361440_0;
    %parti/s 1, 0, 2;
    %load/vec4 v0x5584f9361c50_0;
    %and;
    %or;
    %load/vec4 v0x5584f9361540_0;
    %parti/s 1, 0, 2;
    %load/vec4 v0x5584f9361c50_0;
    %and;
    %or;
    %ix/load 4, 1, 0;
    %flag_set/imm 4, 0;
    %store/vec4 v0x5584f93618d0_0, 4, 1;
    %load/vec4 v0x5584f9361440_0;
    %parti/s 1, 0, 2;
    %load/vec4 v0x5584f9361540_0;
    %parti/s 1, 0, 2;
    %and;
    %load/vec4 v0x5584f9361440_0;
    %parti/s 1, 0, 2;
    %load/vec4 v0x5584f9361c50_0;
    %and;
    %or;
    %load/vec4 v0x5584f9361540_0;
    %parti/s 1, 0, 2;
    %load/vec4 v0x5584f9361c50_0;
    %and;
    %or;
    %ix/load 4, 0, 0;
    %flag_set/imm 4, 0;
    %store/vec4 v0x5584f93618d0_0, 4, 1;
    %load/vec4 v0x5584f93618d0_0;
    %ix/load 4, 0, 0;
    %flag_set/imm 4, 0;
    %store/vec4a v0x5584f9361e90, 4, 0;
    %pushi/vec4 1, 0, 6;
    %store/vec4 v0x5584f9363790_0, 0, 6;
T_1.0 ;
    %load/vec4 v0x5584f9363790_0;
    %pad/u 32;
    %cmpi/u 31, 0, 32;
    %flag_or 5, 4;
    %jmp/0xz T_1.1, 5;
    %load/vec4 v0x5584f9361440_0;
    %load/vec4 v0x5584f9363790_0;
    %part/u 1;
    %load/vec4 v0x5584f9361540_0;
    %load/vec4 v0x5584f9363790_0;
    %part/u 1;
    %and;
    %ix/load 4, 1, 0;
    %flag_set/imm 4, 0;
    %store/vec4 v0x5584f93618d0_0, 4, 1;
    %load/vec4 v0x5584f9361440_0;
    %load/vec4 v0x5584f9363790_0;
    %part/u 1;
    %load/vec4 v0x5584f9361540_0;
    %load/vec4 v0x5584f9363790_0;
    %part/u 1;
    %or;
    %ix/load 4, 0, 0;
    %flag_set/imm 4, 0;
    %store/vec4 v0x5584f93618d0_0, 4, 1;
    %load/vec4 v0x5584f93618d0_0;
    %load/vec4 v0x5584f9363790_0;
    %pad/u 7;
    %ix/vec4 4;
    %store/vec4a v0x5584f9361e90, 4, 0;
    %load/vec4 v0x5584f9363790_0;
    %addi 1, 0, 6;
    %store/vec4 v0x5584f9363790_0, 0, 6;
    %jmp T_1.0;
T_1.1 ;
    %pushi/vec4 0, 0, 6;
    %store/vec4 v0x5584f93636b0_0, 0, 6;
T_1.2 ;
    %load/vec4 v0x5584f93636b0_0;
    %pad/u 32;
    %cmpi/u 31, 0, 32;
    %flag_or 5, 4;
    %jmp/0xz T_1.3, 5;
    %load/vec4 v0x5584f93636b0_0;
    %pad/u 7;
    %ix/vec4 4;
    %load/vec4a v0x5584f9361e90, 4;
    %load/vec4 v0x5584f93636b0_0;
    %pad/u 7;
    %ix/vec4 4;
    %store/vec4a v0x5584f9362350, 4, 0;
    %load/vec4 v0x5584f93636b0_0;
    %pad/u 7;
    %ix/vec4 4;
    %load/vec4a v0x5584f9361e90, 4;
    %load/vec4 v0x5584f93636b0_0;
    %pad/u 7;
    %ix/vec4 4;
    %store/vec4a v0x5584f9362ef0, 4, 0;
    %load/vec4 v0x5584f93636b0_0;
    %pad/u 7;
    %ix/vec4 4;
    %load/vec4a v0x5584f9361e90, 4;
    %load/vec4 v0x5584f93636b0_0;
    %pad/u 7;
    %ix/vec4 4;
    %store/vec4a v0x5584f9362920, 4, 0;
    %load/vec4 v0x5584f93636b0_0;
    %addi 1, 0, 6;
    %store/vec4 v0x5584f93636b0_0, 0, 6;
    %jmp T_1.2;
T_1.3 ;
    %pushi/vec4 1, 0, 6;
    %store/vec4 v0x5584f93619b0_0, 0, 6;
T_1.4 ;
    %load/vec4 v0x5584f93619b0_0;
    %pad/u 32;
    %cmpi/u 32, 0, 32;
    %jmp/0xz T_1.5, 5;
    %load/vec4 v0x5584f93619b0_0;
    %store/vec4 v0x5584f9361cf0_0, 0, 6;
T_1.6 ;
    %load/vec4 v0x5584f9361cf0_0;
    %pad/u 32;
    %cmpi/u 32, 0, 32;
    %jmp/0xz T_1.7, 5;
    %load/vec4 v0x5584f9361cf0_0;
    %pad/u 7;
    %load/vec4 v0x5584f93619b0_0;
    %pad/u 7;
    %sub;
    %ix/vec4 4;
    %load/vec4a v0x5584f9362920, 4;
    %store/vec4 v0x5584f9361a90_0, 0, 2;
    %load/vec4 v0x5584f9361cf0_0;
    %pad/u 7;
    %ix/vec4 4;
    %load/vec4a v0x5584f9362ef0, 4;
    %store/vec4 v0x5584f9361b70_0, 0, 2;
    %load/vec4 v0x5584f9361a90_0;
    %parti/s 1, 1, 2;
    %load/vec4 v0x5584f9361b70_0;
    %parti/s 1, 0, 2;
    %and;
    %load/vec4 v0x5584f9361b70_0;
    %parti/s 1, 1, 2;
    %or;
    %ix/load 4, 1, 0;
    %flag_set/imm 4, 0;
    %store/vec4 v0x5584f93618d0_0, 4, 1;
    %load/vec4 v0x5584f9361a90_0;
    %parti/s 1, 0, 2;
    %load/vec4 v0x5584f9361b70_0;
    %parti/s 1, 0, 2;
    %and;
    %load/vec4 v0x5584f9361b70_0;
    %parti/s 1, 1, 2;
    %or;
    %ix/load 4, 0, 0;
    %flag_set/imm 4, 0;
    %store/vec4 v0x5584f93618d0_0, 4, 1;
    %load/vec4 v0x5584f93618d0_0;
    %load/vec4 v0x5584f9361cf0_0;
    %pad/u 7;
    %ix/vec4 4;
    %store/vec4a v0x5584f9362350, 4, 0;
    %load/vec4 v0x5584f9361cf0_0;
    %addi 1, 0, 6;
    %store/vec4 v0x5584f9361cf0_0, 0, 6;
    %jmp T_1.6;
T_1.7 ;
    %pushi/vec4 0, 0, 6;
    %store/vec4 v0x5584f9361db0_0, 0, 6;
T_1.8 ;
    %load/vec4 v0x5584f9361db0_0;
    %pad/u 32;
    %cmpi/u 31, 0, 32;
    %flag_or 5, 4;
    %jmp/0xz T_1.9, 5;
    %load/vec4 v0x5584f9361db0_0;
    %pad/u 7;
    %ix/vec4 4;
    %load/vec4a v0x5584f9362350, 4;
    %load/vec4 v0x5584f9361db0_0;
    %pad/u 7;
    %ix/vec4 4;
    %store/vec4a v0x5584f9362920, 4, 0;
    %load/vec4 v0x5584f9361db0_0;
    %pad/u 7;
    %ix/vec4 4;
    %load/vec4a v0x5584f9362350, 4;
    %load/vec4 v0x5584f9361db0_0;
    %pad/u 7;
    %ix/vec4 4;
    %store/vec4a v0x5584f9362ef0, 4, 0;
    %load/vec4 v0x5584f9361db0_0;
    %addi 1, 0, 6;
    %store/vec4 v0x5584f9361db0_0, 0, 6;
    %jmp T_1.8;
T_1.9 ;
    %load/vec4 v0x5584f93619b0_0;
    %ix/load 4, 1, 0;
    %flag_set/imm 4, 0;
    %shiftl 4;
    %store/vec4 v0x5584f93619b0_0, 0, 6;
    %jmp T_1.4;
T_1.5 ;
    %pushi/vec4 0, 0, 6;
    %store/vec4 v0x5584f93634c0_0, 0, 6;
T_1.10 ;
    %load/vec4 v0x5584f93634c0_0;
    %pad/u 32;
    %cmpi/u 32, 0, 32;
    %jmp/0xz T_1.11, 5;
    %load/vec4 v0x5584f93634c0_0;
    %pad/u 7;
    %ix/vec4 4;
    %load/vec4a v0x5584f9362350, 4;
    %store/vec4 v0x5584f93618d0_0, 0, 2;
    %load/vec4 v0x5584f93618d0_0;
    %parti/s 1, 0, 2;
    %load/vec4 v0x5584f93618d0_0;
    %parti/s 1, 1, 2;
    %and;
    %ix/getv 4, v0x5584f93634c0_0;
    %store/vec4 v0x5584f93616c0_0, 4, 1;
    %load/vec4 v0x5584f93634c0_0;
    %addi 1, 0, 6;
    %store/vec4 v0x5584f93634c0_0, 0, 6;
    %jmp T_1.10;
T_1.11 ;
    %jmp T_1;
    .thread T_1, $push;
    .scope S_0x5584f9303f60;
T_2 ;
    %pushi/vec4 0, 0, 32;
    %store/vec4 v0x5584f9366520_0, 0, 32;
    %end;
    .thread T_2;
    .scope S_0x5584f9303f60;
T_3 ;
    %wait E_0x5584f92d1060;
    %load/vec4 v0x5584f9365df0_0;
    %parti/s 1, 24, 6;
    %pad/u 32;
    %cmpi/e 1, 0, 32;
    %jmp/0xz  T_3.0, 4;
    %load/vec4 v0x5584f9365df0_0;
    %parti/s 23, 1, 2;
    %store/vec4 v0x5584f9365720_0, 0, 23;
    %load/vec4 v0x5584f93650c0_0;
    %addi 1, 0, 8;
    %store/vec4 v0x5584f9365250_0, 0, 8;
    %jmp T_3.1;
T_3.0 ;
    %load/vec4 v0x5584f9365df0_0;
    %parti/s 1, 23, 6;
    %pad/u 32;
    %cmpi/e 0, 0, 32;
    %jmp/0xz  T_3.2, 4;
    %pushi/vec4 1, 0, 32;
    %store/vec4 v0x5584f9366520_0, 0, 32;
T_3.4 ;
    %load/vec4 v0x5584f9365df0_0;
    %pushi/vec4 23, 0, 32;
    %load/vec4 v0x5584f9366520_0;
    %sub;
    %part/s 1;
    %cmpi/e 0, 0, 1;
    %jmp/0xz T_3.5, 4;
    %load/vec4 v0x5584f9366520_0;
    %addi 1, 0, 32;
    %store/vec4 v0x5584f9366520_0, 0, 32;
    %jmp T_3.4;
T_3.5 ;
    %load/vec4 v0x5584f93650c0_0;
    %pad/u 32;
    %load/vec4 v0x5584f9366520_0;
    %sub;
    %pad/u 8;
    %store/vec4 v0x5584f9365250_0, 0, 8;
    %load/vec4 v0x5584f9365df0_0;
    %parti/s 23, 0, 2;
    %store/vec4 v0x5584f93666e0_0, 0, 23;
    %load/vec4 v0x5584f93666e0_0;
    %load/vec4 v0x5584f9366520_0;
    %ix/vec4 4;
    %shiftl 4;
    %store/vec4 v0x5584f9365720_0, 0, 23;
    %jmp T_3.3;
T_3.2 ;
    %load/vec4 v0x5584f9365df0_0;
    %parti/s 23, 0, 2;
    %store/vec4 v0x5584f9365720_0, 0, 23;
    %load/vec4 v0x5584f93650c0_0;
    %store/vec4 v0x5584f9365250_0, 0, 8;
T_3.3 ;
T_3.1 ;
    %jmp T_3;
    .thread T_3, $push;
    .scope S_0x5584f9303f60;
T_4 ;
    %wait E_0x5584f92d0f50;
    %load/vec4 v0x5584f9365b40_0;
    %load/vec4 v0x5584f9365df0_0;
    %or/r;
    %replicate 8;
    %load/vec4 v0x5584f9365250_0;
    %and;
    %concat/vec4; draw_concat_vec4
    %load/vec4 v0x5584f9365720_0;
    %concat/vec4; draw_concat_vec4
    %store/vec4 v0x5584f9366600_0, 0, 32;
    %jmp T_4;
    .thread T_4, $push;
    .scope S_0x5584f9303f60;
T_5 ;
    %delay 0, 0;
    %pushi/vec4 1086324736, 0, 32;
    %store/vec4 v0x5584f93653e0_0, 0, 32;
    %pushi/vec4 1090519040, 0, 32;
    %store/vec4 v0x5584f93654b0_0, 0, 32;
    %delay 10, 0;
    %pushi/vec4 1092354048, 0, 32;
    %store/vec4 v0x5584f93653e0_0, 0, 32;
    %pushi/vec4 1058013184, 0, 32;
    %store/vec4 v0x5584f93654b0_0, 0, 32;
    %end;
    .thread T_5;
    .scope S_0x5584f9303f60;
T_6 ;
    %vpi_call 2 80 "$monitor", $time, " A=%b B=%b\011C=%b\011\012", v0x5584f93653e0_0, v0x5584f93654b0_0, v0x5584f9366600_0 {0 0 0};
    %vpi_call 2 81 "$dumpfile", "fpa.vcd" {0 0 0};
    %vpi_call 2 82 "$dumpvars" {0 0 0};
    %end;
    .thread T_6;
# The file index is used to find the file name in the following table.
:file_names 7;
    "N/A";
    "<interactive>";
    "FPA.v";
    "./tools/barrel_shifter.v";
    "./tools/rda.v";
    "./tools/split.v";
    "./tools/swap.v";
