#! /usr/bin/vvp
:ivl_version "10.3 (stable)";
:ivl_delay_selection "TYPICAL";
:vpi_time_precision + 0;
:vpi_module "system";
:vpi_module "vhdl_sys";
:vpi_module "v2005_math";
:vpi_module "va_math";
S_0x559df6830520 .scope module, "top" "top" 2 35;
 .timescale 0 0;
v0x559df686c0b0_0 .var "A", 31 0;
v0x559df686c190_0 .var "B", 31 0;
RS_0x7f88b4480418 .resolv tri, L_0x559df687cb10, L_0x559df687d0c0, L_0x559df687d9e0, L_0x559df687e060, L_0x559df687e6d0, L_0x559df687eb60, L_0x559df687f7c0, L_0x559df687fbf0;
v0x559df686c250_0 .net8 "Out", 31 0, RS_0x7f88b4480418;  8 drivers
v0x559df686c2f0_0 .var "op", 2 0;
S_0x559df68357d0 .scope module, "LU" "LogicUnit" 2 40, 2 1 0, S_0x559df6830520;
 .timescale 0 0;
    .port_info 0 /INPUT 3 "operation"
    .port_info 1 /INPUT 32 "A"
    .port_info 2 /INPUT 32 "B"
    .port_info 3 /OUTPUT 32 "Out"
L_0x559df687c990 .functor NOT 1, L_0x559df687c8a0, C4<0>, C4<0>, C4<0>;
L_0x559df687ca50 .functor AND 32, v0x559df686c0b0_0, v0x559df686c190_0, C4<11111111111111111111111111111111>, C4<11111111111111111111111111111111>;
L_0x559df687ce80 .functor NOT 1, L_0x559df687cde0, C4<0>, C4<0>, C4<0>;
L_0x559df687cf40 .functor AND 1, L_0x559df687cca0, L_0x559df687ce80, C4<1>, C4<1>;
L_0x559df687d050 .functor XOR 32, v0x559df686c0b0_0, v0x559df686c190_0, C4<00000000000000000000000000000000>, C4<00000000000000000000000000000000>;
L_0x559df687d3d0 .functor NOT 1, L_0x559df687d2e0, C4<0>, C4<0>, C4<0>;
L_0x559df687d4d0 .functor AND 1, L_0x559df687d240, L_0x559df687d3d0, C4<1>, C4<1>;
L_0x559df687d680 .functor NOT 1, L_0x559df687d5e0, C4<0>, C4<0>, C4<0>;
L_0x559df687d790 .functor AND 1, L_0x559df687d4d0, L_0x559df687d680, C4<1>, C4<1>;
L_0x559df687d8a0 .functor AND 32, v0x559df686c0b0_0, v0x559df686c190_0, C4<11111111111111111111111111111111>, C4<11111111111111111111111111111111>;
L_0x559df687d970 .functor NOT 32, L_0x559df687d8a0, C4<00000000000000000000000000000000>, C4<00000000000000000000000000000000>, C4<00000000000000000000000000000000>;
L_0x559df687db80 .functor NOT 1, L_0x559df687dae0, C4<0>, C4<0>, C4<0>;
L_0x559df687de60 .functor AND 1, L_0x559df687db80, L_0x559df687dd70, C4<1>, C4<1>;
L_0x559df687df70 .functor OR 32, v0x559df686c0b0_0, v0x559df686c190_0, C4<00000000000000000000000000000000>, C4<00000000000000000000000000000000>;
L_0x559df687dd00 .functor NOT 1, L_0x559df687e3f0, C4<0>, C4<0>, C4<0>;
L_0x559df687dbf0 .functor AND 1, L_0x559df687e220, L_0x559df687dd00, C4<1>, C4<1>;
L_0x559df687e660 .functor NOT 32, v0x559df686c0b0_0, C4<00000000000000000000000000000000>, C4<00000000000000000000000000000000>, C4<00000000000000000000000000000000>;
L_0x559df687eaa0 .functor NOT 1, L_0x559df687e950, C4<0>, C4<0>, C4<0>;
L_0x559df687ec00 .functor AND 1, L_0x559df687e8b0, L_0x559df687eaa0, C4<1>, C4<1>;
L_0x559df687ed10 .functor AND 1, L_0x559df687ec00, L_0x559df687e770, C4<1>, C4<1>;
L_0x559df687eed0 .functor OR 32, v0x559df686c0b0_0, v0x559df686c190_0, C4<00000000000000000000000000000000>, C4<00000000000000000000000000000000>;
L_0x559df687ef40 .functor NOT 32, L_0x559df687eed0, C4<00000000000000000000000000000000>, C4<00000000000000000000000000000000>, C4<00000000000000000000000000000000>;
L_0x559df687f520 .functor NOT 1, L_0x559df687f480, C4<0>, C4<0>, C4<0>;
L_0x559df687f5e0 .functor AND 1, L_0x559df687f2c0, L_0x559df687f520, C4<1>, C4<1>;
L_0x559df687f9e0 .functor XOR 32, v0x559df686c0b0_0, v0x559df686c190_0, C4<00000000000000000000000000000000>, C4<00000000000000000000000000000000>;
L_0x559df687fa50 .functor NOT 32, L_0x559df687f9e0, C4<00000000000000000000000000000000>, C4<00000000000000000000000000000000>, C4<00000000000000000000000000000000>;
v0x559df6868b90_0 .net "A", 31 0, v0x559df686c0b0_0;  1 drivers
v0x559df6868c50_0 .net "B", 31 0, v0x559df686c190_0;  1 drivers
v0x559df6868d10_0 .net8 "Out", 31 0, RS_0x7f88b4480418;  alias, 8 drivers
v0x559df6868dd0_0 .net *"_s1", 0 0, L_0x559df687c8a0;  1 drivers
v0x559df6868e90_0 .net *"_s101", 1 0, L_0x559df687f220;  1 drivers
v0x559df6868fc0_0 .net *"_s103", 0 0, L_0x559df687f2c0;  1 drivers
v0x559df6869080_0 .net *"_s105", 0 0, L_0x559df687f480;  1 drivers
v0x559df6869160_0 .net *"_s106", 0 0, L_0x559df687f520;  1 drivers
v0x559df6869240_0 .net *"_s108", 0 0, L_0x559df687f5e0;  1 drivers
v0x559df6869320_0 .net *"_s11", 0 0, L_0x559df687cca0;  1 drivers
o0x7f88b4480598 .functor BUFZ 32, C4<zzzzzzzzzzzzzzzzzzzzzzzzzzzzzzzz>; HiZ drive
; Elide local net with no drivers, v0x559df6869400_0 name=_s110
v0x559df68694e0_0 .net *"_s115", 0 0, L_0x559df687f940;  1 drivers
v0x559df68695a0_0 .net *"_s116", 31 0, L_0x559df687f9e0;  1 drivers
v0x559df6869680_0 .net *"_s118", 31 0, L_0x559df687fa50;  1 drivers
o0x7f88b4480658 .functor BUFZ 32, C4<zzzzzzzzzzzzzzzzzzzzzzzzzzzzzzzz>; HiZ drive
; Elide local net with no drivers, v0x559df6869760_0 name=_s120
v0x559df6869840_0 .net *"_s13", 1 0, L_0x559df687cd40;  1 drivers
v0x559df6869920_0 .net *"_s15", 0 0, L_0x559df687cde0;  1 drivers
v0x559df68699e0_0 .net *"_s16", 0 0, L_0x559df687ce80;  1 drivers
v0x559df6869ac0_0 .net *"_s18", 0 0, L_0x559df687cf40;  1 drivers
v0x559df6869ba0_0 .net *"_s2", 0 0, L_0x559df687c990;  1 drivers
v0x559df6869c80_0 .net *"_s20", 31 0, L_0x559df687d050;  1 drivers
o0x7f88b44807a8 .functor BUFZ 32, C4<zzzzzzzzzzzzzzzzzzzzzzzzzzzzzzzz>; HiZ drive
; Elide local net with no drivers, v0x559df6869d60_0 name=_s22
v0x559df6869e40_0 .net *"_s27", 0 0, L_0x559df687d240;  1 drivers
v0x559df6869f20_0 .net *"_s29", 0 0, L_0x559df687d2e0;  1 drivers
v0x559df686a000_0 .net *"_s30", 0 0, L_0x559df687d3d0;  1 drivers
v0x559df686a0e0_0 .net *"_s32", 0 0, L_0x559df687d4d0;  1 drivers
v0x559df686a1c0_0 .net *"_s35", 0 0, L_0x559df687d5e0;  1 drivers
v0x559df686a2a0_0 .net *"_s36", 0 0, L_0x559df687d680;  1 drivers
v0x559df686a380_0 .net *"_s38", 0 0, L_0x559df687d790;  1 drivers
v0x559df686a460_0 .net *"_s4", 31 0, L_0x559df687ca50;  1 drivers
v0x559df686a540_0 .net *"_s40", 31 0, L_0x559df687d8a0;  1 drivers
v0x559df686a620_0 .net *"_s42", 31 0, L_0x559df687d970;  1 drivers
o0x7f88b44809b8 .functor BUFZ 32, C4<zzzzzzzzzzzzzzzzzzzzzzzzzzzzzzzz>; HiZ drive
; Elide local net with no drivers, v0x559df686a700_0 name=_s44
v0x559df686a9f0_0 .net *"_s49", 0 0, L_0x559df687dae0;  1 drivers
v0x559df686aad0_0 .net *"_s50", 0 0, L_0x559df687db80;  1 drivers
v0x559df686abb0_0 .net *"_s53", 1 0, L_0x559df687dc60;  1 drivers
v0x559df686ac90_0 .net *"_s55", 0 0, L_0x559df687dd70;  1 drivers
v0x559df686ad50_0 .net *"_s56", 0 0, L_0x559df687de60;  1 drivers
v0x559df686ae30_0 .net *"_s58", 31 0, L_0x559df687df70;  1 drivers
o0x7f88b4480b08 .functor BUFZ 32, C4<zzzzzzzzzzzzzzzzzzzzzzzzzzzzzzzz>; HiZ drive
; Elide local net with no drivers, v0x559df686af10_0 name=_s6
o0x7f88b4480b38 .functor BUFZ 32, C4<zzzzzzzzzzzzzzzzzzzzzzzzzzzzzzzz>; HiZ drive
; Elide local net with no drivers, v0x559df686aff0_0 name=_s60
v0x559df686b0d0_0 .net *"_s65", 0 0, L_0x559df687e220;  1 drivers
v0x559df686b1b0_0 .net *"_s67", 1 0, L_0x559df687e2c0;  1 drivers
v0x559df686b290_0 .net *"_s69", 0 0, L_0x559df687e3f0;  1 drivers
v0x559df686b350_0 .net *"_s70", 0 0, L_0x559df687dd00;  1 drivers
v0x559df686b430_0 .net *"_s72", 0 0, L_0x559df687dbf0;  1 drivers
v0x559df686b510_0 .net *"_s74", 31 0, L_0x559df687e660;  1 drivers
o0x7f88b4480c88 .functor BUFZ 32, C4<zzzzzzzzzzzzzzzzzzzzzzzzzzzzzzzz>; HiZ drive
; Elide local net with no drivers, v0x559df686b5f0_0 name=_s76
v0x559df686b6d0_0 .net *"_s81", 0 0, L_0x559df687e8b0;  1 drivers
v0x559df686b7b0_0 .net *"_s83", 0 0, L_0x559df687e950;  1 drivers
v0x559df686b890_0 .net *"_s84", 0 0, L_0x559df687eaa0;  1 drivers
v0x559df686b970_0 .net *"_s86", 0 0, L_0x559df687ec00;  1 drivers
v0x559df686ba50_0 .net *"_s89", 0 0, L_0x559df687e770;  1 drivers
v0x559df686bb30_0 .net *"_s90", 0 0, L_0x559df687ed10;  1 drivers
v0x559df686bc10_0 .net *"_s92", 31 0, L_0x559df687eed0;  1 drivers
v0x559df686bcf0_0 .net *"_s94", 31 0, L_0x559df687ef40;  1 drivers
o0x7f88b4480e38 .functor BUFZ 32, C4<zzzzzzzzzzzzzzzzzzzzzzzzzzzzzzzz>; HiZ drive
; Elide local net with no drivers, v0x559df686bdd0_0 name=_s96
v0x559df686beb0_0 .net "cmp", 31 0, L_0x559df687b2a0;  1 drivers
v0x559df686bf70_0 .net "operation", 2 0, v0x559df686c2f0_0;  1 drivers
L_0x559df687c8a0 .reduce/or v0x559df686c2f0_0;
L_0x559df687cb10 .functor MUXZ 32, o0x7f88b4480b08, L_0x559df687ca50, L_0x559df687c990, C4<>;
L_0x559df687cca0 .part v0x559df686c2f0_0, 0, 1;
L_0x559df687cd40 .part v0x559df686c2f0_0, 1, 2;
L_0x559df687cde0 .reduce/or L_0x559df687cd40;
L_0x559df687d0c0 .functor MUXZ 32, o0x7f88b44807a8, L_0x559df687d050, L_0x559df687cf40, C4<>;
L_0x559df687d240 .part v0x559df686c2f0_0, 1, 1;
L_0x559df687d2e0 .part v0x559df686c2f0_0, 0, 1;
L_0x559df687d5e0 .part v0x559df686c2f0_0, 2, 1;
L_0x559df687d9e0 .functor MUXZ 32, o0x7f88b44809b8, L_0x559df687d970, L_0x559df687d790, C4<>;
L_0x559df687dae0 .part v0x559df686c2f0_0, 2, 1;
L_0x559df687dc60 .part v0x559df686c2f0_0, 0, 2;
L_0x559df687dd70 .reduce/and L_0x559df687dc60;
L_0x559df687e060 .functor MUXZ 32, o0x7f88b4480b38, L_0x559df687df70, L_0x559df687de60, C4<>;
L_0x559df687e220 .part v0x559df686c2f0_0, 2, 1;
L_0x559df687e2c0 .part v0x559df686c2f0_0, 0, 2;
L_0x559df687e3f0 .reduce/or L_0x559df687e2c0;
L_0x559df687e6d0 .functor MUXZ 32, o0x7f88b4480c88, L_0x559df687e660, L_0x559df687dbf0, C4<>;
L_0x559df687e8b0 .part v0x559df686c2f0_0, 2, 1;
L_0x559df687e950 .part v0x559df686c2f0_0, 1, 1;
L_0x559df687e770 .part v0x559df686c2f0_0, 0, 1;
L_0x559df687eb60 .functor MUXZ 32, o0x7f88b4480e38, L_0x559df687ef40, L_0x559df687ed10, C4<>;
L_0x559df687f220 .part v0x559df686c2f0_0, 1, 2;
L_0x559df687f2c0 .reduce/and L_0x559df687f220;
L_0x559df687f480 .part v0x559df686c2f0_0, 0, 1;
L_0x559df687f7c0 .functor MUXZ 32, o0x7f88b4480598, L_0x559df687b2a0, L_0x559df687f5e0, C4<>;
L_0x559df687f940 .reduce/and v0x559df686c2f0_0;
L_0x559df687fbf0 .functor MUXZ 32, o0x7f88b4480658, L_0x559df687fa50, L_0x559df687f940, C4<>;
S_0x559df67f28d0 .scope module, "tc" "twocmp" 2 7, 2 20 0, S_0x559df68357d0;
 .timescale 0 0;
    .port_info 0 /INPUT 32 "A"
    .port_info 1 /OUTPUT 32 "B"
v0x559df6868950_0 .net "A", 31 0, v0x559df686c0b0_0;  alias, 1 drivers
v0x559df6868a50_0 .net "B", 31 0, L_0x559df687b2a0;  alias, 1 drivers
L_0x559df686c3c0 .part v0x559df686c0b0_0, 0, 1;
L_0x559df686c490 .part v0x559df686c0b0_0, 0, 1;
L_0x559df686c630 .part v0x559df686c0b0_0, 1, 1;
L_0x559df686c7c0 .part v0x559df686c0b0_0, 1, 1;
L_0x559df686ca50 .part v0x559df686c0b0_0, 0, 2;
L_0x559df686cbe0 .part v0x559df686c0b0_0, 2, 1;
L_0x559df686cd80 .part v0x559df686c0b0_0, 2, 1;
L_0x559df686cfb0 .part v0x559df686c0b0_0, 0, 3;
L_0x559df686d190 .part v0x559df686c0b0_0, 3, 1;
L_0x559df686d2f0 .part v0x559df686c0b0_0, 3, 1;
L_0x559df686d560 .part v0x559df686c0b0_0, 0, 4;
L_0x559df686d6f0 .part v0x559df686c0b0_0, 4, 1;
L_0x559df686d8c0 .part v0x559df686c0b0_0, 4, 1;
L_0x559df686db20 .part v0x559df686c0b0_0, 0, 5;
L_0x559df686df40 .part v0x559df686c0b0_0, 5, 1;
L_0x559df686e030 .part v0x559df686c0b0_0, 5, 1;
L_0x559df686e320 .part v0x559df686c0b0_0, 0, 6;
L_0x559df686e4b0 .part v0x559df686c0b0_0, 6, 1;
L_0x559df686e640 .part v0x559df686c0b0_0, 6, 1;
L_0x559df686e8a0 .part v0x559df686c0b0_0, 0, 7;
L_0x559df686ea40 .part v0x559df686c0b0_0, 7, 1;
L_0x559df686eba0 .part v0x559df686c0b0_0, 7, 1;
L_0x559df686eec0 .part v0x559df686c0b0_0, 0, 8;
L_0x559df686f050 .part v0x559df686c0b0_0, 8, 1;
L_0x559df686f280 .part v0x559df686c0b0_0, 8, 1;
L_0x559df686f4e0 .part v0x559df686c0b0_0, 0, 9;
L_0x559df686f750 .part v0x559df686c0b0_0, 9, 1;
L_0x559df686f8b0 .part v0x559df686c0b0_0, 9, 1;
L_0x559df686fc00 .part v0x559df686c0b0_0, 0, 10;
L_0x559df686fd90 .part v0x559df686c0b0_0, 10, 1;
L_0x559df6870400 .part v0x559df686c0b0_0, 10, 1;
L_0x559df6870660 .part v0x559df686c0b0_0, 0, 11;
L_0x559df6870900 .part v0x559df686c0b0_0, 11, 1;
L_0x559df6870a60 .part v0x559df686c0b0_0, 11, 1;
L_0x559df6870de0 .part v0x559df686c0b0_0, 0, 12;
L_0x559df6870f70 .part v0x559df686c0b0_0, 12, 1;
L_0x559df6871140 .part v0x559df686c0b0_0, 12, 1;
L_0x559df6871370 .part v0x559df686c0b0_0, 0, 13;
L_0x559df6871640 .part v0x559df686c0b0_0, 13, 1;
L_0x559df68717a0 .part v0x559df686c0b0_0, 13, 1;
L_0x559df6871b20 .part v0x559df686c0b0_0, 0, 14;
L_0x559df6871cb0 .part v0x559df686c0b0_0, 14, 1;
L_0x559df6871f70 .part v0x559df686c0b0_0, 14, 1;
L_0x559df68721d0 .part v0x559df686c0b0_0, 0, 15;
L_0x559df68724d0 .part v0x559df686c0b0_0, 15, 1;
L_0x559df6872630 .part v0x559df686c0b0_0, 15, 1;
L_0x559df6872a10 .part v0x559df686c0b0_0, 0, 16;
L_0x559df6872ba0 .part v0x559df686c0b0_0, 16, 1;
L_0x559df6872e90 .part v0x559df686c0b0_0, 16, 1;
L_0x559df68730f0 .part v0x559df686c0b0_0, 0, 17;
L_0x559df6873420 .part v0x559df686c0b0_0, 17, 1;
L_0x559df6873580 .part v0x559df686c0b0_0, 17, 1;
L_0x559df6873990 .part v0x559df686c0b0_0, 0, 18;
L_0x559df6873b20 .part v0x559df686c0b0_0, 18, 1;
L_0x559df6873e40 .part v0x559df686c0b0_0, 18, 1;
L_0x559df68740a0 .part v0x559df686c0b0_0, 0, 19;
L_0x559df6874400 .part v0x559df686c0b0_0, 19, 1;
L_0x559df6874560 .part v0x559df686c0b0_0, 19, 1;
L_0x559df68749a0 .part v0x559df686c0b0_0, 0, 20;
L_0x559df6874b30 .part v0x559df686c0b0_0, 20, 1;
L_0x559df6874e80 .part v0x559df686c0b0_0, 20, 1;
L_0x559df68750e0 .part v0x559df686c0b0_0, 0, 21;
L_0x559df6875c80 .part v0x559df686c0b0_0, 21, 1;
L_0x559df6875de0 .part v0x559df686c0b0_0, 21, 1;
L_0x559df6876250 .part v0x559df686c0b0_0, 0, 22;
L_0x559df68763e0 .part v0x559df686c0b0_0, 22, 1;
L_0x559df6876760 .part v0x559df686c0b0_0, 22, 1;
L_0x559df68769c0 .part v0x559df686c0b0_0, 0, 23;
L_0x559df6876d80 .part v0x559df686c0b0_0, 23, 1;
L_0x559df6876ee0 .part v0x559df686c0b0_0, 23, 1;
L_0x559df6877380 .part v0x559df686c0b0_0, 0, 24;
L_0x559df6877510 .part v0x559df686c0b0_0, 24, 1;
L_0x559df68778c0 .part v0x559df686c0b0_0, 24, 1;
L_0x559df6877b20 .part v0x559df686c0b0_0, 0, 25;
L_0x559df6877f10 .part v0x559df686c0b0_0, 25, 1;
L_0x559df6878070 .part v0x559df686c0b0_0, 25, 1;
L_0x559df6878540 .part v0x559df686c0b0_0, 0, 26;
L_0x559df68786d0 .part v0x559df686c0b0_0, 26, 1;
L_0x559df6878ab0 .part v0x559df686c0b0_0, 26, 1;
L_0x559df6878d10 .part v0x559df686c0b0_0, 0, 27;
L_0x559df6879130 .part v0x559df686c0b0_0, 27, 1;
L_0x559df6879290 .part v0x559df686c0b0_0, 27, 1;
L_0x559df6879790 .part v0x559df686c0b0_0, 0, 28;
L_0x559df6879920 .part v0x559df686c0b0_0, 28, 1;
L_0x559df6879d30 .part v0x559df686c0b0_0, 28, 1;
L_0x559df6879f90 .part v0x559df686c0b0_0, 0, 29;
L_0x559df687a3e0 .part v0x559df686c0b0_0, 29, 1;
L_0x559df687a540 .part v0x559df686c0b0_0, 29, 1;
L_0x559df687aa70 .part v0x559df686c0b0_0, 0, 30;
L_0x559df687ac00 .part v0x559df686c0b0_0, 30, 1;
L_0x559df687b040 .part v0x559df686c0b0_0, 30, 1;
LS_0x559df687b2a0_0_0 .concat8 [ 1 1 1 1], L_0x559df686c3c0, L_0x559df686c890, L_0x559df686ce20, L_0x559df686d3f0;
LS_0x559df687b2a0_0_4 .concat8 [ 1 1 1 1], L_0x559df686d960, L_0x559df686e160, L_0x559df686e6e0, L_0x559df686ed00;
LS_0x559df687b2a0_0_8 .concat8 [ 1 1 1 1], L_0x559df686f320, L_0x559df686fa40, L_0x559df68704a0, L_0x559df6870c20;
LS_0x559df687b2a0_0_12 .concat8 [ 1 1 1 1], L_0x559df68711e0, L_0x559df6871990, L_0x559df6872010, L_0x559df6872850;
LS_0x559df687b2a0_0_16 .concat8 [ 1 1 1 1], L_0x559df6872f30, L_0x559df68737d0, L_0x559df6873ee0, L_0x559df68747e0;
LS_0x559df687b2a0_0_20 .concat8 [ 1 1 1 1], L_0x559df6874f20, L_0x559df6876090, L_0x559df6876800, L_0x559df68771c0;
LS_0x559df687b2a0_0_24 .concat8 [ 1 1 1 1], L_0x559df6877960, L_0x559df6878380, L_0x559df6878b50, L_0x559df68795d0;
LS_0x559df687b2a0_0_28 .concat8 [ 1 1 1 1], L_0x559df6879dd0, L_0x559df687a8b0, L_0x559df687b0e0, L_0x559df687c6c0;
LS_0x559df687b2a0_1_0 .concat8 [ 4 4 4 4], LS_0x559df687b2a0_0_0, LS_0x559df687b2a0_0_4, LS_0x559df687b2a0_0_8, LS_0x559df687b2a0_0_12;
LS_0x559df687b2a0_1_4 .concat8 [ 4 4 4 4], LS_0x559df687b2a0_0_16, LS_0x559df687b2a0_0_20, LS_0x559df687b2a0_0_24, LS_0x559df687b2a0_0_28;
L_0x559df687b2a0 .concat8 [ 16 16 0 0], LS_0x559df687b2a0_1_0, LS_0x559df687b2a0_1_4;
L_0x559df687c030 .part v0x559df686c0b0_0, 0, 31;
L_0x559df687c1c0 .part v0x559df686c0b0_0, 31, 1;
L_0x559df687c620 .part v0x559df686c0b0_0, 31, 1;
S_0x559df67f2aa0 .scope generate, "genblk1[0]" "genblk1[0]" 2 24, 2 24 0, S_0x559df67f28d0;
 .timescale 0 0;
P_0x559df67f2c70 .param/l "i" 0 2 24, +C4<00>;
S_0x559df67f01d0 .scope generate, "genblk2" "genblk2" 2 26, 2 26 0, S_0x559df67f2aa0;
 .timescale 0 0;
v0x559df6831f20_0 .net *"_s0", 0 0, L_0x559df686c3c0;  1 drivers
S_0x559df6855540 .scope generate, "genblk1[1]" "genblk1[1]" 2 24, 2 24 0, S_0x559df67f28d0;
 .timescale 0 0;
P_0x559df6855750 .param/l "i" 0 2 24, +C4<01>;
S_0x559df6855810 .scope generate, "genblk3" "genblk3" 2 26, 2 26 0, S_0x559df6855540;
 .timescale 0 0;
L_0x559df686c6d0 .functor NOT 1, L_0x559df686c630, C4<0>, C4<0>, C4<0>;
v0x559df68303a0_0 .net *"_s0", 0 0, L_0x559df686c490;  1 drivers
v0x559df682d9d0_0 .net *"_s2", 0 0, L_0x559df686c560;  1 drivers
v0x559df682ba40_0 .net *"_s3", 0 0, L_0x559df686c630;  1 drivers
v0x559df6829a40_0 .net *"_s4", 0 0, L_0x559df686c6d0;  1 drivers
v0x559df6826d90_0 .net *"_s6", 0 0, L_0x559df686c7c0;  1 drivers
v0x559df6805db0_0 .net *"_s7", 0 0, L_0x559df686c890;  1 drivers
L_0x559df686c560 .reduce/or L_0x559df686c490;
L_0x559df686c890 .functor MUXZ 1, L_0x559df686c7c0, L_0x559df686c6d0, L_0x559df686c560, C4<>;
S_0x559df6855b90 .scope generate, "genblk1[2]" "genblk1[2]" 2 24, 2 24 0, S_0x559df67f28d0;
 .timescale 0 0;
P_0x559df6855d80 .param/l "i" 0 2 24, +C4<010>;
S_0x559df6855e40 .scope generate, "genblk3" "genblk3" 2 26, 2 26 0, S_0x559df6855b90;
 .timescale 0 0;
L_0x559df686ccc0 .functor NOT 1, L_0x559df686cbe0, C4<0>, C4<0>, C4<0>;
v0x559df6856010_0 .net *"_s0", 1 0, L_0x559df686ca50;  1 drivers
v0x559df6856110_0 .net *"_s2", 0 0, L_0x559df686caf0;  1 drivers
v0x559df68561d0_0 .net *"_s3", 0 0, L_0x559df686cbe0;  1 drivers
v0x559df6856290_0 .net *"_s4", 0 0, L_0x559df686ccc0;  1 drivers
v0x559df6856370_0 .net *"_s6", 0 0, L_0x559df686cd80;  1 drivers
v0x559df68564a0_0 .net *"_s7", 0 0, L_0x559df686ce20;  1 drivers
L_0x559df686caf0 .reduce/or L_0x559df686ca50;
L_0x559df686ce20 .functor MUXZ 1, L_0x559df686cd80, L_0x559df686ccc0, L_0x559df686caf0, C4<>;
S_0x559df6856580 .scope generate, "genblk1[3]" "genblk1[3]" 2 24, 2 24 0, S_0x559df67f28d0;
 .timescale 0 0;
P_0x559df6856770 .param/l "i" 0 2 24, +C4<011>;
S_0x559df6856850 .scope generate, "genblk3" "genblk3" 2 26, 2 26 0, S_0x559df6856580;
 .timescale 0 0;
L_0x559df686d230 .functor NOT 1, L_0x559df686d190, C4<0>, C4<0>, C4<0>;
v0x559df6856a20_0 .net *"_s0", 2 0, L_0x559df686cfb0;  1 drivers
v0x559df6856b20_0 .net *"_s2", 0 0, L_0x559df686d0a0;  1 drivers
v0x559df6856be0_0 .net *"_s3", 0 0, L_0x559df686d190;  1 drivers
v0x559df6856ca0_0 .net *"_s4", 0 0, L_0x559df686d230;  1 drivers
v0x559df6856d80_0 .net *"_s6", 0 0, L_0x559df686d2f0;  1 drivers
v0x559df6856eb0_0 .net *"_s7", 0 0, L_0x559df686d3f0;  1 drivers
L_0x559df686d0a0 .reduce/or L_0x559df686cfb0;
L_0x559df686d3f0 .functor MUXZ 1, L_0x559df686d2f0, L_0x559df686d230, L_0x559df686d0a0, C4<>;
S_0x559df6856f90 .scope generate, "genblk1[4]" "genblk1[4]" 2 24, 2 24 0, S_0x559df67f28d0;
 .timescale 0 0;
P_0x559df68571d0 .param/l "i" 0 2 24, +C4<0100>;
S_0x559df68572b0 .scope generate, "genblk3" "genblk3" 2 26, 2 26 0, S_0x559df6856f90;
 .timescale 0 0;
L_0x559df686d800 .functor NOT 1, L_0x559df686d6f0, C4<0>, C4<0>, C4<0>;
v0x559df6857480_0 .net *"_s0", 3 0, L_0x559df686d560;  1 drivers
v0x559df6857580_0 .net *"_s2", 0 0, L_0x559df686d600;  1 drivers
v0x559df6857640_0 .net *"_s3", 0 0, L_0x559df686d6f0;  1 drivers
v0x559df6857700_0 .net *"_s4", 0 0, L_0x559df686d800;  1 drivers
v0x559df68577e0_0 .net *"_s6", 0 0, L_0x559df686d8c0;  1 drivers
v0x559df6857910_0 .net *"_s7", 0 0, L_0x559df686d960;  1 drivers
L_0x559df686d600 .reduce/or L_0x559df686d560;
L_0x559df686d960 .functor MUXZ 1, L_0x559df686d8c0, L_0x559df686d800, L_0x559df686d600, C4<>;
S_0x559df68579f0 .scope generate, "genblk1[5]" "genblk1[5]" 2 24, 2 24 0, S_0x559df67f28d0;
 .timescale 0 0;
P_0x559df6857be0 .param/l "i" 0 2 24, +C4<0101>;
S_0x559df6857cc0 .scope generate, "genblk3" "genblk3" 2 26, 2 26 0, S_0x559df68579f0;
 .timescale 0 0;
L_0x559df686d790 .functor NOT 1, L_0x559df686df40, C4<0>, C4<0>, C4<0>;
v0x559df6857e90_0 .net *"_s0", 4 0, L_0x559df686db20;  1 drivers
v0x559df6857f90_0 .net *"_s2", 0 0, L_0x559df686de50;  1 drivers
v0x559df6858050_0 .net *"_s3", 0 0, L_0x559df686df40;  1 drivers
v0x559df6858110_0 .net *"_s4", 0 0, L_0x559df686d790;  1 drivers
v0x559df68581f0_0 .net *"_s6", 0 0, L_0x559df686e030;  1 drivers
v0x559df6858320_0 .net *"_s7", 0 0, L_0x559df686e160;  1 drivers
L_0x559df686de50 .reduce/or L_0x559df686db20;
L_0x559df686e160 .functor MUXZ 1, L_0x559df686e030, L_0x559df686d790, L_0x559df686de50, C4<>;
S_0x559df6858400 .scope generate, "genblk1[6]" "genblk1[6]" 2 24, 2 24 0, S_0x559df67f28d0;
 .timescale 0 0;
P_0x559df68585f0 .param/l "i" 0 2 24, +C4<0110>;
S_0x559df68586d0 .scope generate, "genblk3" "genblk3" 2 26, 2 26 0, S_0x559df6858400;
 .timescale 0 0;
L_0x559df686e0d0 .functor NOT 1, L_0x559df686e4b0, C4<0>, C4<0>, C4<0>;
v0x559df68588a0_0 .net *"_s0", 5 0, L_0x559df686e320;  1 drivers
v0x559df68589a0_0 .net *"_s2", 0 0, L_0x559df686e3c0;  1 drivers
v0x559df6858a60_0 .net *"_s3", 0 0, L_0x559df686e4b0;  1 drivers
v0x559df6858b20_0 .net *"_s4", 0 0, L_0x559df686e0d0;  1 drivers
v0x559df6858c00_0 .net *"_s6", 0 0, L_0x559df686e640;  1 drivers
v0x559df6858d30_0 .net *"_s7", 0 0, L_0x559df686e6e0;  1 drivers
L_0x559df686e3c0 .reduce/or L_0x559df686e320;
L_0x559df686e6e0 .functor MUXZ 1, L_0x559df686e640, L_0x559df686e0d0, L_0x559df686e3c0, C4<>;
S_0x559df6858e10 .scope generate, "genblk1[7]" "genblk1[7]" 2 24, 2 24 0, S_0x559df67f28d0;
 .timescale 0 0;
P_0x559df6859000 .param/l "i" 0 2 24, +C4<0111>;
S_0x559df68590e0 .scope generate, "genblk3" "genblk3" 2 26, 2 26 0, S_0x559df6858e10;
 .timescale 0 0;
L_0x559df686eae0 .functor NOT 1, L_0x559df686ea40, C4<0>, C4<0>, C4<0>;
v0x559df68592b0_0 .net *"_s0", 6 0, L_0x559df686e8a0;  1 drivers
v0x559df68593b0_0 .net *"_s2", 0 0, L_0x559df686e550;  1 drivers
v0x559df6859470_0 .net *"_s3", 0 0, L_0x559df686ea40;  1 drivers
v0x559df6859530_0 .net *"_s4", 0 0, L_0x559df686eae0;  1 drivers
v0x559df6859610_0 .net *"_s6", 0 0, L_0x559df686eba0;  1 drivers
v0x559df6859740_0 .net *"_s7", 0 0, L_0x559df686ed00;  1 drivers
L_0x559df686e550 .reduce/or L_0x559df686e8a0;
L_0x559df686ed00 .functor MUXZ 1, L_0x559df686eba0, L_0x559df686eae0, L_0x559df686e550, C4<>;
S_0x559df6859820 .scope generate, "genblk1[8]" "genblk1[8]" 2 24, 2 24 0, S_0x559df67f28d0;
 .timescale 0 0;
P_0x559df6857180 .param/l "i" 0 2 24, +C4<01000>;
S_0x559df6859aa0 .scope generate, "genblk3" "genblk3" 2 26, 2 26 0, S_0x559df6859820;
 .timescale 0 0;
L_0x559df686f1c0 .functor NOT 1, L_0x559df686f050, C4<0>, C4<0>, C4<0>;
v0x559df6859c70_0 .net *"_s0", 7 0, L_0x559df686eec0;  1 drivers
v0x559df6859d70_0 .net *"_s2", 0 0, L_0x559df686ef60;  1 drivers
v0x559df6859e30_0 .net *"_s3", 0 0, L_0x559df686f050;  1 drivers
v0x559df6859ef0_0 .net *"_s4", 0 0, L_0x559df686f1c0;  1 drivers
v0x559df6859fd0_0 .net *"_s6", 0 0, L_0x559df686f280;  1 drivers
v0x559df685a100_0 .net *"_s7", 0 0, L_0x559df686f320;  1 drivers
L_0x559df686ef60 .reduce/or L_0x559df686eec0;
L_0x559df686f320 .functor MUXZ 1, L_0x559df686f280, L_0x559df686f1c0, L_0x559df686ef60, C4<>;
S_0x559df685a1e0 .scope generate, "genblk1[9]" "genblk1[9]" 2 24, 2 24 0, S_0x559df67f28d0;
 .timescale 0 0;
P_0x559df685a3d0 .param/l "i" 0 2 24, +C4<01001>;
S_0x559df685a4b0 .scope generate, "genblk3" "genblk3" 2 26, 2 26 0, S_0x559df685a1e0;
 .timescale 0 0;
L_0x559df686f7f0 .functor NOT 1, L_0x559df686f750, C4<0>, C4<0>, C4<0>;
v0x559df685a680_0 .net *"_s0", 8 0, L_0x559df686f4e0;  1 drivers
v0x559df685a780_0 .net *"_s2", 0 0, L_0x559df686f660;  1 drivers
v0x559df685a840_0 .net *"_s3", 0 0, L_0x559df686f750;  1 drivers
v0x559df685a900_0 .net *"_s4", 0 0, L_0x559df686f7f0;  1 drivers
v0x559df685a9e0_0 .net *"_s6", 0 0, L_0x559df686f8b0;  1 drivers
v0x559df685ab10_0 .net *"_s7", 0 0, L_0x559df686fa40;  1 drivers
L_0x559df686f660 .reduce/or L_0x559df686f4e0;
L_0x559df686fa40 .functor MUXZ 1, L_0x559df686f8b0, L_0x559df686f7f0, L_0x559df686f660, C4<>;
S_0x559df685abf0 .scope generate, "genblk1[10]" "genblk1[10]" 2 24, 2 24 0, S_0x559df67f28d0;
 .timescale 0 0;
P_0x559df685ade0 .param/l "i" 0 2 24, +C4<01010>;
S_0x559df685aec0 .scope generate, "genblk3" "genblk3" 2 26, 2 26 0, S_0x559df685abf0;
 .timescale 0 0;
L_0x559df6870340 .functor NOT 1, L_0x559df686fd90, C4<0>, C4<0>, C4<0>;
v0x559df685b090_0 .net *"_s0", 9 0, L_0x559df686fc00;  1 drivers
v0x559df685b190_0 .net *"_s2", 0 0, L_0x559df686fca0;  1 drivers
v0x559df685b250_0 .net *"_s3", 0 0, L_0x559df686fd90;  1 drivers
v0x559df685b310_0 .net *"_s4", 0 0, L_0x559df6870340;  1 drivers
v0x559df685b3f0_0 .net *"_s6", 0 0, L_0x559df6870400;  1 drivers
v0x559df685b520_0 .net *"_s7", 0 0, L_0x559df68704a0;  1 drivers
L_0x559df686fca0 .reduce/or L_0x559df686fc00;
L_0x559df68704a0 .functor MUXZ 1, L_0x559df6870400, L_0x559df6870340, L_0x559df686fca0, C4<>;
S_0x559df685b600 .scope generate, "genblk1[11]" "genblk1[11]" 2 24, 2 24 0, S_0x559df67f28d0;
 .timescale 0 0;
P_0x559df685b7f0 .param/l "i" 0 2 24, +C4<01011>;
S_0x559df685b8d0 .scope generate, "genblk3" "genblk3" 2 26, 2 26 0, S_0x559df685b600;
 .timescale 0 0;
L_0x559df68709a0 .functor NOT 1, L_0x559df6870900, C4<0>, C4<0>, C4<0>;
v0x559df685baa0_0 .net *"_s0", 10 0, L_0x559df6870660;  1 drivers
v0x559df685bba0_0 .net *"_s2", 0 0, L_0x559df6870810;  1 drivers
v0x559df685bc60_0 .net *"_s3", 0 0, L_0x559df6870900;  1 drivers
v0x559df685bd20_0 .net *"_s4", 0 0, L_0x559df68709a0;  1 drivers
v0x559df685be00_0 .net *"_s6", 0 0, L_0x559df6870a60;  1 drivers
v0x559df685bf30_0 .net *"_s7", 0 0, L_0x559df6870c20;  1 drivers
L_0x559df6870810 .reduce/or L_0x559df6870660;
L_0x559df6870c20 .functor MUXZ 1, L_0x559df6870a60, L_0x559df68709a0, L_0x559df6870810, C4<>;
S_0x559df685c010 .scope generate, "genblk1[12]" "genblk1[12]" 2 24, 2 24 0, S_0x559df67f28d0;
 .timescale 0 0;
P_0x559df685c200 .param/l "i" 0 2 24, +C4<01100>;
S_0x559df685c2e0 .scope generate, "genblk3" "genblk3" 2 26, 2 26 0, S_0x559df685c010;
 .timescale 0 0;
L_0x559df6870b00 .functor NOT 1, L_0x559df6870f70, C4<0>, C4<0>, C4<0>;
v0x559df685c4b0_0 .net *"_s0", 11 0, L_0x559df6870de0;  1 drivers
v0x559df685c5b0_0 .net *"_s2", 0 0, L_0x559df6870e80;  1 drivers
v0x559df685c670_0 .net *"_s3", 0 0, L_0x559df6870f70;  1 drivers
v0x559df685c730_0 .net *"_s4", 0 0, L_0x559df6870b00;  1 drivers
v0x559df685c810_0 .net *"_s6", 0 0, L_0x559df6871140;  1 drivers
v0x559df685c940_0 .net *"_s7", 0 0, L_0x559df68711e0;  1 drivers
L_0x559df6870e80 .reduce/or L_0x559df6870de0;
L_0x559df68711e0 .functor MUXZ 1, L_0x559df6871140, L_0x559df6870b00, L_0x559df6870e80, C4<>;
S_0x559df685ca20 .scope generate, "genblk1[13]" "genblk1[13]" 2 24, 2 24 0, S_0x559df67f28d0;
 .timescale 0 0;
P_0x559df685cc10 .param/l "i" 0 2 24, +C4<01101>;
S_0x559df685ccf0 .scope generate, "genblk3" "genblk3" 2 26, 2 26 0, S_0x559df685ca20;
 .timescale 0 0;
L_0x559df68716e0 .functor NOT 1, L_0x559df6871640, C4<0>, C4<0>, C4<0>;
v0x559df685cec0_0 .net *"_s0", 12 0, L_0x559df6871370;  1 drivers
v0x559df685cfc0_0 .net *"_s2", 0 0, L_0x559df6871550;  1 drivers
v0x559df685d080_0 .net *"_s3", 0 0, L_0x559df6871640;  1 drivers
v0x559df685d140_0 .net *"_s4", 0 0, L_0x559df68716e0;  1 drivers
v0x559df685d220_0 .net *"_s6", 0 0, L_0x559df68717a0;  1 drivers
v0x559df685d350_0 .net *"_s7", 0 0, L_0x559df6871990;  1 drivers
L_0x559df6871550 .reduce/or L_0x559df6871370;
L_0x559df6871990 .functor MUXZ 1, L_0x559df68717a0, L_0x559df68716e0, L_0x559df6871550, C4<>;
S_0x559df685d430 .scope generate, "genblk1[14]" "genblk1[14]" 2 24, 2 24 0, S_0x559df67f28d0;
 .timescale 0 0;
P_0x559df685d620 .param/l "i" 0 2 24, +C4<01110>;
S_0x559df685d700 .scope generate, "genblk3" "genblk3" 2 26, 2 26 0, S_0x559df685d430;
 .timescale 0 0;
L_0x559df6871eb0 .functor NOT 1, L_0x559df6871cb0, C4<0>, C4<0>, C4<0>;
v0x559df685d8d0_0 .net *"_s0", 13 0, L_0x559df6871b20;  1 drivers
v0x559df685d9d0_0 .net *"_s2", 0 0, L_0x559df6871bc0;  1 drivers
v0x559df685da90_0 .net *"_s3", 0 0, L_0x559df6871cb0;  1 drivers
v0x559df685db50_0 .net *"_s4", 0 0, L_0x559df6871eb0;  1 drivers
v0x559df685dc30_0 .net *"_s6", 0 0, L_0x559df6871f70;  1 drivers
v0x559df685dd60_0 .net *"_s7", 0 0, L_0x559df6872010;  1 drivers
L_0x559df6871bc0 .reduce/or L_0x559df6871b20;
L_0x559df6872010 .functor MUXZ 1, L_0x559df6871f70, L_0x559df6871eb0, L_0x559df6871bc0, C4<>;
S_0x559df685de40 .scope generate, "genblk1[15]" "genblk1[15]" 2 24, 2 24 0, S_0x559df67f28d0;
 .timescale 0 0;
P_0x559df685e030 .param/l "i" 0 2 24, +C4<01111>;
S_0x559df685e110 .scope generate, "genblk3" "genblk3" 2 26, 2 26 0, S_0x559df685de40;
 .timescale 0 0;
L_0x559df6872570 .functor NOT 1, L_0x559df68724d0, C4<0>, C4<0>, C4<0>;
v0x559df685e2e0_0 .net *"_s0", 14 0, L_0x559df68721d0;  1 drivers
v0x559df685e3e0_0 .net *"_s2", 0 0, L_0x559df68723e0;  1 drivers
v0x559df685e4a0_0 .net *"_s3", 0 0, L_0x559df68724d0;  1 drivers
v0x559df685e560_0 .net *"_s4", 0 0, L_0x559df6872570;  1 drivers
v0x559df685e640_0 .net *"_s6", 0 0, L_0x559df6872630;  1 drivers
v0x559df685e770_0 .net *"_s7", 0 0, L_0x559df6872850;  1 drivers
L_0x559df68723e0 .reduce/or L_0x559df68721d0;
L_0x559df6872850 .functor MUXZ 1, L_0x559df6872630, L_0x559df6872570, L_0x559df68723e0, C4<>;
S_0x559df685e850 .scope generate, "genblk1[16]" "genblk1[16]" 2 24, 2 24 0, S_0x559df67f28d0;
 .timescale 0 0;
P_0x559df685ea40 .param/l "i" 0 2 24, +C4<010000>;
S_0x559df685eb20 .scope generate, "genblk3" "genblk3" 2 26, 2 26 0, S_0x559df685e850;
 .timescale 0 0;
L_0x559df6872dd0 .functor NOT 1, L_0x559df6872ba0, C4<0>, C4<0>, C4<0>;
v0x559df685ecf0_0 .net *"_s0", 15 0, L_0x559df6872a10;  1 drivers
v0x559df685edf0_0 .net *"_s2", 0 0, L_0x559df6872ab0;  1 drivers
v0x559df685eeb0_0 .net *"_s3", 0 0, L_0x559df6872ba0;  1 drivers
v0x559df685ef70_0 .net *"_s4", 0 0, L_0x559df6872dd0;  1 drivers
v0x559df685f050_0 .net *"_s6", 0 0, L_0x559df6872e90;  1 drivers
v0x559df685f180_0 .net *"_s7", 0 0, L_0x559df6872f30;  1 drivers
L_0x559df6872ab0 .reduce/or L_0x559df6872a10;
L_0x559df6872f30 .functor MUXZ 1, L_0x559df6872e90, L_0x559df6872dd0, L_0x559df6872ab0, C4<>;
S_0x559df685f260 .scope generate, "genblk1[17]" "genblk1[17]" 2 24, 2 24 0, S_0x559df67f28d0;
 .timescale 0 0;
P_0x559df685f450 .param/l "i" 0 2 24, +C4<010001>;
S_0x559df685f530 .scope generate, "genblk3" "genblk3" 2 26, 2 26 0, S_0x559df685f260;
 .timescale 0 0;
L_0x559df68734c0 .functor NOT 1, L_0x559df6873420, C4<0>, C4<0>, C4<0>;
v0x559df685f700_0 .net *"_s0", 16 0, L_0x559df68730f0;  1 drivers
v0x559df685f800_0 .net *"_s2", 0 0, L_0x559df6873330;  1 drivers
v0x559df685f8c0_0 .net *"_s3", 0 0, L_0x559df6873420;  1 drivers
v0x559df685f980_0 .net *"_s4", 0 0, L_0x559df68734c0;  1 drivers
v0x559df685fa60_0 .net *"_s6", 0 0, L_0x559df6873580;  1 drivers
v0x559df685fb90_0 .net *"_s7", 0 0, L_0x559df68737d0;  1 drivers
L_0x559df6873330 .reduce/or L_0x559df68730f0;
L_0x559df68737d0 .functor MUXZ 1, L_0x559df6873580, L_0x559df68734c0, L_0x559df6873330, C4<>;
S_0x559df685fc70 .scope generate, "genblk1[18]" "genblk1[18]" 2 24, 2 24 0, S_0x559df67f28d0;
 .timescale 0 0;
P_0x559df685fe60 .param/l "i" 0 2 24, +C4<010010>;
S_0x559df685ff40 .scope generate, "genblk3" "genblk3" 2 26, 2 26 0, S_0x559df685fc70;
 .timescale 0 0;
L_0x559df6873d80 .functor NOT 1, L_0x559df6873b20, C4<0>, C4<0>, C4<0>;
v0x559df6860110_0 .net *"_s0", 17 0, L_0x559df6873990;  1 drivers
v0x559df6860210_0 .net *"_s2", 0 0, L_0x559df6873a30;  1 drivers
v0x559df68602d0_0 .net *"_s3", 0 0, L_0x559df6873b20;  1 drivers
v0x559df6860390_0 .net *"_s4", 0 0, L_0x559df6873d80;  1 drivers
v0x559df6860470_0 .net *"_s6", 0 0, L_0x559df6873e40;  1 drivers
v0x559df68605a0_0 .net *"_s7", 0 0, L_0x559df6873ee0;  1 drivers
L_0x559df6873a30 .reduce/or L_0x559df6873990;
L_0x559df6873ee0 .functor MUXZ 1, L_0x559df6873e40, L_0x559df6873d80, L_0x559df6873a30, C4<>;
S_0x559df6860680 .scope generate, "genblk1[19]" "genblk1[19]" 2 24, 2 24 0, S_0x559df67f28d0;
 .timescale 0 0;
P_0x559df6860870 .param/l "i" 0 2 24, +C4<010011>;
S_0x559df6860950 .scope generate, "genblk3" "genblk3" 2 26, 2 26 0, S_0x559df6860680;
 .timescale 0 0;
L_0x559df68744a0 .functor NOT 1, L_0x559df6874400, C4<0>, C4<0>, C4<0>;
v0x559df6860b20_0 .net *"_s0", 18 0, L_0x559df68740a0;  1 drivers
v0x559df6860c20_0 .net *"_s2", 0 0, L_0x559df6874310;  1 drivers
v0x559df6860ce0_0 .net *"_s3", 0 0, L_0x559df6874400;  1 drivers
v0x559df6860da0_0 .net *"_s4", 0 0, L_0x559df68744a0;  1 drivers
v0x559df6860e80_0 .net *"_s6", 0 0, L_0x559df6874560;  1 drivers
v0x559df6860fb0_0 .net *"_s7", 0 0, L_0x559df68747e0;  1 drivers
L_0x559df6874310 .reduce/or L_0x559df68740a0;
L_0x559df68747e0 .functor MUXZ 1, L_0x559df6874560, L_0x559df68744a0, L_0x559df6874310, C4<>;
S_0x559df6861090 .scope generate, "genblk1[20]" "genblk1[20]" 2 24, 2 24 0, S_0x559df67f28d0;
 .timescale 0 0;
P_0x559df6861280 .param/l "i" 0 2 24, +C4<010100>;
S_0x559df6861360 .scope generate, "genblk3" "genblk3" 2 26, 2 26 0, S_0x559df6861090;
 .timescale 0 0;
L_0x559df6874dc0 .functor NOT 1, L_0x559df6874b30, C4<0>, C4<0>, C4<0>;
v0x559df6861530_0 .net *"_s0", 19 0, L_0x559df68749a0;  1 drivers
v0x559df6861630_0 .net *"_s2", 0 0, L_0x559df6874a40;  1 drivers
v0x559df68616f0_0 .net *"_s3", 0 0, L_0x559df6874b30;  1 drivers
v0x559df68617b0_0 .net *"_s4", 0 0, L_0x559df6874dc0;  1 drivers
v0x559df6861890_0 .net *"_s6", 0 0, L_0x559df6874e80;  1 drivers
v0x559df68619c0_0 .net *"_s7", 0 0, L_0x559df6874f20;  1 drivers
L_0x559df6874a40 .reduce/or L_0x559df68749a0;
L_0x559df6874f20 .functor MUXZ 1, L_0x559df6874e80, L_0x559df6874dc0, L_0x559df6874a40, C4<>;
S_0x559df6861aa0 .scope generate, "genblk1[21]" "genblk1[21]" 2 24, 2 24 0, S_0x559df67f28d0;
 .timescale 0 0;
P_0x559df6861c90 .param/l "i" 0 2 24, +C4<010101>;
S_0x559df6861d70 .scope generate, "genblk3" "genblk3" 2 26, 2 26 0, S_0x559df6861aa0;
 .timescale 0 0;
L_0x559df6875d20 .functor NOT 1, L_0x559df6875c80, C4<0>, C4<0>, C4<0>;
v0x559df6861f40_0 .net *"_s0", 20 0, L_0x559df68750e0;  1 drivers
v0x559df6862040_0 .net *"_s2", 0 0, L_0x559df6875b90;  1 drivers
v0x559df6862100_0 .net *"_s3", 0 0, L_0x559df6875c80;  1 drivers
v0x559df68621c0_0 .net *"_s4", 0 0, L_0x559df6875d20;  1 drivers
v0x559df68622a0_0 .net *"_s6", 0 0, L_0x559df6875de0;  1 drivers
v0x559df68623d0_0 .net *"_s7", 0 0, L_0x559df6876090;  1 drivers
L_0x559df6875b90 .reduce/or L_0x559df68750e0;
L_0x559df6876090 .functor MUXZ 1, L_0x559df6875de0, L_0x559df6875d20, L_0x559df6875b90, C4<>;
S_0x559df68624b0 .scope generate, "genblk1[22]" "genblk1[22]" 2 24, 2 24 0, S_0x559df67f28d0;
 .timescale 0 0;
P_0x559df68626a0 .param/l "i" 0 2 24, +C4<010110>;
S_0x559df6862780 .scope generate, "genblk3" "genblk3" 2 26, 2 26 0, S_0x559df68624b0;
 .timescale 0 0;
L_0x559df68766a0 .functor NOT 1, L_0x559df68763e0, C4<0>, C4<0>, C4<0>;
v0x559df6862950_0 .net *"_s0", 21 0, L_0x559df6876250;  1 drivers
v0x559df6862a50_0 .net *"_s2", 0 0, L_0x559df68762f0;  1 drivers
v0x559df6862b10_0 .net *"_s3", 0 0, L_0x559df68763e0;  1 drivers
v0x559df6862bd0_0 .net *"_s4", 0 0, L_0x559df68766a0;  1 drivers
v0x559df6862cb0_0 .net *"_s6", 0 0, L_0x559df6876760;  1 drivers
v0x559df6862de0_0 .net *"_s7", 0 0, L_0x559df6876800;  1 drivers
L_0x559df68762f0 .reduce/or L_0x559df6876250;
L_0x559df6876800 .functor MUXZ 1, L_0x559df6876760, L_0x559df68766a0, L_0x559df68762f0, C4<>;
S_0x559df6862ec0 .scope generate, "genblk1[23]" "genblk1[23]" 2 24, 2 24 0, S_0x559df67f28d0;
 .timescale 0 0;
P_0x559df68630b0 .param/l "i" 0 2 24, +C4<010111>;
S_0x559df6863190 .scope generate, "genblk3" "genblk3" 2 26, 2 26 0, S_0x559df6862ec0;
 .timescale 0 0;
L_0x559df6876e20 .functor NOT 1, L_0x559df6876d80, C4<0>, C4<0>, C4<0>;
v0x559df6863360_0 .net *"_s0", 22 0, L_0x559df68769c0;  1 drivers
v0x559df6863460_0 .net *"_s2", 0 0, L_0x559df6876c90;  1 drivers
v0x559df6863520_0 .net *"_s3", 0 0, L_0x559df6876d80;  1 drivers
v0x559df68635e0_0 .net *"_s4", 0 0, L_0x559df6876e20;  1 drivers
v0x559df68636c0_0 .net *"_s6", 0 0, L_0x559df6876ee0;  1 drivers
v0x559df68637f0_0 .net *"_s7", 0 0, L_0x559df68771c0;  1 drivers
L_0x559df6876c90 .reduce/or L_0x559df68769c0;
L_0x559df68771c0 .functor MUXZ 1, L_0x559df6876ee0, L_0x559df6876e20, L_0x559df6876c90, C4<>;
S_0x559df68638d0 .scope generate, "genblk1[24]" "genblk1[24]" 2 24, 2 24 0, S_0x559df67f28d0;
 .timescale 0 0;
P_0x559df6863ac0 .param/l "i" 0 2 24, +C4<011000>;
S_0x559df6863ba0 .scope generate, "genblk3" "genblk3" 2 26, 2 26 0, S_0x559df68638d0;
 .timescale 0 0;
L_0x559df6877800 .functor NOT 1, L_0x559df6877510, C4<0>, C4<0>, C4<0>;
v0x559df6863d70_0 .net *"_s0", 23 0, L_0x559df6877380;  1 drivers
v0x559df6863e70_0 .net *"_s2", 0 0, L_0x559df6877420;  1 drivers
v0x559df6863f30_0 .net *"_s3", 0 0, L_0x559df6877510;  1 drivers
v0x559df6863ff0_0 .net *"_s4", 0 0, L_0x559df6877800;  1 drivers
v0x559df68640d0_0 .net *"_s6", 0 0, L_0x559df68778c0;  1 drivers
v0x559df6864200_0 .net *"_s7", 0 0, L_0x559df6877960;  1 drivers
L_0x559df6877420 .reduce/or L_0x559df6877380;
L_0x559df6877960 .functor MUXZ 1, L_0x559df68778c0, L_0x559df6877800, L_0x559df6877420, C4<>;
S_0x559df68642e0 .scope generate, "genblk1[25]" "genblk1[25]" 2 24, 2 24 0, S_0x559df67f28d0;
 .timescale 0 0;
P_0x559df68644d0 .param/l "i" 0 2 24, +C4<011001>;
S_0x559df68645b0 .scope generate, "genblk3" "genblk3" 2 26, 2 26 0, S_0x559df68642e0;
 .timescale 0 0;
L_0x559df6877fb0 .functor NOT 1, L_0x559df6877f10, C4<0>, C4<0>, C4<0>;
v0x559df6864780_0 .net *"_s0", 24 0, L_0x559df6877b20;  1 drivers
v0x559df6864880_0 .net *"_s2", 0 0, L_0x559df6877e20;  1 drivers
v0x559df6864940_0 .net *"_s3", 0 0, L_0x559df6877f10;  1 drivers
v0x559df6864a00_0 .net *"_s4", 0 0, L_0x559df6877fb0;  1 drivers
v0x559df6864ae0_0 .net *"_s6", 0 0, L_0x559df6878070;  1 drivers
v0x559df6864c10_0 .net *"_s7", 0 0, L_0x559df6878380;  1 drivers
L_0x559df6877e20 .reduce/or L_0x559df6877b20;
L_0x559df6878380 .functor MUXZ 1, L_0x559df6878070, L_0x559df6877fb0, L_0x559df6877e20, C4<>;
S_0x559df6864cf0 .scope generate, "genblk1[26]" "genblk1[26]" 2 24, 2 24 0, S_0x559df67f28d0;
 .timescale 0 0;
P_0x559df6864ee0 .param/l "i" 0 2 24, +C4<011010>;
S_0x559df6864fc0 .scope generate, "genblk3" "genblk3" 2 26, 2 26 0, S_0x559df6864cf0;
 .timescale 0 0;
L_0x559df68789f0 .functor NOT 1, L_0x559df68786d0, C4<0>, C4<0>, C4<0>;
v0x559df6865190_0 .net *"_s0", 25 0, L_0x559df6878540;  1 drivers
v0x559df6865290_0 .net *"_s2", 0 0, L_0x559df68785e0;  1 drivers
v0x559df6865350_0 .net *"_s3", 0 0, L_0x559df68786d0;  1 drivers
v0x559df6865410_0 .net *"_s4", 0 0, L_0x559df68789f0;  1 drivers
v0x559df68654f0_0 .net *"_s6", 0 0, L_0x559df6878ab0;  1 drivers
v0x559df6865620_0 .net *"_s7", 0 0, L_0x559df6878b50;  1 drivers
L_0x559df68785e0 .reduce/or L_0x559df6878540;
L_0x559df6878b50 .functor MUXZ 1, L_0x559df6878ab0, L_0x559df68789f0, L_0x559df68785e0, C4<>;
S_0x559df6865700 .scope generate, "genblk1[27]" "genblk1[27]" 2 24, 2 24 0, S_0x559df67f28d0;
 .timescale 0 0;
P_0x559df68658f0 .param/l "i" 0 2 24, +C4<011011>;
S_0x559df68659d0 .scope generate, "genblk3" "genblk3" 2 26, 2 26 0, S_0x559df6865700;
 .timescale 0 0;
L_0x559df68791d0 .functor NOT 1, L_0x559df6879130, C4<0>, C4<0>, C4<0>;
v0x559df6865ba0_0 .net *"_s0", 26 0, L_0x559df6878d10;  1 drivers
v0x559df6865ca0_0 .net *"_s2", 0 0, L_0x559df6879040;  1 drivers
v0x559df6865d60_0 .net *"_s3", 0 0, L_0x559df6879130;  1 drivers
v0x559df6865e20_0 .net *"_s4", 0 0, L_0x559df68791d0;  1 drivers
v0x559df6865f00_0 .net *"_s6", 0 0, L_0x559df6879290;  1 drivers
v0x559df6866030_0 .net *"_s7", 0 0, L_0x559df68795d0;  1 drivers
L_0x559df6879040 .reduce/or L_0x559df6878d10;
L_0x559df68795d0 .functor MUXZ 1, L_0x559df6879290, L_0x559df68791d0, L_0x559df6879040, C4<>;
S_0x559df6866110 .scope generate, "genblk1[28]" "genblk1[28]" 2 24, 2 24 0, S_0x559df67f28d0;
 .timescale 0 0;
P_0x559df6866300 .param/l "i" 0 2 24, +C4<011100>;
S_0x559df68663e0 .scope generate, "genblk3" "genblk3" 2 26, 2 26 0, S_0x559df6866110;
 .timescale 0 0;
L_0x559df6879c70 .functor NOT 1, L_0x559df6879920, C4<0>, C4<0>, C4<0>;
v0x559df68665b0_0 .net *"_s0", 27 0, L_0x559df6879790;  1 drivers
v0x559df68666b0_0 .net *"_s2", 0 0, L_0x559df6879830;  1 drivers
v0x559df6866770_0 .net *"_s3", 0 0, L_0x559df6879920;  1 drivers
v0x559df6866830_0 .net *"_s4", 0 0, L_0x559df6879c70;  1 drivers
v0x559df6866910_0 .net *"_s6", 0 0, L_0x559df6879d30;  1 drivers
v0x559df6866a40_0 .net *"_s7", 0 0, L_0x559df6879dd0;  1 drivers
L_0x559df6879830 .reduce/or L_0x559df6879790;
L_0x559df6879dd0 .functor MUXZ 1, L_0x559df6879d30, L_0x559df6879c70, L_0x559df6879830, C4<>;
S_0x559df6866b20 .scope generate, "genblk1[29]" "genblk1[29]" 2 24, 2 24 0, S_0x559df67f28d0;
 .timescale 0 0;
P_0x559df6866d10 .param/l "i" 0 2 24, +C4<011101>;
S_0x559df6866df0 .scope generate, "genblk3" "genblk3" 2 26, 2 26 0, S_0x559df6866b20;
 .timescale 0 0;
L_0x559df687a480 .functor NOT 1, L_0x559df687a3e0, C4<0>, C4<0>, C4<0>;
v0x559df6866fc0_0 .net *"_s0", 28 0, L_0x559df6879f90;  1 drivers
v0x559df68670c0_0 .net *"_s2", 0 0, L_0x559df687a2f0;  1 drivers
v0x559df6867180_0 .net *"_s3", 0 0, L_0x559df687a3e0;  1 drivers
v0x559df6867240_0 .net *"_s4", 0 0, L_0x559df687a480;  1 drivers
v0x559df6867320_0 .net *"_s6", 0 0, L_0x559df687a540;  1 drivers
v0x559df6867450_0 .net *"_s7", 0 0, L_0x559df687a8b0;  1 drivers
L_0x559df687a2f0 .reduce/or L_0x559df6879f90;
L_0x559df687a8b0 .functor MUXZ 1, L_0x559df687a540, L_0x559df687a480, L_0x559df687a2f0, C4<>;
S_0x559df6867530 .scope generate, "genblk1[30]" "genblk1[30]" 2 24, 2 24 0, S_0x559df67f28d0;
 .timescale 0 0;
P_0x559df6867720 .param/l "i" 0 2 24, +C4<011110>;
S_0x559df6867800 .scope generate, "genblk3" "genblk3" 2 26, 2 26 0, S_0x559df6867530;
 .timescale 0 0;
L_0x559df687af80 .functor NOT 1, L_0x559df687ac00, C4<0>, C4<0>, C4<0>;
v0x559df68679d0_0 .net *"_s0", 29 0, L_0x559df687aa70;  1 drivers
v0x559df6867ad0_0 .net *"_s2", 0 0, L_0x559df687ab10;  1 drivers
v0x559df6867b90_0 .net *"_s3", 0 0, L_0x559df687ac00;  1 drivers
v0x559df6867c50_0 .net *"_s4", 0 0, L_0x559df687af80;  1 drivers
v0x559df6867d30_0 .net *"_s6", 0 0, L_0x559df687b040;  1 drivers
v0x559df6867e60_0 .net *"_s7", 0 0, L_0x559df687b0e0;  1 drivers
L_0x559df687ab10 .reduce/or L_0x559df687aa70;
L_0x559df687b0e0 .functor MUXZ 1, L_0x559df687b040, L_0x559df687af80, L_0x559df687ab10, C4<>;
S_0x559df6867f40 .scope generate, "genblk1[31]" "genblk1[31]" 2 24, 2 24 0, S_0x559df67f28d0;
 .timescale 0 0;
P_0x559df6868130 .param/l "i" 0 2 24, +C4<011111>;
S_0x559df6868210 .scope generate, "genblk3" "genblk3" 2 26, 2 26 0, S_0x559df6867f40;
 .timescale 0 0;
L_0x559df687c560 .functor NOT 1, L_0x559df687c1c0, C4<0>, C4<0>, C4<0>;
v0x559df68683e0_0 .net *"_s0", 30 0, L_0x559df687c030;  1 drivers
v0x559df68684e0_0 .net *"_s2", 0 0, L_0x559df687c0d0;  1 drivers
v0x559df68685a0_0 .net *"_s3", 0 0, L_0x559df687c1c0;  1 drivers
v0x559df6868660_0 .net *"_s4", 0 0, L_0x559df687c560;  1 drivers
v0x559df6868740_0 .net *"_s6", 0 0, L_0x559df687c620;  1 drivers
v0x559df6868870_0 .net *"_s7", 0 0, L_0x559df687c6c0;  1 drivers
L_0x559df687c0d0 .reduce/or L_0x559df687c030;
L_0x559df687c6c0 .functor MUXZ 1, L_0x559df687c620, L_0x559df687c560, L_0x559df687c0d0, C4<>;
    .scope S_0x559df6830520;
T_0 ;
    %delay 0, 0;
    %pushi/vec4 49371, 0, 32;
    %store/vec4 v0x559df686c0b0_0, 0, 32;
    %pushi/vec4 6332, 0, 32;
    %store/vec4 v0x559df686c190_0, 0, 32;
    %pushi/vec4 0, 0, 3;
    %store/vec4 v0x559df686c2f0_0, 0, 3;
    %delay 10, 0;
    %pushi/vec4 1, 0, 3;
    %store/vec4 v0x559df686c2f0_0, 0, 3;
    %delay 10, 0;
    %pushi/vec4 2, 0, 3;
    %store/vec4 v0x559df686c2f0_0, 0, 3;
    %delay 10, 0;
    %pushi/vec4 3, 0, 3;
    %store/vec4 v0x559df686c2f0_0, 0, 3;
    %delay 10, 0;
    %pushi/vec4 4, 0, 3;
    %store/vec4 v0x559df686c2f0_0, 0, 3;
    %delay 10, 0;
    %pushi/vec4 5, 0, 3;
    %store/vec4 v0x559df686c2f0_0, 0, 3;
    %delay 10, 0;
    %pushi/vec4 6, 0, 3;
    %store/vec4 v0x559df686c2f0_0, 0, 3;
    %delay 10, 0;
    %pushi/vec4 7, 0, 3;
    %store/vec4 v0x559df686c2f0_0, 0, 3;
    %end;
    .thread T_0;
    .scope S_0x559df6830520;
T_1 ;
    %vpi_call 2 56 "$monitor", $time, "\011A: %b\011Operation: %b\012\011\011\011B: %b\011Output: %b\012", v0x559df686c0b0_0, v0x559df686c2f0_0, v0x559df686c190_0, v0x559df686c250_0 {0 0 0};
    %end;
    .thread T_1;
# The file index is used to find the file name in the following table.
:file_names 3;
    "N/A";
    "<interactive>";
    "LogicUnit.v";
