#! /usr/bin/vvp
:ivl_version "10.3 (stable)";
:ivl_delay_selection "TYPICAL";
:vpi_time_precision + 0;
:vpi_module "system";
:vpi_module "vhdl_sys";
:vpi_module "v2005_math";
:vpi_module "va_math";
S_0x560872d488f0 .scope module, "top" "top" 2 3;
 .timescale 0 0;
v0x560872d99250_0 .var/s "ai", 31 0;
v0x560872d99380_0 .var/s "bi", 31 0;
v0x560872d99490_0 .var "clk", 0 0;
v0x560872d99530_0 .var/i "i", 31 0;
v0x560872d995f0_0 .var "rst", 0 0;
v0x560872d996e0_0 .net/s "si", 31 0, v0x560872d98c50_0;  1 drivers
v0x560872d997a0_0 .var "xin", 7 0;
o0x7f84d76e1068 .functor BUFZ 8, C4<zzzzzzzz>; HiZ drive
v0x560872d99840_0 .net "xout", 7 0, o0x7f84d76e1068;  0 drivers
S_0x560872d476b0 .scope module, "adder_0" "adder" 2 9, 3 4 0, S_0x560872d488f0;
 .timescale 0 0;
    .port_info 0 /OUTPUT 32 "si"
    .port_info 1 /OUTPUT 8 "xout"
    .port_info 2 /INPUT 32 "a"
    .port_info 3 /INPUT 32 "b"
    .port_info 4 /INPUT 8 "xin"
    .port_info 5 /INPUT 1 "clk"
    .port_info 6 /INPUT 1 "rst"
L_0x560872d9e2e0 .functor BUFZ 8, v0x560872d997a0_0, C4<00000000>, C4<00000000>, C4<00000000>;
v0x560872d98360_0 .net *"_s28", 7 0, L_0x560872d9e2e0;  1 drivers
v0x560872d98460_0 .net "a", 31 0, v0x560872d99250_0;  1 drivers
v0x560872d98520_0 .net "b", 31 0, v0x560872d99380_0;  1 drivers
v0x560872d985c0_0 .net "c", 31 0, v0x560872d8f800_0;  1 drivers
v0x560872d98660_0 .net "clk", 0 0, v0x560872d99490_0;  1 drivers
v0x560872d98700_0 .net "d", 31 0, v0x560872d8f980_0;  1 drivers
v0x560872d987a0_0 .net "e", 31 0, v0x560872d93d90_0;  1 drivers
v0x560872d988b0_0 .net "f", 31 0, v0x560872d93e70_0;  1 drivers
v0x560872d989c0_0 .var/i "i", 31 0;
v0x560872d98aa0_0 .net "rst", 0 0, v0x560872d995f0_0;  1 drivers
v0x560872d98c50_0 .var "si", 31 0;
v0x560872d98d30_0 .net "x", 263 0, L_0x560872d9eda0;  1 drivers
v0x560872d98df0_0 .net "xin", 7 0, v0x560872d997a0_0;  1 drivers
v0x560872d98ed0_0 .net "xout", 7 0, o0x7f84d76e1068;  alias, 0 drivers
v0x560872d98fb0_0 .net "y", 255 0, v0x560872d93c00_0;  1 drivers
v0x560872d99050_0 .var "ym", 7 0;
L_0x560872d9ac70 .part v0x560872d8f800_0, 0, 8;
L_0x560872d9ad10 .part v0x560872d8f980_0, 0, 8;
L_0x560872d9c250 .part v0x560872d8f800_0, 8, 8;
L_0x560872d9c2f0 .part v0x560872d8f980_0, 8, 8;
L_0x560872d9d740 .part v0x560872d8f800_0, 16, 8;
L_0x560872d9d7e0 .part v0x560872d8f980_0, 16, 8;
L_0x560872d9ec10 .part v0x560872d8f800_0, 24, 8;
L_0x560872d9ecb0 .part v0x560872d8f980_0, 24, 8;
LS_0x560872d9eda0_0_0 .concat8 [ 8 64 64 64], L_0x560872d9e2e0, L_0x560872d9a5d0, L_0x560872d9bbb0, L_0x560872d9d0a0;
LS_0x560872d9eda0_0_4 .concat8 [ 64 0 0 0], L_0x560872d9e570;
L_0x560872d9eda0 .concat8 [ 200 64 0 0], LS_0x560872d9eda0_0_0, LS_0x560872d9eda0_0_4;
L_0x560872d9ef40 .part L_0x560872d9eda0, 0, 256;
S_0x560872d50f80 .scope module, "kpg_0" "kpgg" 3 22, 4 3 0, S_0x560872d476b0;
 .timescale 0 0;
    .port_info 0 /OUTPUT 64 "x"
    .port_info 1 /INPUT 8 "ai"
    .port_info 2 /INPUT 8 "bi"
v0x560872d85580_0 .net "ai", 7 0, L_0x560872d9ac70;  1 drivers
v0x560872d85660_0 .net "bi", 7 0, L_0x560872d9ad10;  1 drivers
v0x560872d85740_0 .net "x", 63 0, L_0x560872d9a5d0;  1 drivers
L_0x560872d998e0 .part L_0x560872d9ac70, 0, 1;
L_0x560872d99980 .part L_0x560872d9ad10, 0, 1;
L_0x560872d99a20 .part L_0x560872d9ac70, 1, 1;
L_0x560872d99b10 .part L_0x560872d9ad10, 1, 1;
L_0x560872d99c30 .part L_0x560872d9ac70, 2, 1;
L_0x560872d99cd0 .part L_0x560872d9ad10, 2, 1;
L_0x560872d99de0 .part L_0x560872d9ac70, 3, 1;
L_0x560872d99e80 .part L_0x560872d9ad10, 3, 1;
L_0x560872d99fa0 .part L_0x560872d9ac70, 4, 1;
L_0x560872d9a070 .part L_0x560872d9ad10, 4, 1;
L_0x560872d9a1a0 .part L_0x560872d9ac70, 5, 1;
L_0x560872d9a270 .part L_0x560872d9ad10, 5, 1;
L_0x560872d9a3b0 .part L_0x560872d9ac70, 6, 1;
L_0x560872d9a480 .part L_0x560872d9ad10, 6, 1;
LS_0x560872d9a5d0_0_0 .concat8 [ 8 8 8 8], v0x560872d66fa0_0, v0x560872d57d60_0, v0x560872d83860_0, v0x560872d83da0_0;
LS_0x560872d9a5d0_0_4 .concat8 [ 8 8 8 8], v0x560872d84330_0, v0x560872d848b0_0, v0x560872d84e60_0, v0x560872d85410_0;
L_0x560872d9a5d0 .concat8 [ 32 32 0 0], LS_0x560872d9a5d0_0_0, LS_0x560872d9a5d0_0_4;
L_0x560872d9a820 .part L_0x560872d9ac70, 7, 1;
L_0x560872d9aa90 .part L_0x560872d9ad10, 7, 1;
S_0x560872d50c80 .scope module, "kpg_0" "kpg" 4 9, 5 1 0, S_0x560872d50f80;
 .timescale 0 0;
    .port_info 0 /OUTPUT 8 "x"
    .port_info 1 /INPUT 1 "ai"
    .port_info 2 /INPUT 1 "bi"
v0x560872d6c940_0 .net "ai", 0 0, L_0x560872d998e0;  1 drivers
v0x560872d6c060_0 .net "bi", 0 0, L_0x560872d99980;  1 drivers
v0x560872d66fa0_0 .var "x", 7 0;
E_0x560872d04570 .event edge, v0x560872d6c060_0, v0x560872d6c940_0;
S_0x560872d831c0 .scope module, "kpg_1" "kpg" 4 10, 5 1 0, S_0x560872d50f80;
 .timescale 0 0;
    .port_info 0 /OUTPUT 8 "x"
    .port_info 1 /INPUT 1 "ai"
    .port_info 2 /INPUT 1 "bi"
v0x560872d61ee0_0 .net "ai", 0 0, L_0x560872d99a20;  1 drivers
v0x560872d5ce20_0 .net "bi", 0 0, L_0x560872d99b10;  1 drivers
v0x560872d57d60_0 .var "x", 7 0;
E_0x560872d048e0 .event edge, v0x560872d5ce20_0, v0x560872d61ee0_0;
S_0x560872d83520 .scope module, "kpg_2" "kpg" 4 11, 5 1 0, S_0x560872d50f80;
 .timescale 0 0;
    .port_info 0 /OUTPUT 8 "x"
    .port_info 1 /INPUT 1 "ai"
    .port_info 2 /INPUT 1 "bi"
v0x560872d4c710_0 .net "ai", 0 0, L_0x560872d99c30;  1 drivers
v0x560872d837a0_0 .net "bi", 0 0, L_0x560872d99cd0;  1 drivers
v0x560872d83860_0 .var "x", 7 0;
E_0x560872d042b0 .event edge, v0x560872d837a0_0, v0x560872d4c710_0;
S_0x560872d839a0 .scope module, "kpg_3" "kpg" 4 12, 5 1 0, S_0x560872d50f80;
 .timescale 0 0;
    .port_info 0 /OUTPUT 8 "x"
    .port_info 1 /INPUT 1 "ai"
    .port_info 2 /INPUT 1 "bi"
v0x560872d83c00_0 .net "ai", 0 0, L_0x560872d99de0;  1 drivers
v0x560872d83ce0_0 .net "bi", 0 0, L_0x560872d99e80;  1 drivers
v0x560872d83da0_0 .var "x", 7 0;
E_0x560872d02e70 .event edge, v0x560872d83ce0_0, v0x560872d83c00_0;
S_0x560872d83ee0 .scope module, "kpg_4" "kpg" 4 13, 5 1 0, S_0x560872d50f80;
 .timescale 0 0;
    .port_info 0 /OUTPUT 8 "x"
    .port_info 1 /INPUT 1 "ai"
    .port_info 2 /INPUT 1 "bi"
v0x560872d84190_0 .net "ai", 0 0, L_0x560872d99fa0;  1 drivers
v0x560872d84270_0 .net "bi", 0 0, L_0x560872d9a070;  1 drivers
v0x560872d84330_0 .var "x", 7 0;
E_0x560872d70bf0 .event edge, v0x560872d84270_0, v0x560872d84190_0;
S_0x560872d84470 .scope module, "kpg_5" "kpg" 4 14, 5 1 0, S_0x560872d50f80;
 .timescale 0 0;
    .port_info 0 /OUTPUT 8 "x"
    .port_info 1 /INPUT 1 "ai"
    .port_info 2 /INPUT 1 "bi"
v0x560872d84710_0 .net "ai", 0 0, L_0x560872d9a1a0;  1 drivers
v0x560872d847f0_0 .net "bi", 0 0, L_0x560872d9a270;  1 drivers
v0x560872d848b0_0 .var "x", 7 0;
E_0x560872d84690 .event edge, v0x560872d847f0_0, v0x560872d84710_0;
S_0x560872d84a20 .scope module, "kpg_6" "kpg" 4 15, 5 1 0, S_0x560872d50f80;
 .timescale 0 0;
    .port_info 0 /OUTPUT 8 "x"
    .port_info 1 /INPUT 1 "ai"
    .port_info 2 /INPUT 1 "bi"
v0x560872d84cc0_0 .net "ai", 0 0, L_0x560872d9a3b0;  1 drivers
v0x560872d84da0_0 .net "bi", 0 0, L_0x560872d9a480;  1 drivers
v0x560872d84e60_0 .var "x", 7 0;
E_0x560872d84c40 .event edge, v0x560872d84da0_0, v0x560872d84cc0_0;
S_0x560872d84fd0 .scope module, "kpg_7" "kpg" 4 16, 5 1 0, S_0x560872d50f80;
 .timescale 0 0;
    .port_info 0 /OUTPUT 8 "x"
    .port_info 1 /INPUT 1 "ai"
    .port_info 2 /INPUT 1 "bi"
v0x560872d85270_0 .net "ai", 0 0, L_0x560872d9a820;  1 drivers
v0x560872d85350_0 .net "bi", 0 0, L_0x560872d9aa90;  1 drivers
v0x560872d85410_0 .var "x", 7 0;
E_0x560872d851f0 .event edge, v0x560872d85350_0, v0x560872d85270_0;
S_0x560872d858c0 .scope module, "kpg_1" "kpgg" 3 23, 4 3 0, S_0x560872d476b0;
 .timescale 0 0;
    .port_info 0 /OUTPUT 64 "x"
    .port_info 1 /INPUT 8 "ai"
    .port_info 2 /INPUT 8 "bi"
v0x560872d888d0_0 .net "ai", 7 0, L_0x560872d9c250;  1 drivers
v0x560872d889b0_0 .net "bi", 7 0, L_0x560872d9c2f0;  1 drivers
v0x560872d88a90_0 .net "x", 63 0, L_0x560872d9bbb0;  1 drivers
L_0x560872d9adb0 .part L_0x560872d9c250, 0, 1;
L_0x560872d9aeb0 .part L_0x560872d9c2f0, 0, 1;
L_0x560872d9afb0 .part L_0x560872d9c250, 1, 1;
L_0x560872d9b080 .part L_0x560872d9c2f0, 1, 1;
L_0x560872d9b150 .part L_0x560872d9c250, 2, 1;
L_0x560872d9b1f0 .part L_0x560872d9c2f0, 2, 1;
L_0x560872d9b300 .part L_0x560872d9c250, 3, 1;
L_0x560872d9b430 .part L_0x560872d9c2f0, 3, 1;
L_0x560872d9b5e0 .part L_0x560872d9c250, 4, 1;
L_0x560872d9b6b0 .part L_0x560872d9c2f0, 4, 1;
L_0x560872d9b780 .part L_0x560872d9c250, 5, 1;
L_0x560872d9b850 .part L_0x560872d9c2f0, 5, 1;
L_0x560872d9b990 .part L_0x560872d9c250, 6, 1;
L_0x560872d9ba60 .part L_0x560872d9c2f0, 6, 1;
LS_0x560872d9bbb0_0_0 .concat8 [ 8 8 8 8], v0x560872d85f60_0, v0x560872d86510_0, v0x560872d86ad0_0, v0x560872d87080_0;
LS_0x560872d9bbb0_0_4 .concat8 [ 8 8 8 8], v0x560872d87680_0, v0x560872d87c00_0, v0x560872d881b0_0, v0x560872d88760_0;
L_0x560872d9bbb0 .concat8 [ 32 32 0 0], LS_0x560872d9bbb0_0_0, LS_0x560872d9bbb0_0_4;
L_0x560872d9be00 .part L_0x560872d9c250, 7, 1;
L_0x560872d9c070 .part L_0x560872d9c2f0, 7, 1;
S_0x560872d85ae0 .scope module, "kpg_0" "kpg" 4 9, 5 1 0, S_0x560872d858c0;
 .timescale 0 0;
    .port_info 0 /OUTPUT 8 "x"
    .port_info 1 /INPUT 1 "ai"
    .port_info 2 /INPUT 1 "bi"
v0x560872d85dc0_0 .net "ai", 0 0, L_0x560872d9adb0;  1 drivers
v0x560872d85ea0_0 .net "bi", 0 0, L_0x560872d9aeb0;  1 drivers
v0x560872d85f60_0 .var "x", 7 0;
E_0x560872d85d40 .event edge, v0x560872d85ea0_0, v0x560872d85dc0_0;
S_0x560872d860d0 .scope module, "kpg_1" "kpg" 4 10, 5 1 0, S_0x560872d858c0;
 .timescale 0 0;
    .port_info 0 /OUTPUT 8 "x"
    .port_info 1 /INPUT 1 "ai"
    .port_info 2 /INPUT 1 "bi"
v0x560872d86370_0 .net "ai", 0 0, L_0x560872d9afb0;  1 drivers
v0x560872d86450_0 .net "bi", 0 0, L_0x560872d9b080;  1 drivers
v0x560872d86510_0 .var "x", 7 0;
E_0x560872d862f0 .event edge, v0x560872d86450_0, v0x560872d86370_0;
S_0x560872d86680 .scope module, "kpg_2" "kpg" 4 11, 5 1 0, S_0x560872d858c0;
 .timescale 0 0;
    .port_info 0 /OUTPUT 8 "x"
    .port_info 1 /INPUT 1 "ai"
    .port_info 2 /INPUT 1 "bi"
v0x560872d86930_0 .net "ai", 0 0, L_0x560872d9b150;  1 drivers
v0x560872d86a10_0 .net "bi", 0 0, L_0x560872d9b1f0;  1 drivers
v0x560872d86ad0_0 .var "x", 7 0;
E_0x560872d868d0 .event edge, v0x560872d86a10_0, v0x560872d86930_0;
S_0x560872d86c40 .scope module, "kpg_3" "kpg" 4 12, 5 1 0, S_0x560872d858c0;
 .timescale 0 0;
    .port_info 0 /OUTPUT 8 "x"
    .port_info 1 /INPUT 1 "ai"
    .port_info 2 /INPUT 1 "bi"
v0x560872d86ee0_0 .net "ai", 0 0, L_0x560872d9b300;  1 drivers
v0x560872d86fc0_0 .net "bi", 0 0, L_0x560872d9b430;  1 drivers
v0x560872d87080_0 .var "x", 7 0;
E_0x560872d86e60 .event edge, v0x560872d86fc0_0, v0x560872d86ee0_0;
S_0x560872d871f0 .scope module, "kpg_4" "kpg" 4 13, 5 1 0, S_0x560872d858c0;
 .timescale 0 0;
    .port_info 0 /OUTPUT 8 "x"
    .port_info 1 /INPUT 1 "ai"
    .port_info 2 /INPUT 1 "bi"
v0x560872d874e0_0 .net "ai", 0 0, L_0x560872d9b5e0;  1 drivers
v0x560872d875c0_0 .net "bi", 0 0, L_0x560872d9b6b0;  1 drivers
v0x560872d87680_0 .var "x", 7 0;
E_0x560872d87460 .event edge, v0x560872d875c0_0, v0x560872d874e0_0;
S_0x560872d877c0 .scope module, "kpg_5" "kpg" 4 14, 5 1 0, S_0x560872d858c0;
 .timescale 0 0;
    .port_info 0 /OUTPUT 8 "x"
    .port_info 1 /INPUT 1 "ai"
    .port_info 2 /INPUT 1 "bi"
v0x560872d87a60_0 .net "ai", 0 0, L_0x560872d9b780;  1 drivers
v0x560872d87b40_0 .net "bi", 0 0, L_0x560872d9b850;  1 drivers
v0x560872d87c00_0 .var "x", 7 0;
E_0x560872d879e0 .event edge, v0x560872d87b40_0, v0x560872d87a60_0;
S_0x560872d87d70 .scope module, "kpg_6" "kpg" 4 15, 5 1 0, S_0x560872d858c0;
 .timescale 0 0;
    .port_info 0 /OUTPUT 8 "x"
    .port_info 1 /INPUT 1 "ai"
    .port_info 2 /INPUT 1 "bi"
v0x560872d88010_0 .net "ai", 0 0, L_0x560872d9b990;  1 drivers
v0x560872d880f0_0 .net "bi", 0 0, L_0x560872d9ba60;  1 drivers
v0x560872d881b0_0 .var "x", 7 0;
E_0x560872d87f90 .event edge, v0x560872d880f0_0, v0x560872d88010_0;
S_0x560872d88320 .scope module, "kpg_7" "kpg" 4 16, 5 1 0, S_0x560872d858c0;
 .timescale 0 0;
    .port_info 0 /OUTPUT 8 "x"
    .port_info 1 /INPUT 1 "ai"
    .port_info 2 /INPUT 1 "bi"
v0x560872d885c0_0 .net "ai", 0 0, L_0x560872d9be00;  1 drivers
v0x560872d886a0_0 .net "bi", 0 0, L_0x560872d9c070;  1 drivers
v0x560872d88760_0 .var "x", 7 0;
E_0x560872d88540 .event edge, v0x560872d886a0_0, v0x560872d885c0_0;
S_0x560872d88c10 .scope module, "kpg_2" "kpgg" 3 24, 4 3 0, S_0x560872d476b0;
 .timescale 0 0;
    .port_info 0 /OUTPUT 64 "x"
    .port_info 1 /INPUT 8 "ai"
    .port_info 2 /INPUT 8 "bi"
v0x560872d8bc30_0 .net "ai", 7 0, L_0x560872d9d740;  1 drivers
v0x560872d8bd10_0 .net "bi", 7 0, L_0x560872d9d7e0;  1 drivers
v0x560872d8bdf0_0 .net "x", 63 0, L_0x560872d9d0a0;  1 drivers
L_0x560872d9c3c0 .part L_0x560872d9d740, 0, 1;
L_0x560872d9c4c0 .part L_0x560872d9d7e0, 0, 1;
L_0x560872d9c5c0 .part L_0x560872d9d740, 1, 1;
L_0x560872d9c690 .part L_0x560872d9d7e0, 1, 1;
L_0x560872d9c760 .part L_0x560872d9d740, 2, 1;
L_0x560872d9c800 .part L_0x560872d9d7e0, 2, 1;
L_0x560872d9c910 .part L_0x560872d9d740, 3, 1;
L_0x560872d9c9b0 .part L_0x560872d9d7e0, 3, 1;
L_0x560872d9cad0 .part L_0x560872d9d740, 4, 1;
L_0x560872d9cba0 .part L_0x560872d9d7e0, 4, 1;
L_0x560872d9cc70 .part L_0x560872d9d740, 5, 1;
L_0x560872d9cd40 .part L_0x560872d9d7e0, 5, 1;
L_0x560872d9ce80 .part L_0x560872d9d740, 6, 1;
L_0x560872d9cf50 .part L_0x560872d9d7e0, 6, 1;
LS_0x560872d9d0a0_0_0 .concat8 [ 8 8 8 8], v0x560872d892c0_0, v0x560872d89870_0, v0x560872d89e30_0, v0x560872d8a3e0_0;
LS_0x560872d9d0a0_0_4 .concat8 [ 8 8 8 8], v0x560872d8a9e0_0, v0x560872d8af60_0, v0x560872d8b510_0, v0x560872d8bac0_0;
L_0x560872d9d0a0 .concat8 [ 32 32 0 0], LS_0x560872d9d0a0_0_0, LS_0x560872d9d0a0_0_4;
L_0x560872d9d2f0 .part L_0x560872d9d740, 7, 1;
L_0x560872d9d560 .part L_0x560872d9d7e0, 7, 1;
S_0x560872d88e60 .scope module, "kpg_0" "kpg" 4 9, 5 1 0, S_0x560872d88c10;
 .timescale 0 0;
    .port_info 0 /OUTPUT 8 "x"
    .port_info 1 /INPUT 1 "ai"
    .port_info 2 /INPUT 1 "bi"
v0x560872d89120_0 .net "ai", 0 0, L_0x560872d9c3c0;  1 drivers
v0x560872d89200_0 .net "bi", 0 0, L_0x560872d9c4c0;  1 drivers
v0x560872d892c0_0 .var "x", 7 0;
E_0x560872d890a0 .event edge, v0x560872d89200_0, v0x560872d89120_0;
S_0x560872d89430 .scope module, "kpg_1" "kpg" 4 10, 5 1 0, S_0x560872d88c10;
 .timescale 0 0;
    .port_info 0 /OUTPUT 8 "x"
    .port_info 1 /INPUT 1 "ai"
    .port_info 2 /INPUT 1 "bi"
v0x560872d896d0_0 .net "ai", 0 0, L_0x560872d9c5c0;  1 drivers
v0x560872d897b0_0 .net "bi", 0 0, L_0x560872d9c690;  1 drivers
v0x560872d89870_0 .var "x", 7 0;
E_0x560872d89650 .event edge, v0x560872d897b0_0, v0x560872d896d0_0;
S_0x560872d899e0 .scope module, "kpg_2" "kpg" 4 11, 5 1 0, S_0x560872d88c10;
 .timescale 0 0;
    .port_info 0 /OUTPUT 8 "x"
    .port_info 1 /INPUT 1 "ai"
    .port_info 2 /INPUT 1 "bi"
v0x560872d89c90_0 .net "ai", 0 0, L_0x560872d9c760;  1 drivers
v0x560872d89d70_0 .net "bi", 0 0, L_0x560872d9c800;  1 drivers
v0x560872d89e30_0 .var "x", 7 0;
E_0x560872d89c30 .event edge, v0x560872d89d70_0, v0x560872d89c90_0;
S_0x560872d89fa0 .scope module, "kpg_3" "kpg" 4 12, 5 1 0, S_0x560872d88c10;
 .timescale 0 0;
    .port_info 0 /OUTPUT 8 "x"
    .port_info 1 /INPUT 1 "ai"
    .port_info 2 /INPUT 1 "bi"
v0x560872d8a240_0 .net "ai", 0 0, L_0x560872d9c910;  1 drivers
v0x560872d8a320_0 .net "bi", 0 0, L_0x560872d9c9b0;  1 drivers
v0x560872d8a3e0_0 .var "x", 7 0;
E_0x560872d8a1c0 .event edge, v0x560872d8a320_0, v0x560872d8a240_0;
S_0x560872d8a550 .scope module, "kpg_4" "kpg" 4 13, 5 1 0, S_0x560872d88c10;
 .timescale 0 0;
    .port_info 0 /OUTPUT 8 "x"
    .port_info 1 /INPUT 1 "ai"
    .port_info 2 /INPUT 1 "bi"
v0x560872d8a840_0 .net "ai", 0 0, L_0x560872d9cad0;  1 drivers
v0x560872d8a920_0 .net "bi", 0 0, L_0x560872d9cba0;  1 drivers
v0x560872d8a9e0_0 .var "x", 7 0;
E_0x560872d8a7c0 .event edge, v0x560872d8a920_0, v0x560872d8a840_0;
S_0x560872d8ab20 .scope module, "kpg_5" "kpg" 4 14, 5 1 0, S_0x560872d88c10;
 .timescale 0 0;
    .port_info 0 /OUTPUT 8 "x"
    .port_info 1 /INPUT 1 "ai"
    .port_info 2 /INPUT 1 "bi"
v0x560872d8adc0_0 .net "ai", 0 0, L_0x560872d9cc70;  1 drivers
v0x560872d8aea0_0 .net "bi", 0 0, L_0x560872d9cd40;  1 drivers
v0x560872d8af60_0 .var "x", 7 0;
E_0x560872d8ad40 .event edge, v0x560872d8aea0_0, v0x560872d8adc0_0;
S_0x560872d8b0d0 .scope module, "kpg_6" "kpg" 4 15, 5 1 0, S_0x560872d88c10;
 .timescale 0 0;
    .port_info 0 /OUTPUT 8 "x"
    .port_info 1 /INPUT 1 "ai"
    .port_info 2 /INPUT 1 "bi"
v0x560872d8b370_0 .net "ai", 0 0, L_0x560872d9ce80;  1 drivers
v0x560872d8b450_0 .net "bi", 0 0, L_0x560872d9cf50;  1 drivers
v0x560872d8b510_0 .var "x", 7 0;
E_0x560872d8b2f0 .event edge, v0x560872d8b450_0, v0x560872d8b370_0;
S_0x560872d8b680 .scope module, "kpg_7" "kpg" 4 16, 5 1 0, S_0x560872d88c10;
 .timescale 0 0;
    .port_info 0 /OUTPUT 8 "x"
    .port_info 1 /INPUT 1 "ai"
    .port_info 2 /INPUT 1 "bi"
v0x560872d8b920_0 .net "ai", 0 0, L_0x560872d9d2f0;  1 drivers
v0x560872d8ba00_0 .net "bi", 0 0, L_0x560872d9d560;  1 drivers
v0x560872d8bac0_0 .var "x", 7 0;
E_0x560872d8b8a0 .event edge, v0x560872d8ba00_0, v0x560872d8b920_0;
S_0x560872d8bf70 .scope module, "kpg_3" "kpgg" 3 25, 4 3 0, S_0x560872d476b0;
 .timescale 0 0;
    .port_info 0 /OUTPUT 64 "x"
    .port_info 1 /INPUT 8 "ai"
    .port_info 2 /INPUT 8 "bi"
v0x560872d8ef80_0 .net "ai", 7 0, L_0x560872d9ec10;  1 drivers
v0x560872d8f060_0 .net "bi", 7 0, L_0x560872d9ecb0;  1 drivers
v0x560872d8f140_0 .net "x", 63 0, L_0x560872d9e570;  1 drivers
L_0x560872d9d8c0 .part L_0x560872d9ec10, 0, 1;
L_0x560872d9d990 .part L_0x560872d9ecb0, 0, 1;
L_0x560872d9da90 .part L_0x560872d9ec10, 1, 1;
L_0x560872d9db60 .part L_0x560872d9ecb0, 1, 1;
L_0x560872d9dc30 .part L_0x560872d9ec10, 2, 1;
L_0x560872d9dcd0 .part L_0x560872d9ecb0, 2, 1;
L_0x560872d9dde0 .part L_0x560872d9ec10, 3, 1;
L_0x560872d9de80 .part L_0x560872d9ecb0, 3, 1;
L_0x560872d9dfa0 .part L_0x560872d9ec10, 4, 1;
L_0x560872d9e070 .part L_0x560872d9ecb0, 4, 1;
L_0x560872d9e140 .part L_0x560872d9ec10, 5, 1;
L_0x560872d9e210 .part L_0x560872d9ecb0, 5, 1;
L_0x560872d9e350 .part L_0x560872d9ec10, 6, 1;
L_0x560872d9e420 .part L_0x560872d9ecb0, 6, 1;
LS_0x560872d9e570_0_0 .concat8 [ 8 8 8 8], v0x560872d8c610_0, v0x560872d8cbc0_0, v0x560872d8d180_0, v0x560872d8d730_0;
LS_0x560872d9e570_0_4 .concat8 [ 8 8 8 8], v0x560872d8dd30_0, v0x560872d8e2b0_0, v0x560872d8e860_0, v0x560872d8ee10_0;
L_0x560872d9e570 .concat8 [ 32 32 0 0], LS_0x560872d9e570_0_0, LS_0x560872d9e570_0_4;
L_0x560872d9e7c0 .part L_0x560872d9ec10, 7, 1;
L_0x560872d9ea30 .part L_0x560872d9ecb0, 7, 1;
S_0x560872d8c190 .scope module, "kpg_0" "kpg" 4 9, 5 1 0, S_0x560872d8bf70;
 .timescale 0 0;
    .port_info 0 /OUTPUT 8 "x"
    .port_info 1 /INPUT 1 "ai"
    .port_info 2 /INPUT 1 "bi"
v0x560872d8c470_0 .net "ai", 0 0, L_0x560872d9d8c0;  1 drivers
v0x560872d8c550_0 .net "bi", 0 0, L_0x560872d9d990;  1 drivers
v0x560872d8c610_0 .var "x", 7 0;
E_0x560872d8c3f0 .event edge, v0x560872d8c550_0, v0x560872d8c470_0;
S_0x560872d8c780 .scope module, "kpg_1" "kpg" 4 10, 5 1 0, S_0x560872d8bf70;
 .timescale 0 0;
    .port_info 0 /OUTPUT 8 "x"
    .port_info 1 /INPUT 1 "ai"
    .port_info 2 /INPUT 1 "bi"
v0x560872d8ca20_0 .net "ai", 0 0, L_0x560872d9da90;  1 drivers
v0x560872d8cb00_0 .net "bi", 0 0, L_0x560872d9db60;  1 drivers
v0x560872d8cbc0_0 .var "x", 7 0;
E_0x560872d8c9a0 .event edge, v0x560872d8cb00_0, v0x560872d8ca20_0;
S_0x560872d8cd30 .scope module, "kpg_2" "kpg" 4 11, 5 1 0, S_0x560872d8bf70;
 .timescale 0 0;
    .port_info 0 /OUTPUT 8 "x"
    .port_info 1 /INPUT 1 "ai"
    .port_info 2 /INPUT 1 "bi"
v0x560872d8cfe0_0 .net "ai", 0 0, L_0x560872d9dc30;  1 drivers
v0x560872d8d0c0_0 .net "bi", 0 0, L_0x560872d9dcd0;  1 drivers
v0x560872d8d180_0 .var "x", 7 0;
E_0x560872d8cf80 .event edge, v0x560872d8d0c0_0, v0x560872d8cfe0_0;
S_0x560872d8d2f0 .scope module, "kpg_3" "kpg" 4 12, 5 1 0, S_0x560872d8bf70;
 .timescale 0 0;
    .port_info 0 /OUTPUT 8 "x"
    .port_info 1 /INPUT 1 "ai"
    .port_info 2 /INPUT 1 "bi"
v0x560872d8d590_0 .net "ai", 0 0, L_0x560872d9dde0;  1 drivers
v0x560872d8d670_0 .net "bi", 0 0, L_0x560872d9de80;  1 drivers
v0x560872d8d730_0 .var "x", 7 0;
E_0x560872d8d510 .event edge, v0x560872d8d670_0, v0x560872d8d590_0;
S_0x560872d8d8a0 .scope module, "kpg_4" "kpg" 4 13, 5 1 0, S_0x560872d8bf70;
 .timescale 0 0;
    .port_info 0 /OUTPUT 8 "x"
    .port_info 1 /INPUT 1 "ai"
    .port_info 2 /INPUT 1 "bi"
v0x560872d8db90_0 .net "ai", 0 0, L_0x560872d9dfa0;  1 drivers
v0x560872d8dc70_0 .net "bi", 0 0, L_0x560872d9e070;  1 drivers
v0x560872d8dd30_0 .var "x", 7 0;
E_0x560872d8db10 .event edge, v0x560872d8dc70_0, v0x560872d8db90_0;
S_0x560872d8de70 .scope module, "kpg_5" "kpg" 4 14, 5 1 0, S_0x560872d8bf70;
 .timescale 0 0;
    .port_info 0 /OUTPUT 8 "x"
    .port_info 1 /INPUT 1 "ai"
    .port_info 2 /INPUT 1 "bi"
v0x560872d8e110_0 .net "ai", 0 0, L_0x560872d9e140;  1 drivers
v0x560872d8e1f0_0 .net "bi", 0 0, L_0x560872d9e210;  1 drivers
v0x560872d8e2b0_0 .var "x", 7 0;
E_0x560872d8e090 .event edge, v0x560872d8e1f0_0, v0x560872d8e110_0;
S_0x560872d8e420 .scope module, "kpg_6" "kpg" 4 15, 5 1 0, S_0x560872d8bf70;
 .timescale 0 0;
    .port_info 0 /OUTPUT 8 "x"
    .port_info 1 /INPUT 1 "ai"
    .port_info 2 /INPUT 1 "bi"
v0x560872d8e6c0_0 .net "ai", 0 0, L_0x560872d9e350;  1 drivers
v0x560872d8e7a0_0 .net "bi", 0 0, L_0x560872d9e420;  1 drivers
v0x560872d8e860_0 .var "x", 7 0;
E_0x560872d8e640 .event edge, v0x560872d8e7a0_0, v0x560872d8e6c0_0;
S_0x560872d8e9d0 .scope module, "kpg_7" "kpg" 4 16, 5 1 0, S_0x560872d8bf70;
 .timescale 0 0;
    .port_info 0 /OUTPUT 8 "x"
    .port_info 1 /INPUT 1 "ai"
    .port_info 2 /INPUT 1 "bi"
v0x560872d8ec70_0 .net "ai", 0 0, L_0x560872d9e7c0;  1 drivers
v0x560872d8ed50_0 .net "bi", 0 0, L_0x560872d9ea30;  1 drivers
v0x560872d8ee10_0 .var "x", 7 0;
E_0x560872d8ebf0 .event edge, v0x560872d8ed50_0, v0x560872d8ec70_0;
S_0x560872d8f2c0 .scope module, "m1" "dff" 3 20, 6 1 0, S_0x560872d476b0;
 .timescale 0 0;
    .port_info 0 /INPUT 32 "a"
    .port_info 1 /INPUT 32 "b"
    .port_info 2 /INPUT 1 "rst"
    .port_info 3 /INPUT 1 "clk"
    .port_info 4 /OUTPUT 32 "c"
    .port_info 5 /OUTPUT 32 "d"
v0x560872d8f620_0 .net "a", 31 0, v0x560872d99250_0;  alias, 1 drivers
v0x560872d8f720_0 .net "b", 31 0, v0x560872d99380_0;  alias, 1 drivers
v0x560872d8f800_0 .var "c", 31 0;
v0x560872d8f8c0_0 .net "clk", 0 0, v0x560872d99490_0;  alias, 1 drivers
v0x560872d8f980_0 .var "d", 31 0;
v0x560872d8fab0_0 .net "rst", 0 0, v0x560872d995f0_0;  alias, 1 drivers
E_0x560872d8f5c0 .event posedge, v0x560872d8f8c0_0;
S_0x560872d8fc70 .scope module, "ppc_0" "ppc" 3 29, 7 3 0, S_0x560872d476b0;
 .timescale 0 0;
    .port_info 0 /OUTPUT 256 "y"
    .port_info 1 /INPUT 256 "x"
    .port_info 2 /INPUT 1 "rst"
    .port_info 3 /INPUT 1 "clk"
    .port_info 4 /INPUT 32 "a"
    .port_info 5 /INPUT 32 "b"
    .port_info 6 /OUTPUT 32 "c"
    .port_info 7 /OUTPUT 32 "d"
v0x560872d967d0_0 .net "a", 31 0, v0x560872d8f800_0;  alias, 1 drivers
v0x560872d968e0_0 .net "b", 31 0, v0x560872d8f980_0;  alias, 1 drivers
v0x560872d969f0_0 .net "c", 31 0, v0x560872d93d90_0;  alias, 1 drivers
v0x560872d96a90_0 .net "clk", 0 0, v0x560872d99490_0;  alias, 1 drivers
v0x560872d96b30_0 .net "d", 31 0, v0x560872d93e70_0;  alias, 1 drivers
v0x560872d96c20_0 .net "reg1", 255 0, v0x560872d905f0_0;  1 drivers
v0x560872d96d40_0 .net "reg2", 255 0, v0x560872d910c0_0;  1 drivers
v0x560872d96e30_0 .net "reg3", 255 0, v0x560872d91bb0_0;  1 drivers
v0x560872d96f20_0 .net "reg4", 255 0, v0x560872d92670_0;  1 drivers
v0x560872d97050_0 .net "reg5", 255 0, v0x560872d93140_0;  1 drivers
v0x560872d97140_0 .net "rst", 0 0, v0x560872d995f0_0;  alias, 1 drivers
v0x560872d971e0_0 .net "wire1", 255 0, v0x560872d946b0_0;  1 drivers
v0x560872d972d0_0 .net "wire10", 31 0, v0x560872d91d40_0;  1 drivers
v0x560872d973c0_0 .net "wire11", 31 0, v0x560872d91e20_0;  1 drivers
v0x560872d974d0_0 .net "wire12", 31 0, v0x560872d92840_0;  1 drivers
v0x560872d975e0_0 .net "wire13", 31 0, v0x560872d92920_0;  1 drivers
v0x560872d976f0_0 .net "wire14", 31 0, v0x560872d932d0_0;  1 drivers
v0x560872d97800_0 .net "wire15", 31 0, v0x560872d933b0_0;  1 drivers
v0x560872d97910_0 .net "wire2", 255 0, v0x560872d94e90_0;  1 drivers
v0x560872d97a00_0 .net "wire3", 255 0, v0x560872d956b0_0;  1 drivers
v0x560872d97af0_0 .net "wire4", 255 0, v0x560872d95e90_0;  1 drivers
v0x560872d97be0_0 .net "wire5", 255 0, v0x560872d96670_0;  1 drivers
v0x560872d97cd0_0 .net "wire6", 31 0, v0x560872d907b0_0;  1 drivers
v0x560872d97de0_0 .net "wire7", 31 0, v0x560872d90850_0;  1 drivers
v0x560872d97ef0_0 .net "wire8", 31 0, v0x560872d912a0_0;  1 drivers
v0x560872d98000_0 .net "wire9", 31 0, v0x560872d91380_0;  1 drivers
v0x560872d98110_0 .net "x", 255 0, L_0x560872d9ef40;  1 drivers
v0x560872d981b0_0 .net "y", 255 0, v0x560872d93c00_0;  alias, 1 drivers
S_0x560872d8ff60 .scope module, "c1" "dff_lvl" 7 17, 8 1 0, S_0x560872d8fc70;
 .timescale 0 0;
    .port_info 0 /INPUT 256 "d"
    .port_info 1 /INPUT 1 "rst"
    .port_info 2 /INPUT 1 "clk"
    .port_info 3 /OUTPUT 256 "q"
    .port_info 4 /OUTPUT 32 "wire1"
    .port_info 5 /OUTPUT 32 "wire2"
    .port_info 6 /INPUT 32 "a"
    .port_info 7 /INPUT 32 "b"
v0x560872d90270_0 .net "a", 31 0, v0x560872d8f800_0;  alias, 1 drivers
v0x560872d90350_0 .net "b", 31 0, v0x560872d8f980_0;  alias, 1 drivers
v0x560872d90420_0 .net "clk", 0 0, v0x560872d99490_0;  alias, 1 drivers
v0x560872d90520_0 .net "d", 255 0, L_0x560872d9ef40;  alias, 1 drivers
v0x560872d905f0_0 .var "q", 255 0;
v0x560872d906e0_0 .net "rst", 0 0, v0x560872d995f0_0;  alias, 1 drivers
v0x560872d907b0_0 .var "wire1", 31 0;
v0x560872d90850_0 .var "wire2", 31 0;
S_0x560872d90a80 .scope module, "c2" "dff_lvl" 7 20, 8 1 0, S_0x560872d8fc70;
 .timescale 0 0;
    .port_info 0 /INPUT 256 "d"
    .port_info 1 /INPUT 1 "rst"
    .port_info 2 /INPUT 1 "clk"
    .port_info 3 /OUTPUT 256 "q"
    .port_info 4 /OUTPUT 32 "wire1"
    .port_info 5 /OUTPUT 32 "wire2"
    .port_info 6 /INPUT 32 "a"
    .port_info 7 /INPUT 32 "b"
v0x560872d90d40_0 .net "a", 31 0, v0x560872d907b0_0;  alias, 1 drivers
v0x560872d90e30_0 .net "b", 31 0, v0x560872d90850_0;  alias, 1 drivers
v0x560872d90f00_0 .net "clk", 0 0, v0x560872d99490_0;  alias, 1 drivers
v0x560872d91020_0 .net "d", 255 0, v0x560872d946b0_0;  alias, 1 drivers
v0x560872d910c0_0 .var "q", 255 0;
v0x560872d911b0_0 .net "rst", 0 0, v0x560872d995f0_0;  alias, 1 drivers
v0x560872d912a0_0 .var "wire1", 31 0;
v0x560872d91380_0 .var "wire2", 31 0;
S_0x560872d915b0 .scope module, "c3" "dff_lvl" 7 23, 8 1 0, S_0x560872d8fc70;
 .timescale 0 0;
    .port_info 0 /INPUT 256 "d"
    .port_info 1 /INPUT 1 "rst"
    .port_info 2 /INPUT 1 "clk"
    .port_info 3 /OUTPUT 256 "q"
    .port_info 4 /OUTPUT 32 "wire1"
    .port_info 5 /OUTPUT 32 "wire2"
    .port_info 6 /INPUT 32 "a"
    .port_info 7 /INPUT 32 "b"
v0x560872d91850_0 .net "a", 31 0, v0x560872d912a0_0;  alias, 1 drivers
v0x560872d91940_0 .net "b", 31 0, v0x560872d91380_0;  alias, 1 drivers
v0x560872d91a10_0 .net "clk", 0 0, v0x560872d99490_0;  alias, 1 drivers
v0x560872d91ae0_0 .net "d", 255 0, v0x560872d94e90_0;  alias, 1 drivers
v0x560872d91bb0_0 .var "q", 255 0;
v0x560872d91ca0_0 .net "rst", 0 0, v0x560872d995f0_0;  alias, 1 drivers
v0x560872d91d40_0 .var "wire1", 31 0;
v0x560872d91e20_0 .var "wire2", 31 0;
S_0x560872d92050 .scope module, "c4" "dff_lvl" 7 26, 8 1 0, S_0x560872d8fc70;
 .timescale 0 0;
    .port_info 0 /INPUT 256 "d"
    .port_info 1 /INPUT 1 "rst"
    .port_info 2 /INPUT 1 "clk"
    .port_info 3 /OUTPUT 256 "q"
    .port_info 4 /OUTPUT 32 "wire1"
    .port_info 5 /OUTPUT 32 "wire2"
    .port_info 6 /INPUT 32 "a"
    .port_info 7 /INPUT 32 "b"
v0x560872d922f0_0 .net "a", 31 0, v0x560872d91d40_0;  alias, 1 drivers
v0x560872d92400_0 .net "b", 31 0, v0x560872d91e20_0;  alias, 1 drivers
v0x560872d924d0_0 .net "clk", 0 0, v0x560872d99490_0;  alias, 1 drivers
v0x560872d925a0_0 .net "d", 255 0, v0x560872d956b0_0;  alias, 1 drivers
v0x560872d92670_0 .var "q", 255 0;
v0x560872d92710_0 .net "rst", 0 0, v0x560872d995f0_0;  alias, 1 drivers
v0x560872d92840_0 .var "wire1", 31 0;
v0x560872d92920_0 .var "wire2", 31 0;
S_0x560872d92b00 .scope module, "c5" "dff_lvl" 7 29, 8 1 0, S_0x560872d8fc70;
 .timescale 0 0;
    .port_info 0 /INPUT 256 "d"
    .port_info 1 /INPUT 1 "rst"
    .port_info 2 /INPUT 1 "clk"
    .port_info 3 /OUTPUT 256 "q"
    .port_info 4 /OUTPUT 32 "wire1"
    .port_info 5 /OUTPUT 32 "wire2"
    .port_info 6 /INPUT 32 "a"
    .port_info 7 /INPUT 32 "b"
v0x560872d92df0_0 .net "a", 31 0, v0x560872d92840_0;  alias, 1 drivers
v0x560872d92ed0_0 .net "b", 31 0, v0x560872d92920_0;  alias, 1 drivers
v0x560872d92fa0_0 .net "clk", 0 0, v0x560872d99490_0;  alias, 1 drivers
v0x560872d93070_0 .net "d", 255 0, v0x560872d95e90_0;  alias, 1 drivers
v0x560872d93140_0 .var "q", 255 0;
v0x560872d93230_0 .net "rst", 0 0, v0x560872d995f0_0;  alias, 1 drivers
v0x560872d932d0_0 .var "wire1", 31 0;
v0x560872d933b0_0 .var "wire2", 31 0;
S_0x560872d935e0 .scope module, "c6" "dff_lvl" 7 32, 8 1 0, S_0x560872d8fc70;
 .timescale 0 0;
    .port_info 0 /INPUT 256 "d"
    .port_info 1 /INPUT 1 "rst"
    .port_info 2 /INPUT 1 "clk"
    .port_info 3 /OUTPUT 256 "q"
    .port_info 4 /OUTPUT 32 "wire1"
    .port_info 5 /OUTPUT 32 "wire2"
    .port_info 6 /INPUT 32 "a"
    .port_info 7 /INPUT 32 "b"
v0x560872d93880_0 .net "a", 31 0, v0x560872d932d0_0;  alias, 1 drivers
v0x560872d93990_0 .net "b", 31 0, v0x560872d933b0_0;  alias, 1 drivers
v0x560872d93a60_0 .net "clk", 0 0, v0x560872d99490_0;  alias, 1 drivers
v0x560872d93b30_0 .net "d", 255 0, v0x560872d96670_0;  alias, 1 drivers
v0x560872d93c00_0 .var "q", 255 0;
v0x560872d93cf0_0 .net "rst", 0 0, v0x560872d995f0_0;  alias, 1 drivers
v0x560872d93d90_0 .var "wire1", 31 0;
v0x560872d93e70_0 .var "wire2", 31 0;
S_0x560872d940a0 .scope module, "m1" "lvl" 7 18, 9 1 0, S_0x560872d8fc70;
 .timescale 0 0;
    .port_info 0 /OUTPUT 256 "y"
    .port_info 1 /INPUT 256 "x"
    .port_info 2 /INPUT 3 "k"
v0x560872d942e0_0 .var/i "i", 31 0;
v0x560872d943e0_0 .var/i "j", 31 0;
L_0x7f84d7694018 .functor BUFT 1, C4<000>, C4<0>, C4<0>, C4<0>;
v0x560872d944c0_0 .net "k", 2 0, L_0x7f84d7694018;  1 drivers
v0x560872d945b0_0 .net "x", 255 0, v0x560872d905f0_0;  alias, 1 drivers
v0x560872d946b0_0 .var "y", 255 0;
E_0x560872d8f4e0/0 .event edge, v0x560872d944c0_0, v0x560872d942e0_0, v0x560872d905f0_0, v0x560872d943e0_0;
E_0x560872d8f4e0/1 .event edge, v0x560872d91020_0;
E_0x560872d8f4e0 .event/or E_0x560872d8f4e0/0, E_0x560872d8f4e0/1;
S_0x560872d94810 .scope module, "m2" "lvl" 7 21, 9 1 0, S_0x560872d8fc70;
 .timescale 0 0;
    .port_info 0 /OUTPUT 256 "y"
    .port_info 1 /INPUT 256 "x"
    .port_info 2 /INPUT 3 "k"
v0x560872d94ac0_0 .var/i "i", 31 0;
v0x560872d94bc0_0 .var/i "j", 31 0;
L_0x7f84d7694060 .functor BUFT 1, C4<001>, C4<0>, C4<0>, C4<0>;
v0x560872d94ca0_0 .net "k", 2 0, L_0x7f84d7694060;  1 drivers
v0x560872d94d90_0 .net "x", 255 0, v0x560872d910c0_0;  alias, 1 drivers
v0x560872d94e90_0 .var "y", 255 0;
E_0x560872d94a30/0 .event edge, v0x560872d94ca0_0, v0x560872d94ac0_0, v0x560872d910c0_0, v0x560872d94bc0_0;
E_0x560872d94a30/1 .event edge, v0x560872d91ae0_0;
E_0x560872d94a30 .event/or E_0x560872d94a30/0, E_0x560872d94a30/1;
S_0x560872d94ff0 .scope module, "m3" "lvl" 7 24, 9 1 0, S_0x560872d8fc70;
 .timescale 0 0;
    .port_info 0 /OUTPUT 256 "y"
    .port_info 1 /INPUT 256 "x"
    .port_info 2 /INPUT 3 "k"
v0x560872d952e0_0 .var/i "i", 31 0;
v0x560872d953e0_0 .var/i "j", 31 0;
L_0x7f84d76940a8 .functor BUFT 1, C4<010>, C4<0>, C4<0>, C4<0>;
v0x560872d954c0_0 .net "k", 2 0, L_0x7f84d76940a8;  1 drivers
v0x560872d955b0_0 .net "x", 255 0, v0x560872d91bb0_0;  alias, 1 drivers
v0x560872d956b0_0 .var "y", 255 0;
E_0x560872d95250/0 .event edge, v0x560872d954c0_0, v0x560872d952e0_0, v0x560872d91bb0_0, v0x560872d953e0_0;
E_0x560872d95250/1 .event edge, v0x560872d925a0_0;
E_0x560872d95250 .event/or E_0x560872d95250/0, E_0x560872d95250/1;
S_0x560872d95810 .scope module, "m4" "lvl" 7 27, 9 1 0, S_0x560872d8fc70;
 .timescale 0 0;
    .port_info 0 /OUTPUT 256 "y"
    .port_info 1 /INPUT 256 "x"
    .port_info 2 /INPUT 3 "k"
v0x560872d95ac0_0 .var/i "i", 31 0;
v0x560872d95bc0_0 .var/i "j", 31 0;
L_0x7f84d76940f0 .functor BUFT 1, C4<011>, C4<0>, C4<0>, C4<0>;
v0x560872d95ca0_0 .net "k", 2 0, L_0x7f84d76940f0;  1 drivers
v0x560872d95d90_0 .net "x", 255 0, v0x560872d92670_0;  alias, 1 drivers
v0x560872d95e90_0 .var "y", 255 0;
E_0x560872d95a30/0 .event edge, v0x560872d95ca0_0, v0x560872d95ac0_0, v0x560872d92670_0, v0x560872d95bc0_0;
E_0x560872d95a30/1 .event edge, v0x560872d93070_0;
E_0x560872d95a30 .event/or E_0x560872d95a30/0, E_0x560872d95a30/1;
S_0x560872d95ff0 .scope module, "m5" "lvl" 7 30, 9 1 0, S_0x560872d8fc70;
 .timescale 0 0;
    .port_info 0 /OUTPUT 256 "y"
    .port_info 1 /INPUT 256 "x"
    .port_info 2 /INPUT 3 "k"
v0x560872d962a0_0 .var/i "i", 31 0;
v0x560872d963a0_0 .var/i "j", 31 0;
L_0x7f84d7694138 .functor BUFT 1, C4<100>, C4<0>, C4<0>, C4<0>;
v0x560872d96480_0 .net "k", 2 0, L_0x7f84d7694138;  1 drivers
v0x560872d96570_0 .net "x", 255 0, v0x560872d93140_0;  alias, 1 drivers
v0x560872d96670_0 .var "y", 255 0;
E_0x560872d96210/0 .event edge, v0x560872d96480_0, v0x560872d962a0_0, v0x560872d93140_0, v0x560872d963a0_0;
E_0x560872d96210/1 .event edge, v0x560872d93b30_0;
E_0x560872d96210 .event/or E_0x560872d96210/0, E_0x560872d96210/1;
    .scope S_0x560872d8f2c0;
T_0 ;
    %wait E_0x560872d8f5c0;
    %load/vec4 v0x560872d8fab0_0;
    %nor/r;
    %flag_set/vec4 8;
    %jmp/0xz  T_0.0, 8;
    %pushi/vec4 0, 0, 32;
    %store/vec4 v0x560872d8f800_0, 0, 32;
    %pushi/vec4 0, 0, 32;
    %store/vec4 v0x560872d8f980_0, 0, 32;
    %jmp T_0.1;
T_0.0 ;
    %load/vec4 v0x560872d8f620_0;
    %store/vec4 v0x560872d8f800_0, 0, 32;
    %load/vec4 v0x560872d8f720_0;
    %store/vec4 v0x560872d8f980_0, 0, 32;
T_0.1 ;
    %jmp T_0;
    .thread T_0;
    .scope S_0x560872d50c80;
T_1 ;
    %wait E_0x560872d04570;
    %load/vec4 v0x560872d6c940_0;
    %load/vec4 v0x560872d6c060_0;
    %cmp/e;
    %jmp/0xz  T_1.0, 4;
    %load/vec4 v0x560872d6c940_0;
    %pad/u 32;
    %cmpi/e 0, 0, 32;
    %jmp/0xz  T_1.2, 4;
    %pushi/vec4 107, 0, 8; draw_string_vec4
    %store/vec4 v0x560872d66fa0_0, 0, 8;
    %jmp T_1.3;
T_1.2 ;
    %pushi/vec4 103, 0, 8; draw_string_vec4
    %store/vec4 v0x560872d66fa0_0, 0, 8;
T_1.3 ;
    %jmp T_1.1;
T_1.0 ;
    %pushi/vec4 112, 0, 8; draw_string_vec4
    %store/vec4 v0x560872d66fa0_0, 0, 8;
T_1.1 ;
    %jmp T_1;
    .thread T_1, $push;
    .scope S_0x560872d831c0;
T_2 ;
    %wait E_0x560872d048e0;
    %load/vec4 v0x560872d61ee0_0;
    %load/vec4 v0x560872d5ce20_0;
    %cmp/e;
    %jmp/0xz  T_2.0, 4;
    %load/vec4 v0x560872d61ee0_0;
    %pad/u 32;
    %cmpi/e 0, 0, 32;
    %jmp/0xz  T_2.2, 4;
    %pushi/vec4 107, 0, 8; draw_string_vec4
    %store/vec4 v0x560872d57d60_0, 0, 8;
    %jmp T_2.3;
T_2.2 ;
    %pushi/vec4 103, 0, 8; draw_string_vec4
    %store/vec4 v0x560872d57d60_0, 0, 8;
T_2.3 ;
    %jmp T_2.1;
T_2.0 ;
    %pushi/vec4 112, 0, 8; draw_string_vec4
    %store/vec4 v0x560872d57d60_0, 0, 8;
T_2.1 ;
    %jmp T_2;
    .thread T_2, $push;
    .scope S_0x560872d83520;
T_3 ;
    %wait E_0x560872d042b0;
    %load/vec4 v0x560872d4c710_0;
    %load/vec4 v0x560872d837a0_0;
    %cmp/e;
    %jmp/0xz  T_3.0, 4;
    %load/vec4 v0x560872d4c710_0;
    %pad/u 32;
    %cmpi/e 0, 0, 32;
    %jmp/0xz  T_3.2, 4;
    %pushi/vec4 107, 0, 8; draw_string_vec4
    %store/vec4 v0x560872d83860_0, 0, 8;
    %jmp T_3.3;
T_3.2 ;
    %pushi/vec4 103, 0, 8; draw_string_vec4
    %store/vec4 v0x560872d83860_0, 0, 8;
T_3.3 ;
    %jmp T_3.1;
T_3.0 ;
    %pushi/vec4 112, 0, 8; draw_string_vec4
    %store/vec4 v0x560872d83860_0, 0, 8;
T_3.1 ;
    %jmp T_3;
    .thread T_3, $push;
    .scope S_0x560872d839a0;
T_4 ;
    %wait E_0x560872d02e70;
    %load/vec4 v0x560872d83c00_0;
    %load/vec4 v0x560872d83ce0_0;
    %cmp/e;
    %jmp/0xz  T_4.0, 4;
    %load/vec4 v0x560872d83c00_0;
    %pad/u 32;
    %cmpi/e 0, 0, 32;
    %jmp/0xz  T_4.2, 4;
    %pushi/vec4 107, 0, 8; draw_string_vec4
    %store/vec4 v0x560872d83da0_0, 0, 8;
    %jmp T_4.3;
T_4.2 ;
    %pushi/vec4 103, 0, 8; draw_string_vec4
    %store/vec4 v0x560872d83da0_0, 0, 8;
T_4.3 ;
    %jmp T_4.1;
T_4.0 ;
    %pushi/vec4 112, 0, 8; draw_string_vec4
    %store/vec4 v0x560872d83da0_0, 0, 8;
T_4.1 ;
    %jmp T_4;
    .thread T_4, $push;
    .scope S_0x560872d83ee0;
T_5 ;
    %wait E_0x560872d70bf0;
    %load/vec4 v0x560872d84190_0;
    %load/vec4 v0x560872d84270_0;
    %cmp/e;
    %jmp/0xz  T_5.0, 4;
    %load/vec4 v0x560872d84190_0;
    %pad/u 32;
    %cmpi/e 0, 0, 32;
    %jmp/0xz  T_5.2, 4;
    %pushi/vec4 107, 0, 8; draw_string_vec4
    %store/vec4 v0x560872d84330_0, 0, 8;
    %jmp T_5.3;
T_5.2 ;
    %pushi/vec4 103, 0, 8; draw_string_vec4
    %store/vec4 v0x560872d84330_0, 0, 8;
T_5.3 ;
    %jmp T_5.1;
T_5.0 ;
    %pushi/vec4 112, 0, 8; draw_string_vec4
    %store/vec4 v0x560872d84330_0, 0, 8;
T_5.1 ;
    %jmp T_5;
    .thread T_5, $push;
    .scope S_0x560872d84470;
T_6 ;
    %wait E_0x560872d84690;
    %load/vec4 v0x560872d84710_0;
    %load/vec4 v0x560872d847f0_0;
    %cmp/e;
    %jmp/0xz  T_6.0, 4;
    %load/vec4 v0x560872d84710_0;
    %pad/u 32;
    %cmpi/e 0, 0, 32;
    %jmp/0xz  T_6.2, 4;
    %pushi/vec4 107, 0, 8; draw_string_vec4
    %store/vec4 v0x560872d848b0_0, 0, 8;
    %jmp T_6.3;
T_6.2 ;
    %pushi/vec4 103, 0, 8; draw_string_vec4
    %store/vec4 v0x560872d848b0_0, 0, 8;
T_6.3 ;
    %jmp T_6.1;
T_6.0 ;
    %pushi/vec4 112, 0, 8; draw_string_vec4
    %store/vec4 v0x560872d848b0_0, 0, 8;
T_6.1 ;
    %jmp T_6;
    .thread T_6, $push;
    .scope S_0x560872d84a20;
T_7 ;
    %wait E_0x560872d84c40;
    %load/vec4 v0x560872d84cc0_0;
    %load/vec4 v0x560872d84da0_0;
    %cmp/e;
    %jmp/0xz  T_7.0, 4;
    %load/vec4 v0x560872d84cc0_0;
    %pad/u 32;
    %cmpi/e 0, 0, 32;
    %jmp/0xz  T_7.2, 4;
    %pushi/vec4 107, 0, 8; draw_string_vec4
    %store/vec4 v0x560872d84e60_0, 0, 8;
    %jmp T_7.3;
T_7.2 ;
    %pushi/vec4 103, 0, 8; draw_string_vec4
    %store/vec4 v0x560872d84e60_0, 0, 8;
T_7.3 ;
    %jmp T_7.1;
T_7.0 ;
    %pushi/vec4 112, 0, 8; draw_string_vec4
    %store/vec4 v0x560872d84e60_0, 0, 8;
T_7.1 ;
    %jmp T_7;
    .thread T_7, $push;
    .scope S_0x560872d84fd0;
T_8 ;
    %wait E_0x560872d851f0;
    %load/vec4 v0x560872d85270_0;
    %load/vec4 v0x560872d85350_0;
    %cmp/e;
    %jmp/0xz  T_8.0, 4;
    %load/vec4 v0x560872d85270_0;
    %pad/u 32;
    %cmpi/e 0, 0, 32;
    %jmp/0xz  T_8.2, 4;
    %pushi/vec4 107, 0, 8; draw_string_vec4
    %store/vec4 v0x560872d85410_0, 0, 8;
    %jmp T_8.3;
T_8.2 ;
    %pushi/vec4 103, 0, 8; draw_string_vec4
    %store/vec4 v0x560872d85410_0, 0, 8;
T_8.3 ;
    %jmp T_8.1;
T_8.0 ;
    %pushi/vec4 112, 0, 8; draw_string_vec4
    %store/vec4 v0x560872d85410_0, 0, 8;
T_8.1 ;
    %jmp T_8;
    .thread T_8, $push;
    .scope S_0x560872d85ae0;
T_9 ;
    %wait E_0x560872d85d40;
    %load/vec4 v0x560872d85dc0_0;
    %load/vec4 v0x560872d85ea0_0;
    %cmp/e;
    %jmp/0xz  T_9.0, 4;
    %load/vec4 v0x560872d85dc0_0;
    %pad/u 32;
    %cmpi/e 0, 0, 32;
    %jmp/0xz  T_9.2, 4;
    %pushi/vec4 107, 0, 8; draw_string_vec4
    %store/vec4 v0x560872d85f60_0, 0, 8;
    %jmp T_9.3;
T_9.2 ;
    %pushi/vec4 103, 0, 8; draw_string_vec4
    %store/vec4 v0x560872d85f60_0, 0, 8;
T_9.3 ;
    %jmp T_9.1;
T_9.0 ;
    %pushi/vec4 112, 0, 8; draw_string_vec4
    %store/vec4 v0x560872d85f60_0, 0, 8;
T_9.1 ;
    %jmp T_9;
    .thread T_9, $push;
    .scope S_0x560872d860d0;
T_10 ;
    %wait E_0x560872d862f0;
    %load/vec4 v0x560872d86370_0;
    %load/vec4 v0x560872d86450_0;
    %cmp/e;
    %jmp/0xz  T_10.0, 4;
    %load/vec4 v0x560872d86370_0;
    %pad/u 32;
    %cmpi/e 0, 0, 32;
    %jmp/0xz  T_10.2, 4;
    %pushi/vec4 107, 0, 8; draw_string_vec4
    %store/vec4 v0x560872d86510_0, 0, 8;
    %jmp T_10.3;
T_10.2 ;
    %pushi/vec4 103, 0, 8; draw_string_vec4
    %store/vec4 v0x560872d86510_0, 0, 8;
T_10.3 ;
    %jmp T_10.1;
T_10.0 ;
    %pushi/vec4 112, 0, 8; draw_string_vec4
    %store/vec4 v0x560872d86510_0, 0, 8;
T_10.1 ;
    %jmp T_10;
    .thread T_10, $push;
    .scope S_0x560872d86680;
T_11 ;
    %wait E_0x560872d868d0;
    %load/vec4 v0x560872d86930_0;
    %load/vec4 v0x560872d86a10_0;
    %cmp/e;
    %jmp/0xz  T_11.0, 4;
    %load/vec4 v0x560872d86930_0;
    %pad/u 32;
    %cmpi/e 0, 0, 32;
    %jmp/0xz  T_11.2, 4;
    %pushi/vec4 107, 0, 8; draw_string_vec4
    %store/vec4 v0x560872d86ad0_0, 0, 8;
    %jmp T_11.3;
T_11.2 ;
    %pushi/vec4 103, 0, 8; draw_string_vec4
    %store/vec4 v0x560872d86ad0_0, 0, 8;
T_11.3 ;
    %jmp T_11.1;
T_11.0 ;
    %pushi/vec4 112, 0, 8; draw_string_vec4
    %store/vec4 v0x560872d86ad0_0, 0, 8;
T_11.1 ;
    %jmp T_11;
    .thread T_11, $push;
    .scope S_0x560872d86c40;
T_12 ;
    %wait E_0x560872d86e60;
    %load/vec4 v0x560872d86ee0_0;
    %load/vec4 v0x560872d86fc0_0;
    %cmp/e;
    %jmp/0xz  T_12.0, 4;
    %load/vec4 v0x560872d86ee0_0;
    %pad/u 32;
    %cmpi/e 0, 0, 32;
    %jmp/0xz  T_12.2, 4;
    %pushi/vec4 107, 0, 8; draw_string_vec4
    %store/vec4 v0x560872d87080_0, 0, 8;
    %jmp T_12.3;
T_12.2 ;
    %pushi/vec4 103, 0, 8; draw_string_vec4
    %store/vec4 v0x560872d87080_0, 0, 8;
T_12.3 ;
    %jmp T_12.1;
T_12.0 ;
    %pushi/vec4 112, 0, 8; draw_string_vec4
    %store/vec4 v0x560872d87080_0, 0, 8;
T_12.1 ;
    %jmp T_12;
    .thread T_12, $push;
    .scope S_0x560872d871f0;
T_13 ;
    %wait E_0x560872d87460;
    %load/vec4 v0x560872d874e0_0;
    %load/vec4 v0x560872d875c0_0;
    %cmp/e;
    %jmp/0xz  T_13.0, 4;
    %load/vec4 v0x560872d874e0_0;
    %pad/u 32;
    %cmpi/e 0, 0, 32;
    %jmp/0xz  T_13.2, 4;
    %pushi/vec4 107, 0, 8; draw_string_vec4
    %store/vec4 v0x560872d87680_0, 0, 8;
    %jmp T_13.3;
T_13.2 ;
    %pushi/vec4 103, 0, 8; draw_string_vec4
    %store/vec4 v0x560872d87680_0, 0, 8;
T_13.3 ;
    %jmp T_13.1;
T_13.0 ;
    %pushi/vec4 112, 0, 8; draw_string_vec4
    %store/vec4 v0x560872d87680_0, 0, 8;
T_13.1 ;
    %jmp T_13;
    .thread T_13, $push;
    .scope S_0x560872d877c0;
T_14 ;
    %wait E_0x560872d879e0;
    %load/vec4 v0x560872d87a60_0;
    %load/vec4 v0x560872d87b40_0;
    %cmp/e;
    %jmp/0xz  T_14.0, 4;
    %load/vec4 v0x560872d87a60_0;
    %pad/u 32;
    %cmpi/e 0, 0, 32;
    %jmp/0xz  T_14.2, 4;
    %pushi/vec4 107, 0, 8; draw_string_vec4
    %store/vec4 v0x560872d87c00_0, 0, 8;
    %jmp T_14.3;
T_14.2 ;
    %pushi/vec4 103, 0, 8; draw_string_vec4
    %store/vec4 v0x560872d87c00_0, 0, 8;
T_14.3 ;
    %jmp T_14.1;
T_14.0 ;
    %pushi/vec4 112, 0, 8; draw_string_vec4
    %store/vec4 v0x560872d87c00_0, 0, 8;
T_14.1 ;
    %jmp T_14;
    .thread T_14, $push;
    .scope S_0x560872d87d70;
T_15 ;
    %wait E_0x560872d87f90;
    %load/vec4 v0x560872d88010_0;
    %load/vec4 v0x560872d880f0_0;
    %cmp/e;
    %jmp/0xz  T_15.0, 4;
    %load/vec4 v0x560872d88010_0;
    %pad/u 32;
    %cmpi/e 0, 0, 32;
    %jmp/0xz  T_15.2, 4;
    %pushi/vec4 107, 0, 8; draw_string_vec4
    %store/vec4 v0x560872d881b0_0, 0, 8;
    %jmp T_15.3;
T_15.2 ;
    %pushi/vec4 103, 0, 8; draw_string_vec4
    %store/vec4 v0x560872d881b0_0, 0, 8;
T_15.3 ;
    %jmp T_15.1;
T_15.0 ;
    %pushi/vec4 112, 0, 8; draw_string_vec4
    %store/vec4 v0x560872d881b0_0, 0, 8;
T_15.1 ;
    %jmp T_15;
    .thread T_15, $push;
    .scope S_0x560872d88320;
T_16 ;
    %wait E_0x560872d88540;
    %load/vec4 v0x560872d885c0_0;
    %load/vec4 v0x560872d886a0_0;
    %cmp/e;
    %jmp/0xz  T_16.0, 4;
    %load/vec4 v0x560872d885c0_0;
    %pad/u 32;
    %cmpi/e 0, 0, 32;
    %jmp/0xz  T_16.2, 4;
    %pushi/vec4 107, 0, 8; draw_string_vec4
    %store/vec4 v0x560872d88760_0, 0, 8;
    %jmp T_16.3;
T_16.2 ;
    %pushi/vec4 103, 0, 8; draw_string_vec4
    %store/vec4 v0x560872d88760_0, 0, 8;
T_16.3 ;
    %jmp T_16.1;
T_16.0 ;
    %pushi/vec4 112, 0, 8; draw_string_vec4
    %store/vec4 v0x560872d88760_0, 0, 8;
T_16.1 ;
    %jmp T_16;
    .thread T_16, $push;
    .scope S_0x560872d88e60;
T_17 ;
    %wait E_0x560872d890a0;
    %load/vec4 v0x560872d89120_0;
    %load/vec4 v0x560872d89200_0;
    %cmp/e;
    %jmp/0xz  T_17.0, 4;
    %load/vec4 v0x560872d89120_0;
    %pad/u 32;
    %cmpi/e 0, 0, 32;
    %jmp/0xz  T_17.2, 4;
    %pushi/vec4 107, 0, 8; draw_string_vec4
    %store/vec4 v0x560872d892c0_0, 0, 8;
    %jmp T_17.3;
T_17.2 ;
    %pushi/vec4 103, 0, 8; draw_string_vec4
    %store/vec4 v0x560872d892c0_0, 0, 8;
T_17.3 ;
    %jmp T_17.1;
T_17.0 ;
    %pushi/vec4 112, 0, 8; draw_string_vec4
    %store/vec4 v0x560872d892c0_0, 0, 8;
T_17.1 ;
    %jmp T_17;
    .thread T_17, $push;
    .scope S_0x560872d89430;
T_18 ;
    %wait E_0x560872d89650;
    %load/vec4 v0x560872d896d0_0;
    %load/vec4 v0x560872d897b0_0;
    %cmp/e;
    %jmp/0xz  T_18.0, 4;
    %load/vec4 v0x560872d896d0_0;
    %pad/u 32;
    %cmpi/e 0, 0, 32;
    %jmp/0xz  T_18.2, 4;
    %pushi/vec4 107, 0, 8; draw_string_vec4
    %store/vec4 v0x560872d89870_0, 0, 8;
    %jmp T_18.3;
T_18.2 ;
    %pushi/vec4 103, 0, 8; draw_string_vec4
    %store/vec4 v0x560872d89870_0, 0, 8;
T_18.3 ;
    %jmp T_18.1;
T_18.0 ;
    %pushi/vec4 112, 0, 8; draw_string_vec4
    %store/vec4 v0x560872d89870_0, 0, 8;
T_18.1 ;
    %jmp T_18;
    .thread T_18, $push;
    .scope S_0x560872d899e0;
T_19 ;
    %wait E_0x560872d89c30;
    %load/vec4 v0x560872d89c90_0;
    %load/vec4 v0x560872d89d70_0;
    %cmp/e;
    %jmp/0xz  T_19.0, 4;
    %load/vec4 v0x560872d89c90_0;
    %pad/u 32;
    %cmpi/e 0, 0, 32;
    %jmp/0xz  T_19.2, 4;
    %pushi/vec4 107, 0, 8; draw_string_vec4
    %store/vec4 v0x560872d89e30_0, 0, 8;
    %jmp T_19.3;
T_19.2 ;
    %pushi/vec4 103, 0, 8; draw_string_vec4
    %store/vec4 v0x560872d89e30_0, 0, 8;
T_19.3 ;
    %jmp T_19.1;
T_19.0 ;
    %pushi/vec4 112, 0, 8; draw_string_vec4
    %store/vec4 v0x560872d89e30_0, 0, 8;
T_19.1 ;
    %jmp T_19;
    .thread T_19, $push;
    .scope S_0x560872d89fa0;
T_20 ;
    %wait E_0x560872d8a1c0;
    %load/vec4 v0x560872d8a240_0;
    %load/vec4 v0x560872d8a320_0;
    %cmp/e;
    %jmp/0xz  T_20.0, 4;
    %load/vec4 v0x560872d8a240_0;
    %pad/u 32;
    %cmpi/e 0, 0, 32;
    %jmp/0xz  T_20.2, 4;
    %pushi/vec4 107, 0, 8; draw_string_vec4
    %store/vec4 v0x560872d8a3e0_0, 0, 8;
    %jmp T_20.3;
T_20.2 ;
    %pushi/vec4 103, 0, 8; draw_string_vec4
    %store/vec4 v0x560872d8a3e0_0, 0, 8;
T_20.3 ;
    %jmp T_20.1;
T_20.0 ;
    %pushi/vec4 112, 0, 8; draw_string_vec4
    %store/vec4 v0x560872d8a3e0_0, 0, 8;
T_20.1 ;
    %jmp T_20;
    .thread T_20, $push;
    .scope S_0x560872d8a550;
T_21 ;
    %wait E_0x560872d8a7c0;
    %load/vec4 v0x560872d8a840_0;
    %load/vec4 v0x560872d8a920_0;
    %cmp/e;
    %jmp/0xz  T_21.0, 4;
    %load/vec4 v0x560872d8a840_0;
    %pad/u 32;
    %cmpi/e 0, 0, 32;
    %jmp/0xz  T_21.2, 4;
    %pushi/vec4 107, 0, 8; draw_string_vec4
    %store/vec4 v0x560872d8a9e0_0, 0, 8;
    %jmp T_21.3;
T_21.2 ;
    %pushi/vec4 103, 0, 8; draw_string_vec4
    %store/vec4 v0x560872d8a9e0_0, 0, 8;
T_21.3 ;
    %jmp T_21.1;
T_21.0 ;
    %pushi/vec4 112, 0, 8; draw_string_vec4
    %store/vec4 v0x560872d8a9e0_0, 0, 8;
T_21.1 ;
    %jmp T_21;
    .thread T_21, $push;
    .scope S_0x560872d8ab20;
T_22 ;
    %wait E_0x560872d8ad40;
    %load/vec4 v0x560872d8adc0_0;
    %load/vec4 v0x560872d8aea0_0;
    %cmp/e;
    %jmp/0xz  T_22.0, 4;
    %load/vec4 v0x560872d8adc0_0;
    %pad/u 32;
    %cmpi/e 0, 0, 32;
    %jmp/0xz  T_22.2, 4;
    %pushi/vec4 107, 0, 8; draw_string_vec4
    %store/vec4 v0x560872d8af60_0, 0, 8;
    %jmp T_22.3;
T_22.2 ;
    %pushi/vec4 103, 0, 8; draw_string_vec4
    %store/vec4 v0x560872d8af60_0, 0, 8;
T_22.3 ;
    %jmp T_22.1;
T_22.0 ;
    %pushi/vec4 112, 0, 8; draw_string_vec4
    %store/vec4 v0x560872d8af60_0, 0, 8;
T_22.1 ;
    %jmp T_22;
    .thread T_22, $push;
    .scope S_0x560872d8b0d0;
T_23 ;
    %wait E_0x560872d8b2f0;
    %load/vec4 v0x560872d8b370_0;
    %load/vec4 v0x560872d8b450_0;
    %cmp/e;
    %jmp/0xz  T_23.0, 4;
    %load/vec4 v0x560872d8b370_0;
    %pad/u 32;
    %cmpi/e 0, 0, 32;
    %jmp/0xz  T_23.2, 4;
    %pushi/vec4 107, 0, 8; draw_string_vec4
    %store/vec4 v0x560872d8b510_0, 0, 8;
    %jmp T_23.3;
T_23.2 ;
    %pushi/vec4 103, 0, 8; draw_string_vec4
    %store/vec4 v0x560872d8b510_0, 0, 8;
T_23.3 ;
    %jmp T_23.1;
T_23.0 ;
    %pushi/vec4 112, 0, 8; draw_string_vec4
    %store/vec4 v0x560872d8b510_0, 0, 8;
T_23.1 ;
    %jmp T_23;
    .thread T_23, $push;
    .scope S_0x560872d8b680;
T_24 ;
    %wait E_0x560872d8b8a0;
    %load/vec4 v0x560872d8b920_0;
    %load/vec4 v0x560872d8ba00_0;
    %cmp/e;
    %jmp/0xz  T_24.0, 4;
    %load/vec4 v0x560872d8b920_0;
    %pad/u 32;
    %cmpi/e 0, 0, 32;
    %jmp/0xz  T_24.2, 4;
    %pushi/vec4 107, 0, 8; draw_string_vec4
    %store/vec4 v0x560872d8bac0_0, 0, 8;
    %jmp T_24.3;
T_24.2 ;
    %pushi/vec4 103, 0, 8; draw_string_vec4
    %store/vec4 v0x560872d8bac0_0, 0, 8;
T_24.3 ;
    %jmp T_24.1;
T_24.0 ;
    %pushi/vec4 112, 0, 8; draw_string_vec4
    %store/vec4 v0x560872d8bac0_0, 0, 8;
T_24.1 ;
    %jmp T_24;
    .thread T_24, $push;
    .scope S_0x560872d8c190;
T_25 ;
    %wait E_0x560872d8c3f0;
    %load/vec4 v0x560872d8c470_0;
    %load/vec4 v0x560872d8c550_0;
    %cmp/e;
    %jmp/0xz  T_25.0, 4;
    %load/vec4 v0x560872d8c470_0;
    %pad/u 32;
    %cmpi/e 0, 0, 32;
    %jmp/0xz  T_25.2, 4;
    %pushi/vec4 107, 0, 8; draw_string_vec4
    %store/vec4 v0x560872d8c610_0, 0, 8;
    %jmp T_25.3;
T_25.2 ;
    %pushi/vec4 103, 0, 8; draw_string_vec4
    %store/vec4 v0x560872d8c610_0, 0, 8;
T_25.3 ;
    %jmp T_25.1;
T_25.0 ;
    %pushi/vec4 112, 0, 8; draw_string_vec4
    %store/vec4 v0x560872d8c610_0, 0, 8;
T_25.1 ;
    %jmp T_25;
    .thread T_25, $push;
    .scope S_0x560872d8c780;
T_26 ;
    %wait E_0x560872d8c9a0;
    %load/vec4 v0x560872d8ca20_0;
    %load/vec4 v0x560872d8cb00_0;
    %cmp/e;
    %jmp/0xz  T_26.0, 4;
    %load/vec4 v0x560872d8ca20_0;
    %pad/u 32;
    %cmpi/e 0, 0, 32;
    %jmp/0xz  T_26.2, 4;
    %pushi/vec4 107, 0, 8; draw_string_vec4
    %store/vec4 v0x560872d8cbc0_0, 0, 8;
    %jmp T_26.3;
T_26.2 ;
    %pushi/vec4 103, 0, 8; draw_string_vec4
    %store/vec4 v0x560872d8cbc0_0, 0, 8;
T_26.3 ;
    %jmp T_26.1;
T_26.0 ;
    %pushi/vec4 112, 0, 8; draw_string_vec4
    %store/vec4 v0x560872d8cbc0_0, 0, 8;
T_26.1 ;
    %jmp T_26;
    .thread T_26, $push;
    .scope S_0x560872d8cd30;
T_27 ;
    %wait E_0x560872d8cf80;
    %load/vec4 v0x560872d8cfe0_0;
    %load/vec4 v0x560872d8d0c0_0;
    %cmp/e;
    %jmp/0xz  T_27.0, 4;
    %load/vec4 v0x560872d8cfe0_0;
    %pad/u 32;
    %cmpi/e 0, 0, 32;
    %jmp/0xz  T_27.2, 4;
    %pushi/vec4 107, 0, 8; draw_string_vec4
    %store/vec4 v0x560872d8d180_0, 0, 8;
    %jmp T_27.3;
T_27.2 ;
    %pushi/vec4 103, 0, 8; draw_string_vec4
    %store/vec4 v0x560872d8d180_0, 0, 8;
T_27.3 ;
    %jmp T_27.1;
T_27.0 ;
    %pushi/vec4 112, 0, 8; draw_string_vec4
    %store/vec4 v0x560872d8d180_0, 0, 8;
T_27.1 ;
    %jmp T_27;
    .thread T_27, $push;
    .scope S_0x560872d8d2f0;
T_28 ;
    %wait E_0x560872d8d510;
    %load/vec4 v0x560872d8d590_0;
    %load/vec4 v0x560872d8d670_0;
    %cmp/e;
    %jmp/0xz  T_28.0, 4;
    %load/vec4 v0x560872d8d590_0;
    %pad/u 32;
    %cmpi/e 0, 0, 32;
    %jmp/0xz  T_28.2, 4;
    %pushi/vec4 107, 0, 8; draw_string_vec4
    %store/vec4 v0x560872d8d730_0, 0, 8;
    %jmp T_28.3;
T_28.2 ;
    %pushi/vec4 103, 0, 8; draw_string_vec4
    %store/vec4 v0x560872d8d730_0, 0, 8;
T_28.3 ;
    %jmp T_28.1;
T_28.0 ;
    %pushi/vec4 112, 0, 8; draw_string_vec4
    %store/vec4 v0x560872d8d730_0, 0, 8;
T_28.1 ;
    %jmp T_28;
    .thread T_28, $push;
    .scope S_0x560872d8d8a0;
T_29 ;
    %wait E_0x560872d8db10;
    %load/vec4 v0x560872d8db90_0;
    %load/vec4 v0x560872d8dc70_0;
    %cmp/e;
    %jmp/0xz  T_29.0, 4;
    %load/vec4 v0x560872d8db90_0;
    %pad/u 32;
    %cmpi/e 0, 0, 32;
    %jmp/0xz  T_29.2, 4;
    %pushi/vec4 107, 0, 8; draw_string_vec4
    %store/vec4 v0x560872d8dd30_0, 0, 8;
    %jmp T_29.3;
T_29.2 ;
    %pushi/vec4 103, 0, 8; draw_string_vec4
    %store/vec4 v0x560872d8dd30_0, 0, 8;
T_29.3 ;
    %jmp T_29.1;
T_29.0 ;
    %pushi/vec4 112, 0, 8; draw_string_vec4
    %store/vec4 v0x560872d8dd30_0, 0, 8;
T_29.1 ;
    %jmp T_29;
    .thread T_29, $push;
    .scope S_0x560872d8de70;
T_30 ;
    %wait E_0x560872d8e090;
    %load/vec4 v0x560872d8e110_0;
    %load/vec4 v0x560872d8e1f0_0;
    %cmp/e;
    %jmp/0xz  T_30.0, 4;
    %load/vec4 v0x560872d8e110_0;
    %pad/u 32;
    %cmpi/e 0, 0, 32;
    %jmp/0xz  T_30.2, 4;
    %pushi/vec4 107, 0, 8; draw_string_vec4
    %store/vec4 v0x560872d8e2b0_0, 0, 8;
    %jmp T_30.3;
T_30.2 ;
    %pushi/vec4 103, 0, 8; draw_string_vec4
    %store/vec4 v0x560872d8e2b0_0, 0, 8;
T_30.3 ;
    %jmp T_30.1;
T_30.0 ;
    %pushi/vec4 112, 0, 8; draw_string_vec4
    %store/vec4 v0x560872d8e2b0_0, 0, 8;
T_30.1 ;
    %jmp T_30;
    .thread T_30, $push;
    .scope S_0x560872d8e420;
T_31 ;
    %wait E_0x560872d8e640;
    %load/vec4 v0x560872d8e6c0_0;
    %load/vec4 v0x560872d8e7a0_0;
    %cmp/e;
    %jmp/0xz  T_31.0, 4;
    %load/vec4 v0x560872d8e6c0_0;
    %pad/u 32;
    %cmpi/e 0, 0, 32;
    %jmp/0xz  T_31.2, 4;
    %pushi/vec4 107, 0, 8; draw_string_vec4
    %store/vec4 v0x560872d8e860_0, 0, 8;
    %jmp T_31.3;
T_31.2 ;
    %pushi/vec4 103, 0, 8; draw_string_vec4
    %store/vec4 v0x560872d8e860_0, 0, 8;
T_31.3 ;
    %jmp T_31.1;
T_31.0 ;
    %pushi/vec4 112, 0, 8; draw_string_vec4
    %store/vec4 v0x560872d8e860_0, 0, 8;
T_31.1 ;
    %jmp T_31;
    .thread T_31, $push;
    .scope S_0x560872d8e9d0;
T_32 ;
    %wait E_0x560872d8ebf0;
    %load/vec4 v0x560872d8ec70_0;
    %load/vec4 v0x560872d8ed50_0;
    %cmp/e;
    %jmp/0xz  T_32.0, 4;
    %load/vec4 v0x560872d8ec70_0;
    %pad/u 32;
    %cmpi/e 0, 0, 32;
    %jmp/0xz  T_32.2, 4;
    %pushi/vec4 107, 0, 8; draw_string_vec4
    %store/vec4 v0x560872d8ee10_0, 0, 8;
    %jmp T_32.3;
T_32.2 ;
    %pushi/vec4 103, 0, 8; draw_string_vec4
    %store/vec4 v0x560872d8ee10_0, 0, 8;
T_32.3 ;
    %jmp T_32.1;
T_32.0 ;
    %pushi/vec4 112, 0, 8; draw_string_vec4
    %store/vec4 v0x560872d8ee10_0, 0, 8;
T_32.1 ;
    %jmp T_32;
    .thread T_32, $push;
    .scope S_0x560872d8ff60;
T_33 ;
    %wait E_0x560872d8f5c0;
    %load/vec4 v0x560872d906e0_0;
    %nor/r;
    %flag_set/vec4 8;
    %jmp/0xz  T_33.0, 8;
    %pushi/vec4 0, 0, 256;
    %assign/vec4 v0x560872d905f0_0, 0;
    %pushi/vec4 0, 0, 32;
    %assign/vec4 v0x560872d907b0_0, 0;
    %pushi/vec4 0, 0, 32;
    %assign/vec4 v0x560872d90850_0, 0;
    %jmp T_33.1;
T_33.0 ;
    %load/vec4 v0x560872d90520_0;
    %assign/vec4 v0x560872d905f0_0, 0;
    %load/vec4 v0x560872d90270_0;
    %assign/vec4 v0x560872d907b0_0, 0;
    %load/vec4 v0x560872d90350_0;
    %assign/vec4 v0x560872d90850_0, 0;
T_33.1 ;
    %jmp T_33;
    .thread T_33;
    .scope S_0x560872d940a0;
T_34 ;
    %pushi/vec4 0, 0, 32;
    %store/vec4 v0x560872d942e0_0, 0, 32;
    %pushi/vec4 0, 0, 32;
    %store/vec4 v0x560872d943e0_0, 0, 32;
    %end;
    .thread T_34;
    .scope S_0x560872d940a0;
T_35 ;
    %wait E_0x560872d8f4e0;
    %load/vec4 v0x560872d944c0_0;
    %pad/u 32;
    %assign/vec4 v0x560872d943e0_0, 0;
    %pushi/vec4 0, 0, 32;
    %store/vec4 v0x560872d942e0_0, 0, 32;
T_35.0 ;
    %load/vec4 v0x560872d942e0_0;
    %cmpi/s 32, 0, 32;
    %jmp/0xz T_35.1, 5;
    %load/vec4 v0x560872d945b0_0;
    %load/vec4 v0x560872d942e0_0;
    %pad/s 35;
    %muli 8, 0, 35;
    %part/s 8;
    %load/vec4 v0x560872d942e0_0;
    %pad/s 35;
    %muli 8, 0, 35;
    %ix/vec4/s 4;
    %store/vec4 v0x560872d946b0_0, 4, 8;
    %load/vec4 v0x560872d942e0_0;
    %addi 1, 0, 32;
    %store/vec4 v0x560872d942e0_0, 0, 32;
    %jmp T_35.0;
T_35.1 ;
    %pushi/vec4 31, 0, 32;
    %store/vec4 v0x560872d942e0_0, 0, 32;
T_35.2 ;
    %pushi/vec4 0, 0, 32;
    %load/vec4 v0x560872d942e0_0;
    %pushi/vec4 2, 0, 32;
    %load/vec4 v0x560872d943e0_0;
    %pow/s;
    %sub;
    %cmp/s;
    %flag_or 5, 4;
    %jmp/0xz T_35.3, 5;
    %load/vec4 v0x560872d946b0_0;
    %load/vec4 v0x560872d942e0_0;
    %pad/s 35;
    %muli 8, 0, 35;
    %part/s 8;
    %pushi/vec4 107, 0, 8; draw_string_vec4
    %cmp/e;
    %jmp/0xz  T_35.4, 4;
    %pushi/vec4 107, 0, 8; draw_string_vec4
    %load/vec4 v0x560872d942e0_0;
    %pad/s 35;
    %muli 8, 0, 35;
    %ix/vec4/s 4;
    %store/vec4 v0x560872d946b0_0, 4, 8;
    %jmp T_35.5;
T_35.4 ;
    %load/vec4 v0x560872d946b0_0;
    %load/vec4 v0x560872d942e0_0;
    %pad/s 35;
    %muli 8, 0, 35;
    %part/s 8;
    %pushi/vec4 112, 0, 8; draw_string_vec4
    %cmp/e;
    %jmp/0xz  T_35.6, 4;
    %load/vec4 v0x560872d946b0_0;
    %load/vec4 v0x560872d942e0_0;
    %pushi/vec4 2, 0, 32;
    %load/vec4 v0x560872d943e0_0;
    %pow/s;
    %sub;
    %pad/s 35;
    %muli 8, 0, 35;
    %part/s 8;
    %pushi/vec4 107, 0, 8; draw_string_vec4
    %cmp/e;
    %jmp/0xz  T_35.8, 4;
    %pushi/vec4 107, 0, 8; draw_string_vec4
    %load/vec4 v0x560872d942e0_0;
    %pad/s 35;
    %muli 8, 0, 35;
    %ix/vec4/s 4;
    %store/vec4 v0x560872d946b0_0, 4, 8;
    %jmp T_35.9;
T_35.8 ;
    %load/vec4 v0x560872d946b0_0;
    %load/vec4 v0x560872d942e0_0;
    %pushi/vec4 2, 0, 32;
    %load/vec4 v0x560872d943e0_0;
    %pow/s;
    %sub;
    %pad/s 35;
    %muli 8, 0, 35;
    %part/s 8;
    %pushi/vec4 112, 0, 8; draw_string_vec4
    %cmp/e;
    %jmp/0xz  T_35.10, 4;
    %pushi/vec4 112, 0, 8; draw_string_vec4
    %load/vec4 v0x560872d942e0_0;
    %pad/s 35;
    %muli 8, 0, 35;
    %ix/vec4/s 4;
    %store/vec4 v0x560872d946b0_0, 4, 8;
    %jmp T_35.11;
T_35.10 ;
    %pushi/vec4 103, 0, 8; draw_string_vec4
    %load/vec4 v0x560872d942e0_0;
    %pad/s 35;
    %muli 8, 0, 35;
    %ix/vec4/s 4;
    %store/vec4 v0x560872d946b0_0, 4, 8;
T_35.11 ;
T_35.9 ;
    %jmp T_35.7;
T_35.6 ;
    %pushi/vec4 103, 0, 8; draw_string_vec4
    %load/vec4 v0x560872d942e0_0;
    %pad/s 35;
    %muli 8, 0, 35;
    %ix/vec4/s 4;
    %store/vec4 v0x560872d946b0_0, 4, 8;
T_35.7 ;
T_35.5 ;
    %load/vec4 v0x560872d942e0_0;
    %subi 1, 0, 32;
    %store/vec4 v0x560872d942e0_0, 0, 32;
    %jmp T_35.2;
T_35.3 ;
    %jmp T_35;
    .thread T_35, $push;
    .scope S_0x560872d90a80;
T_36 ;
    %wait E_0x560872d8f5c0;
    %load/vec4 v0x560872d911b0_0;
    %nor/r;
    %flag_set/vec4 8;
    %jmp/0xz  T_36.0, 8;
    %pushi/vec4 0, 0, 256;
    %assign/vec4 v0x560872d910c0_0, 0;
    %pushi/vec4 0, 0, 32;
    %assign/vec4 v0x560872d912a0_0, 0;
    %pushi/vec4 0, 0, 32;
    %assign/vec4 v0x560872d91380_0, 0;
    %jmp T_36.1;
T_36.0 ;
    %load/vec4 v0x560872d91020_0;
    %assign/vec4 v0x560872d910c0_0, 0;
    %load/vec4 v0x560872d90d40_0;
    %assign/vec4 v0x560872d912a0_0, 0;
    %load/vec4 v0x560872d90e30_0;
    %assign/vec4 v0x560872d91380_0, 0;
T_36.1 ;
    %jmp T_36;
    .thread T_36;
    .scope S_0x560872d94810;
T_37 ;
    %pushi/vec4 0, 0, 32;
    %store/vec4 v0x560872d94ac0_0, 0, 32;
    %pushi/vec4 0, 0, 32;
    %store/vec4 v0x560872d94bc0_0, 0, 32;
    %end;
    .thread T_37;
    .scope S_0x560872d94810;
T_38 ;
    %wait E_0x560872d94a30;
    %load/vec4 v0x560872d94ca0_0;
    %pad/u 32;
    %assign/vec4 v0x560872d94bc0_0, 0;
    %pushi/vec4 0, 0, 32;
    %store/vec4 v0x560872d94ac0_0, 0, 32;
T_38.0 ;
    %load/vec4 v0x560872d94ac0_0;
    %cmpi/s 32, 0, 32;
    %jmp/0xz T_38.1, 5;
    %load/vec4 v0x560872d94d90_0;
    %load/vec4 v0x560872d94ac0_0;
    %pad/s 35;
    %muli 8, 0, 35;
    %part/s 8;
    %load/vec4 v0x560872d94ac0_0;
    %pad/s 35;
    %muli 8, 0, 35;
    %ix/vec4/s 4;
    %store/vec4 v0x560872d94e90_0, 4, 8;
    %load/vec4 v0x560872d94ac0_0;
    %addi 1, 0, 32;
    %store/vec4 v0x560872d94ac0_0, 0, 32;
    %jmp T_38.0;
T_38.1 ;
    %pushi/vec4 31, 0, 32;
    %store/vec4 v0x560872d94ac0_0, 0, 32;
T_38.2 ;
    %pushi/vec4 0, 0, 32;
    %load/vec4 v0x560872d94ac0_0;
    %pushi/vec4 2, 0, 32;
    %load/vec4 v0x560872d94bc0_0;
    %pow/s;
    %sub;
    %cmp/s;
    %flag_or 5, 4;
    %jmp/0xz T_38.3, 5;
    %load/vec4 v0x560872d94e90_0;
    %load/vec4 v0x560872d94ac0_0;
    %pad/s 35;
    %muli 8, 0, 35;
    %part/s 8;
    %pushi/vec4 107, 0, 8; draw_string_vec4
    %cmp/e;
    %jmp/0xz  T_38.4, 4;
    %pushi/vec4 107, 0, 8; draw_string_vec4
    %load/vec4 v0x560872d94ac0_0;
    %pad/s 35;
    %muli 8, 0, 35;
    %ix/vec4/s 4;
    %store/vec4 v0x560872d94e90_0, 4, 8;
    %jmp T_38.5;
T_38.4 ;
    %load/vec4 v0x560872d94e90_0;
    %load/vec4 v0x560872d94ac0_0;
    %pad/s 35;
    %muli 8, 0, 35;
    %part/s 8;
    %pushi/vec4 112, 0, 8; draw_string_vec4
    %cmp/e;
    %jmp/0xz  T_38.6, 4;
    %load/vec4 v0x560872d94e90_0;
    %load/vec4 v0x560872d94ac0_0;
    %pushi/vec4 2, 0, 32;
    %load/vec4 v0x560872d94bc0_0;
    %pow/s;
    %sub;
    %pad/s 35;
    %muli 8, 0, 35;
    %part/s 8;
    %pushi/vec4 107, 0, 8; draw_string_vec4
    %cmp/e;
    %jmp/0xz  T_38.8, 4;
    %pushi/vec4 107, 0, 8; draw_string_vec4
    %load/vec4 v0x560872d94ac0_0;
    %pad/s 35;
    %muli 8, 0, 35;
    %ix/vec4/s 4;
    %store/vec4 v0x560872d94e90_0, 4, 8;
    %jmp T_38.9;
T_38.8 ;
    %load/vec4 v0x560872d94e90_0;
    %load/vec4 v0x560872d94ac0_0;
    %pushi/vec4 2, 0, 32;
    %load/vec4 v0x560872d94bc0_0;
    %pow/s;
    %sub;
    %pad/s 35;
    %muli 8, 0, 35;
    %part/s 8;
    %pushi/vec4 112, 0, 8; draw_string_vec4
    %cmp/e;
    %jmp/0xz  T_38.10, 4;
    %pushi/vec4 112, 0, 8; draw_string_vec4
    %load/vec4 v0x560872d94ac0_0;
    %pad/s 35;
    %muli 8, 0, 35;
    %ix/vec4/s 4;
    %store/vec4 v0x560872d94e90_0, 4, 8;
    %jmp T_38.11;
T_38.10 ;
    %pushi/vec4 103, 0, 8; draw_string_vec4
    %load/vec4 v0x560872d94ac0_0;
    %pad/s 35;
    %muli 8, 0, 35;
    %ix/vec4/s 4;
    %store/vec4 v0x560872d94e90_0, 4, 8;
T_38.11 ;
T_38.9 ;
    %jmp T_38.7;
T_38.6 ;
    %pushi/vec4 103, 0, 8; draw_string_vec4
    %load/vec4 v0x560872d94ac0_0;
    %pad/s 35;
    %muli 8, 0, 35;
    %ix/vec4/s 4;
    %store/vec4 v0x560872d94e90_0, 4, 8;
T_38.7 ;
T_38.5 ;
    %load/vec4 v0x560872d94ac0_0;
    %subi 1, 0, 32;
    %store/vec4 v0x560872d94ac0_0, 0, 32;
    %jmp T_38.2;
T_38.3 ;
    %jmp T_38;
    .thread T_38, $push;
    .scope S_0x560872d915b0;
T_39 ;
    %wait E_0x560872d8f5c0;
    %load/vec4 v0x560872d91ca0_0;
    %nor/r;
    %flag_set/vec4 8;
    %jmp/0xz  T_39.0, 8;
    %pushi/vec4 0, 0, 256;
    %assign/vec4 v0x560872d91bb0_0, 0;
    %pushi/vec4 0, 0, 32;
    %assign/vec4 v0x560872d91d40_0, 0;
    %pushi/vec4 0, 0, 32;
    %assign/vec4 v0x560872d91e20_0, 0;
    %jmp T_39.1;
T_39.0 ;
    %load/vec4 v0x560872d91ae0_0;
    %assign/vec4 v0x560872d91bb0_0, 0;
    %load/vec4 v0x560872d91850_0;
    %assign/vec4 v0x560872d91d40_0, 0;
    %load/vec4 v0x560872d91940_0;
    %assign/vec4 v0x560872d91e20_0, 0;
T_39.1 ;
    %jmp T_39;
    .thread T_39;
    .scope S_0x560872d94ff0;
T_40 ;
    %pushi/vec4 0, 0, 32;
    %store/vec4 v0x560872d952e0_0, 0, 32;
    %pushi/vec4 0, 0, 32;
    %store/vec4 v0x560872d953e0_0, 0, 32;
    %end;
    .thread T_40;
    .scope S_0x560872d94ff0;
T_41 ;
    %wait E_0x560872d95250;
    %load/vec4 v0x560872d954c0_0;
    %pad/u 32;
    %assign/vec4 v0x560872d953e0_0, 0;
    %pushi/vec4 0, 0, 32;
    %store/vec4 v0x560872d952e0_0, 0, 32;
T_41.0 ;
    %load/vec4 v0x560872d952e0_0;
    %cmpi/s 32, 0, 32;
    %jmp/0xz T_41.1, 5;
    %load/vec4 v0x560872d955b0_0;
    %load/vec4 v0x560872d952e0_0;
    %pad/s 35;
    %muli 8, 0, 35;
    %part/s 8;
    %load/vec4 v0x560872d952e0_0;
    %pad/s 35;
    %muli 8, 0, 35;
    %ix/vec4/s 4;
    %store/vec4 v0x560872d956b0_0, 4, 8;
    %load/vec4 v0x560872d952e0_0;
    %addi 1, 0, 32;
    %store/vec4 v0x560872d952e0_0, 0, 32;
    %jmp T_41.0;
T_41.1 ;
    %pushi/vec4 31, 0, 32;
    %store/vec4 v0x560872d952e0_0, 0, 32;
T_41.2 ;
    %pushi/vec4 0, 0, 32;
    %load/vec4 v0x560872d952e0_0;
    %pushi/vec4 2, 0, 32;
    %load/vec4 v0x560872d953e0_0;
    %pow/s;
    %sub;
    %cmp/s;
    %flag_or 5, 4;
    %jmp/0xz T_41.3, 5;
    %load/vec4 v0x560872d956b0_0;
    %load/vec4 v0x560872d952e0_0;
    %pad/s 35;
    %muli 8, 0, 35;
    %part/s 8;
    %pushi/vec4 107, 0, 8; draw_string_vec4
    %cmp/e;
    %jmp/0xz  T_41.4, 4;
    %pushi/vec4 107, 0, 8; draw_string_vec4
    %load/vec4 v0x560872d952e0_0;
    %pad/s 35;
    %muli 8, 0, 35;
    %ix/vec4/s 4;
    %store/vec4 v0x560872d956b0_0, 4, 8;
    %jmp T_41.5;
T_41.4 ;
    %load/vec4 v0x560872d956b0_0;
    %load/vec4 v0x560872d952e0_0;
    %pad/s 35;
    %muli 8, 0, 35;
    %part/s 8;
    %pushi/vec4 112, 0, 8; draw_string_vec4
    %cmp/e;
    %jmp/0xz  T_41.6, 4;
    %load/vec4 v0x560872d956b0_0;
    %load/vec4 v0x560872d952e0_0;
    %pushi/vec4 2, 0, 32;
    %load/vec4 v0x560872d953e0_0;
    %pow/s;
    %sub;
    %pad/s 35;
    %muli 8, 0, 35;
    %part/s 8;
    %pushi/vec4 107, 0, 8; draw_string_vec4
    %cmp/e;
    %jmp/0xz  T_41.8, 4;
    %pushi/vec4 107, 0, 8; draw_string_vec4
    %load/vec4 v0x560872d952e0_0;
    %pad/s 35;
    %muli 8, 0, 35;
    %ix/vec4/s 4;
    %store/vec4 v0x560872d956b0_0, 4, 8;
    %jmp T_41.9;
T_41.8 ;
    %load/vec4 v0x560872d956b0_0;
    %load/vec4 v0x560872d952e0_0;
    %pushi/vec4 2, 0, 32;
    %load/vec4 v0x560872d953e0_0;
    %pow/s;
    %sub;
    %pad/s 35;
    %muli 8, 0, 35;
    %part/s 8;
    %pushi/vec4 112, 0, 8; draw_string_vec4
    %cmp/e;
    %jmp/0xz  T_41.10, 4;
    %pushi/vec4 112, 0, 8; draw_string_vec4
    %load/vec4 v0x560872d952e0_0;
    %pad/s 35;
    %muli 8, 0, 35;
    %ix/vec4/s 4;
    %store/vec4 v0x560872d956b0_0, 4, 8;
    %jmp T_41.11;
T_41.10 ;
    %pushi/vec4 103, 0, 8; draw_string_vec4
    %load/vec4 v0x560872d952e0_0;
    %pad/s 35;
    %muli 8, 0, 35;
    %ix/vec4/s 4;
    %store/vec4 v0x560872d956b0_0, 4, 8;
T_41.11 ;
T_41.9 ;
    %jmp T_41.7;
T_41.6 ;
    %pushi/vec4 103, 0, 8; draw_string_vec4
    %load/vec4 v0x560872d952e0_0;
    %pad/s 35;
    %muli 8, 0, 35;
    %ix/vec4/s 4;
    %store/vec4 v0x560872d956b0_0, 4, 8;
T_41.7 ;
T_41.5 ;
    %load/vec4 v0x560872d952e0_0;
    %subi 1, 0, 32;
    %store/vec4 v0x560872d952e0_0, 0, 32;
    %jmp T_41.2;
T_41.3 ;
    %jmp T_41;
    .thread T_41, $push;
    .scope S_0x560872d92050;
T_42 ;
    %wait E_0x560872d8f5c0;
    %load/vec4 v0x560872d92710_0;
    %nor/r;
    %flag_set/vec4 8;
    %jmp/0xz  T_42.0, 8;
    %pushi/vec4 0, 0, 256;
    %assign/vec4 v0x560872d92670_0, 0;
    %pushi/vec4 0, 0, 32;
    %assign/vec4 v0x560872d92840_0, 0;
    %pushi/vec4 0, 0, 32;
    %assign/vec4 v0x560872d92920_0, 0;
    %jmp T_42.1;
T_42.0 ;
    %load/vec4 v0x560872d925a0_0;
    %assign/vec4 v0x560872d92670_0, 0;
    %load/vec4 v0x560872d922f0_0;
    %assign/vec4 v0x560872d92840_0, 0;
    %load/vec4 v0x560872d92400_0;
    %assign/vec4 v0x560872d92920_0, 0;
T_42.1 ;
    %jmp T_42;
    .thread T_42;
    .scope S_0x560872d95810;
T_43 ;
    %pushi/vec4 0, 0, 32;
    %store/vec4 v0x560872d95ac0_0, 0, 32;
    %pushi/vec4 0, 0, 32;
    %store/vec4 v0x560872d95bc0_0, 0, 32;
    %end;
    .thread T_43;
    .scope S_0x560872d95810;
T_44 ;
    %wait E_0x560872d95a30;
    %load/vec4 v0x560872d95ca0_0;
    %pad/u 32;
    %assign/vec4 v0x560872d95bc0_0, 0;
    %pushi/vec4 0, 0, 32;
    %store/vec4 v0x560872d95ac0_0, 0, 32;
T_44.0 ;
    %load/vec4 v0x560872d95ac0_0;
    %cmpi/s 32, 0, 32;
    %jmp/0xz T_44.1, 5;
    %load/vec4 v0x560872d95d90_0;
    %load/vec4 v0x560872d95ac0_0;
    %pad/s 35;
    %muli 8, 0, 35;
    %part/s 8;
    %load/vec4 v0x560872d95ac0_0;
    %pad/s 35;
    %muli 8, 0, 35;
    %ix/vec4/s 4;
    %store/vec4 v0x560872d95e90_0, 4, 8;
    %load/vec4 v0x560872d95ac0_0;
    %addi 1, 0, 32;
    %store/vec4 v0x560872d95ac0_0, 0, 32;
    %jmp T_44.0;
T_44.1 ;
    %pushi/vec4 31, 0, 32;
    %store/vec4 v0x560872d95ac0_0, 0, 32;
T_44.2 ;
    %pushi/vec4 0, 0, 32;
    %load/vec4 v0x560872d95ac0_0;
    %pushi/vec4 2, 0, 32;
    %load/vec4 v0x560872d95bc0_0;
    %pow/s;
    %sub;
    %cmp/s;
    %flag_or 5, 4;
    %jmp/0xz T_44.3, 5;
    %load/vec4 v0x560872d95e90_0;
    %load/vec4 v0x560872d95ac0_0;
    %pad/s 35;
    %muli 8, 0, 35;
    %part/s 8;
    %pushi/vec4 107, 0, 8; draw_string_vec4
    %cmp/e;
    %jmp/0xz  T_44.4, 4;
    %pushi/vec4 107, 0, 8; draw_string_vec4
    %load/vec4 v0x560872d95ac0_0;
    %pad/s 35;
    %muli 8, 0, 35;
    %ix/vec4/s 4;
    %store/vec4 v0x560872d95e90_0, 4, 8;
    %jmp T_44.5;
T_44.4 ;
    %load/vec4 v0x560872d95e90_0;
    %load/vec4 v0x560872d95ac0_0;
    %pad/s 35;
    %muli 8, 0, 35;
    %part/s 8;
    %pushi/vec4 112, 0, 8; draw_string_vec4
    %cmp/e;
    %jmp/0xz  T_44.6, 4;
    %load/vec4 v0x560872d95e90_0;
    %load/vec4 v0x560872d95ac0_0;
    %pushi/vec4 2, 0, 32;
    %load/vec4 v0x560872d95bc0_0;
    %pow/s;
    %sub;
    %pad/s 35;
    %muli 8, 0, 35;
    %part/s 8;
    %pushi/vec4 107, 0, 8; draw_string_vec4
    %cmp/e;
    %jmp/0xz  T_44.8, 4;
    %pushi/vec4 107, 0, 8; draw_string_vec4
    %load/vec4 v0x560872d95ac0_0;
    %pad/s 35;
    %muli 8, 0, 35;
    %ix/vec4/s 4;
    %store/vec4 v0x560872d95e90_0, 4, 8;
    %jmp T_44.9;
T_44.8 ;
    %load/vec4 v0x560872d95e90_0;
    %load/vec4 v0x560872d95ac0_0;
    %pushi/vec4 2, 0, 32;
    %load/vec4 v0x560872d95bc0_0;
    %pow/s;
    %sub;
    %pad/s 35;
    %muli 8, 0, 35;
    %part/s 8;
    %pushi/vec4 112, 0, 8; draw_string_vec4
    %cmp/e;
    %jmp/0xz  T_44.10, 4;
    %pushi/vec4 112, 0, 8; draw_string_vec4
    %load/vec4 v0x560872d95ac0_0;
    %pad/s 35;
    %muli 8, 0, 35;
    %ix/vec4/s 4;
    %store/vec4 v0x560872d95e90_0, 4, 8;
    %jmp T_44.11;
T_44.10 ;
    %pushi/vec4 103, 0, 8; draw_string_vec4
    %load/vec4 v0x560872d95ac0_0;
    %pad/s 35;
    %muli 8, 0, 35;
    %ix/vec4/s 4;
    %store/vec4 v0x560872d95e90_0, 4, 8;
T_44.11 ;
T_44.9 ;
    %jmp T_44.7;
T_44.6 ;
    %pushi/vec4 103, 0, 8; draw_string_vec4
    %load/vec4 v0x560872d95ac0_0;
    %pad/s 35;
    %muli 8, 0, 35;
    %ix/vec4/s 4;
    %store/vec4 v0x560872d95e90_0, 4, 8;
T_44.7 ;
T_44.5 ;
    %load/vec4 v0x560872d95ac0_0;
    %subi 1, 0, 32;
    %store/vec4 v0x560872d95ac0_0, 0, 32;
    %jmp T_44.2;
T_44.3 ;
    %jmp T_44;
    .thread T_44, $push;
    .scope S_0x560872d92b00;
T_45 ;
    %wait E_0x560872d8f5c0;
    %load/vec4 v0x560872d93230_0;
    %nor/r;
    %flag_set/vec4 8;
    %jmp/0xz  T_45.0, 8;
    %pushi/vec4 0, 0, 256;
    %assign/vec4 v0x560872d93140_0, 0;
    %pushi/vec4 0, 0, 32;
    %assign/vec4 v0x560872d932d0_0, 0;
    %pushi/vec4 0, 0, 32;
    %assign/vec4 v0x560872d933b0_0, 0;
    %jmp T_45.1;
T_45.0 ;
    %load/vec4 v0x560872d93070_0;
    %assign/vec4 v0x560872d93140_0, 0;
    %load/vec4 v0x560872d92df0_0;
    %assign/vec4 v0x560872d932d0_0, 0;
    %load/vec4 v0x560872d92ed0_0;
    %assign/vec4 v0x560872d933b0_0, 0;
T_45.1 ;
    %jmp T_45;
    .thread T_45;
    .scope S_0x560872d95ff0;
T_46 ;
    %pushi/vec4 0, 0, 32;
    %store/vec4 v0x560872d962a0_0, 0, 32;
    %pushi/vec4 0, 0, 32;
    %store/vec4 v0x560872d963a0_0, 0, 32;
    %end;
    .thread T_46;
    .scope S_0x560872d95ff0;
T_47 ;
    %wait E_0x560872d96210;
    %load/vec4 v0x560872d96480_0;
    %pad/u 32;
    %assign/vec4 v0x560872d963a0_0, 0;
    %pushi/vec4 0, 0, 32;
    %store/vec4 v0x560872d962a0_0, 0, 32;
T_47.0 ;
    %load/vec4 v0x560872d962a0_0;
    %cmpi/s 32, 0, 32;
    %jmp/0xz T_47.1, 5;
    %load/vec4 v0x560872d96570_0;
    %load/vec4 v0x560872d962a0_0;
    %pad/s 35;
    %muli 8, 0, 35;
    %part/s 8;
    %load/vec4 v0x560872d962a0_0;
    %pad/s 35;
    %muli 8, 0, 35;
    %ix/vec4/s 4;
    %store/vec4 v0x560872d96670_0, 4, 8;
    %load/vec4 v0x560872d962a0_0;
    %addi 1, 0, 32;
    %store/vec4 v0x560872d962a0_0, 0, 32;
    %jmp T_47.0;
T_47.1 ;
    %pushi/vec4 31, 0, 32;
    %store/vec4 v0x560872d962a0_0, 0, 32;
T_47.2 ;
    %pushi/vec4 0, 0, 32;
    %load/vec4 v0x560872d962a0_0;
    %pushi/vec4 2, 0, 32;
    %load/vec4 v0x560872d963a0_0;
    %pow/s;
    %sub;
    %cmp/s;
    %flag_or 5, 4;
    %jmp/0xz T_47.3, 5;
    %load/vec4 v0x560872d96670_0;
    %load/vec4 v0x560872d962a0_0;
    %pad/s 35;
    %muli 8, 0, 35;
    %part/s 8;
    %pushi/vec4 107, 0, 8; draw_string_vec4
    %cmp/e;
    %jmp/0xz  T_47.4, 4;
    %pushi/vec4 107, 0, 8; draw_string_vec4
    %load/vec4 v0x560872d962a0_0;
    %pad/s 35;
    %muli 8, 0, 35;
    %ix/vec4/s 4;
    %store/vec4 v0x560872d96670_0, 4, 8;
    %jmp T_47.5;
T_47.4 ;
    %load/vec4 v0x560872d96670_0;
    %load/vec4 v0x560872d962a0_0;
    %pad/s 35;
    %muli 8, 0, 35;
    %part/s 8;
    %pushi/vec4 112, 0, 8; draw_string_vec4
    %cmp/e;
    %jmp/0xz  T_47.6, 4;
    %load/vec4 v0x560872d96670_0;
    %load/vec4 v0x560872d962a0_0;
    %pushi/vec4 2, 0, 32;
    %load/vec4 v0x560872d963a0_0;
    %pow/s;
    %sub;
    %pad/s 35;
    %muli 8, 0, 35;
    %part/s 8;
    %pushi/vec4 107, 0, 8; draw_string_vec4
    %cmp/e;
    %jmp/0xz  T_47.8, 4;
    %pushi/vec4 107, 0, 8; draw_string_vec4
    %load/vec4 v0x560872d962a0_0;
    %pad/s 35;
    %muli 8, 0, 35;
    %ix/vec4/s 4;
    %store/vec4 v0x560872d96670_0, 4, 8;
    %jmp T_47.9;
T_47.8 ;
    %load/vec4 v0x560872d96670_0;
    %load/vec4 v0x560872d962a0_0;
    %pushi/vec4 2, 0, 32;
    %load/vec4 v0x560872d963a0_0;
    %pow/s;
    %sub;
    %pad/s 35;
    %muli 8, 0, 35;
    %part/s 8;
    %pushi/vec4 112, 0, 8; draw_string_vec4
    %cmp/e;
    %jmp/0xz  T_47.10, 4;
    %pushi/vec4 112, 0, 8; draw_string_vec4
    %load/vec4 v0x560872d962a0_0;
    %pad/s 35;
    %muli 8, 0, 35;
    %ix/vec4/s 4;
    %store/vec4 v0x560872d96670_0, 4, 8;
    %jmp T_47.11;
T_47.10 ;
    %pushi/vec4 103, 0, 8; draw_string_vec4
    %load/vec4 v0x560872d962a0_0;
    %pad/s 35;
    %muli 8, 0, 35;
    %ix/vec4/s 4;
    %store/vec4 v0x560872d96670_0, 4, 8;
T_47.11 ;
T_47.9 ;
    %jmp T_47.7;
T_47.6 ;
    %pushi/vec4 103, 0, 8; draw_string_vec4
    %load/vec4 v0x560872d962a0_0;
    %pad/s 35;
    %muli 8, 0, 35;
    %ix/vec4/s 4;
    %store/vec4 v0x560872d96670_0, 4, 8;
T_47.7 ;
T_47.5 ;
    %load/vec4 v0x560872d962a0_0;
    %subi 1, 0, 32;
    %store/vec4 v0x560872d962a0_0, 0, 32;
    %jmp T_47.2;
T_47.3 ;
    %jmp T_47;
    .thread T_47, $push;
    .scope S_0x560872d935e0;
T_48 ;
    %wait E_0x560872d8f5c0;
    %load/vec4 v0x560872d93cf0_0;
    %nor/r;
    %flag_set/vec4 8;
    %jmp/0xz  T_48.0, 8;
    %pushi/vec4 0, 0, 256;
    %assign/vec4 v0x560872d93c00_0, 0;
    %pushi/vec4 0, 0, 32;
    %assign/vec4 v0x560872d93d90_0, 0;
    %pushi/vec4 0, 0, 32;
    %assign/vec4 v0x560872d93e70_0, 0;
    %jmp T_48.1;
T_48.0 ;
    %load/vec4 v0x560872d93b30_0;
    %assign/vec4 v0x560872d93c00_0, 0;
    %load/vec4 v0x560872d93880_0;
    %assign/vec4 v0x560872d93d90_0, 0;
    %load/vec4 v0x560872d93990_0;
    %assign/vec4 v0x560872d93e70_0, 0;
T_48.1 ;
    %jmp T_48;
    .thread T_48;
    .scope S_0x560872d476b0;
T_49 ;
    %pushi/vec4 0, 0, 32;
    %store/vec4 v0x560872d989c0_0, 0, 32;
    %end;
    .thread T_49;
    .scope S_0x560872d476b0;
T_50 ;
    %wait E_0x560872d8f5c0;
    %pushi/vec4 0, 0, 32;
    %store/vec4 v0x560872d989c0_0, 0, 32;
T_50.0 ;
    %load/vec4 v0x560872d989c0_0;
    %cmpi/s 32, 0, 32;
    %jmp/0xz T_50.1, 5;
    %load/vec4 v0x560872d98fb0_0;
    %load/vec4 v0x560872d989c0_0;
    %pad/s 35;
    %muli 8, 0, 35;
    %part/s 8;
    %pushi/vec4 107, 0, 8; draw_string_vec4
    %cmp/e;
    %jmp/0xz  T_50.2, 4;
    %load/vec4 v0x560872d987a0_0;
    %load/vec4 v0x560872d989c0_0;
    %part/s 1;
    %load/vec4 v0x560872d988b0_0;
    %load/vec4 v0x560872d989c0_0;
    %part/s 1;
    %xor;
    %pushi/vec4 0, 0, 1;
    %xor;
    %ix/getv/s 4, v0x560872d989c0_0;
    %store/vec4 v0x560872d98c50_0, 4, 1;
    %jmp T_50.3;
T_50.2 ;
    %load/vec4 v0x560872d987a0_0;
    %load/vec4 v0x560872d989c0_0;
    %part/s 1;
    %pad/u 2;
    %load/vec4 v0x560872d988b0_0;
    %load/vec4 v0x560872d989c0_0;
    %part/s 1;
    %pad/u 2;
    %xor;
    %pushi/vec4 1, 0, 2;
    %xor;
    %pad/u 1;
    %ix/getv/s 4, v0x560872d989c0_0;
    %store/vec4 v0x560872d98c50_0, 4, 1;
T_50.3 ;
    %load/vec4 v0x560872d989c0_0;
    %addi 1, 0, 32;
    %store/vec4 v0x560872d989c0_0, 0, 32;
    %jmp T_50.0;
T_50.1 ;
    %jmp T_50;
    .thread T_50;
    .scope S_0x560872d488f0;
T_51 ;
    %delay 0, 0;
    %pushi/vec4 107, 0, 8; draw_string_vec4
    %store/vec4 v0x560872d997a0_0, 0, 8;
    %pushi/vec4 36865, 0, 32;
    %store/vec4 v0x560872d99250_0, 0, 32;
    %pushi/vec4 33023, 0, 32;
    %store/vec4 v0x560872d99380_0, 0, 32;
    %delay 3, 0;
    %pushi/vec4 107, 0, 8; draw_string_vec4
    %store/vec4 v0x560872d997a0_0, 0, 8;
    %pushi/vec4 9943121, 0, 32;
    %store/vec4 v0x560872d99250_0, 0, 32;
    %pushi/vec4 4291664929, 0, 32;
    %store/vec4 v0x560872d99380_0, 0, 32;
    %delay 4, 0;
    %pushi/vec4 107, 0, 8; draw_string_vec4
    %store/vec4 v0x560872d997a0_0, 0, 8;
    %pushi/vec4 4294963610, 0, 32;
    %store/vec4 v0x560872d99250_0, 0, 32;
    %pushi/vec4 3023, 0, 32;
    %store/vec4 v0x560872d99380_0, 0, 32;
    %delay 4, 0;
    %pushi/vec4 107, 0, 8; draw_string_vec4
    %store/vec4 v0x560872d997a0_0, 0, 8;
    %pushi/vec4 2, 0, 32;
    %store/vec4 v0x560872d99250_0, 0, 32;
    %pushi/vec4 2, 0, 32;
    %store/vec4 v0x560872d99380_0, 0, 32;
    %delay 4, 0;
    %pushi/vec4 107, 0, 8; draw_string_vec4
    %store/vec4 v0x560872d997a0_0, 0, 8;
    %pushi/vec4 4, 0, 32;
    %store/vec4 v0x560872d99250_0, 0, 32;
    %pushi/vec4 4, 0, 32;
    %store/vec4 v0x560872d99380_0, 0, 32;
    %end;
    .thread T_51;
    .scope S_0x560872d488f0;
T_52 ;
    %pushi/vec4 1, 0, 1;
    %store/vec4 v0x560872d99490_0, 0, 1;
    %pushi/vec4 0, 0, 1;
    %store/vec4 v0x560872d995f0_0, 0, 1;
    %pushi/vec4 1, 0, 1;
    %store/vec4 v0x560872d995f0_0, 0, 1;
    %pushi/vec4 0, 0, 32;
    %store/vec4 v0x560872d99530_0, 0, 32;
T_52.0 ;
    %load/vec4 v0x560872d99530_0;
    %cmpi/s 30, 0, 32;
    %jmp/0xz T_52.1, 5;
    %delay 1, 0;
    %load/vec4 v0x560872d99490_0;
    %inv;
    %store/vec4 v0x560872d99490_0, 0, 1;
    %load/vec4 v0x560872d99530_0;
    %pushi/vec4 1, 0, 32;
    %add;
    %store/vec4 v0x560872d99530_0, 0, 32;
    %jmp T_52.0;
T_52.1 ;
    %end;
    .thread T_52;
    .scope S_0x560872d488f0;
T_53 ;
    %vpi_call 2 32 "$monitor", $time, " Input bits:Number-1=%0d and Number-2=%0d;\012\011Output: Sum=%0d", v0x560872d99250_0, v0x560872d99380_0, v0x560872d996e0_0 {0 0 0};
    %vpi_call 2 33 "$dumpfile", "adder32alt.vcd" {0 0 0};
    %vpi_call 2 34 "$dumpvars" {0 0 0};
    %end;
    .thread T_53;
# The file index is used to find the file name in the following table.
:file_names 10;
    "N/A";
    "<interactive>";
    "adder32alt_tb.v";
    "./adder32alt.v";
    "./kpg.v";
    "./2kpg.v";
    "./dff.v";
    "./ppc_str.v";
    "./dff_lvl.v";
    "./lvl1.v";
